3.6976 	DEBUG 	Fullscreen settings ignored as running in pilot mode.
3.6982 	INFO 	Loaded monitor calibration from ['2025_04_06 13:23']
3.8741 	EXP 	Created window1 = Window(allowGUI=False, allowStencil=False, autoLog=True, backendConf=UNKNOWN, backgroundFit=<method-wrapper '__getattribute__' of attributeSetter object at 0x000002F748E31330>, backgroundImage=<method-wrapper '__getattribute__' of attributeSetter object at 0x000002F748E31270>, bitsMode=UNKNOWN, blendMode='avg', bpc=(8, 8, 8), color=array([0, 0, 0]), colorSpace='rgb', depthBits=8, fullscr=False, gamma=None, gammaErrorPolicy='raise', infoMsg=UNKNOWN, lms=UNKNOWN, monitor=<psychopy.monitors.calibTools.Monitor object at 0x000002F75B533D90>, multiSample=False, name='window1', numSamples=2, pos=[560.0, 240.0], screen=0, size=array([800, 600]), stencilBits=0, stereo=False, title='PsychoPy', units='height', useFBO=True, useRetina=False, viewOri=0.0, viewPos=None, viewScale=None, waitBlanking=True, winType='pyglet')
3.8741 	EXP 	window1: backgroundImage = ''
3.8741 	EXP 	window1: backgroundFit = 'none'
3.8795 	DEBUG 	TextBox2 loaded 1 chars with 0 blanks and 1 valid
3.8800 	DEBUG 	TextBox2 loaded 1 chars with 0 blanks and 1 valid
3.8806 	DEBUG 	TextBox2 loaded 1 chars with 0 blanks and 1 valid
3.8813 	DEBUG 	TextBox2 loaded 1 chars with 0 blanks and 1 valid
3.8820 	DEBUG 	TextBox2 loaded 1 chars with 0 blanks and 1 valid
3.8824 	DEBUG 	TextBox2 loaded 1 chars with 0 blanks and 1 valid
3.8829 	DEBUG 	TextBox2 loaded 1 chars with 0 blanks and 1 valid
3.8835 	DEBUG 	TextBox2 loaded 1 chars with 0 blanks and 1 valid
3.8837 	DEBUG 	TextBox2 loaded 1 chars with 0 blanks and 1 valid
3.8839 	DEBUG 	TextBox2 loaded 1 chars with 0 blanks and 1 valid
3.8844 	DEBUG 	TextBox2 loaded 1 chars with 0 blanks and 1 valid
3.8849 	DEBUG 	TextBox2 loaded 1 chars with 0 blanks and 1 valid
3.8853 	DEBUG 	TextBox2 loaded 1 chars with 0 blanks and 1 valid
3.8857 	DEBUG 	TextBox2 loaded 1 chars with 0 blanks and 1 valid
3.8861 	DEBUG 	TextBox2 loaded 1 chars with 0 blanks and 1 valid
3.8866 	DEBUG 	TextBox2 loaded 1 chars with 0 blanks and 1 valid
3.8871 	DEBUG 	TextBox2 loaded 1 chars with 0 blanks and 1 valid
3.8874 	DEBUG 	TextBox2 loaded 1 chars with 0 blanks and 1 valid
3.8877 	DEBUG 	TextBox2 loaded 1 chars with 0 blanks and 1 valid
3.8882 	DEBUG 	TextBox2 loaded 1 chars with 0 blanks and 1 valid
3.8885 	DEBUG 	TextBox2 loaded 1 chars with 0 blanks and 1 valid
3.8887 	DEBUG 	Uploading Texture Font fontname to graphics card
3.8895 	DEBUG 	Upload of Texture Font fontname complete
3.8929 	DEBUG 	TextBox2 loaded 1 chars with 0 blanks and 1 valid
3.8934 	DEBUG 	TextBox2 loaded 1 chars with 0 blanks and 1 valid
3.8940 	DEBUG 	TextBox2 loaded 1 chars with 0 blanks and 1 valid
3.8941 	DEBUG 	Uploading Texture Font fontname to graphics card
3.8946 	DEBUG 	Upload of Texture Font fontname complete
3.8959 	EXP 	window1: Attempting to measure frame rate of screen (0) ...
3.8959 	EXP 	window1: recordFrameIntervals = False
4.0283 	EXP 	window1: recordFrameIntervals = True
4.1736 	EXP 	Screen (0) actual frame rate measured at 75.96Hz
4.1736 	EXP 	window1: recordFrameIntervals = False
4.1766 	DEBUG 	TextBox2 loaded 1 chars with 0 blanks and 1 valid
4.1769 	DEBUG 	TextBox2 loaded 1 chars with 0 blanks and 1 valid
4.1774 	DEBUG 	TextBox2 loaded 1 chars with 0 blanks and 1 valid
4.1780 	DEBUG 	TextBox2 loaded 1 chars with 0 blanks and 1 valid
4.1786 	DEBUG 	TextBox2 loaded 1 chars with 0 blanks and 1 valid
4.1791 	DEBUG 	TextBox2 loaded 1 chars with 0 blanks and 1 valid
4.1794 	DEBUG 	TextBox2 loaded 1 chars with 0 blanks and 1 valid
4.1799 	DEBUG 	TextBox2 loaded 1 chars with 0 blanks and 1 valid
4.1805 	DEBUG 	TextBox2 loaded 1 chars with 0 blanks and 1 valid
4.1810 	DEBUG 	TextBox2 loaded 1 chars with 0 blanks and 1 valid
4.1812 	DEBUG 	Uploading Texture Font fontname to graphics card
4.1817 	DEBUG 	Upload of Texture Font fontname complete
4.1898 	WARNING 	launchHubServer: If using the iohub mouse or eyetracker devices, fullScr should be True.
5.9484 	INFO 	keyboard.Keyboard is using iohub backend.
5.9484 	EXP 	KeoghRevisedRetrocueTask: status = STARTED
5.9485 	INFO 	keyboard.Keyboard is using iohub backend.
5.9587 	EXP 	Created unnamed ImageStim = ImageStim(__class__=<class 'psychopy.visual.image.ImageStim'>, anchor=('center', 'center'), autoLog=True, color=array([1., 1., 1.]), colorSpace='rgb', contrast=1.0, depth=0, draggable=False, flipHoriz=False, flipVert=False, image=str(...), interpolate=False, mask=None, maskParams=None, name='unnamed ImageStim', opacity=1, ori=0.0, pos=array([0., 0.]), size=array([0.12, 0.12]), texRes=128, units='height', win=Window(...))
5.9661 	EXP 	Created unnamed ImageStim = ImageStim(__class__=<class 'psychopy.visual.image.ImageStim'>, anchor=('center', 'center'), autoLog=True, color=array([1., 1., 1.]), colorSpace='rgb', contrast=1.0, depth=0, draggable=False, flipHoriz=False, flipVert=False, image=str(...), interpolate=False, mask=None, maskParams=None, name='unnamed ImageStim', opacity=1, ori=0.0, pos=array([0., 0.]), size=array([0.12, 0.12]), texRes=128, units='height', win=Window(...))
5.9677 	EXP 	Created unnamed Polygon = Polygon(__class__=<class 'psychopy.visual.polygon.Polygon'>, anchor=('center', 'center'), autoDraw=False, autoLog=True, closeShape=True, color=method-wrapper(...), colorSpace='rgb255', contrast=None, depth=0, draggable=False, fillColor=array([128, 115,  96]), fillColorSpace='rgb255', fillRGB=array([ 0.00392157, -0.09803922, -0.24705882]), interpolate=True, lineColor=array([255., 255., 255.]), lineColorSpace='rgb255', lineRGB=array([1, 1, 1]), lineWidth=1.5, name='unnamed Polygon', opacity=1, ori=45.0, pos=array([0., 0.]), size=array([0.06, 0.06]), units='height', vertices=ndarray(...), win=Window(...))
0.0090 	INFO 	Keyboard events cleared
0.0219 	EXP 	unnamed Polygon: autoDraw = True
0.0219 	EXP 	unnamed ImageStim: autoDraw = True
0.5246 	EXP 	Created unnamed ImageStim = ImageStim(__class__=<class 'psychopy.visual.image.ImageStim'>, anchor=('center', 'center'), autoLog=True, color=array([1., 1., 1.]), colorSpace='rgb', contrast=1.0, depth=0, draggable=False, flipHoriz=False, flipVert=False, image=None, interpolate=False, mask=None, maskParams=None, name='unnamed ImageStim', opacity=1, ori=0.0, pos=array([-300.,    0.]), size=array([1., 1.]), texRes=128, units='height', win=Window(...))
0.5251 	EXP 	Created unnamed ImageStim = ImageStim(__class__=<class 'psychopy.visual.image.ImageStim'>, anchor=('center', 'center'), autoLog=True, color=array([1., 1., 1.]), colorSpace='rgb', contrast=1.0, depth=0, draggable=False, flipHoriz=False, flipVert=False, image=None, interpolate=False, mask=None, maskParams=None, name='unnamed ImageStim', opacity=1, ori=0.0, pos=array([300.,   0.]), size=array([1., 1.]), texRes=128, units='height', win=Window(...))
1.1949 	INFO 	Keyboard events cleared
1.2095 	EXP 	unnamed ImageStim: image = 'C:/Users/cocon/OneDrive/Documents/GitHub/Kiyonaga-Lab/PNR Project/stimuli/Mycah/sphere/racquetball.jpg'
1.2095 	EXP 	unnamed ImageStim: image = 'C:/Users/cocon/OneDrive/Documents/GitHub/Kiyonaga-Lab/PNR Project/stimuli/Mycah/sphere/concreteball.jpg'
1.2095 	EXP 	unnamed ImageStim: autoDraw = True
1.2095 	EXP 	unnamed ImageStim: autoDraw = True
1.2095 	EXP 	unnamed Polygon: autoDraw = True
1.2095 	EXP 	unnamed ImageStim: autoDraw = True
2.2245 	EXP 	unnamed ImageStim: autoDraw = False
2.2245 	EXP 	unnamed ImageStim: autoDraw = False
2.7317 	EXP 	unnamed Polygon: autoDraw = False
2.7317 	EXP 	unnamed ImageStim: autoDraw = False
2.7335 	INFO 	Keyboard events cleared
2.7438 	EXP 	unnamed ImageStim: ori = 180
2.7438 	EXP 	unnamed Polygon: foreColor = [64, 128, 72]
2.7438 	EXP 	unnamed Polygon: fillColor = [64, 128, 72]
2.7438 	EXP 	unnamed Polygon: borderColor = [64, 128, 72]
2.7438 	EXP 	unnamed Polygon: color = [64, 128, 72]
2.7438 	EXP 	unnamed Polygon: autoDraw = True
2.7438 	EXP 	unnamed ImageStim: autoDraw = True
2.7565 	EXP 	unnamed Polygon: autoDraw = False
2.7565 	EXP 	unnamed ImageStim: autoDraw = False
2.7574 	EXP 	KeoghRevisedRetrocueTask: status = STOPPED
2.7587 	INFO 	saved data to 'C:\\Users\\cocon\\OneDrive\\Documents\\GitHub\\Kiyonaga-Lab\\PNR Project\\Connie_Code\\data/015538_KeoghRevisedRetrocueTask_2025-04-27_17h52.49.623.csv'
2.7592 	INFO 	saved data to C:\Users\cocon\OneDrive\Documents\GitHub\Kiyonaga-Lab\PNR Project\Connie_Code\data/015538_KeoghRevisedRetrocueTask_2025-04-27_17h52.49.623.psydat
3.3766 	DEBUG 	Saving data for KeoghRevisedRetrocueTask ExperimentHandler
