5.5100 	DEBUG 	Fullscreen settings ignored as running in pilot mode.
5.5117 	INFO 	Loaded monitor calibration from ['2025_03_31 21:04']
5.8539 	EXP 	Created window1 = Window(allowGUI=False, allowStencil=False, autoLog=True, backendConf=UNKNOWN, backgroundFit=<method-wrapper '__getattribute__' of attributeSetter object at 0x000001BCF3C070A0>, backgroundImage=<method-wrapper '__getattribute__' of attributeSetter object at 0x000001BCF3C04970>, bitsMode=UNKNOWN, blendMode='avg', bpc=(8, 8, 8), color=array([0, 0, 0]), colorSpace='rgb', depthBits=8, fullscr=False, gamma=None, gammaErrorPolicy='raise', infoMsg=UNKNOWN, lms=UNKNOWN, monitor=<psychopy.monitors.calibTools.Monitor object at 0x000001BC806BD840>, multiSample=False, name='window1', numSamples=2, pos=[560.0, 300.0], screen=0, size=array([800, 600]), stencilBits=0, stereo=False, title='PsychoPy', units='height', useFBO=True, useRetina=False, viewOri=0.0, viewPos=None, viewScale=None, waitBlanking=True, winType='pyglet')
5.8539 	EXP 	window1: backgroundImage = ''
5.8539 	EXP 	window1: backgroundFit = 'none'
5.8639 	DEBUG 	TextBox2 loaded 1 chars with 0 blanks and 1 valid
5.8646 	DEBUG 	TextBox2 loaded 1 chars with 0 blanks and 1 valid
5.8652 	DEBUG 	TextBox2 loaded 1 chars with 0 blanks and 1 valid
5.8659 	DEBUG 	TextBox2 loaded 1 chars with 0 blanks and 1 valid
5.8666 	DEBUG 	TextBox2 loaded 1 chars with 0 blanks and 1 valid
5.8675 	DEBUG 	TextBox2 loaded 1 chars with 0 blanks and 1 valid
5.8688 	DEBUG 	TextBox2 loaded 1 chars with 0 blanks and 1 valid
5.8701 	DEBUG 	TextBox2 loaded 1 chars with 0 blanks and 1 valid
5.8705 	DEBUG 	TextBox2 loaded 1 chars with 0 blanks and 1 valid
5.8708 	DEBUG 	TextBox2 loaded 1 chars with 0 blanks and 1 valid
5.8714 	DEBUG 	TextBox2 loaded 1 chars with 0 blanks and 1 valid
5.8720 	DEBUG 	TextBox2 loaded 1 chars with 0 blanks and 1 valid
5.8725 	DEBUG 	TextBox2 loaded 1 chars with 0 blanks and 1 valid
5.8731 	DEBUG 	TextBox2 loaded 1 chars with 0 blanks and 1 valid
5.8737 	DEBUG 	TextBox2 loaded 1 chars with 0 blanks and 1 valid
5.8743 	DEBUG 	TextBox2 loaded 1 chars with 0 blanks and 1 valid
5.8749 	DEBUG 	TextBox2 loaded 1 chars with 0 blanks and 1 valid
5.8753 	DEBUG 	TextBox2 loaded 1 chars with 0 blanks and 1 valid
5.8757 	DEBUG 	TextBox2 loaded 1 chars with 0 blanks and 1 valid
5.8764 	DEBUG 	TextBox2 loaded 1 chars with 0 blanks and 1 valid
5.8768 	DEBUG 	TextBox2 loaded 1 chars with 0 blanks and 1 valid
5.8773 	DEBUG 	Uploading Texture Font fontname to graphics card
5.8790 	DEBUG 	Upload of Texture Font fontname complete
5.8857 	DEBUG 	TextBox2 loaded 1 chars with 0 blanks and 1 valid
5.8867 	DEBUG 	TextBox2 loaded 1 chars with 0 blanks and 1 valid
5.8874 	DEBUG 	TextBox2 loaded 1 chars with 0 blanks and 1 valid
5.8877 	DEBUG 	Uploading Texture Font fontname to graphics card
5.8887 	DEBUG 	Upload of Texture Font fontname complete
5.8909 	EXP 	window1: Attempting to measure frame rate of screen (0) ...
5.8909 	EXP 	window1: recordFrameIntervals = False
6.0553 	EXP 	window1: recordFrameIntervals = True
6.2386 	EXP 	Screen (0) actual frame rate measured at 60.04Hz
6.2387 	EXP 	window1: recordFrameIntervals = False
6.2449 	DEBUG 	TextBox2 loaded 1 chars with 0 blanks and 1 valid
6.2453 	DEBUG 	TextBox2 loaded 1 chars with 0 blanks and 1 valid
6.2460 	DEBUG 	TextBox2 loaded 1 chars with 0 blanks and 1 valid
6.2468 	DEBUG 	TextBox2 loaded 1 chars with 0 blanks and 1 valid
6.2476 	DEBUG 	TextBox2 loaded 1 chars with 0 blanks and 1 valid
6.2483 	DEBUG 	TextBox2 loaded 1 chars with 0 blanks and 1 valid
6.2487 	DEBUG 	TextBox2 loaded 1 chars with 0 blanks and 1 valid
6.2494 	DEBUG 	TextBox2 loaded 1 chars with 0 blanks and 1 valid
6.2502 	DEBUG 	TextBox2 loaded 1 chars with 0 blanks and 1 valid
6.2512 	DEBUG 	TextBox2 loaded 1 chars with 0 blanks and 1 valid
6.2516 	DEBUG 	Uploading Texture Font fontname to graphics card
6.2529 	DEBUG 	Upload of Texture Font fontname complete
6.2679 	WARNING 	launchHubServer: If using the iohub mouse or eyetracker devices, fullScr should be True.
9.0738 	INFO 	keyboard.Keyboard is using iohub backend.
9.0738 	EXP 	KeoghRevisedRetrocueTask: status = STARTED
9.0739 	INFO 	keyboard.Keyboard is using iohub backend.
9.0910 	EXP 	Created unnamed ImageStim = ImageStim(__class__=<class 'psychopy.visual.image.ImageStim'>, anchor=('center', 'center'), autoLog=True, color=array([1., 1., 1.]), colorSpace='rgb', contrast=1.0, depth=0, draggable=False, flipHoriz=False, flipVert=False, image=str(...), interpolate=False, mask=None, maskParams=None, name='unnamed ImageStim', opacity=1, ori=0.0, pos=array([0., 0.]), size=array([0.12, 0.12]), texRes=128, units='height', win=Window(...))
9.1032 	EXP 	Created unnamed ImageStim = ImageStim(__class__=<class 'psychopy.visual.image.ImageStim'>, anchor=('center', 'center'), autoLog=True, color=array([1., 1., 1.]), colorSpace='rgb', contrast=1.0, depth=0, draggable=False, flipHoriz=False, flipVert=False, image=str(...), interpolate=False, mask=None, maskParams=None, name='unnamed ImageStim', opacity=1, ori=0.0, pos=array([0., 0.]), size=array([0.12, 0.12]), texRes=128, units='height', win=Window(...))
9.1059 	EXP 	Created unnamed Polygon = Polygon(__class__=<class 'psychopy.visual.polygon.Polygon'>, anchor=('center', 'center'), autoDraw=False, autoLog=True, closeShape=True, color=method-wrapper(...), colorSpace='rgb255', contrast=None, depth=0, draggable=False, fillColor=array([128, 115,  96]), fillColorSpace='rgb255', fillRGB=array([ 0.00392157, -0.09803922, -0.24705882]), interpolate=True, lineColor=array([255., 255., 255.]), lineColorSpace='rgb255', lineRGB=array([1, 1, 1]), lineWidth=1.5, name='unnamed Polygon', opacity=1, ori=45.0, pos=array([0., 0.]), size=array([0.06, 0.06]), units='height', vertices=ndarray(...), win=Window(...))
0.0330 	EXP 	KeoghRevisedRetrocueTask: status = STOPPED
0.0776 	INFO 	saved data to 'C:\\Users\\cocon\\OneDrive\\Documents\\GitHub\\Kiyonaga-Lab\\PNR Project\\Connie_Code\\data/060983_KeoghRevisedRetrocueTask_2025-04-28_14h05.55.007.csv'
0.0783 	INFO 	saved data to C:\Users\cocon\OneDrive\Documents\GitHub\Kiyonaga-Lab\PNR Project\Connie_Code\data/060983_KeoghRevisedRetrocueTask_2025-04-28_14h05.55.007.psydat
0.4082 	DEBUG 	Saving data for KeoghRevisedRetrocueTask ExperimentHandler
