5.9977 	DEBUG 	Fullscreen settings ignored as running in pilot mode.
5.9982 	INFO 	Loaded monitor calibration from ['2025_04_06 13:23']
6.1753 	EXP 	Created window1 = Window(allowGUI=False, allowStencil=False, autoLog=True, backendConf=UNKNOWN, backgroundFit=<method-wrapper '__getattribute__' of attributeSetter object at 0x000001C5D50F3880>, backgroundImage=<method-wrapper '__getattribute__' of attributeSetter object at 0x000001C5D50F3820>, bitsMode=UNKNOWN, blendMode='avg', bpc=(8, 8, 8), color=array([0, 0, 0]), colorSpace='rgb', depthBits=8, fullscr=False, gamma=None, gammaErrorPolicy='raise', infoMsg=UNKNOWN, lms=UNKNOWN, monitor=<psychopy.monitors.calibTools.Monitor object at 0x000001C5D51B3E20>, multiSample=False, name='window1', numSamples=2, pos=[560.0, 240.0], screen=0, size=array([800, 600]), stencilBits=0, stereo=False, title='PsychoPy', units='height', useFBO=True, useRetina=False, viewOri=0.0, viewPos=None, viewScale=None, waitBlanking=True, winType='pyglet')
6.1753 	EXP 	window1: backgroundImage = ''
6.1753 	EXP 	window1: backgroundFit = 'none'
6.1807 	DEBUG 	TextBox2 loaded 1 chars with 0 blanks and 1 valid
6.1812 	DEBUG 	TextBox2 loaded 1 chars with 0 blanks and 1 valid
6.1817 	DEBUG 	TextBox2 loaded 1 chars with 0 blanks and 1 valid
6.1823 	DEBUG 	TextBox2 loaded 1 chars with 0 blanks and 1 valid
6.1828 	DEBUG 	TextBox2 loaded 1 chars with 0 blanks and 1 valid
6.1831 	DEBUG 	TextBox2 loaded 1 chars with 0 blanks and 1 valid
6.1836 	DEBUG 	TextBox2 loaded 1 chars with 0 blanks and 1 valid
6.1842 	DEBUG 	TextBox2 loaded 1 chars with 0 blanks and 1 valid
6.1844 	DEBUG 	TextBox2 loaded 1 chars with 0 blanks and 1 valid
6.1846 	DEBUG 	TextBox2 loaded 1 chars with 0 blanks and 1 valid
6.1851 	DEBUG 	TextBox2 loaded 1 chars with 0 blanks and 1 valid
6.1856 	DEBUG 	TextBox2 loaded 1 chars with 0 blanks and 1 valid
6.1860 	DEBUG 	TextBox2 loaded 1 chars with 0 blanks and 1 valid
6.1865 	DEBUG 	TextBox2 loaded 1 chars with 0 blanks and 1 valid
6.1869 	DEBUG 	TextBox2 loaded 1 chars with 0 blanks and 1 valid
6.1873 	DEBUG 	TextBox2 loaded 1 chars with 0 blanks and 1 valid
6.1878 	DEBUG 	TextBox2 loaded 1 chars with 0 blanks and 1 valid
6.1881 	DEBUG 	TextBox2 loaded 1 chars with 0 blanks and 1 valid
6.1885 	DEBUG 	TextBox2 loaded 1 chars with 0 blanks and 1 valid
6.1891 	DEBUG 	TextBox2 loaded 1 chars with 0 blanks and 1 valid
6.1894 	DEBUG 	TextBox2 loaded 1 chars with 0 blanks and 1 valid
6.1896 	DEBUG 	Uploading Texture Font fontname to graphics card
6.1905 	DEBUG 	Upload of Texture Font fontname complete
6.1940 	DEBUG 	TextBox2 loaded 1 chars with 0 blanks and 1 valid
6.1946 	DEBUG 	TextBox2 loaded 1 chars with 0 blanks and 1 valid
6.1952 	DEBUG 	TextBox2 loaded 1 chars with 0 blanks and 1 valid
6.1954 	DEBUG 	Uploading Texture Font fontname to graphics card
6.1958 	DEBUG 	Upload of Texture Font fontname complete
6.1971 	EXP 	window1: Attempting to measure frame rate of screen (0) ...
6.1971 	EXP 	window1: recordFrameIntervals = False
6.3366 	EXP 	window1: recordFrameIntervals = True
6.4819 	EXP 	Screen (0) actual frame rate measured at 75.49Hz
6.4819 	EXP 	window1: recordFrameIntervals = False
6.4849 	DEBUG 	TextBox2 loaded 1 chars with 0 blanks and 1 valid
6.4852 	DEBUG 	TextBox2 loaded 1 chars with 0 blanks and 1 valid
6.4856 	DEBUG 	TextBox2 loaded 1 chars with 0 blanks and 1 valid
6.4863 	DEBUG 	TextBox2 loaded 1 chars with 0 blanks and 1 valid
6.4868 	DEBUG 	TextBox2 loaded 1 chars with 0 blanks and 1 valid
6.4874 	DEBUG 	TextBox2 loaded 1 chars with 0 blanks and 1 valid
6.4877 	DEBUG 	TextBox2 loaded 1 chars with 0 blanks and 1 valid
6.4882 	DEBUG 	TextBox2 loaded 1 chars with 0 blanks and 1 valid
6.4888 	DEBUG 	TextBox2 loaded 1 chars with 0 blanks and 1 valid
6.4893 	DEBUG 	TextBox2 loaded 1 chars with 0 blanks and 1 valid
6.4895 	DEBUG 	Uploading Texture Font fontname to graphics card
6.4900 	DEBUG 	Upload of Texture Font fontname complete
6.4981 	WARNING 	launchHubServer: If using the iohub mouse or eyetracker devices, fullScr should be True.
8.1535 	INFO 	keyboard.Keyboard is using iohub backend.
8.1535 	EXP 	KeoghRevisedRetrocueTask: status = STARTED
8.1536 	INFO 	keyboard.Keyboard is using iohub backend.
8.1638 	EXP 	Created unnamed ImageStim = ImageStim(__class__=<class 'psychopy.visual.image.ImageStim'>, anchor=('center', 'center'), autoLog=True, color=array([1., 1., 1.]), colorSpace='rgb', contrast=1.0, depth=0, draggable=False, flipHoriz=False, flipVert=False, image=str(...), interpolate=False, mask=None, maskParams=None, name='unnamed ImageStim', opacity=1, ori=0.0, pos=array([0., 0.]), size=array([0.5, 0.5]), texRes=128, units='height', win=Window(...))
8.1712 	EXP 	Created unnamed ImageStim = ImageStim(__class__=<class 'psychopy.visual.image.ImageStim'>, anchor=('center', 'center'), autoLog=True, color=array([1., 1., 1.]), colorSpace='rgb', contrast=1.0, depth=0, draggable=False, flipHoriz=False, flipVert=False, image=str(...), interpolate=False, mask=None, maskParams=None, name='unnamed ImageStim', opacity=1, ori=0.0, pos=array([0., 0.]), size=array([0.5, 0.5]), texRes=128, units='height', win=Window(...))
8.1729 	EXP 	Created unnamed Polygon = Polygon(__class__=<class 'psychopy.visual.polygon.Polygon'>, anchor=('center', 'center'), autoDraw=False, autoLog=True, closeShape=True, color=method-wrapper(...), colorSpace='rgb255', contrast=None, depth=0, draggable=False, fillColor=array([128, 115,  96]), fillColorSpace='rgb255', fillRGB=array([ 0.00392157, -0.09803922, -0.24705882]), interpolate=True, lineColor=array([255., 255., 255.]), lineColorSpace='rgb255', lineRGB=array([1, 1, 1]), lineWidth=1.5, name='unnamed Polygon', opacity=1, ori=45.0, pos=array([0., 0.]), size=array([0.06, 0.06]), units='height', vertices=ndarray(...), win=Window(...))
0.0050 	INFO 	Keyboard events cleared
0.0179 	EXP 	unnamed Polygon: autoDraw = True
0.0179 	EXP 	unnamed ImageStim: autoDraw = True
0.5215 	EXP 	Created unnamed ImageStim = ImageStim(__class__=<class 'psychopy.visual.image.ImageStim'>, anchor=('center', 'center'), autoLog=True, color=array([1., 1., 1.]), colorSpace='rgb', contrast=1.0, depth=0, draggable=False, flipHoriz=False, flipVert=False, image=None, interpolate=False, mask=None, maskParams=None, name='unnamed ImageStim', opacity=1, ori=0.0, pos=array([-300.,    0.]), size=array([1., 1.]), texRes=128, units='height', win=Window(...))
0.5221 	EXP 	Created unnamed ImageStim = ImageStim(__class__=<class 'psychopy.visual.image.ImageStim'>, anchor=('center', 'center'), autoLog=True, color=array([1., 1., 1.]), colorSpace='rgb', contrast=1.0, depth=0, draggable=False, flipHoriz=False, flipVert=False, image=None, interpolate=False, mask=None, maskParams=None, name='unnamed ImageStim', opacity=1, ori=0.0, pos=array([300.,   0.]), size=array([1., 1.]), texRes=128, units='height', win=Window(...))
1.3998 	INFO 	Keyboard events cleared
1.4312 	EXP 	unnamed ImageStim: image = 'C:/Users/cocon/OneDrive/Documents/GitHub/Kiyonaga-Lab/PNR Project/stimuli/Connie/sphere/football-table-football-ball-output-sports-035f7b-1024.jpg'
1.4312 	EXP 	unnamed ImageStim: image = 'C:/Users/cocon/OneDrive/Documents/GitHub/Kiyonaga-Lab/PNR Project/stimuli/Connie/cube/greeneggandcube.jpg'
1.4312 	EXP 	unnamed ImageStim: autoDraw = True
1.4312 	EXP 	unnamed ImageStim: autoDraw = True
1.4312 	EXP 	unnamed Polygon: autoDraw = True
1.4312 	EXP 	unnamed ImageStim: autoDraw = True
2.4495 	EXP 	unnamed ImageStim: autoDraw = False
2.4495 	EXP 	unnamed ImageStim: autoDraw = False
2.9685 	EXP 	unnamed Polygon: autoDraw = False
2.9685 	EXP 	unnamed ImageStim: autoDraw = False
2.9702 	INFO 	Keyboard events cleared
2.9802 	EXP 	unnamed ImageStim: ori = 0
2.9802 	EXP 	unnamed Polygon: foreColor = [64, 128, 72]
2.9802 	EXP 	unnamed Polygon: fillColor = [64, 128, 72]
2.9802 	EXP 	unnamed Polygon: borderColor = [64, 128, 72]
2.9802 	EXP 	unnamed Polygon: color = [64, 128, 72]
2.9802 	EXP 	unnamed Polygon: autoDraw = True
2.9802 	EXP 	unnamed ImageStim: autoDraw = True
2.9935 	EXP 	unnamed Polygon: autoDraw = False
2.9935 	EXP 	unnamed ImageStim: autoDraw = False
2.9945 	EXP 	KeoghRevisedRetrocueTask: status = STOPPED
2.9958 	INFO 	saved data to 'C:\\Users\\cocon\\OneDrive\\Documents\\GitHub\\Kiyonaga-Lab\\PNR Project\\Connie_Code\\data/062825_KeoghRevisedRetrocueTask_2025-04-27_17h46.09.474.csv'
2.9963 	INFO 	saved data to C:\Users\cocon\OneDrive\Documents\GitHub\Kiyonaga-Lab\PNR Project\Connie_Code\data/062825_KeoghRevisedRetrocueTask_2025-04-27_17h46.09.474.psydat
3.3900 	DEBUG 	Saving data for KeoghRevisedRetrocueTask ExperimentHandler
