3.5071 	DEBUG 	Fullscreen settings ignored as running in pilot mode.
3.5077 	INFO 	Loaded monitor calibration from ['2025_04_06 13:23']
3.6838 	EXP 	Created window1 = Window(allowGUI=False, allowStencil=False, autoLog=True, backendConf=UNKNOWN, backgroundFit=<method-wrapper '__getattribute__' of attributeSetter object at 0x000002739D79FEB0>, backgroundImage=<method-wrapper '__getattribute__' of attributeSetter object at 0x000002739D79FB20>, bitsMode=UNKNOWN, blendMode='avg', bpc=(8, 8, 8), color=array([0, 0, 0]), colorSpace='rgb', depthBits=8, fullscr=False, gamma=None, gammaErrorPolicy='raise', infoMsg=UNKNOWN, lms=UNKNOWN, monitor=<psychopy.monitors.calibTools.Monitor object at 0x00000273AD7B3910>, multiSample=False, name='window1', numSamples=2, pos=[560.0, 240.0], screen=0, size=array([800, 600]), stencilBits=0, stereo=False, title='PsychoPy', units='height', useFBO=True, useRetina=False, viewOri=0.0, viewPos=None, viewScale=None, waitBlanking=True, winType='pyglet')
3.6839 	EXP 	window1: backgroundImage = ''
3.6839 	EXP 	window1: backgroundFit = 'none'
3.6891 	DEBUG 	TextBox2 loaded 1 chars with 0 blanks and 1 valid
3.6895 	DEBUG 	TextBox2 loaded 1 chars with 0 blanks and 1 valid
3.6900 	DEBUG 	TextBox2 loaded 1 chars with 0 blanks and 1 valid
3.6905 	DEBUG 	TextBox2 loaded 1 chars with 0 blanks and 1 valid
3.6911 	DEBUG 	TextBox2 loaded 1 chars with 0 blanks and 1 valid
3.6913 	DEBUG 	TextBox2 loaded 1 chars with 0 blanks and 1 valid
3.6918 	DEBUG 	TextBox2 loaded 1 chars with 0 blanks and 1 valid
3.6923 	DEBUG 	TextBox2 loaded 1 chars with 0 blanks and 1 valid
3.6925 	DEBUG 	TextBox2 loaded 1 chars with 0 blanks and 1 valid
3.6928 	DEBUG 	TextBox2 loaded 1 chars with 0 blanks and 1 valid
3.6932 	DEBUG 	TextBox2 loaded 1 chars with 0 blanks and 1 valid
3.6936 	DEBUG 	TextBox2 loaded 1 chars with 0 blanks and 1 valid
3.6940 	DEBUG 	TextBox2 loaded 1 chars with 0 blanks and 1 valid
3.6944 	DEBUG 	TextBox2 loaded 1 chars with 0 blanks and 1 valid
3.6948 	DEBUG 	TextBox2 loaded 1 chars with 0 blanks and 1 valid
3.6953 	DEBUG 	TextBox2 loaded 1 chars with 0 blanks and 1 valid
3.6957 	DEBUG 	TextBox2 loaded 1 chars with 0 blanks and 1 valid
3.6960 	DEBUG 	TextBox2 loaded 1 chars with 0 blanks and 1 valid
3.6963 	DEBUG 	TextBox2 loaded 1 chars with 0 blanks and 1 valid
3.6968 	DEBUG 	TextBox2 loaded 1 chars with 0 blanks and 1 valid
3.6971 	DEBUG 	TextBox2 loaded 1 chars with 0 blanks and 1 valid
3.6973 	DEBUG 	Uploading Texture Font fontname to graphics card
3.6981 	DEBUG 	Upload of Texture Font fontname complete
3.7013 	DEBUG 	TextBox2 loaded 1 chars with 0 blanks and 1 valid
3.7019 	DEBUG 	TextBox2 loaded 1 chars with 0 blanks and 1 valid
3.7024 	DEBUG 	TextBox2 loaded 1 chars with 0 blanks and 1 valid
3.7026 	DEBUG 	Uploading Texture Font fontname to graphics card
3.7030 	DEBUG 	Upload of Texture Font fontname complete
3.7042 	EXP 	window1: Attempting to measure frame rate of screen (0) ...
3.7042 	EXP 	window1: recordFrameIntervals = False
3.8398 	EXP 	window1: recordFrameIntervals = True
3.9855 	EXP 	Screen (0) actual frame rate measured at 75.68Hz
3.9855 	EXP 	window1: recordFrameIntervals = False
3.9884 	DEBUG 	TextBox2 loaded 1 chars with 0 blanks and 1 valid
3.9888 	DEBUG 	TextBox2 loaded 1 chars with 0 blanks and 1 valid
3.9893 	DEBUG 	TextBox2 loaded 1 chars with 0 blanks and 1 valid
3.9899 	DEBUG 	TextBox2 loaded 1 chars with 0 blanks and 1 valid
3.9905 	DEBUG 	TextBox2 loaded 1 chars with 0 blanks and 1 valid
3.9911 	DEBUG 	TextBox2 loaded 1 chars with 0 blanks and 1 valid
3.9914 	DEBUG 	TextBox2 loaded 1 chars with 0 blanks and 1 valid
3.9919 	DEBUG 	TextBox2 loaded 1 chars with 0 blanks and 1 valid
3.9926 	DEBUG 	TextBox2 loaded 1 chars with 0 blanks and 1 valid
3.9931 	DEBUG 	TextBox2 loaded 1 chars with 0 blanks and 1 valid
3.9933 	DEBUG 	Uploading Texture Font fontname to graphics card
3.9938 	DEBUG 	Upload of Texture Font fontname complete
4.0019 	WARNING 	launchHubServer: If using the iohub mouse or eyetracker devices, fullScr should be True.
5.7586 	INFO 	keyboard.Keyboard is using iohub backend.
5.7586 	EXP 	KeoghRevisedRetrocueTask: status = STARTED
5.7587 	INFO 	keyboard.Keyboard is using iohub backend.
5.7688 	EXP 	Created unnamed ImageStim = ImageStim(__class__=<class 'psychopy.visual.image.ImageStim'>, anchor=('center', 'center'), autoLog=True, color=array([1., 1., 1.]), colorSpace='rgb', contrast=1.0, depth=0, draggable=False, flipHoriz=False, flipVert=False, image=str(...), interpolate=False, mask=None, maskParams=None, name='unnamed ImageStim', opacity=1, ori=0.0, pos=array([0., 0.]), size=array([0.12, 0.12]), texRes=128, units='height', win=Window(...))
5.7766 	EXP 	Created unnamed ImageStim = ImageStim(__class__=<class 'psychopy.visual.image.ImageStim'>, anchor=('center', 'center'), autoLog=True, color=array([1., 1., 1.]), colorSpace='rgb', contrast=1.0, depth=0, draggable=False, flipHoriz=False, flipVert=False, image=str(...), interpolate=False, mask=None, maskParams=None, name='unnamed ImageStim', opacity=1, ori=0.0, pos=array([0., 0.]), size=array([0.12, 0.12]), texRes=128, units='height', win=Window(...))
5.7785 	EXP 	Created unnamed Polygon = Polygon(__class__=<class 'psychopy.visual.polygon.Polygon'>, anchor=('center', 'center'), autoDraw=False, autoLog=True, closeShape=True, color=method-wrapper(...), colorSpace='rgb255', contrast=None, depth=0, draggable=False, fillColor=array([128, 115,  96]), fillColorSpace='rgb255', fillRGB=array([ 0.00392157, -0.09803922, -0.24705882]), interpolate=True, lineColor=array([255., 255., 255.]), lineColorSpace='rgb255', lineRGB=array([1, 1, 1]), lineWidth=1.5, name='unnamed Polygon', opacity=1, ori=45.0, pos=array([0., 0.]), size=array([0.06, 0.06]), units='height', vertices=ndarray(...), win=Window(...))
0.0098 	WARNING 	Monitor specification not found. Creating a temporary one...
0.3421 	EXP 	Created window1 = Window(allowGUI=True, allowStencil=False, autoLog=True, backendConf=UNKNOWN, backgroundFit=<method-wrapper '__getattribute__' of attributeSetter object at 0x000002739D79FEB0>, backgroundImage=<method-wrapper '__getattribute__' of attributeSetter object at 0x000002739D79FB20>, bitsMode=UNKNOWN, blendMode='avg', bpc=(8, 8, 8), color=array([0, 0, 0]), colorSpace='rgb', depthBits=8, fullscr=False, gamma=None, gammaErrorPolicy='raise', infoMsg=UNKNOWN, lms=UNKNOWN, monitor=<psychopy.monitors.calibTools.Monitor object at 0x00000273ADF74190>, multiSample=False, name='window1', numSamples=2, pos=(3120, 353), screen=0, size=array([800, 600]), stencilBits=0, stereo=False, title='PsychoPy', units='pix', useFBO=False, useRetina=False, viewOri=0.0, viewPos=None, viewScale=None, waitBlanking=True, winType='pyglet')
0.3421 	EXP 	window1: backgroundImage = None
0.3421 	EXP 	window1: backgroundFit = 'cover'
0.3429 	EXP 	Created unnamed ImageStim = ImageStim(__class__=<class 'psychopy.visual.image.ImageStim'>, anchor=('center', 'center'), autoLog=True, color=array([1., 1., 1.]), colorSpace='rgb', contrast=1.0, depth=0, draggable=False, flipHoriz=False, flipVert=False, image=None, interpolate=False, mask=None, maskParams=None, name='unnamed ImageStim', opacity=1, ori=0.0, pos=array([-300.,    0.]), size=array([600., 600.]), texRes=128, units='pix', win=Window(...))
0.3435 	EXP 	Created unnamed ImageStim = ImageStim(__class__=<class 'psychopy.visual.image.ImageStim'>, anchor=('center', 'center'), autoLog=True, color=array([1., 1., 1.]), colorSpace='rgb', contrast=1.0, depth=0, draggable=False, flipHoriz=False, flipVert=False, image=None, interpolate=False, mask=None, maskParams=None, name='unnamed ImageStim', opacity=1, ori=0.0, pos=array([300.,   0.]), size=array([600., 600.]), texRes=128, units='pix', win=Window(...))
1.5096 	EXP 	Created unnamed ImageStim = ImageStim(__class__=<class 'psychopy.visual.image.ImageStim'>, anchor=('center', 'center'), autoLog=True, color=array([1., 1., 1.]), colorSpace='rgb', contrast=1.0, depth=0, draggable=False, flipHoriz=False, flipVert=False, image=str(...), interpolate=False, mask=None, maskParams=None, name='unnamed ImageStim', opacity=1, ori=0.0, pos=array([0., 0.]), size=array([6720., 4480.]), texRes=128, units='pix', win=Window(...))
1.5714 	EXP 	unnamed ImageStim: image = 'C:/Users/cocon/OneDrive/Documents/GitHub/Kiyonaga-Lab/PNR Project/stimuli/Mycah/cube/alphabetblock.jpg'
1.5714 	EXP 	unnamed ImageStim: image = 'C:/Users/cocon/OneDrive/Documents/GitHub/Kiyonaga-Lab/PNR Project/stimuli/Connie/sphere/plasticladybugball.jpg'
1.5714 	EXP 	unnamed ImageStim: autoDraw = True
1.5714 	EXP 	unnamed ImageStim: autoDraw = True
3.5891 	EXP 	unnamed ImageStim: autoDraw = False
3.5891 	EXP 	unnamed ImageStim: autoDraw = False
4.1056 	EXP 	KeoghRevisedRetrocueTask: status = STOPPED
4.1077 	INFO 	saved data to 'C:\\Users\\cocon\\OneDrive\\Documents\\GitHub\\Kiyonaga-Lab\\PNR Project\\Connie_Code\\data/149805_KeoghRevisedRetrocueTask_2025-04-27_18h13.05.811.csv'
4.1082 	INFO 	saved data to C:\Users\cocon\OneDrive\Documents\GitHub\Kiyonaga-Lab\PNR Project\Connie_Code\data/149805_KeoghRevisedRetrocueTask_2025-04-27_18h13.05.811.psydat
4.1194 	EXP 	unnamed Polygon: autoDraw = False
4.1194 	EXP 	unnamed ImageStim: autoDraw = False
4.3795 	DEBUG 	Saving data for KeoghRevisedRetrocueTask ExperimentHandler
