6.7102 	DEBUG 	Fullscreen settings ignored as running in pilot mode.
6.7115 	INFO 	Loaded monitor calibration from ['2025_03_31 21:04']
7.0069 	EXP 	Created window1 = Window(allowGUI=False, allowStencil=False, autoLog=True, backendConf=UNKNOWN, backgroundFit=<method-wrapper '__getattribute__' of attributeSetter object at 0x000002AB2328E1A0>, backgroundImage=<method-wrapper '__getattribute__' of attributeSetter object at 0x000002AB2328E4A0>, bitsMode=UNKNOWN, blendMode='avg', bpc=(8, 8, 8), color=array([0, 0, 0]), colorSpace='rgb', depthBits=8, fullscr=False, gamma=None, gammaErrorPolicy='raise', infoMsg=UNKNOWN, lms=UNKNOWN, monitor=<psychopy.monitors.calibTools.Monitor object at 0x000002AB233612A0>, multiSample=False, name='window1', numSamples=2, pos=[560.0, 300.0], screen=0, size=array([800, 600]), stencilBits=0, stereo=False, title='PsychoPy', units='height', useFBO=True, useRetina=False, viewOri=0.0, viewPos=None, viewScale=None, waitBlanking=True, winType='pyglet')
7.0070 	EXP 	window1: backgroundImage = ''
7.0070 	EXP 	window1: backgroundFit = 'none'
7.0167 	DEBUG 	TextBox2 loaded 1 chars with 0 blanks and 1 valid
7.0175 	DEBUG 	TextBox2 loaded 1 chars with 0 blanks and 1 valid
7.0181 	DEBUG 	TextBox2 loaded 1 chars with 0 blanks and 1 valid
7.0189 	DEBUG 	TextBox2 loaded 1 chars with 0 blanks and 1 valid
7.0196 	DEBUG 	TextBox2 loaded 1 chars with 0 blanks and 1 valid
7.0200 	DEBUG 	TextBox2 loaded 1 chars with 0 blanks and 1 valid
7.0206 	DEBUG 	TextBox2 loaded 1 chars with 0 blanks and 1 valid
7.0213 	DEBUG 	TextBox2 loaded 1 chars with 0 blanks and 1 valid
7.0216 	DEBUG 	TextBox2 loaded 1 chars with 0 blanks and 1 valid
7.0219 	DEBUG 	TextBox2 loaded 1 chars with 0 blanks and 1 valid
7.0225 	DEBUG 	TextBox2 loaded 1 chars with 0 blanks and 1 valid
7.0231 	DEBUG 	TextBox2 loaded 1 chars with 0 blanks and 1 valid
7.0236 	DEBUG 	TextBox2 loaded 1 chars with 0 blanks and 1 valid
7.0242 	DEBUG 	TextBox2 loaded 1 chars with 0 blanks and 1 valid
7.0246 	DEBUG 	TextBox2 loaded 1 chars with 0 blanks and 1 valid
7.0252 	DEBUG 	TextBox2 loaded 1 chars with 0 blanks and 1 valid
7.0258 	DEBUG 	TextBox2 loaded 1 chars with 0 blanks and 1 valid
7.0262 	DEBUG 	TextBox2 loaded 1 chars with 0 blanks and 1 valid
7.0265 	DEBUG 	TextBox2 loaded 1 chars with 0 blanks and 1 valid
7.0273 	DEBUG 	TextBox2 loaded 1 chars with 0 blanks and 1 valid
7.0276 	DEBUG 	TextBox2 loaded 1 chars with 0 blanks and 1 valid
7.0280 	DEBUG 	Uploading Texture Font fontname to graphics card
7.0297 	DEBUG 	Upload of Texture Font fontname complete
7.0372 	DEBUG 	TextBox2 loaded 1 chars with 0 blanks and 1 valid
7.0380 	DEBUG 	TextBox2 loaded 1 chars with 0 blanks and 1 valid
7.0388 	DEBUG 	TextBox2 loaded 1 chars with 0 blanks and 1 valid
7.0390 	DEBUG 	Uploading Texture Font fontname to graphics card
7.0396 	DEBUG 	Upload of Texture Font fontname complete
7.0415 	EXP 	window1: Attempting to measure frame rate of screen (0) ...
7.0415 	EXP 	window1: recordFrameIntervals = False
7.2144 	EXP 	window1: recordFrameIntervals = True
7.3966 	EXP 	Screen (0) actual frame rate measured at 60.08Hz
7.3966 	EXP 	window1: recordFrameIntervals = False
7.4004 	DEBUG 	TextBox2 loaded 1 chars with 0 blanks and 1 valid
7.4008 	DEBUG 	TextBox2 loaded 1 chars with 0 blanks and 1 valid
7.4014 	DEBUG 	TextBox2 loaded 1 chars with 0 blanks and 1 valid
7.4021 	DEBUG 	TextBox2 loaded 1 chars with 0 blanks and 1 valid
7.4028 	DEBUG 	TextBox2 loaded 1 chars with 0 blanks and 1 valid
7.4035 	DEBUG 	TextBox2 loaded 1 chars with 0 blanks and 1 valid
7.4038 	DEBUG 	TextBox2 loaded 1 chars with 0 blanks and 1 valid
7.4044 	DEBUG 	TextBox2 loaded 1 chars with 0 blanks and 1 valid
7.4051 	DEBUG 	TextBox2 loaded 1 chars with 0 blanks and 1 valid
7.4057 	DEBUG 	TextBox2 loaded 1 chars with 0 blanks and 1 valid
7.4060 	DEBUG 	Uploading Texture Font fontname to graphics card
7.4070 	DEBUG 	Upload of Texture Font fontname complete
7.4180 	WARNING 	launchHubServer: If using the iohub mouse or eyetracker devices, fullScr should be True.
9.9218 	INFO 	keyboard.Keyboard is using iohub backend.
9.9218 	EXP 	KeoghRevisedRetrocueTask: status = STARTED
9.9220 	INFO 	keyboard.Keyboard is using iohub backend.
9.9246 	EXP 	Created unnamed Polygon = Polygon(__class__=<class 'psychopy.visual.polygon.Polygon'>, anchor=('center', 'center'), autoDraw=False, autoLog=True, closeShape=True, color=method-wrapper(...), colorSpace='rgb255', contrast=None, depth=0, draggable=False, fillColor=array([128, 115,  96]), fillColorSpace='rgb255', fillRGB=array([ 0.00392157, -0.09803922, -0.24705882]), interpolate=True, lineColor=array([255., 255., 255.]), lineColorSpace='rgb255', lineRGB=array([1, 1, 1]), lineWidth=1.5, name='unnamed Polygon', opacity=1, ori=45.0, pos=array([0., 0.]), size=array([0.06, 0.06]), units='height', vertices=ndarray(...), win=Window(...))
0.0243 	EXP 	Created unnamed ImageStim = ImageStim(__class__=<class 'psychopy.visual.image.ImageStim'>, anchor=('center', 'center'), autoLog=True, color=array([1., 1., 1.]), colorSpace='rgb', contrast=1.0, depth=0, draggable=False, flipHoriz=False, flipVert=False, image=str(...), interpolate=False, mask=None, maskParams=None, name='unnamed ImageStim', opacity=1, ori=0.0, pos=array([0., 0.]), size=array([0.12, 0.12]), texRes=128, units='height', win=Window(...))
0.0380 	EXP 	Created unnamed ImageStim = ImageStim(__class__=<class 'psychopy.visual.image.ImageStim'>, anchor=('center', 'center'), autoLog=True, color=array([1., 1., 1.]), colorSpace='rgb', contrast=1.0, depth=0, draggable=False, flipHoriz=False, flipVert=False, image=str(...), interpolate=False, mask=None, maskParams=None, name='unnamed ImageStim', opacity=1, ori=0.0, pos=array([0., 0.]), size=array([0.12, 0.12]), texRes=128, units='height', win=Window(...))
0.0688 	DEBUG 	Saving data for KeoghRevisedRetrocueTask ExperimentHandler
0.0698 	INFO 	saved data to C:\Users\cocon\OneDrive\Documents\GitHub\Kiyonaga-Lab\PNR Project\Connie_Code\data/162650_KeoghRevisedRetrocueTask_2025-04-28_15h12.19.528.psydat
0.0707 	INFO 	saved data to 'C:\\Users\\cocon\\OneDrive\\Documents\\GitHub\\Kiyonaga-Lab\\PNR Project\\Connie_Code\\data/162650_KeoghRevisedRetrocueTask_2025-04-28_15h12.19.528.csv'
