4.2028 	DEBUG 	Fullscreen settings ignored as running in pilot mode.
4.2035 	INFO 	Loaded monitor calibration from ['2025_03_31 21:04']
4.4675 	EXP 	Created window1 = Window(allowGUI=False, allowStencil=False, autoLog=True, backendConf=UNKNOWN, backgroundFit=<method-wrapper '__getattribute__' of attributeSetter object at 0x00000251B4A50250>, backgroundImage=<method-wrapper '__getattribute__' of attributeSetter object at 0x00000251B4A502B0>, bitsMode=UNKNOWN, blendMode='avg', bpc=(8, 8, 8), color=array([0, 0, 0]), colorSpace='rgb', depthBits=8, fullscr=False, gamma=None, gammaErrorPolicy='raise', infoMsg=UNKNOWN, lms=UNKNOWN, monitor=<psychopy.monitors.calibTools.Monitor object at 0x00000251B4B32350>, multiSample=False, name='window1', numSamples=2, pos=[560.0, 300.0], screen=0, size=array([800, 600]), stencilBits=0, stereo=False, title='PsychoPy', units='height', useFBO=True, useRetina=False, viewOri=0.0, viewPos=None, viewScale=None, waitBlanking=True, winType='pyglet')
4.4676 	EXP 	window1: backgroundImage = ''
4.4676 	EXP 	window1: backgroundFit = 'none'
4.4752 	DEBUG 	TextBox2 loaded 1 chars with 0 blanks and 1 valid
4.4757 	DEBUG 	TextBox2 loaded 1 chars with 0 blanks and 1 valid
4.4762 	DEBUG 	TextBox2 loaded 1 chars with 0 blanks and 1 valid
4.4767 	DEBUG 	TextBox2 loaded 1 chars with 0 blanks and 1 valid
4.4774 	DEBUG 	TextBox2 loaded 1 chars with 0 blanks and 1 valid
4.4777 	DEBUG 	TextBox2 loaded 1 chars with 0 blanks and 1 valid
4.4781 	DEBUG 	TextBox2 loaded 1 chars with 0 blanks and 1 valid
4.4788 	DEBUG 	TextBox2 loaded 1 chars with 0 blanks and 1 valid
4.4790 	DEBUG 	TextBox2 loaded 1 chars with 0 blanks and 1 valid
4.4792 	DEBUG 	TextBox2 loaded 1 chars with 0 blanks and 1 valid
4.4798 	DEBUG 	TextBox2 loaded 1 chars with 0 blanks and 1 valid
4.4802 	DEBUG 	TextBox2 loaded 1 chars with 0 blanks and 1 valid
4.4807 	DEBUG 	TextBox2 loaded 1 chars with 0 blanks and 1 valid
4.4811 	DEBUG 	TextBox2 loaded 1 chars with 0 blanks and 1 valid
4.4816 	DEBUG 	TextBox2 loaded 1 chars with 0 blanks and 1 valid
4.4821 	DEBUG 	TextBox2 loaded 1 chars with 0 blanks and 1 valid
4.4827 	DEBUG 	TextBox2 loaded 1 chars with 0 blanks and 1 valid
4.4830 	DEBUG 	TextBox2 loaded 1 chars with 0 blanks and 1 valid
4.4833 	DEBUG 	TextBox2 loaded 1 chars with 0 blanks and 1 valid
4.4839 	DEBUG 	TextBox2 loaded 1 chars with 0 blanks and 1 valid
4.4843 	DEBUG 	TextBox2 loaded 1 chars with 0 blanks and 1 valid
4.4845 	DEBUG 	Uploading Texture Font fontname to graphics card
4.4861 	DEBUG 	Upload of Texture Font fontname complete
4.4910 	DEBUG 	TextBox2 loaded 1 chars with 0 blanks and 1 valid
4.4917 	DEBUG 	TextBox2 loaded 1 chars with 0 blanks and 1 valid
4.4923 	DEBUG 	TextBox2 loaded 1 chars with 0 blanks and 1 valid
4.4925 	DEBUG 	Uploading Texture Font fontname to graphics card
4.4934 	DEBUG 	Upload of Texture Font fontname complete
4.4952 	EXP 	window1: Attempting to measure frame rate of screen (0) ...
4.4953 	EXP 	window1: recordFrameIntervals = False
4.6577 	EXP 	window1: recordFrameIntervals = True
4.8413 	EXP 	Screen (0) actual frame rate measured at 60.41Hz
4.8413 	EXP 	window1: recordFrameIntervals = False
4.8455 	DEBUG 	TextBox2 loaded 1 chars with 0 blanks and 1 valid
4.8458 	DEBUG 	TextBox2 loaded 1 chars with 0 blanks and 1 valid
4.8464 	DEBUG 	TextBox2 loaded 1 chars with 0 blanks and 1 valid
4.8470 	DEBUG 	TextBox2 loaded 1 chars with 0 blanks and 1 valid
4.8476 	DEBUG 	TextBox2 loaded 1 chars with 0 blanks and 1 valid
4.8482 	DEBUG 	TextBox2 loaded 1 chars with 0 blanks and 1 valid
4.8486 	DEBUG 	TextBox2 loaded 1 chars with 0 blanks and 1 valid
4.8491 	DEBUG 	TextBox2 loaded 1 chars with 0 blanks and 1 valid
4.8497 	DEBUG 	TextBox2 loaded 1 chars with 0 blanks and 1 valid
4.8503 	DEBUG 	TextBox2 loaded 1 chars with 0 blanks and 1 valid
4.8505 	DEBUG 	Uploading Texture Font fontname to graphics card
4.8514 	DEBUG 	Upload of Texture Font fontname complete
4.8607 	WARNING 	launchHubServer: If using the iohub mouse or eyetracker devices, fullScr should be True.
6.8337 	INFO 	keyboard.Keyboard is using iohub backend.
6.8337 	EXP 	KeoghRevisedRetrocueTask: status = STARTED
6.8339 	INFO 	keyboard.Keyboard is using iohub backend.
6.8361 	EXP 	Created unnamed Polygon = Polygon(__class__=<class 'psychopy.visual.polygon.Polygon'>, anchor=('center', 'center'), autoDraw=False, autoLog=True, closeShape=True, color=method-wrapper(...), colorSpace='rgb255', contrast=None, depth=0, draggable=False, fillColor=array([128, 115,  96]), fillColorSpace='rgb255', fillRGB=array([ 0.00392157, -0.09803922, -0.24705882]), interpolate=True, lineColor=array([255., 255., 255.]), lineColorSpace='rgb255', lineRGB=array([1, 1, 1]), lineWidth=1.5, name='unnamed Polygon', opacity=1, ori=45.0, pos=array([0., 0.]), size=array([0.06, 0.06]), units='height', vertices=ndarray(...), win=Window(...))
0.0228 	EXP 	KeoghRevisedRetrocueTask: status = STOPPED
0.0297 	INFO 	saved data to 'C:\\Users\\cocon\\OneDrive\\Documents\\GitHub\\Kiyonaga-Lab\\PNR Project\\Connie_Code\\data/218141_KeoghRevisedRetrocueTask_2025-04-28_14h38.46.994.csv'
0.0302 	INFO 	saved data to C:\Users\cocon\OneDrive\Documents\GitHub\Kiyonaga-Lab\PNR Project\Connie_Code\data/218141_KeoghRevisedRetrocueTask_2025-04-28_14h38.46.994.psydat
0.5234 	DEBUG 	Saving data for KeoghRevisedRetrocueTask ExperimentHandler
