5.2851 	DEBUG 	Fullscreen settings ignored as running in pilot mode.
5.2867 	INFO 	Loaded monitor calibration from ['2025_03_31 21:04']
5.7180 	EXP 	Created window1 = Window(allowGUI=False, allowStencil=False, autoLog=True, backendConf=UNKNOWN, backgroundFit=<method-wrapper '__getattribute__' of attributeSetter object at 0x0000014833ED0160>, backgroundImage=<method-wrapper '__getattribute__' of attributeSetter object at 0x0000014833ED01C0>, bitsMode=UNKNOWN, blendMode='avg', bpc=(8, 8, 8), color=array([0, 0, 0]), colorSpace='rgb', depthBits=8, fullscr=False, gamma=None, gammaErrorPolicy='raise', infoMsg=UNKNOWN, lms=UNKNOWN, monitor=<psychopy.monitors.calibTools.Monitor object at 0x0000014833FADE70>, multiSample=False, name='window1', numSamples=2, pos=[560.0, 300.0], screen=0, size=array([800, 600]), stencilBits=0, stereo=False, title='PsychoPy', units='height', useFBO=True, useRetina=False, viewOri=0.0, viewPos=None, viewScale=None, waitBlanking=True, winType='pyglet')
5.7182 	EXP 	window1: backgroundImage = ''
5.7183 	EXP 	window1: backgroundFit = 'none'
5.7309 	DEBUG 	TextBox2 loaded 1 chars with 0 blanks and 1 valid
5.7317 	DEBUG 	TextBox2 loaded 1 chars with 0 blanks and 1 valid
5.7326 	DEBUG 	TextBox2 loaded 1 chars with 0 blanks and 1 valid
5.7337 	DEBUG 	TextBox2 loaded 1 chars with 0 blanks and 1 valid
5.7348 	DEBUG 	TextBox2 loaded 1 chars with 0 blanks and 1 valid
5.7354 	DEBUG 	TextBox2 loaded 1 chars with 0 blanks and 1 valid
5.7362 	DEBUG 	TextBox2 loaded 1 chars with 0 blanks and 1 valid
5.7372 	DEBUG 	TextBox2 loaded 1 chars with 0 blanks and 1 valid
5.7375 	DEBUG 	TextBox2 loaded 1 chars with 0 blanks and 1 valid
5.7379 	DEBUG 	TextBox2 loaded 1 chars with 0 blanks and 1 valid
5.7387 	DEBUG 	TextBox2 loaded 1 chars with 0 blanks and 1 valid
5.7395 	DEBUG 	TextBox2 loaded 1 chars with 0 blanks and 1 valid
5.7402 	DEBUG 	TextBox2 loaded 1 chars with 0 blanks and 1 valid
5.7411 	DEBUG 	TextBox2 loaded 1 chars with 0 blanks and 1 valid
5.7418 	DEBUG 	TextBox2 loaded 1 chars with 0 blanks and 1 valid
5.7427 	DEBUG 	TextBox2 loaded 1 chars with 0 blanks and 1 valid
5.7435 	DEBUG 	TextBox2 loaded 1 chars with 0 blanks and 1 valid
5.7440 	DEBUG 	TextBox2 loaded 1 chars with 0 blanks and 1 valid
5.7445 	DEBUG 	TextBox2 loaded 1 chars with 0 blanks and 1 valid
5.7455 	DEBUG 	TextBox2 loaded 1 chars with 0 blanks and 1 valid
5.7461 	DEBUG 	TextBox2 loaded 1 chars with 0 blanks and 1 valid
5.7465 	DEBUG 	Uploading Texture Font fontname to graphics card
5.7484 	DEBUG 	Upload of Texture Font fontname complete
5.7563 	DEBUG 	TextBox2 loaded 1 chars with 0 blanks and 1 valid
5.7576 	DEBUG 	TextBox2 loaded 1 chars with 0 blanks and 1 valid
5.7587 	DEBUG 	TextBox2 loaded 1 chars with 0 blanks and 1 valid
5.7590 	DEBUG 	Uploading Texture Font fontname to graphics card
5.7601 	DEBUG 	Upload of Texture Font fontname complete
5.7631 	EXP 	window1: Attempting to measure frame rate of screen (0) ...
5.7631 	EXP 	window1: recordFrameIntervals = False
5.9428 	EXP 	window1: recordFrameIntervals = True
6.1274 	EXP 	Screen (0) actual frame rate measured at 59.60Hz
6.1274 	EXP 	window1: recordFrameIntervals = False
6.1338 	DEBUG 	TextBox2 loaded 1 chars with 0 blanks and 1 valid
6.1344 	DEBUG 	TextBox2 loaded 1 chars with 0 blanks and 1 valid
6.1353 	DEBUG 	TextBox2 loaded 1 chars with 0 blanks and 1 valid
6.1369 	DEBUG 	TextBox2 loaded 1 chars with 0 blanks and 1 valid
6.1385 	DEBUG 	TextBox2 loaded 1 chars with 0 blanks and 1 valid
6.1401 	DEBUG 	TextBox2 loaded 1 chars with 0 blanks and 1 valid
6.1409 	DEBUG 	TextBox2 loaded 1 chars with 0 blanks and 1 valid
6.1423 	DEBUG 	TextBox2 loaded 1 chars with 0 blanks and 1 valid
6.1434 	DEBUG 	TextBox2 loaded 1 chars with 0 blanks and 1 valid
6.1447 	DEBUG 	TextBox2 loaded 1 chars with 0 blanks and 1 valid
6.1454 	DEBUG 	Uploading Texture Font fontname to graphics card
6.1468 	DEBUG 	Upload of Texture Font fontname complete
6.1659 	WARNING 	launchHubServer: If using the iohub mouse or eyetracker devices, fullScr should be True.
9.0897 	INFO 	keyboard.Keyboard is using iohub backend.
9.0898 	EXP 	KeoghRevisedRetrocueTask: status = STARTED
9.0899 	INFO 	keyboard.Keyboard is using iohub backend.
9.1111 	EXP 	Created unnamed ImageStim = ImageStim(__class__=<class 'psychopy.visual.image.ImageStim'>, anchor=('center', 'center'), autoLog=True, color=array([1., 1., 1.]), colorSpace='rgb', contrast=1.0, depth=0, draggable=False, flipHoriz=False, flipVert=False, image=str(...), interpolate=False, mask=None, maskParams=None, name='unnamed ImageStim', opacity=1, ori=0.0, pos=array([0., 0.]), size=array([0.12, 0.12]), texRes=128, units='height', win=Window(...))
9.1293 	EXP 	Created unnamed ImageStim = ImageStim(__class__=<class 'psychopy.visual.image.ImageStim'>, anchor=('center', 'center'), autoLog=True, color=array([1., 1., 1.]), colorSpace='rgb', contrast=1.0, depth=0, draggable=False, flipHoriz=False, flipVert=False, image=str(...), interpolate=False, mask=None, maskParams=None, name='unnamed ImageStim', opacity=1, ori=0.0, pos=array([0., 0.]), size=array([0.12, 0.12]), texRes=128, units='height', win=Window(...))
9.1326 	EXP 	Created unnamed Polygon = Polygon(__class__=<class 'psychopy.visual.polygon.Polygon'>, anchor=('center', 'center'), autoDraw=False, autoLog=True, closeShape=True, color=method-wrapper(...), colorSpace='rgb255', contrast=None, depth=0, draggable=False, fillColor=array([128, 115,  96]), fillColorSpace='rgb255', fillRGB=array([ 0.00392157, -0.09803922, -0.24705882]), interpolate=True, lineColor=array([255., 255., 255.]), lineColorSpace='rgb255', lineRGB=array([1, 1, 1]), lineWidth=1.5, name='unnamed Polygon', opacity=1, ori=45.0, pos=array([0., 0.]), size=array([0.06, 0.06]), units='height', vertices=ndarray(...), win=Window(...))
0.0281 	EXP 	KeoghRevisedRetrocueTask: status = STOPPED
0.0728 	INFO 	saved data to 'C:\\Users\\cocon\\OneDrive\\Documents\\GitHub\\Kiyonaga-Lab\\PNR Project\\Connie_Code\\data/240168_KeoghRevisedRetrocueTask_2025-04-28_14h03.38.254.csv'
0.0738 	INFO 	saved data to C:\Users\cocon\OneDrive\Documents\GitHub\Kiyonaga-Lab\PNR Project\Connie_Code\data/240168_KeoghRevisedRetrocueTask_2025-04-28_14h03.38.254.psydat
0.5380 	DEBUG 	Saving data for KeoghRevisedRetrocueTask ExperimentHandler
