3.8100 	DEBUG 	Fullscreen settings ignored as running in pilot mode.
3.8106 	INFO 	Loaded monitor calibration from ['2025_04_06 13:23']
3.9924 	EXP 	Created window1 = Window(allowGUI=False, allowStencil=False, autoLog=True, backendConf=UNKNOWN, backgroundFit=<method-wrapper '__getattribute__' of attributeSetter object at 0x0000013522975DB0>, backgroundImage=<method-wrapper '__getattribute__' of attributeSetter object at 0x0000013522975E10>, bitsMode=UNKNOWN, blendMode='avg', bpc=(8, 8, 8), color=array([0, 0, 0]), colorSpace='rgb', depthBits=8, fullscr=False, gamma=None, gammaErrorPolicy='raise', infoMsg=UNKNOWN, lms=UNKNOWN, monitor=<psychopy.monitors.calibTools.Monitor object at 0x0000013522A40520>, multiSample=False, name='window1', numSamples=2, pos=[560.0, 240.0], screen=0, size=array([800, 600]), stencilBits=0, stereo=False, title='PsychoPy', units='height', useFBO=True, useRetina=False, viewOri=0.0, viewPos=None, viewScale=None, waitBlanking=True, winType='pyglet')
3.9924 	EXP 	window1: backgroundImage = ''
3.9924 	EXP 	window1: backgroundFit = 'none'
3.9976 	DEBUG 	TextBox2 loaded 1 chars with 0 blanks and 1 valid
3.9980 	DEBUG 	TextBox2 loaded 1 chars with 0 blanks and 1 valid
3.9984 	DEBUG 	TextBox2 loaded 1 chars with 0 blanks and 1 valid
3.9990 	DEBUG 	TextBox2 loaded 1 chars with 0 blanks and 1 valid
3.9995 	DEBUG 	TextBox2 loaded 1 chars with 0 blanks and 1 valid
3.9998 	DEBUG 	TextBox2 loaded 1 chars with 0 blanks and 1 valid
4.0002 	DEBUG 	TextBox2 loaded 1 chars with 0 blanks and 1 valid
4.0007 	DEBUG 	TextBox2 loaded 1 chars with 0 blanks and 1 valid
4.0009 	DEBUG 	TextBox2 loaded 1 chars with 0 blanks and 1 valid
4.0012 	DEBUG 	TextBox2 loaded 1 chars with 0 blanks and 1 valid
4.0016 	DEBUG 	TextBox2 loaded 1 chars with 0 blanks and 1 valid
4.0020 	DEBUG 	TextBox2 loaded 1 chars with 0 blanks and 1 valid
4.0024 	DEBUG 	TextBox2 loaded 1 chars with 0 blanks and 1 valid
4.0028 	DEBUG 	TextBox2 loaded 1 chars with 0 blanks and 1 valid
4.0033 	DEBUG 	TextBox2 loaded 1 chars with 0 blanks and 1 valid
4.0037 	DEBUG 	TextBox2 loaded 1 chars with 0 blanks and 1 valid
4.0042 	DEBUG 	TextBox2 loaded 1 chars with 0 blanks and 1 valid
4.0044 	DEBUG 	TextBox2 loaded 1 chars with 0 blanks and 1 valid
4.0047 	DEBUG 	TextBox2 loaded 1 chars with 0 blanks and 1 valid
4.0053 	DEBUG 	TextBox2 loaded 1 chars with 0 blanks and 1 valid
4.0055 	DEBUG 	TextBox2 loaded 1 chars with 0 blanks and 1 valid
4.0057 	DEBUG 	Uploading Texture Font fontname to graphics card
4.0065 	DEBUG 	Upload of Texture Font fontname complete
4.0097 	DEBUG 	TextBox2 loaded 1 chars with 0 blanks and 1 valid
4.0102 	DEBUG 	TextBox2 loaded 1 chars with 0 blanks and 1 valid
4.0107 	DEBUG 	TextBox2 loaded 1 chars with 0 blanks and 1 valid
4.0109 	DEBUG 	Uploading Texture Font fontname to graphics card
4.0113 	DEBUG 	Upload of Texture Font fontname complete
4.0125 	EXP 	window1: Attempting to measure frame rate of screen (0) ...
4.0126 	EXP 	window1: recordFrameIntervals = False
4.1422 	EXP 	window1: recordFrameIntervals = True
4.2889 	EXP 	Screen (0) actual frame rate measured at 74.85Hz
4.2889 	EXP 	window1: recordFrameIntervals = False
4.2922 	DEBUG 	TextBox2 loaded 1 chars with 0 blanks and 1 valid
4.2925 	DEBUG 	TextBox2 loaded 1 chars with 0 blanks and 1 valid
4.2930 	DEBUG 	TextBox2 loaded 1 chars with 0 blanks and 1 valid
4.2936 	DEBUG 	TextBox2 loaded 1 chars with 0 blanks and 1 valid
4.2942 	DEBUG 	TextBox2 loaded 1 chars with 0 blanks and 1 valid
4.2947 	DEBUG 	TextBox2 loaded 1 chars with 0 blanks and 1 valid
4.2950 	DEBUG 	TextBox2 loaded 1 chars with 0 blanks and 1 valid
4.2956 	DEBUG 	TextBox2 loaded 1 chars with 0 blanks and 1 valid
4.2961 	DEBUG 	TextBox2 loaded 1 chars with 0 blanks and 1 valid
4.2967 	DEBUG 	TextBox2 loaded 1 chars with 0 blanks and 1 valid
4.2969 	DEBUG 	Uploading Texture Font fontname to graphics card
4.2973 	DEBUG 	Upload of Texture Font fontname complete
4.3065 	WARNING 	launchHubServer: If using the iohub mouse or eyetracker devices, fullScr should be True.
6.0643 	INFO 	keyboard.Keyboard is using iohub backend.
6.0643 	EXP 	KeoghRevisedRetrocueTask: status = STARTED
6.0644 	INFO 	keyboard.Keyboard is using iohub backend.
6.0746 	EXP 	Created unnamed ImageStim = ImageStim(__class__=<class 'psychopy.visual.image.ImageStim'>, anchor=('center', 'center'), autoLog=True, color=array([1., 1., 1.]), colorSpace='rgb', contrast=1.0, depth=0, draggable=False, flipHoriz=False, flipVert=False, image=str(...), interpolate=False, mask=None, maskParams=None, name='unnamed ImageStim', opacity=1, ori=0.0, pos=array([0., 0.]), size=array([0.12, 0.12]), texRes=128, units='height', win=Window(...))
6.0820 	EXP 	Created unnamed ImageStim = ImageStim(__class__=<class 'psychopy.visual.image.ImageStim'>, anchor=('center', 'center'), autoLog=True, color=array([1., 1., 1.]), colorSpace='rgb', contrast=1.0, depth=0, draggable=False, flipHoriz=False, flipVert=False, image=str(...), interpolate=False, mask=None, maskParams=None, name='unnamed ImageStim', opacity=1, ori=0.0, pos=array([0., 0.]), size=array([0.12, 0.12]), texRes=128, units='height', win=Window(...))
6.0835 	EXP 	Created unnamed Polygon = Polygon(__class__=<class 'psychopy.visual.polygon.Polygon'>, anchor=('center', 'center'), autoDraw=False, autoLog=True, closeShape=True, color=method-wrapper(...), colorSpace='rgb255', contrast=None, depth=0, draggable=False, fillColor=array([128, 115,  96]), fillColorSpace='rgb255', fillRGB=array([ 0.00392157, -0.09803922, -0.24705882]), interpolate=True, lineColor=array([255., 255., 255.]), lineColorSpace='rgb255', lineRGB=array([1, 1, 1]), lineWidth=1.5, name='unnamed Polygon', opacity=1, ori=45.0, pos=array([0., 0.]), size=array([0.06, 0.06]), units='height', vertices=ndarray(...), win=Window(...))
0.0068 	INFO 	Keyboard events cleared
0.0198 	EXP 	unnamed Polygon: autoDraw = True
0.0198 	EXP 	unnamed ImageStim: autoDraw = True
0.5220 	WARNING 	Monitor specification not found. Creating a temporary one...
0.9001 	EXP 	Created window1 = Window(allowGUI=True, allowStencil=False, autoLog=True, backendConf=UNKNOWN, backgroundFit=<method-wrapper '__getattribute__' of attributeSetter object at 0x0000013522975DB0>, backgroundImage=<method-wrapper '__getattribute__' of attributeSetter object at 0x0000013522975E10>, bitsMode=UNKNOWN, blendMode='avg', bpc=(8, 8, 8), color=array([0, 0, 0]), colorSpace='rgb', depthBits=8, fullscr=False, gamma=None, gammaErrorPolicy='raise', infoMsg=UNKNOWN, lms=UNKNOWN, monitor=<psychopy.monitors.calibTools.Monitor object at 0x0000013528676020>, multiSample=False, name='window1', numSamples=2, pos=(3120, 353), screen=0, size=array([800, 600]), stencilBits=0, stereo=False, title='PsychoPy', units='pix', useFBO=False, useRetina=False, viewOri=0.0, viewPos=None, viewScale=None, waitBlanking=True, winType='pyglet')
0.9002 	EXP 	window1: backgroundImage = None
0.9002 	EXP 	window1: backgroundFit = 'cover'
0.9009 	EXP 	Created unnamed ImageStim = ImageStim(__class__=<class 'psychopy.visual.image.ImageStim'>, anchor=('center', 'center'), autoLog=True, color=array([1., 1., 1.]), colorSpace='rgb', contrast=1.0, depth=0, draggable=False, flipHoriz=False, flipVert=False, image=None, interpolate=False, mask=None, maskParams=None, name='unnamed ImageStim', opacity=1, ori=0.0, pos=array([-250.,    0.]), size=array([600., 600.]), texRes=128, units='pix', win=Window(...))
0.9015 	EXP 	Created unnamed ImageStim = ImageStim(__class__=<class 'psychopy.visual.image.ImageStim'>, anchor=('center', 'center'), autoLog=True, color=array([1., 1., 1.]), colorSpace='rgb', contrast=1.0, depth=0, draggable=False, flipHoriz=False, flipVert=False, image=None, interpolate=False, mask=None, maskParams=None, name='unnamed ImageStim', opacity=1, ori=0.0, pos=array([250.,   0.]), size=array([600., 600.]), texRes=128, units='pix', win=Window(...))
1.1466 	EXP 	Created unnamed ImageStim = ImageStim(__class__=<class 'psychopy.visual.image.ImageStim'>, anchor=('center', 'center'), autoLog=True, color=array([1., 1., 1.]), colorSpace='rgb', contrast=1.0, depth=0, draggable=False, flipHoriz=False, flipVert=False, image=str(...), interpolate=False, mask=None, maskParams=None, name='unnamed ImageStim', opacity=1, ori=0.0, pos=array([0., 0.]), size=array([1024.,  768.]), texRes=128, units='pix', win=Window(...))
1.1470 	INFO 	Keyboard events cleared
1.1794 	EXP 	unnamed ImageStim: image = 'C:/Users/cocon/OneDrive/Documents/GitHub/Kiyonaga-Lab/PNR Project/stimuli/Mycah/sphere/concreteball.jpg'
1.1794 	EXP 	unnamed ImageStim: image = 'C:/Users/cocon/OneDrive/Documents/GitHub/Kiyonaga-Lab/PNR Project/stimuli/Connie/cube/pexels-shvetsa-4971990.jpg'
1.1794 	EXP 	unnamed ImageStim: autoDraw = True
1.1794 	EXP 	unnamed ImageStim: autoDraw = True
3.1988 	EXP 	unnamed ImageStim: autoDraw = False
3.1988 	EXP 	unnamed ImageStim: autoDraw = False
7.2405 	INFO 	Keyboard events cleared
7.2528 	EXP 	KeoghRevisedRetrocueTask: status = STOPPED
7.2550 	INFO 	saved data to 'C:\\Users\\cocon\\OneDrive\\Documents\\GitHub\\Kiyonaga-Lab\\PNR Project\\Connie_Code\\data/245070_KeoghRevisedRetrocueTask_2025-04-27_18h25.02.859.csv'
7.2556 	INFO 	saved data to C:\Users\cocon\OneDrive\Documents\GitHub\Kiyonaga-Lab\PNR Project\Connie_Code\data/245070_KeoghRevisedRetrocueTask_2025-04-27_18h25.02.859.psydat
7.2665 	EXP 	unnamed Polygon: autoDraw = True
7.2665 	EXP 	unnamed ImageStim: autoDraw = True
7.2665 	EXP 	unnamed Polygon: autoDraw = False
7.2665 	EXP 	unnamed ImageStim: autoDraw = False
7.2665 	EXP 	unnamed ImageStim: ori = 0
7.2665 	EXP 	unnamed Polygon: foreColor = [64, 128, 72]
7.2665 	EXP 	unnamed Polygon: fillColor = [64, 128, 72]
7.2665 	EXP 	unnamed Polygon: borderColor = [64, 128, 72]
7.2665 	EXP 	unnamed Polygon: color = [64, 128, 72]
7.2665 	EXP 	unnamed Polygon: autoDraw = True
7.2665 	EXP 	unnamed ImageStim: autoDraw = True
7.2665 	EXP 	unnamed ImageStim: autoDraw = False
7.4133 	DEBUG 	Saving data for KeoghRevisedRetrocueTask ExperimentHandler
