4.4253 	DEBUG 	Fullscreen settings ignored as running in pilot mode.
4.4259 	INFO 	Loaded monitor calibration from ['2025_03_31 21:04']
4.6781 	EXP 	Created window1 = Window(allowGUI=False, allowStencil=False, autoLog=True, backendConf=UNKNOWN, backgroundFit=<method-wrapper '__getattribute__' of attributeSetter object at 0x000001B2315D01F0>, backgroundImage=<method-wrapper '__getattribute__' of attributeSetter object at 0x000001B2315D0250>, bitsMode=UNKNOWN, blendMode='avg', bpc=(8, 8, 8), color=array([0, 0, 0]), colorSpace='rgb', depthBits=8, fullscr=False, gamma=None, gammaErrorPolicy='raise', infoMsg=UNKNOWN, lms=UNKNOWN, monitor=<psychopy.monitors.calibTools.Monitor object at 0x000001B2316B2380>, multiSample=False, name='window1', numSamples=2, pos=[560.0, 300.0], screen=0, size=array([800, 600]), stencilBits=0, stereo=False, title='PsychoPy', units='height', useFBO=True, useRetina=False, viewOri=0.0, viewPos=None, viewScale=None, waitBlanking=True, winType='pyglet')
4.6782 	EXP 	window1: backgroundImage = ''
4.6782 	EXP 	window1: backgroundFit = 'none'
4.6859 	DEBUG 	TextBox2 loaded 1 chars with 0 blanks and 1 valid
4.6866 	DEBUG 	TextBox2 loaded 1 chars with 0 blanks and 1 valid
4.6871 	DEBUG 	TextBox2 loaded 1 chars with 0 blanks and 1 valid
4.6879 	DEBUG 	TextBox2 loaded 1 chars with 0 blanks and 1 valid
4.6886 	DEBUG 	TextBox2 loaded 1 chars with 0 blanks and 1 valid
4.6890 	DEBUG 	TextBox2 loaded 1 chars with 0 blanks and 1 valid
4.6900 	DEBUG 	TextBox2 loaded 1 chars with 0 blanks and 1 valid
4.6909 	DEBUG 	TextBox2 loaded 1 chars with 0 blanks and 1 valid
4.6912 	DEBUG 	TextBox2 loaded 1 chars with 0 blanks and 1 valid
4.6915 	DEBUG 	TextBox2 loaded 1 chars with 0 blanks and 1 valid
4.6920 	DEBUG 	TextBox2 loaded 1 chars with 0 blanks and 1 valid
4.6926 	DEBUG 	TextBox2 loaded 1 chars with 0 blanks and 1 valid
4.6933 	DEBUG 	TextBox2 loaded 1 chars with 0 blanks and 1 valid
4.6942 	DEBUG 	TextBox2 loaded 1 chars with 0 blanks and 1 valid
4.6949 	DEBUG 	TextBox2 loaded 1 chars with 0 blanks and 1 valid
4.6955 	DEBUG 	TextBox2 loaded 1 chars with 0 blanks and 1 valid
4.6960 	DEBUG 	TextBox2 loaded 1 chars with 0 blanks and 1 valid
4.6966 	DEBUG 	TextBox2 loaded 1 chars with 0 blanks and 1 valid
4.6973 	DEBUG 	TextBox2 loaded 1 chars with 0 blanks and 1 valid
4.6981 	DEBUG 	TextBox2 loaded 1 chars with 0 blanks and 1 valid
4.6986 	DEBUG 	TextBox2 loaded 1 chars with 0 blanks and 1 valid
4.6990 	DEBUG 	Uploading Texture Font fontname to graphics card
4.7000 	DEBUG 	Upload of Texture Font fontname complete
4.7050 	DEBUG 	TextBox2 loaded 1 chars with 0 blanks and 1 valid
4.7063 	DEBUG 	TextBox2 loaded 1 chars with 0 blanks and 1 valid
4.7074 	DEBUG 	TextBox2 loaded 1 chars with 0 blanks and 1 valid
4.7078 	DEBUG 	Uploading Texture Font fontname to graphics card
4.7084 	DEBUG 	Upload of Texture Font fontname complete
4.7103 	EXP 	window1: Attempting to measure frame rate of screen (0) ...
4.7104 	EXP 	window1: recordFrameIntervals = False
4.8741 	EXP 	window1: recordFrameIntervals = True
5.0583 	EXP 	Screen (0) actual frame rate measured at 59.80Hz
5.0583 	EXP 	window1: recordFrameIntervals = False
5.0616 	DEBUG 	TextBox2 loaded 1 chars with 0 blanks and 1 valid
5.0619 	DEBUG 	TextBox2 loaded 1 chars with 0 blanks and 1 valid
5.0625 	DEBUG 	TextBox2 loaded 1 chars with 0 blanks and 1 valid
5.0632 	DEBUG 	TextBox2 loaded 1 chars with 0 blanks and 1 valid
5.0638 	DEBUG 	TextBox2 loaded 1 chars with 0 blanks and 1 valid
5.0644 	DEBUG 	TextBox2 loaded 1 chars with 0 blanks and 1 valid
5.0648 	DEBUG 	TextBox2 loaded 1 chars with 0 blanks and 1 valid
5.0653 	DEBUG 	TextBox2 loaded 1 chars with 0 blanks and 1 valid
5.0660 	DEBUG 	TextBox2 loaded 1 chars with 0 blanks and 1 valid
5.0666 	DEBUG 	TextBox2 loaded 1 chars with 0 blanks and 1 valid
5.0668 	DEBUG 	Uploading Texture Font fontname to graphics card
5.0674 	DEBUG 	Upload of Texture Font fontname complete
5.0781 	WARNING 	launchHubServer: If using the iohub mouse or eyetracker devices, fullScr should be True.
7.1520 	INFO 	keyboard.Keyboard is using iohub backend.
7.1520 	EXP 	KeoghRevisedRetrocueTask: status = STARTED
7.1521 	INFO 	keyboard.Keyboard is using iohub backend.
7.1645 	EXP 	Created unnamed ImageStim = ImageStim(__class__=<class 'psychopy.visual.image.ImageStim'>, anchor=('center', 'center'), autoLog=True, color=array([1., 1., 1.]), colorSpace='rgb', contrast=1.0, depth=0, draggable=False, flipHoriz=False, flipVert=False, image=str(...), interpolate=False, mask=None, maskParams=None, name='unnamed ImageStim', opacity=1, ori=0.0, pos=array([0., 0.]), size=array([0.12, 0.12]), texRes=128, units='height', win=Window(...))
7.1745 	EXP 	Created unnamed ImageStim = ImageStim(__class__=<class 'psychopy.visual.image.ImageStim'>, anchor=('center', 'center'), autoLog=True, color=array([1., 1., 1.]), colorSpace='rgb', contrast=1.0, depth=0, draggable=False, flipHoriz=False, flipVert=False, image=str(...), interpolate=False, mask=None, maskParams=None, name='unnamed ImageStim', opacity=1, ori=0.0, pos=array([0., 0.]), size=array([0.12, 0.12]), texRes=128, units='height', win=Window(...))
7.1772 	EXP 	Created unnamed Polygon = Polygon(__class__=<class 'psychopy.visual.polygon.Polygon'>, anchor=('center', 'center'), autoDraw=False, autoLog=True, closeShape=True, color=method-wrapper(...), colorSpace='rgb255', contrast=None, depth=0, draggable=False, fillColor=array([128, 115,  96]), fillColorSpace='rgb255', fillRGB=array([ 0.00392157, -0.09803922, -0.24705882]), interpolate=True, lineColor=array([255., 255., 255.]), lineColorSpace='rgb255', lineRGB=array([1, 1, 1]), lineWidth=1.5, name='unnamed Polygon', opacity=1, ori=45.0, pos=array([0., 0.]), size=array([0.06, 0.06]), units='height', vertices=ndarray(...), win=Window(...))
0.0315 	EXP 	KeoghRevisedRetrocueTask: status = STOPPED
0.0378 	INFO 	saved data to 'C:\\Users\\cocon\\OneDrive\\Documents\\GitHub\\Kiyonaga-Lab\\PNR Project\\Connie_Code\\data/269865_KeoghRevisedRetrocueTask_2025-04-28_14h31.25.621.csv'
0.0385 	INFO 	saved data to C:\Users\cocon\OneDrive\Documents\GitHub\Kiyonaga-Lab\PNR Project\Connie_Code\data/269865_KeoghRevisedRetrocueTask_2025-04-28_14h31.25.621.psydat
0.4335 	DEBUG 	Saving data for KeoghRevisedRetrocueTask ExperimentHandler
