4.4439 	DEBUG 	Fullscreen settings ignored as running in pilot mode.
4.4444 	INFO 	Loaded monitor calibration from ['2025_03_31 21:04']
4.7105 	EXP 	Created window1 = Window(allowGUI=False, allowStencil=False, autoLog=True, backendConf=UNKNOWN, backgroundFit=<method-wrapper '__getattribute__' of attributeSetter object at 0x000001F7406B3AC0>, backgroundImage=<method-wrapper '__getattribute__' of attributeSetter object at 0x000001F7406B3B20>, bitsMode=UNKNOWN, blendMode='avg', bpc=(8, 8, 8), color=array([0, 0, 0]), colorSpace='rgb', depthBits=8, fullscr=False, gamma=None, gammaErrorPolicy='raise', infoMsg=UNKNOWN, lms=UNKNOWN, monitor=<psychopy.monitors.calibTools.Monitor object at 0x000001F740741090>, multiSample=False, name='window1', numSamples=2, pos=[560.0, 300.0], screen=0, size=array([800, 600]), stencilBits=0, stereo=False, title='PsychoPy', units='height', useFBO=True, useRetina=False, viewOri=0.0, viewPos=None, viewScale=None, waitBlanking=True, winType='pyglet')
4.7105 	EXP 	window1: backgroundImage = ''
4.7106 	EXP 	window1: backgroundFit = 'none'
4.7174 	DEBUG 	TextBox2 loaded 1 chars with 0 blanks and 1 valid
4.7179 	DEBUG 	TextBox2 loaded 1 chars with 0 blanks and 1 valid
4.7184 	DEBUG 	TextBox2 loaded 1 chars with 0 blanks and 1 valid
4.7189 	DEBUG 	TextBox2 loaded 1 chars with 0 blanks and 1 valid
4.7195 	DEBUG 	TextBox2 loaded 1 chars with 0 blanks and 1 valid
4.7198 	DEBUG 	TextBox2 loaded 1 chars with 0 blanks and 1 valid
4.7204 	DEBUG 	TextBox2 loaded 1 chars with 0 blanks and 1 valid
4.7210 	DEBUG 	TextBox2 loaded 1 chars with 0 blanks and 1 valid
4.7212 	DEBUG 	TextBox2 loaded 1 chars with 0 blanks and 1 valid
4.7215 	DEBUG 	TextBox2 loaded 1 chars with 0 blanks and 1 valid
4.7219 	DEBUG 	TextBox2 loaded 1 chars with 0 blanks and 1 valid
4.7224 	DEBUG 	TextBox2 loaded 1 chars with 0 blanks and 1 valid
4.7229 	DEBUG 	TextBox2 loaded 1 chars with 0 blanks and 1 valid
4.7234 	DEBUG 	TextBox2 loaded 1 chars with 0 blanks and 1 valid
4.7237 	DEBUG 	TextBox2 loaded 1 chars with 0 blanks and 1 valid
4.7242 	DEBUG 	TextBox2 loaded 1 chars with 0 blanks and 1 valid
4.7247 	DEBUG 	TextBox2 loaded 1 chars with 0 blanks and 1 valid
4.7250 	DEBUG 	TextBox2 loaded 1 chars with 0 blanks and 1 valid
4.7255 	DEBUG 	TextBox2 loaded 1 chars with 0 blanks and 1 valid
4.7262 	DEBUG 	TextBox2 loaded 1 chars with 0 blanks and 1 valid
4.7265 	DEBUG 	TextBox2 loaded 1 chars with 0 blanks and 1 valid
4.7268 	DEBUG 	Uploading Texture Font fontname to graphics card
4.7305 	DEBUG 	Upload of Texture Font fontname complete
4.7354 	DEBUG 	TextBox2 loaded 1 chars with 0 blanks and 1 valid
4.7360 	DEBUG 	TextBox2 loaded 1 chars with 0 blanks and 1 valid
4.7366 	DEBUG 	TextBox2 loaded 1 chars with 0 blanks and 1 valid
4.7367 	DEBUG 	Uploading Texture Font fontname to graphics card
4.7383 	DEBUG 	Upload of Texture Font fontname complete
4.7398 	EXP 	window1: Attempting to measure frame rate of screen (0) ...
4.7398 	EXP 	window1: recordFrameIntervals = False
4.9065 	EXP 	window1: recordFrameIntervals = True
5.0902 	EXP 	Screen (0) actual frame rate measured at 59.82Hz
5.0902 	EXP 	window1: recordFrameIntervals = False
5.0947 	DEBUG 	TextBox2 loaded 1 chars with 0 blanks and 1 valid
5.0952 	DEBUG 	TextBox2 loaded 1 chars with 0 blanks and 1 valid
5.0958 	DEBUG 	TextBox2 loaded 1 chars with 0 blanks and 1 valid
5.0964 	DEBUG 	TextBox2 loaded 1 chars with 0 blanks and 1 valid
5.0970 	DEBUG 	TextBox2 loaded 1 chars with 0 blanks and 1 valid
5.0977 	DEBUG 	TextBox2 loaded 1 chars with 0 blanks and 1 valid
5.0980 	DEBUG 	TextBox2 loaded 1 chars with 0 blanks and 1 valid
5.0986 	DEBUG 	TextBox2 loaded 1 chars with 0 blanks and 1 valid
5.0992 	DEBUG 	TextBox2 loaded 1 chars with 0 blanks and 1 valid
5.0998 	DEBUG 	TextBox2 loaded 1 chars with 0 blanks and 1 valid
5.0999 	DEBUG 	Uploading Texture Font fontname to graphics card
5.1009 	DEBUG 	Upload of Texture Font fontname complete
5.1112 	WARNING 	launchHubServer: If using the iohub mouse or eyetracker devices, fullScr should be True.
7.1889 	INFO 	keyboard.Keyboard is using iohub backend.
7.1889 	EXP 	KeoghRevisedRetrocueTask: status = STARTED
7.1890 	INFO 	keyboard.Keyboard is using iohub backend.
7.1912 	EXP 	Created unnamed Polygon = Polygon(__class__=<class 'psychopy.visual.polygon.Polygon'>, anchor=('center', 'center'), autoDraw=False, autoLog=True, closeShape=True, color=method-wrapper(...), colorSpace='rgb255', contrast=None, depth=0, draggable=False, fillColor=array([128, 115,  96]), fillColorSpace='rgb255', fillRGB=array([ 0.00392157, -0.09803922, -0.24705882]), interpolate=True, lineColor=array([255., 255., 255.]), lineColorSpace='rgb255', lineRGB=array([1, 1, 1]), lineWidth=1.5, name='unnamed Polygon', opacity=1, ori=45.0, pos=array([0., 0.]), size=array([0.06, 0.06]), units='height', vertices=ndarray(...), win=Window(...))
0.0325 	EXP 	Created unnamed ImageStim = ImageStim(__class__=<class 'psychopy.visual.image.ImageStim'>, anchor=('center', 'center'), autoLog=True, color=array([1., 1., 1.]), colorSpace='rgb', contrast=1.0, depth=0, draggable=False, flipHoriz=False, flipVert=False, image=str(...), interpolate=False, mask=None, maskParams=None, name='unnamed ImageStim', opacity=1, ori=0.0, pos=array([0., 0.]), size=array([0.12, 0.12]), texRes=128, units='height', win=Window(...))
0.0463 	EXP 	Created unnamed ImageStim = ImageStim(__class__=<class 'psychopy.visual.image.ImageStim'>, anchor=('center', 'center'), autoLog=True, color=array([1., 1., 1.]), colorSpace='rgb', contrast=1.0, depth=0, draggable=False, flipHoriz=False, flipVert=False, image=str(...), interpolate=False, mask=None, maskParams=None, name='unnamed ImageStim', opacity=1, ori=0.0, pos=array([0., 0.]), size=array([0.12, 0.12]), texRes=128, units='height', win=Window(...))
0.0467 	INFO 	Keyboard events cleared
0.0647 	EXP 	unnamed ImageStim: autoDraw = True
0.0647 	EXP 	unnamed ImageStim: autoDraw = True
0.5818 	EXP 	unnamed ImageStim: autoDraw = False
0.5818 	EXP 	unnamed ImageStim: autoDraw = False
0.5835 	EXP 	KeoghRevisedRetrocueTask: status = STOPPED
0.5901 	INFO 	saved data to 'C:\\Users\\cocon\\OneDrive\\Documents\\GitHub\\Kiyonaga-Lab\\PNR Project\\Connie_Code\\data/273764_KeoghRevisedRetrocueTask_2025-04-28_15h00.43.914.csv'
0.5906 	INFO 	saved data to C:\Users\cocon\OneDrive\Documents\GitHub\Kiyonaga-Lab\PNR Project\Connie_Code\data/273764_KeoghRevisedRetrocueTask_2025-04-28_15h00.43.914.psydat
0.9589 	DEBUG 	Saving data for KeoghRevisedRetrocueTask ExperimentHandler
