7.5897 	DEBUG 	Fullscreen settings ignored as running in pilot mode.
7.5928 	INFO 	Loaded monitor calibration from ['2025_03_31 21:04']
8.0407 	EXP 	Created window1 = Window(allowGUI=False, allowStencil=False, autoLog=True, backendConf=UNKNOWN, backgroundFit=<method-wrapper '__getattribute__' of attributeSetter object at 0x00000191BECFBF40>, backgroundImage=<method-wrapper '__getattribute__' of attributeSetter object at 0x00000191BECFAD40>, bitsMode=UNKNOWN, blendMode='avg', bpc=(8, 8, 8), color=array([0, 0, 0]), colorSpace='rgb', depthBits=8, fullscr=False, gamma=None, gammaErrorPolicy='raise', infoMsg=UNKNOWN, lms=UNKNOWN, monitor=<psychopy.monitors.calibTools.Monitor object at 0x00000191C9AB5F00>, multiSample=False, name='window1', numSamples=2, pos=[560.0, 300.0], screen=0, size=array([800, 600]), stencilBits=0, stereo=False, title='PsychoPy', units='height', useFBO=True, useRetina=False, viewOri=0.0, viewPos=None, viewScale=None, waitBlanking=True, winType='pyglet')
8.0408 	EXP 	window1: backgroundImage = ''
8.0408 	EXP 	window1: backgroundFit = 'none'
8.0549 	DEBUG 	TextBox2 loaded 1 chars with 0 blanks and 1 valid
8.0559 	DEBUG 	TextBox2 loaded 1 chars with 0 blanks and 1 valid
8.0571 	DEBUG 	TextBox2 loaded 1 chars with 0 blanks and 1 valid
8.0583 	DEBUG 	TextBox2 loaded 1 chars with 0 blanks and 1 valid
8.0595 	DEBUG 	TextBox2 loaded 1 chars with 0 blanks and 1 valid
8.0601 	DEBUG 	TextBox2 loaded 1 chars with 0 blanks and 1 valid
8.0610 	DEBUG 	TextBox2 loaded 1 chars with 0 blanks and 1 valid
8.0622 	DEBUG 	TextBox2 loaded 1 chars with 0 blanks and 1 valid
8.0626 	DEBUG 	TextBox2 loaded 1 chars with 0 blanks and 1 valid
8.0631 	DEBUG 	TextBox2 loaded 1 chars with 0 blanks and 1 valid
8.0641 	DEBUG 	TextBox2 loaded 1 chars with 0 blanks and 1 valid
8.0650 	DEBUG 	TextBox2 loaded 1 chars with 0 blanks and 1 valid
8.0658 	DEBUG 	TextBox2 loaded 1 chars with 0 blanks and 1 valid
8.0667 	DEBUG 	TextBox2 loaded 1 chars with 0 blanks and 1 valid
8.0677 	DEBUG 	TextBox2 loaded 1 chars with 0 blanks and 1 valid
8.0687 	DEBUG 	TextBox2 loaded 1 chars with 0 blanks and 1 valid
8.0697 	DEBUG 	TextBox2 loaded 1 chars with 0 blanks and 1 valid
8.0702 	DEBUG 	TextBox2 loaded 1 chars with 0 blanks and 1 valid
8.0709 	DEBUG 	TextBox2 loaded 1 chars with 0 blanks and 1 valid
8.0721 	DEBUG 	TextBox2 loaded 1 chars with 0 blanks and 1 valid
8.0728 	DEBUG 	TextBox2 loaded 1 chars with 0 blanks and 1 valid
8.0734 	DEBUG 	Uploading Texture Font fontname to graphics card
8.0754 	DEBUG 	Upload of Texture Font fontname complete
8.0844 	DEBUG 	TextBox2 loaded 1 chars with 0 blanks and 1 valid
8.0859 	DEBUG 	TextBox2 loaded 1 chars with 0 blanks and 1 valid
8.0872 	DEBUG 	TextBox2 loaded 1 chars with 0 blanks and 1 valid
8.0877 	DEBUG 	Uploading Texture Font fontname to graphics card
8.0888 	DEBUG 	Upload of Texture Font fontname complete
8.0916 	EXP 	window1: Attempting to measure frame rate of screen (0) ...
8.0917 	EXP 	window1: recordFrameIntervals = False
8.2712 	EXP 	window1: recordFrameIntervals = True
8.6554 	EXP 	Screen (0) actual frame rate measured at 60.79Hz
8.6554 	EXP 	window1: recordFrameIntervals = False
8.6618 	DEBUG 	TextBox2 loaded 1 chars with 0 blanks and 1 valid
8.6625 	DEBUG 	TextBox2 loaded 1 chars with 0 blanks and 1 valid
8.6635 	DEBUG 	TextBox2 loaded 1 chars with 0 blanks and 1 valid
8.6648 	DEBUG 	TextBox2 loaded 1 chars with 0 blanks and 1 valid
8.6660 	DEBUG 	TextBox2 loaded 1 chars with 0 blanks and 1 valid
8.6679 	DEBUG 	TextBox2 loaded 1 chars with 0 blanks and 1 valid
8.6687 	DEBUG 	TextBox2 loaded 1 chars with 0 blanks and 1 valid
8.6703 	DEBUG 	TextBox2 loaded 1 chars with 0 blanks and 1 valid
8.6715 	DEBUG 	TextBox2 loaded 1 chars with 0 blanks and 1 valid
8.6727 	DEBUG 	TextBox2 loaded 1 chars with 0 blanks and 1 valid
8.6732 	DEBUG 	Uploading Texture Font fontname to graphics card
8.6744 	DEBUG 	Upload of Texture Font fontname complete
8.6935 	WARNING 	launchHubServer: If using the iohub mouse or eyetracker devices, fullScr should be True.
12.5283 	INFO 	keyboard.Keyboard is using iohub backend.
12.5284 	EXP 	KeoghRevisedRetrocueTask: status = STARTED
12.5286 	INFO 	keyboard.Keyboard is using iohub backend.
12.5513 	EXP 	Created unnamed ImageStim = ImageStim(__class__=<class 'psychopy.visual.image.ImageStim'>, anchor=('center', 'center'), autoLog=True, color=array([1., 1., 1.]), colorSpace='rgb', contrast=1.0, depth=0, draggable=False, flipHoriz=False, flipVert=False, image=str(...), interpolate=False, mask=None, maskParams=None, name='unnamed ImageStim', opacity=1, ori=0.0, pos=array([0., 0.]), size=array([0.12, 0.12]), texRes=128, units='height', win=Window(...))
12.5669 	EXP 	Created unnamed ImageStim = ImageStim(__class__=<class 'psychopy.visual.image.ImageStim'>, anchor=('center', 'center'), autoLog=True, color=array([1., 1., 1.]), colorSpace='rgb', contrast=1.0, depth=0, draggable=False, flipHoriz=False, flipVert=False, image=str(...), interpolate=False, mask=None, maskParams=None, name='unnamed ImageStim', opacity=1, ori=0.0, pos=array([0., 0.]), size=array([0.12, 0.12]), texRes=128, units='height', win=Window(...))
12.5708 	EXP 	Created unnamed Polygon = Polygon(__class__=<class 'psychopy.visual.polygon.Polygon'>, anchor=('center', 'center'), autoDraw=False, autoLog=True, closeShape=True, color=method-wrapper(...), colorSpace='rgb255', contrast=None, depth=0, draggable=False, fillColor=array([128, 115,  96]), fillColorSpace='rgb255', fillRGB=array([ 0.00392157, -0.09803922, -0.24705882]), interpolate=True, lineColor=array([255., 255., 255.]), lineColorSpace='rgb255', lineRGB=array([1, 1, 1]), lineWidth=1.5, name='unnamed Polygon', opacity=1, ori=45.0, pos=array([0., 0.]), size=array([0.06, 0.06]), units='height', vertices=ndarray(...), win=Window(...))
0.0334 	EXP 	unnamed ImageStim: ori = 0
0.0334 	EXP 	unnamed Polygon: foreColor = [64, 128, 72]
0.0334 	EXP 	unnamed Polygon: fillColor = [64, 128, 72]
0.0334 	EXP 	unnamed Polygon: borderColor = [64, 128, 72]
0.0334 	EXP 	unnamed Polygon: color = [64, 128, 72]
0.0334 	EXP 	unnamed Polygon: autoDraw = True
0.0334 	EXP 	unnamed ImageStim: autoDraw = True
2.0501 	EXP 	unnamed ImageStim: autoDraw = False
2.0531 	INFO 	Keyboard events cleared
2.0554 	EXP 	Created unnamed Polygon = Polygon(__class__=<class 'psychopy.visual.polygon.Polygon'>, anchor=('center', 'center'), autoDraw=False, autoLog=True, closeShape=True, color=method-wrapper(...), colorSpace='rgb', contrast=None, depth=0, draggable=False, fillColor=array([-1, -1,  1]), fillColorSpace='rgb', fillRGB=array([-1, -1,  1]), interpolate=True, lineColor=array([1., 1., 1.]), lineColorSpace='rgb', lineRGB=array([1, 1, 1]), lineWidth=1.5, name='unnamed Polygon', opacity=1, ori=0.0, pos=array([0., 0.]), size=array([0.5, 0.5]), units='height', vertices=ndarray(...), win=Window(...))
3.3673 	DATA 	Mouse: wheel shift=(0,0), pos=(399,367)
3.3701 	DATA 	Mouse: wheel shift=(0,0), pos=(399,367)
3.3741 	DATA 	Mouse: wheel shift=(0,0), pos=(399,367)
3.4016 	DATA 	Mouse: wheel shift=(0,0), pos=(399,367)
3.4046 	DATA 	Mouse: wheel shift=(0,0), pos=(399,367)
3.4096 	DATA 	Mouse: wheel shift=(0,0), pos=(399,367)
3.4368 	DATA 	Mouse: wheel shift=(0,0), pos=(399,367)
3.4435 	DATA 	Mouse: wheel shift=(0,0), pos=(399,367)
3.4706 	DATA 	Mouse: wheel shift=(0,0), pos=(399,367)
3.4726 	DATA 	Mouse: wheel shift=(0,0), pos=(399,367)
3.5041 	DATA 	Mouse: wheel shift=(0,0), pos=(399,367)
3.5076 	DATA 	Mouse: wheel shift=(0,0), pos=(399,367)
3.5722 	DATA 	Mouse: wheel shift=(0,0), pos=(399,367)
3.9396 	DATA 	Mouse: wheel shift=(0,-1), pos=(399,367)
3.9425 	DATA 	Mouse: wheel shift=(0,0), pos=(399,367)
3.9698 	DATA 	Mouse: wheel shift=(0,0), pos=(399,367)
3.9717 	DATA 	Mouse: wheel shift=(0,-1), pos=(399,367)
3.9766 	DATA 	Mouse: wheel shift=(0,0), pos=(399,367)
4.0019 	DATA 	Mouse: wheel shift=(0,0), pos=(399,367)
4.0053 	DATA 	Mouse: wheel shift=(0,0), pos=(399,367)
4.0132 	DATA 	Mouse: wheel shift=(0,0), pos=(399,367)
4.0377 	DATA 	Mouse: wheel shift=(0,0), pos=(399,367)
4.0406 	DATA 	Mouse: wheel shift=(0,0), pos=(399,367)
4.0455 	DATA 	Mouse: wheel shift=(0,0), pos=(399,367)
4.0711 	DATA 	Mouse: wheel shift=(0,0), pos=(399,367)
4.0733 	DATA 	Mouse: wheel shift=(0,0), pos=(399,367)
4.1078 	DATA 	Mouse: wheel shift=(0,0), pos=(399,367)
4.1388 	DATA 	Mouse: wheel shift=(0,0), pos=(399,367)
4.1728 	DATA 	Mouse: wheel shift=(0,0), pos=(399,367)
4.3713 	DATA 	Mouse: wheel shift=(0,-2), pos=(399,367)
4.3813 	DATA 	Mouse: wheel shift=(0,0), pos=(399,367)
4.4054 	DATA 	Mouse: wheel shift=(0,0), pos=(399,367)
4.4146 	DATA 	Mouse: wheel shift=(0,0), pos=(399,367)
4.4417 	DATA 	Mouse: wheel shift=(0,0), pos=(399,367)
4.4490 	DATA 	Mouse: wheel shift=(0,0), pos=(399,367)
4.4733 	DATA 	Mouse: wheel shift=(0,0), pos=(399,367)
4.4734 	DATA 	Mouse: wheel shift=(0,0), pos=(399,367)
4.5053 	DATA 	Mouse: wheel shift=(0,0), pos=(399,367)
4.5141 	DATA 	Mouse: wheel shift=(0,0), pos=(399,367)
4.5383 	DATA 	Mouse: wheel shift=(0,0), pos=(399,367)
4.5713 	DATA 	Mouse: wheel shift=(0,0), pos=(399,367)
4.9130 	DATA 	Mouse: wheel shift=(0,0), pos=(399,367)
4.9415 	DATA 	Mouse: wheel shift=(0,0), pos=(399,367)
4.9480 	DATA 	Mouse: wheel shift=(0,0), pos=(399,367)
4.9689 	DATA 	Mouse: wheel shift=(0,0), pos=(399,367)
4.9712 	DATA 	Mouse: wheel shift=(0,0), pos=(399,367)
4.9745 	DATA 	Mouse: wheel shift=(0,0), pos=(399,367)
4.9815 	DATA 	Mouse: wheel shift=(0,0), pos=(399,367)
5.0057 	DATA 	Mouse: wheel shift=(0,0), pos=(399,367)
5.0378 	DATA 	Mouse: wheel shift=(0,0), pos=(399,367)
5.0699 	DATA 	Mouse: wheel shift=(0,0), pos=(399,367)
5.4132 	DATA 	Mouse: wheel shift=(0,1), pos=(399,367)
5.4372 	DATA 	Mouse: wheel shift=(0,0), pos=(399,367)
5.4400 	DATA 	Mouse: wheel shift=(0,0), pos=(399,367)
5.4463 	DATA 	Mouse: wheel shift=(0,0), pos=(399,367)
5.4692 	DATA 	Mouse: wheel shift=(0,0), pos=(399,367)
5.4709 	DATA 	Mouse: wheel shift=(0,0), pos=(399,367)
5.4789 	DATA 	Mouse: wheel shift=(0,0), pos=(399,367)
5.5088 	DATA 	Mouse: wheel shift=(0,0), pos=(399,367)
8.0722 	DATA 	Mouse: wheel shift=(0,0), pos=(619,328)
8.0770 	DATA 	Mouse: wheel shift=(0,0), pos=(619,328)
8.1021 	DATA 	Mouse: wheel shift=(0,0), pos=(619,328)
8.1051 	DATA 	Mouse: wheel shift=(0,0), pos=(619,328)
8.1132 	DATA 	Mouse: wheel shift=(0,0), pos=(619,328)
8.1371 	DATA 	Mouse: wheel shift=(0,0), pos=(619,328)
8.1401 	DATA 	Mouse: wheel shift=(0,0), pos=(619,328)
8.1451 	DATA 	Mouse: wheel shift=(0,0), pos=(619,328)
8.1714 	DATA 	Mouse: wheel shift=(0,0), pos=(619,328)
8.1746 	DATA 	Mouse: wheel shift=(0,0), pos=(619,328)
8.2708 	DATA 	Mouse: wheel shift=(0,0), pos=(619,328)
8.4358 	DATA 	Mouse: wheel shift=(0,0), pos=(619,328)
8.4739 	DATA 	Mouse: wheel shift=(0,0), pos=(619,328)
8.4802 	DATA 	Mouse: wheel shift=(0,0), pos=(619,328)
8.5030 	DATA 	Mouse: wheel shift=(0,0), pos=(619,328)
8.5056 	DATA 	Mouse: wheel shift=(0,0), pos=(619,328)
8.5149 	DATA 	Mouse: wheel shift=(0,0), pos=(619,328)
8.5418 	DATA 	Mouse: wheel shift=(0,0), pos=(619,328)
8.5481 	DATA 	Mouse: wheel shift=(0,0), pos=(619,328)
8.5698 	DATA 	Mouse: wheel shift=(0,0), pos=(619,328)
8.5729 	DATA 	Mouse: wheel shift=(0,0), pos=(619,328)
8.5759 	DATA 	Mouse: wheel shift=(0,0), pos=(619,328)
8.5810 	DATA 	Mouse: wheel shift=(0,0), pos=(619,328)
8.6038 	DATA 	Mouse: wheel shift=(0,0), pos=(619,328)
8.6088 	DATA 	Mouse: wheel shift=(0,0), pos=(619,328)
9.2057 	DATA 	Mouse: wheel shift=(0,1), pos=(619,328)
9.2151 	DATA 	Mouse: wheel shift=(0,0), pos=(619,328)
9.2387 	DATA 	Mouse: wheel shift=(0,0), pos=(619,328)
9.2417 	DATA 	Mouse: wheel shift=(0,0), pos=(619,328)
9.2458 	DATA 	Mouse: wheel shift=(0,0), pos=(619,328)
9.2717 	DATA 	Mouse: wheel shift=(0,0), pos=(619,328)
9.2804 	DATA 	Mouse: wheel shift=(0,0), pos=(619,328)
9.3690 	DATA 	Mouse: wheel shift=(0,0), pos=(619,328)
9.6385 	DATA 	Mouse: wheel shift=(0,0), pos=(619,328)
9.6405 	DATA 	Mouse: wheel shift=(0,0), pos=(619,328)
9.6474 	DATA 	Mouse: wheel shift=(0,0), pos=(619,328)
9.6715 	DATA 	Mouse: wheel shift=(0,0), pos=(619,328)
9.6764 	DATA 	Mouse: wheel shift=(0,0), pos=(619,328)
9.7031 	DATA 	Mouse: wheel shift=(0,0), pos=(619,328)
9.7059 	DATA 	Mouse: wheel shift=(0,0), pos=(619,328)
9.7359 	DATA 	Mouse: wheel shift=(0,0), pos=(619,328)
9.7380 	DATA 	Mouse: wheel shift=(0,0), pos=(619,328)
11.5396 	DATA 	Mouse: wheel shift=(0,-1), pos=(483,502)
11.5439 	DATA 	Mouse: wheel shift=(0,0), pos=(483,502)
11.5695 	DATA 	Mouse: wheel shift=(0,0), pos=(483,502)
11.5725 	DATA 	Mouse: wheel shift=(0,0), pos=(483,502)
11.5744 	DATA 	Mouse: wheel shift=(0,0), pos=(483,502)
11.5815 	DATA 	Mouse: wheel shift=(0,0), pos=(483,502)
11.6068 	DATA 	Mouse: wheel shift=(0,0), pos=(483,502)
12.7381 	DATA 	Mouse: wheel shift=(0,0), pos=(317,381)
12.7412 	DATA 	Mouse: wheel shift=(0,0), pos=(317,381)
12.7453 	DATA 	Mouse: wheel shift=(0,0), pos=(317,381)
12.7704 	DATA 	Mouse: wheel shift=(0,0), pos=(317,381)
12.7721 	DATA 	Mouse: wheel shift=(0,0), pos=(317,381)
12.7810 	DATA 	Mouse: wheel shift=(0,0), pos=(317,381)
12.8045 	DATA 	Mouse: wheel shift=(0,0), pos=(317,381)
12.8086 	DATA 	Mouse: wheel shift=(0,0), pos=(317,381)
12.8139 	DATA 	Mouse: wheel shift=(0,0), pos=(317,381)
13.0720 	DATA 	Mouse: wheel shift=(0,-3), pos=(317,381)
13.0797 	DATA 	Mouse: wheel shift=(0,0), pos=(317,381)
13.1035 	DATA 	Mouse: wheel shift=(0,0), pos=(317,381)
13.1065 	DATA 	Mouse: wheel shift=(0,0), pos=(317,381)
13.1126 	DATA 	Mouse: wheel shift=(0,0), pos=(317,381)
13.1362 	DATA 	Mouse: wheel shift=(0,0), pos=(317,381)
13.1712 	DATA 	Mouse: wheel shift=(0,0), pos=(317,381)
13.2023 	DATA 	Mouse: wheel shift=(0,0), pos=(317,381)
13.2053 	DATA 	Mouse: wheel shift=(0,0), pos=(317,381)
13.2141 	DATA 	Mouse: wheel shift=(0,0), pos=(317,381)
13.2366 	DATA 	Mouse: wheel shift=(0,0), pos=(317,381)
13.2695 	DATA 	Mouse: wheel shift=(0,0), pos=(317,381)
16.6181 	DATA 	Mouse: wheel shift=(0,0), pos=(148,519)
16.6201 	DATA 	Mouse: wheel shift=(0,0), pos=(148,519)
16.6251 	DATA 	Mouse: wheel shift=(0,0), pos=(148,519)
16.6502 	DATA 	Mouse: wheel shift=(0,0), pos=(148,519)
16.6520 	DATA 	Mouse: wheel shift=(0,0), pos=(148,519)
16.6617 	DATA 	Mouse: wheel shift=(0,0), pos=(148,519)
16.6851 	DATA 	Mouse: wheel shift=(0,0), pos=(148,519)
16.6870 	DATA 	Mouse: wheel shift=(0,0), pos=(148,519)
16.7176 	DATA 	Mouse: wheel shift=(0,0), pos=(148,519)
16.7204 	DATA 	Mouse: wheel shift=(0,0), pos=(148,519)
17.1836 	DATA 	Mouse: wheel shift=(0,0), pos=(148,519)
17.1866 	DATA 	Mouse: wheel shift=(0,0), pos=(148,519)
17.1923 	DATA 	Mouse: wheel shift=(0,0), pos=(148,519)
17.2192 	DATA 	Mouse: wheel shift=(0,0), pos=(148,519)
17.2208 	DATA 	Mouse: wheel shift=(0,0), pos=(148,519)
17.2900 	DATA 	Mouse: wheel shift=(0,0), pos=(148,519)
19.3212 	DATA 	Mouse: wheel shift=(0,1), pos=(157,565)
19.3305 	DATA 	Mouse: wheel shift=(0,0), pos=(157,565)
19.3542 	DATA 	Mouse: wheel shift=(0,0), pos=(157,565)
19.3573 	DATA 	Mouse: wheel shift=(0,0), pos=(157,565)
19.3621 	DATA 	Mouse: wheel shift=(0,0), pos=(157,565)
19.3853 	DATA 	Mouse: wheel shift=(0,0), pos=(157,565)
19.4198 	DATA 	Mouse: wheel shift=(0,0), pos=(157,565)
20.3514 	DATA 	Mouse: wheel shift=(0,0), pos=(98,330)
20.3548 	DATA 	Mouse: wheel shift=(0,0), pos=(98,330)
20.3642 	DATA 	Mouse: wheel shift=(0,0), pos=(98,330)
20.3888 	DATA 	Mouse: wheel shift=(0,0), pos=(98,330)
20.3968 	DATA 	Mouse: wheel shift=(0,0), pos=(98,330)
20.4225 	DATA 	Mouse: wheel shift=(0,0), pos=(98,330)
20.4251 	DATA 	Mouse: wheel shift=(0,0), pos=(98,330)
20.4554 	DATA 	Mouse: wheel shift=(0,0), pos=(98,330)
20.4929 	DATA 	Mouse: wheel shift=(0,0), pos=(98,330)
20.6207 	DATA 	Mouse: wheel shift=(0,0), pos=(98,330)
20.6235 	DATA 	Mouse: wheel shift=(0,0), pos=(98,330)
20.9204 	DATA 	Mouse: wheel shift=(0,1), pos=(98,330)
20.9310 	DATA 	Mouse: wheel shift=(0,0), pos=(98,330)
20.9550 	DATA 	Mouse: wheel shift=(0,0), pos=(98,330)
20.9579 	DATA 	Mouse: wheel shift=(0,0), pos=(98,330)
20.9640 	DATA 	Mouse: wheel shift=(0,0), pos=(98,330)
20.9878 	DATA 	Mouse: wheel shift=(0,0), pos=(98,330)
21.0864 	DATA 	Mouse: wheel shift=(0,0), pos=(98,330)
21.3553 	DATA 	Mouse: wheel shift=(0,-1), pos=(98,330)
21.3572 	DATA 	Mouse: wheel shift=(0,0), pos=(98,330)
21.3643 	DATA 	Mouse: wheel shift=(0,0), pos=(98,330)
21.3895 	DATA 	Mouse: wheel shift=(0,0), pos=(98,330)
21.3923 	DATA 	Mouse: wheel shift=(0,0), pos=(98,330)
21.4186 	DATA 	Mouse: wheel shift=(0,0), pos=(98,330)
21.4218 	DATA 	Mouse: wheel shift=(0,0), pos=(98,330)
21.4300 	DATA 	Mouse: wheel shift=(0,0), pos=(98,330)
21.4532 	DATA 	Mouse: wheel shift=(0,0), pos=(98,330)
21.4557 	DATA 	Mouse: wheel shift=(0,0), pos=(98,330)
21.4607 	DATA 	Mouse: wheel shift=(0,0), pos=(98,330)
21.4859 	DATA 	Mouse: wheel shift=(0,0), pos=(98,330)
21.4888 	DATA 	Mouse: wheel shift=(0,0), pos=(98,330)
21.7956 	DATA 	Mouse: wheel shift=(0,0), pos=(98,330)
21.8218 	DATA 	Mouse: wheel shift=(0,0), pos=(98,330)
21.8294 	DATA 	Mouse: wheel shift=(0,0), pos=(98,330)
21.8534 	DATA 	Mouse: wheel shift=(0,0), pos=(98,330)
22.2206 	DATA 	Mouse: wheel shift=(0,-1), pos=(98,330)
22.2225 	DATA 	Mouse: wheel shift=(0,0), pos=(98,330)
22.2516 	DATA 	Mouse: wheel shift=(0,0), pos=(98,330)
22.2545 	DATA 	Mouse: wheel shift=(0,0), pos=(98,330)
22.2577 	DATA 	Mouse: wheel shift=(0,0), pos=(98,330)
22.2866 	DATA 	Mouse: wheel shift=(0,0), pos=(98,330)
22.3212 	DATA 	Mouse: wheel shift=(0,0), pos=(98,330)
22.5878 	DATA 	Mouse: wheel shift=(0,1), pos=(98,330)
22.5908 	DATA 	Mouse: wheel shift=(0,0), pos=(98,330)
22.6191 	DATA 	Mouse: wheel shift=(0,0), pos=(98,330)
22.6211 	DATA 	Mouse: wheel shift=(0,0), pos=(98,330)
22.6266 	DATA 	Mouse: wheel shift=(0,0), pos=(98,330)
22.6505 	DATA 	Mouse: wheel shift=(0,0), pos=(98,330)
22.6520 	DATA 	Mouse: wheel shift=(0,0), pos=(98,330)
22.7877 	DATA 	Mouse: wheel shift=(0,0), pos=(98,330)
22.8205 	DATA 	Mouse: wheel shift=(0,0), pos=(98,330)
28.9353 	DATA 	Mouse: wheel shift=(0,0), pos=(98,330)
28.9373 	DATA 	Mouse: wheel shift=(0,0), pos=(98,330)
28.9457 	DATA 	Mouse: wheel shift=(0,0), pos=(98,330)
28.9698 	DATA 	Mouse: wheel shift=(0,0), pos=(98,330)
28.9993 	DATA 	Mouse: wheel shift=(0,0), pos=(98,330)
29.5353 	DATA 	Mouse: wheel shift=(0,-1), pos=(98,330)
29.5402 	DATA 	Mouse: wheel shift=(0,0), pos=(98,330)
29.5667 	DATA 	Mouse: wheel shift=(0,0), pos=(98,330)
29.5682 	DATA 	Mouse: wheel shift=(0,0), pos=(98,330)
29.5741 	DATA 	Mouse: wheel shift=(0,0), pos=(98,330)
29.6020 	DATA 	Mouse: wheel shift=(0,0), pos=(98,330)
31.0033 	DATA 	Mouse: wheel shift=(0,0), pos=(55,286)
31.0379 	DATA 	Mouse: wheel shift=(0,0), pos=(55,286)
31.0707 	DATA 	Mouse: wheel shift=(0,0), pos=(55,286)
31.0738 	DATA 	Mouse: wheel shift=(0,0), pos=(55,286)
31.1083 	DATA 	Mouse: wheel shift=(0,0), pos=(55,286)
32.1053 	DATA 	Mouse: wheel shift=(0,0), pos=(86,242)
32.1084 	DATA 	Mouse: wheel shift=(0,0), pos=(86,242)
32.1136 	DATA 	Mouse: wheel shift=(0,0), pos=(86,242)
32.1364 	DATA 	Mouse: wheel shift=(0,0), pos=(86,242)
32.1392 	DATA 	Mouse: wheel shift=(0,0), pos=(86,242)
32.1680 	DATA 	Mouse: wheel shift=(0,0), pos=(86,242)
32.1713 	DATA 	Mouse: wheel shift=(0,0), pos=(86,242)
32.1753 	DATA 	Mouse: wheel shift=(0,0), pos=(86,242)
32.2021 	DATA 	Mouse: wheel shift=(0,0), pos=(86,242)
32.2054 	DATA 	Mouse: wheel shift=(0,0), pos=(86,242)
32.2370 	DATA 	Mouse: wheel shift=(0,0), pos=(86,242)
32.7448 	DATA 	Mouse: wheel shift=(0,0), pos=(86,242)
32.7693 	DATA 	Mouse: wheel shift=(0,0), pos=(86,242)
32.7762 	DATA 	Mouse: wheel shift=(0,0), pos=(86,242)
32.8054 	DATA 	Mouse: wheel shift=(0,0), pos=(86,242)
32.8114 	DATA 	Mouse: wheel shift=(0,0), pos=(86,242)
33.3341 	DATA 	Mouse: wheel shift=(0,0), pos=(86,242)
33.3364 	DATA 	Mouse: wheel shift=(0,0), pos=(86,242)
33.3383 	DATA 	Mouse: wheel shift=(0,0), pos=(86,242)
33.3693 	DATA 	Mouse: wheel shift=(0,0), pos=(86,242)
33.3724 	DATA 	Mouse: wheel shift=(0,0), pos=(86,242)
35.5152 	DATA 	Mouse: wheel shift=(0,0), pos=(86,242)
35.5172 	DATA 	Mouse: wheel shift=(0,0), pos=(86,242)
35.5202 	DATA 	Mouse: wheel shift=(0,0), pos=(86,242)
35.5329 	DATA 	Mouse: wheel shift=(0,0), pos=(86,242)
35.5356 	DATA 	Mouse: wheel shift=(0,0), pos=(86,242)
35.5677 	DATA 	Mouse: wheel shift=(0,0), pos=(86,242)
35.5754 	DATA 	Mouse: wheel shift=(0,0), pos=(86,242)
42.3701 	DATA 	Mouse: wheel shift=(0,0), pos=(234,347)
42.3730 	DATA 	Mouse: wheel shift=(0,0), pos=(234,347)
42.3793 	DATA 	Mouse: wheel shift=(0,0), pos=(234,347)
42.4024 	DATA 	Mouse: wheel shift=(0,0), pos=(234,347)
42.4060 	DATA 	Mouse: wheel shift=(0,0), pos=(234,347)
42.4128 	DATA 	Mouse: wheel shift=(0,0), pos=(234,347)
42.4363 	DATA 	Mouse: wheel shift=(0,0), pos=(234,347)
42.4403 	DATA 	Mouse: wheel shift=(0,0), pos=(234,347)
42.4673 	DATA 	Mouse: wheel shift=(0,0), pos=(234,347)
42.4703 	DATA 	Mouse: wheel shift=(0,0), pos=(234,347)
42.4776 	DATA 	Mouse: wheel shift=(0,0), pos=(234,347)
43.7022 	DATA 	Mouse: wheel shift=(0,-1), pos=(234,347)
43.7100 	DATA 	Mouse: wheel shift=(0,0), pos=(234,347)
43.7335 	DATA 	Mouse: wheel shift=(0,0), pos=(234,347)
43.7363 	DATA 	Mouse: wheel shift=(0,-1), pos=(234,347)
43.7452 	DATA 	Mouse: wheel shift=(0,0), pos=(234,347)
43.7700 	DATA 	Mouse: wheel shift=(0,0), pos=(234,347)
43.7719 	DATA 	Mouse: wheel shift=(0,0), pos=(234,347)
43.7998 	DATA 	Mouse: wheel shift=(0,0), pos=(234,347)
43.8024 	DATA 	Mouse: wheel shift=(0,0), pos=(234,347)
43.8367 	DATA 	Mouse: wheel shift=(0,0), pos=(234,347)
43.8462 	DATA 	Mouse: wheel shift=(0,0), pos=(234,347)
43.8679 	DATA 	Mouse: wheel shift=(0,0), pos=(234,347)
43.9000 	DATA 	Mouse: wheel shift=(0,0), pos=(234,347)
43.9019 	DATA 	Mouse: wheel shift=(0,0), pos=(234,347)
43.9088 	DATA 	Mouse: wheel shift=(0,0), pos=(234,347)
43.9349 	DATA 	Mouse: wheel shift=(0,0), pos=(234,347)
45.0838 	DATA 	Mouse: wheel shift=(0,0), pos=(263,338)
45.0869 	DATA 	Mouse: wheel shift=(0,0), pos=(263,338)
45.0944 	DATA 	Mouse: wheel shift=(0,0), pos=(263,338)
45.1204 	DATA 	Mouse: wheel shift=(0,0), pos=(263,338)
45.1297 	DATA 	Mouse: wheel shift=(0,0), pos=(263,338)
45.1538 	DATA 	Mouse: wheel shift=(0,0), pos=(263,338)
45.1575 	DATA 	Mouse: wheel shift=(0,0), pos=(263,338)
45.6200 	DATA 	Mouse: wheel shift=(0,0), pos=(263,338)
45.6259 	DATA 	Mouse: wheel shift=(0,0), pos=(263,338)
45.6520 	DATA 	Mouse: wheel shift=(0,0), pos=(263,338)
45.6549 	DATA 	Mouse: wheel shift=(0,0), pos=(263,338)
45.6599 	DATA 	Mouse: wheel shift=(0,0), pos=(263,338)
45.6855 	DATA 	Mouse: wheel shift=(0,0), pos=(263,338)
45.6884 	DATA 	Mouse: wheel shift=(0,0), pos=(263,338)
46.0529 	DATA 	Mouse: wheel shift=(0,0), pos=(263,338)
46.0575 	DATA 	Mouse: wheel shift=(0,0), pos=(263,338)
46.0844 	DATA 	Mouse: wheel shift=(0,0), pos=(263,338)
46.0874 	DATA 	Mouse: wheel shift=(0,0), pos=(263,338)
46.1205 	DATA 	Mouse: wheel shift=(0,0), pos=(263,338)
46.5604 	DATA 	Mouse: wheel shift=(0,-1), pos=(263,338)
46.5850 	DATA 	Mouse: wheel shift=(0,0), pos=(263,338)
46.5899 	DATA 	Mouse: wheel shift=(0,0), pos=(263,338)
46.5951 	DATA 	Mouse: wheel shift=(0,0), pos=(263,338)
46.6203 	DATA 	Mouse: wheel shift=(0,0), pos=(263,338)
46.6222 	DATA 	Mouse: wheel shift=(0,0), pos=(263,338)
46.6298 	DATA 	Mouse: wheel shift=(0,0), pos=(263,338)
46.6517 	DATA 	Mouse: wheel shift=(0,0), pos=(263,338)
46.6576 	DATA 	Mouse: wheel shift=(0,0), pos=(263,338)
46.6838 	DATA 	Mouse: wheel shift=(0,0), pos=(263,338)
46.6963 	DATA 	Mouse: wheel shift=(0,0), pos=(263,338)
46.7193 	DATA 	Mouse: wheel shift=(0,0), pos=(263,338)
46.7272 	DATA 	Mouse: wheel shift=(0,0), pos=(263,338)
46.7532 	DATA 	Mouse: wheel shift=(0,0), pos=(263,338)
46.7594 	DATA 	Mouse: wheel shift=(0,0), pos=(263,338)
46.7858 	DATA 	Mouse: wheel shift=(0,0), pos=(263,338)
46.8872 	DATA 	Mouse: wheel shift=(0,-2), pos=(263,338)
46.8954 	DATA 	Mouse: wheel shift=(0,0), pos=(263,338)
46.9193 	DATA 	Mouse: wheel shift=(0,0), pos=(263,338)
46.9222 	DATA 	Mouse: wheel shift=(0,0), pos=(263,338)
46.9271 	DATA 	Mouse: wheel shift=(0,0), pos=(263,338)
46.9533 	DATA 	Mouse: wheel shift=(0,0), pos=(263,338)
46.9552 	DATA 	Mouse: wheel shift=(0,0), pos=(263,338)
46.9613 	DATA 	Mouse: wheel shift=(0,0), pos=(263,338)
47.0209 	DATA 	Mouse: wheel shift=(0,0), pos=(263,338)
47.0521 	DATA 	Mouse: wheel shift=(0,0), pos=(263,338)
47.0581 	DATA 	Mouse: wheel shift=(0,0), pos=(263,338)
47.0874 	DATA 	Mouse: wheel shift=(0,0), pos=(263,338)
47.7609 	DATA 	Mouse: wheel shift=(0,1), pos=(298,237)
47.7869 	DATA 	Mouse: wheel shift=(0,1), pos=(298,237)
47.7900 	DATA 	Mouse: wheel shift=(0,0), pos=(298,237)
47.7952 	DATA 	Mouse: wheel shift=(0,0), pos=(298,237)
47.8203 	DATA 	Mouse: wheel shift=(0,1), pos=(298,237)
47.8236 	DATA 	Mouse: wheel shift=(0,0), pos=(298,237)
47.8282 	DATA 	Mouse: wheel shift=(0,0), pos=(298,237)
47.8536 	DATA 	Mouse: wheel shift=(0,0), pos=(298,237)
47.8871 	DATA 	Mouse: wheel shift=(0,0), pos=(298,237)
47.9201 	DATA 	Mouse: wheel shift=(0,0), pos=(298,237)
47.9504 	DATA 	Mouse: wheel shift=(0,0), pos=(298,237)
47.9530 	DATA 	Mouse: wheel shift=(0,0), pos=(298,237)
47.9615 	DATA 	Mouse: wheel shift=(0,0), pos=(298,237)
47.9858 	DATA 	Mouse: wheel shift=(0,0), pos=(298,237)
47.9934 	DATA 	Mouse: wheel shift=(0,0), pos=(298,237)
48.0191 	DATA 	Mouse: wheel shift=(0,0), pos=(298,237)
48.0531 	DATA 	Mouse: wheel shift=(0,0), pos=(298,237)
48.1526 	DATA 	Mouse: wheel shift=(0,-2), pos=(298,237)
48.1565 	DATA 	Mouse: wheel shift=(0,0), pos=(298,237)
48.1618 	DATA 	Mouse: wheel shift=(0,0), pos=(298,237)
48.1861 	DATA 	Mouse: wheel shift=(0,-1), pos=(298,237)
48.1880 	DATA 	Mouse: wheel shift=(0,0), pos=(298,237)
48.1952 	DATA 	Mouse: wheel shift=(0,0), pos=(298,237)
48.2202 	DATA 	Mouse: wheel shift=(0,0), pos=(298,237)
48.2522 	DATA 	Mouse: wheel shift=(0,-1), pos=(298,237)
48.2867 	DATA 	Mouse: wheel shift=(0,-1), pos=(298,237)
48.3197 	DATA 	Mouse: wheel shift=(0,0), pos=(298,237)
48.3527 	DATA 	Mouse: wheel shift=(0,0), pos=(298,237)
48.3838 	DATA 	Mouse: wheel shift=(0,0), pos=(298,237)
48.3853 	DATA 	Mouse: wheel shift=(0,0), pos=(298,237)
48.3954 	DATA 	Mouse: wheel shift=(0,0), pos=(298,237)
48.4183 	DATA 	Mouse: wheel shift=(0,0), pos=(298,237)
48.4523 	DATA 	Mouse: wheel shift=(0,0), pos=(298,237)
49.0855 	DATA 	Mouse: wheel shift=(0,-2), pos=(352,261)
49.0905 	DATA 	Mouse: wheel shift=(0,0), pos=(352,261)
49.1171 	DATA 	Mouse: wheel shift=(0,0), pos=(352,261)
49.1185 	DATA 	Mouse: wheel shift=(0,-1), pos=(352,261)
49.1258 	DATA 	Mouse: wheel shift=(0,0), pos=(352,261)
49.1535 	DATA 	Mouse: wheel shift=(0,0), pos=(352,261)
49.1536 	DATA 	Mouse: wheel shift=(0,0), pos=(352,261)
49.2209 	DATA 	Mouse: wheel shift=(0,0), pos=(352,261)
49.2302 	DATA 	Mouse: wheel shift=(0,0), pos=(352,261)
49.2519 	DATA 	Mouse: wheel shift=(0,0), pos=(352,261)
49.2621 	DATA 	Mouse: wheel shift=(0,0), pos=(352,261)
49.2864 	DATA 	Mouse: wheel shift=(0,0), pos=(352,261)
49.3194 	DATA 	Mouse: wheel shift=(0,0), pos=(352,261)
49.5866 	DATA 	Mouse: wheel shift=(0,-1), pos=(352,261)
49.5886 	DATA 	Mouse: wheel shift=(0,0), pos=(352,261)
49.6173 	DATA 	Mouse: wheel shift=(0,0), pos=(352,261)
49.6206 	DATA 	Mouse: wheel shift=(0,-1), pos=(352,261)
49.6255 	DATA 	Mouse: wheel shift=(0,0), pos=(352,261)
49.6504 	DATA 	Mouse: wheel shift=(0,0), pos=(352,261)
49.6531 	DATA 	Mouse: wheel shift=(0,0), pos=(352,261)
49.6856 	DATA 	Mouse: wheel shift=(0,0), pos=(352,261)
49.7168 	DATA 	Mouse: wheel shift=(0,0), pos=(352,261)
49.7196 	DATA 	Mouse: wheel shift=(0,0), pos=(352,261)
49.7501 	DATA 	Mouse: wheel shift=(0,0), pos=(352,261)
49.7517 	DATA 	Mouse: wheel shift=(0,0), pos=(352,261)
49.7857 	DATA 	Mouse: wheel shift=(0,0), pos=(352,261)
49.8192 	DATA 	Mouse: wheel shift=(0,0), pos=(352,261)
49.8867 	DATA 	Mouse: wheel shift=(0,-2), pos=(352,261)
49.8948 	DATA 	Mouse: wheel shift=(0,0), pos=(352,261)
49.9190 	DATA 	Mouse: wheel shift=(0,-1), pos=(352,261)
49.9207 	DATA 	Mouse: wheel shift=(0,0), pos=(352,261)
49.9516 	DATA 	Mouse: wheel shift=(0,0), pos=(352,261)
49.9537 	DATA 	Mouse: wheel shift=(0,0), pos=(352,261)
49.9575 	DATA 	Mouse: wheel shift=(0,0), pos=(352,261)
49.9854 	DATA 	Mouse: wheel shift=(0,0), pos=(352,261)
49.9960 	DATA 	Mouse: wheel shift=(0,0), pos=(352,261)
50.0204 	DATA 	Mouse: wheel shift=(0,0), pos=(352,261)
50.0535 	DATA 	Mouse: wheel shift=(0,0), pos=(352,261)
50.0573 	DATA 	Mouse: wheel shift=(0,0), pos=(352,261)
50.0869 	DATA 	Mouse: wheel shift=(0,0), pos=(352,261)
50.1180 	DATA 	Mouse: wheel shift=(0,0), pos=(352,261)
50.1513 	DATA 	Mouse: wheel shift=(0,0), pos=(352,261)
50.1868 	DATA 	Mouse: wheel shift=(0,-2), pos=(352,261)
50.1956 	DATA 	Mouse: wheel shift=(0,0), pos=(352,261)
50.2171 	DATA 	Mouse: wheel shift=(0,0), pos=(352,261)
50.2198 	DATA 	Mouse: wheel shift=(0,-1), pos=(352,261)
50.2288 	DATA 	Mouse: wheel shift=(0,0), pos=(352,261)
50.2502 	DATA 	Mouse: wheel shift=(0,0), pos=(352,261)
50.2504 	DATA 	Mouse: wheel shift=(0,0), pos=(352,261)
50.2670 	DATA 	Mouse: wheel shift=(0,0), pos=(352,261)
50.3009 	DATA 	Mouse: wheel shift=(0,-1), pos=(352,261)
50.3341 	DATA 	Mouse: wheel shift=(0,0), pos=(352,261)
50.3681 	DATA 	Mouse: wheel shift=(0,0), pos=(352,261)
50.4001 	DATA 	Mouse: wheel shift=(0,0), pos=(352,261)
50.4323 	DATA 	Mouse: wheel shift=(0,0), pos=(352,261)
50.4340 	DATA 	Mouse: wheel shift=(0,0), pos=(352,261)
50.4643 	DATA 	Mouse: wheel shift=(0,0), pos=(352,261)
50.4666 	DATA 	Mouse: wheel shift=(0,0), pos=(352,261)
50.4999 	DATA 	Mouse: wheel shift=(0,2), pos=(352,261)
50.5054 	DATA 	Mouse: wheel shift=(0,0), pos=(352,261)
50.5153 	DATA 	Mouse: wheel shift=(0,0), pos=(352,261)
50.5181 	DATA 	Mouse: wheel shift=(0,0), pos=(352,261)
50.5259 	DATA 	Mouse: wheel shift=(0,0), pos=(352,261)
50.5520 	DATA 	Mouse: wheel shift=(0,1), pos=(352,261)
50.5865 	DATA 	Mouse: wheel shift=(0,0), pos=(352,261)
50.6185 	DATA 	Mouse: wheel shift=(0,0), pos=(352,261)
50.6523 	DATA 	Mouse: wheel shift=(0,0), pos=(352,261)
50.6832 	DATA 	Mouse: wheel shift=(0,0), pos=(352,261)
50.6849 	DATA 	Mouse: wheel shift=(0,0), pos=(352,261)
50.7169 	DATA 	Mouse: wheel shift=(0,0), pos=(352,261)
50.7188 	DATA 	Mouse: wheel shift=(0,0), pos=(352,261)
50.7269 	DATA 	Mouse: wheel shift=(0,0), pos=(352,261)
50.7518 	DATA 	Mouse: wheel shift=(0,0), pos=(352,261)
50.7578 	DATA 	Mouse: wheel shift=(0,0), pos=(352,261)
50.7856 	DATA 	Mouse: wheel shift=(0,0), pos=(352,261)
50.8867 	DATA 	Mouse: wheel shift=(0,-2), pos=(352,261)
50.8916 	DATA 	Mouse: wheel shift=(0,0), pos=(352,261)
50.9197 	DATA 	Mouse: wheel shift=(0,-2), pos=(352,261)
50.9258 	DATA 	Mouse: wheel shift=(0,0), pos=(352,261)
50.9528 	DATA 	Mouse: wheel shift=(0,0), pos=(352,261)
50.9853 	DATA 	Mouse: wheel shift=(0,-1), pos=(352,261)
51.0182 	DATA 	Mouse: wheel shift=(0,-1), pos=(352,261)
51.0524 	DATA 	Mouse: wheel shift=(0,-1), pos=(352,261)
51.0553 	DATA 	Mouse: wheel shift=(0,0), pos=(352,261)
51.0855 	DATA 	Mouse: wheel shift=(0,0), pos=(352,261)
51.1191 	DATA 	Mouse: wheel shift=(0,0), pos=(352,261)
51.1525 	DATA 	Mouse: wheel shift=(0,0), pos=(352,261)
51.1862 	DATA 	Mouse: wheel shift=(0,0), pos=(352,261)
51.1962 	DATA 	Mouse: wheel shift=(0,0), pos=(352,261)
51.2183 	DATA 	Mouse: wheel shift=(0,0), pos=(352,261)
51.2285 	DATA 	Mouse: wheel shift=(0,0), pos=(352,261)
51.2548 	DATA 	Mouse: wheel shift=(0,0), pos=(352,261)
53.0844 	DATA 	Mouse: wheel shift=(0,0), pos=(339,348)
53.0893 	DATA 	Mouse: wheel shift=(0,0), pos=(339,348)
53.1194 	DATA 	Mouse: wheel shift=(0,0), pos=(339,348)
53.1253 	DATA 	Mouse: wheel shift=(0,0), pos=(339,348)
53.1510 	DATA 	Mouse: wheel shift=(0,0), pos=(339,348)
53.4573 	DATA 	Mouse: wheel shift=(0,0), pos=(339,348)
53.4834 	DATA 	Mouse: wheel shift=(0,0), pos=(339,348)
53.4861 	DATA 	Mouse: wheel shift=(0,0), pos=(339,348)
53.4952 	DATA 	Mouse: wheel shift=(0,0), pos=(339,348)
53.5188 	DATA 	Mouse: wheel shift=(0,0), pos=(339,348)
53.5516 	DATA 	Mouse: wheel shift=(0,0), pos=(339,348)
53.5625 	DATA 	Mouse: wheel shift=(0,0), pos=(339,348)
56.1858 	DATA 	Mouse: wheel shift=(0,1), pos=(337,238)
56.1952 	DATA 	Mouse: wheel shift=(0,0), pos=(337,238)
56.2188 	DATA 	Mouse: wheel shift=(0,0), pos=(337,238)
56.2274 	DATA 	Mouse: wheel shift=(0,0), pos=(337,238)
56.2524 	DATA 	Mouse: wheel shift=(0,0), pos=(337,238)
56.2557 	DATA 	Mouse: wheel shift=(0,0), pos=(337,238)
56.2851 	DATA 	Mouse: wheel shift=(0,0), pos=(337,238)
56.2870 	DATA 	Mouse: wheel shift=(0,0), pos=(337,238)
56.7181 	DATA 	Mouse: wheel shift=(0,0), pos=(337,238)
56.7241 	DATA 	Mouse: wheel shift=(0,0), pos=(337,238)
56.7520 	DATA 	Mouse: wheel shift=(0,0), pos=(337,238)
56.7606 	DATA 	Mouse: wheel shift=(0,0), pos=(337,238)
56.7861 	DATA 	Mouse: wheel shift=(0,0), pos=(337,238)
56.8191 	DATA 	Mouse: wheel shift=(0,0), pos=(337,238)
57.5522 	DATA 	Mouse: wheel shift=(0,1), pos=(435,265)
57.5588 	DATA 	Mouse: wheel shift=(0,0), pos=(435,265)
57.5834 	DATA 	Mouse: wheel shift=(0,0), pos=(435,265)
57.5867 	DATA 	Mouse: wheel shift=(0,0), pos=(435,265)
57.5948 	DATA 	Mouse: wheel shift=(0,0), pos=(435,265)
57.5962 	DATA 	Mouse: wheel shift=(0,0), pos=(435,265)
57.6176 	DATA 	Mouse: wheel shift=(0,0), pos=(435,265)
57.6278 	DATA 	Mouse: wheel shift=(0,0), pos=(435,265)
58.5889 	DATA 	Mouse: wheel shift=(0,0), pos=(412,230)
58.5953 	DATA 	Mouse: wheel shift=(0,0), pos=(412,230)
58.6169 	DATA 	Mouse: wheel shift=(0,0), pos=(412,230)
58.6229 	DATA 	Mouse: wheel shift=(0,0), pos=(412,230)
58.6495 	DATA 	Mouse: wheel shift=(0,0), pos=(412,230)
58.6515 	DATA 	Mouse: wheel shift=(0,0), pos=(412,230)
58.6621 	DATA 	Mouse: wheel shift=(0,0), pos=(412,230)
58.6831 	DATA 	Mouse: wheel shift=(0,0), pos=(412,230)
58.6850 	DATA 	Mouse: wheel shift=(0,0), pos=(412,230)
58.7172 	DATA 	Mouse: wheel shift=(0,0), pos=(412,230)
59.0861 	DATA 	Mouse: wheel shift=(0,1), pos=(412,230)
59.0914 	DATA 	Mouse: wheel shift=(0,0), pos=(412,230)
59.0940 	DATA 	Mouse: wheel shift=(0,0), pos=(412,230)
59.1191 	DATA 	Mouse: wheel shift=(0,1), pos=(412,230)
59.1210 	DATA 	Mouse: wheel shift=(0,0), pos=(412,230)
59.1491 	DATA 	Mouse: wheel shift=(0,0), pos=(412,230)
59.1508 	DATA 	Mouse: wheel shift=(0,0), pos=(412,230)
59.1590 	DATA 	Mouse: wheel shift=(0,0), pos=(412,230)
59.1825 	DATA 	Mouse: wheel shift=(0,0), pos=(412,230)
59.1843 	DATA 	Mouse: wheel shift=(0,0), pos=(412,230)
59.2185 	DATA 	Mouse: wheel shift=(0,0), pos=(412,230)
373.1662 	DATA 	Keypress: escape
374.0429 	DEBUG 	Saving data for KeoghRevisedRetrocueTask ExperimentHandler
374.0450 	INFO 	saved data to C:\Users\cocon\OneDrive\Documents\GitHub\Kiyonaga-Lab\PNR Project\Connie_Code\data/291002_KeoghRevisedRetrocueTask_2025-04-28_12h37.07.044.psydat
374.0461 	INFO 	saved data to 'C:\\Users\\cocon\\OneDrive\\Documents\\GitHub\\Kiyonaga-Lab\\PNR Project\\Connie_Code\\data/291002_KeoghRevisedRetrocueTask_2025-04-28_12h37.07.044.csv'
