6.7930 	DEBUG 	Fullscreen settings ignored as running in pilot mode.
6.7937 	INFO 	Loaded monitor calibration from ['2025_03_31 21:04']
7.0730 	EXP 	Created window1 = Window(allowGUI=False, allowStencil=False, autoLog=True, backendConf=UNKNOWN, backgroundFit=<method-wrapper '__getattribute__' of attributeSetter object at 0x00000217F536E1A0>, backgroundImage=<method-wrapper '__getattribute__' of attributeSetter object at 0x00000217F536E4A0>, bitsMode=UNKNOWN, blendMode='avg', bpc=(8, 8, 8), color=array([0, 0, 0]), colorSpace='rgb', depthBits=8, fullscr=False, gamma=None, gammaErrorPolicy='raise', infoMsg=UNKNOWN, lms=UNKNOWN, monitor=<psychopy.monitors.calibTools.Monitor object at 0x00000217F54412A0>, multiSample=False, name='window1', numSamples=2, pos=[560.0, 300.0], screen=0, size=array([800, 600]), stencilBits=0, stereo=False, title='PsychoPy', units='height', useFBO=True, useRetina=False, viewOri=0.0, viewPos=None, viewScale=None, waitBlanking=True, winType='pyglet')
7.0731 	EXP 	window1: backgroundImage = ''
7.0731 	EXP 	window1: backgroundFit = 'none'
7.0800 	DEBUG 	TextBox2 loaded 1 chars with 0 blanks and 1 valid
7.0807 	DEBUG 	TextBox2 loaded 1 chars with 0 blanks and 1 valid
7.0813 	DEBUG 	TextBox2 loaded 1 chars with 0 blanks and 1 valid
7.0821 	DEBUG 	TextBox2 loaded 1 chars with 0 blanks and 1 valid
7.0828 	DEBUG 	TextBox2 loaded 1 chars with 0 blanks and 1 valid
7.0832 	DEBUG 	TextBox2 loaded 1 chars with 0 blanks and 1 valid
7.0838 	DEBUG 	TextBox2 loaded 1 chars with 0 blanks and 1 valid
7.0846 	DEBUG 	TextBox2 loaded 1 chars with 0 blanks and 1 valid
7.0849 	DEBUG 	TextBox2 loaded 1 chars with 0 blanks and 1 valid
7.0852 	DEBUG 	TextBox2 loaded 1 chars with 0 blanks and 1 valid
7.0857 	DEBUG 	TextBox2 loaded 1 chars with 0 blanks and 1 valid
7.0863 	DEBUG 	TextBox2 loaded 1 chars with 0 blanks and 1 valid
7.0868 	DEBUG 	TextBox2 loaded 1 chars with 0 blanks and 1 valid
7.0874 	DEBUG 	TextBox2 loaded 1 chars with 0 blanks and 1 valid
7.0878 	DEBUG 	TextBox2 loaded 1 chars with 0 blanks and 1 valid
7.0884 	DEBUG 	TextBox2 loaded 1 chars with 0 blanks and 1 valid
7.0889 	DEBUG 	TextBox2 loaded 1 chars with 0 blanks and 1 valid
7.0893 	DEBUG 	TextBox2 loaded 1 chars with 0 blanks and 1 valid
7.0899 	DEBUG 	TextBox2 loaded 1 chars with 0 blanks and 1 valid
7.0911 	DEBUG 	TextBox2 loaded 1 chars with 0 blanks and 1 valid
7.0917 	DEBUG 	TextBox2 loaded 1 chars with 0 blanks and 1 valid
7.0923 	DEBUG 	Uploading Texture Font fontname to graphics card
7.0945 	DEBUG 	Upload of Texture Font fontname complete
7.1032 	DEBUG 	TextBox2 loaded 1 chars with 0 blanks and 1 valid
7.1041 	DEBUG 	TextBox2 loaded 1 chars with 0 blanks and 1 valid
7.1048 	DEBUG 	TextBox2 loaded 1 chars with 0 blanks and 1 valid
7.1051 	DEBUG 	Uploading Texture Font fontname to graphics card
7.1066 	DEBUG 	Upload of Texture Font fontname complete
7.1090 	EXP 	window1: Attempting to measure frame rate of screen (0) ...
7.1090 	EXP 	window1: recordFrameIntervals = False
7.2921 	EXP 	window1: recordFrameIntervals = True
7.4752 	EXP 	Screen (0) actual frame rate measured at 60.08Hz
7.4753 	EXP 	window1: recordFrameIntervals = False
7.4790 	DEBUG 	TextBox2 loaded 1 chars with 0 blanks and 1 valid
7.4794 	DEBUG 	TextBox2 loaded 1 chars with 0 blanks and 1 valid
7.4800 	DEBUG 	TextBox2 loaded 1 chars with 0 blanks and 1 valid
7.4807 	DEBUG 	TextBox2 loaded 1 chars with 0 blanks and 1 valid
7.4814 	DEBUG 	TextBox2 loaded 1 chars with 0 blanks and 1 valid
7.4821 	DEBUG 	TextBox2 loaded 1 chars with 0 blanks and 1 valid
7.4825 	DEBUG 	TextBox2 loaded 1 chars with 0 blanks and 1 valid
7.4832 	DEBUG 	TextBox2 loaded 1 chars with 0 blanks and 1 valid
7.4839 	DEBUG 	TextBox2 loaded 1 chars with 0 blanks and 1 valid
7.4846 	DEBUG 	TextBox2 loaded 1 chars with 0 blanks and 1 valid
7.4849 	DEBUG 	Uploading Texture Font fontname to graphics card
7.4859 	DEBUG 	Upload of Texture Font fontname complete
7.4984 	WARNING 	launchHubServer: If using the iohub mouse or eyetracker devices, fullScr should be True.
10.1872 	INFO 	keyboard.Keyboard is using iohub backend.
10.1872 	EXP 	KeoghRevisedRetrocueTask: status = STARTED
10.1875 	INFO 	keyboard.Keyboard is using iohub backend.
10.1898 	EXP 	Created unnamed Polygon = Polygon(__class__=<class 'psychopy.visual.polygon.Polygon'>, anchor=('center', 'center'), autoDraw=False, autoLog=True, closeShape=True, color=method-wrapper(...), colorSpace='rgb255', contrast=None, depth=0, draggable=False, fillColor=array([128, 115,  96]), fillColorSpace='rgb255', fillRGB=array([ 0.00392157, -0.09803922, -0.24705882]), interpolate=True, lineColor=array([255., 255., 255.]), lineColorSpace='rgb255', lineRGB=array([1, 1, 1]), lineWidth=1.5, name='unnamed Polygon', opacity=1, ori=45.0, pos=array([0., 0.]), size=array([0.06, 0.06]), units='height', vertices=ndarray(...), win=Window(...))
0.0358 	EXP 	Created unnamed ImageStim = ImageStim(__class__=<class 'psychopy.visual.image.ImageStim'>, anchor=('center', 'center'), autoLog=True, color=array([1., 1., 1.]), colorSpace='rgb', contrast=1.0, depth=0, draggable=False, flipHoriz=False, flipVert=False, image=str(...), interpolate=False, mask=None, maskParams=None, name='unnamed ImageStim', opacity=1, ori=0.0, pos=array([0., 0.]), size=array([0.12, 0.12]), texRes=128, units='height', win=Window(...))
0.0507 	EXP 	Created unnamed ImageStim = ImageStim(__class__=<class 'psychopy.visual.image.ImageStim'>, anchor=('center', 'center'), autoLog=True, color=array([1., 1., 1.]), colorSpace='rgb', contrast=1.0, depth=0, draggable=False, flipHoriz=False, flipVert=False, image=str(...), interpolate=False, mask=None, maskParams=None, name='unnamed ImageStim', opacity=1, ori=0.0, pos=array([0., 0.]), size=array([0.12, 0.12]), texRes=128, units='height', win=Window(...))
0.0814 	DEBUG 	Saving data for KeoghRevisedRetrocueTask ExperimentHandler
0.0820 	INFO 	saved data to C:\Users\cocon\OneDrive\Documents\GitHub\Kiyonaga-Lab\PNR Project\Connie_Code\data/396832_KeoghRevisedRetrocueTask_2025-04-28_15h12.13.666.psydat
0.0825 	INFO 	saved data to 'C:\\Users\\cocon\\OneDrive\\Documents\\GitHub\\Kiyonaga-Lab\\PNR Project\\Connie_Code\\data/396832_KeoghRevisedRetrocueTask_2025-04-28_15h12.13.666.csv'
