4.0277 	DEBUG 	Fullscreen settings ignored as running in pilot mode.
4.0287 	INFO 	Loaded monitor calibration from ['2025_03_31 21:04']
4.2757 	EXP 	Created window1 = Window(allowGUI=False, allowStencil=False, autoLog=True, backendConf=UNKNOWN, backgroundFit=<method-wrapper '__getattribute__' of attributeSetter object at 0x000001FB4C232830>, backgroundImage=<method-wrapper '__getattribute__' of attributeSetter object at 0x000001FB4C2329E0>, bitsMode=UNKNOWN, blendMode='avg', bpc=(8, 8, 8), color=array([0, 0, 0]), colorSpace='rgb', depthBits=8, fullscr=False, gamma=None, gammaErrorPolicy='raise', infoMsg=UNKNOWN, lms=UNKNOWN, monitor=<psychopy.monitors.calibTools.Monitor object at 0x000001FB4C30DE10>, multiSample=False, name='window1', numSamples=2, pos=[560.0, 300.0], screen=0, size=array([800, 600]), stencilBits=0, stereo=False, title='PsychoPy', units='height', useFBO=True, useRetina=False, viewOri=0.0, viewPos=None, viewScale=None, waitBlanking=True, winType='pyglet')
4.2758 	EXP 	window1: backgroundImage = ''
4.2758 	EXP 	window1: backgroundFit = 'none'
4.2830 	DEBUG 	TextBox2 loaded 1 chars with 0 blanks and 1 valid
4.2835 	DEBUG 	TextBox2 loaded 1 chars with 0 blanks and 1 valid
4.2840 	DEBUG 	TextBox2 loaded 1 chars with 0 blanks and 1 valid
4.2846 	DEBUG 	TextBox2 loaded 1 chars with 0 blanks and 1 valid
4.2853 	DEBUG 	TextBox2 loaded 1 chars with 0 blanks and 1 valid
4.2856 	DEBUG 	TextBox2 loaded 1 chars with 0 blanks and 1 valid
4.2861 	DEBUG 	TextBox2 loaded 1 chars with 0 blanks and 1 valid
4.2867 	DEBUG 	TextBox2 loaded 1 chars with 0 blanks and 1 valid
4.2869 	DEBUG 	TextBox2 loaded 1 chars with 0 blanks and 1 valid
4.2872 	DEBUG 	TextBox2 loaded 1 chars with 0 blanks and 1 valid
4.2877 	DEBUG 	TextBox2 loaded 1 chars with 0 blanks and 1 valid
4.2882 	DEBUG 	TextBox2 loaded 1 chars with 0 blanks and 1 valid
4.2886 	DEBUG 	TextBox2 loaded 1 chars with 0 blanks and 1 valid
4.2892 	DEBUG 	TextBox2 loaded 1 chars with 0 blanks and 1 valid
4.2896 	DEBUG 	TextBox2 loaded 1 chars with 0 blanks and 1 valid
4.2903 	DEBUG 	TextBox2 loaded 1 chars with 0 blanks and 1 valid
4.2911 	DEBUG 	TextBox2 loaded 1 chars with 0 blanks and 1 valid
4.2916 	DEBUG 	TextBox2 loaded 1 chars with 0 blanks and 1 valid
4.2919 	DEBUG 	TextBox2 loaded 1 chars with 0 blanks and 1 valid
4.2926 	DEBUG 	TextBox2 loaded 1 chars with 0 blanks and 1 valid
4.2929 	DEBUG 	TextBox2 loaded 1 chars with 0 blanks and 1 valid
4.2933 	DEBUG 	Uploading Texture Font fontname to graphics card
4.2952 	DEBUG 	Upload of Texture Font fontname complete
4.3005 	DEBUG 	TextBox2 loaded 1 chars with 0 blanks and 1 valid
4.3012 	DEBUG 	TextBox2 loaded 1 chars with 0 blanks and 1 valid
4.3018 	DEBUG 	TextBox2 loaded 1 chars with 0 blanks and 1 valid
4.3020 	DEBUG 	Uploading Texture Font fontname to graphics card
4.3033 	DEBUG 	Upload of Texture Font fontname complete
4.3053 	EXP 	window1: Attempting to measure frame rate of screen (0) ...
4.3054 	EXP 	window1: recordFrameIntervals = False
4.4706 	EXP 	window1: recordFrameIntervals = True
4.6540 	EXP 	Screen (0) actual frame rate measured at 59.81Hz
4.6541 	EXP 	window1: recordFrameIntervals = False
4.6582 	DEBUG 	TextBox2 loaded 1 chars with 0 blanks and 1 valid
4.6586 	DEBUG 	TextBox2 loaded 1 chars with 0 blanks and 1 valid
4.6591 	DEBUG 	TextBox2 loaded 1 chars with 0 blanks and 1 valid
4.6598 	DEBUG 	TextBox2 loaded 1 chars with 0 blanks and 1 valid
4.6605 	DEBUG 	TextBox2 loaded 1 chars with 0 blanks and 1 valid
4.6611 	DEBUG 	TextBox2 loaded 1 chars with 0 blanks and 1 valid
4.6614 	DEBUG 	TextBox2 loaded 1 chars with 0 blanks and 1 valid
4.6620 	DEBUG 	TextBox2 loaded 1 chars with 0 blanks and 1 valid
4.6626 	DEBUG 	TextBox2 loaded 1 chars with 0 blanks and 1 valid
4.6632 	DEBUG 	TextBox2 loaded 1 chars with 0 blanks and 1 valid
4.6634 	DEBUG 	Uploading Texture Font fontname to graphics card
4.6644 	DEBUG 	Upload of Texture Font fontname complete
4.6753 	WARNING 	launchHubServer: If using the iohub mouse or eyetracker devices, fullScr should be True.
6.5477 	INFO 	keyboard.Keyboard is using iohub backend.
6.5477 	EXP 	KeoghRevisedRetrocueTask: status = STARTED
6.5478 	INFO 	keyboard.Keyboard is using iohub backend.
6.5619 	EXP 	Created unnamed ImageStim = ImageStim(__class__=<class 'psychopy.visual.image.ImageStim'>, anchor=('center', 'center'), autoLog=True, color=array([1., 1., 1.]), colorSpace='rgb', contrast=1.0, depth=0, draggable=False, flipHoriz=False, flipVert=False, image=str(...), interpolate=False, mask=None, maskParams=None, name='unnamed ImageStim', opacity=1, ori=0.0, pos=array([0., 0.]), size=array([0.12, 0.12]), texRes=128, units='height', win=Window(...))
6.5744 	EXP 	Created unnamed ImageStim = ImageStim(__class__=<class 'psychopy.visual.image.ImageStim'>, anchor=('center', 'center'), autoLog=True, color=array([1., 1., 1.]), colorSpace='rgb', contrast=1.0, depth=0, draggable=False, flipHoriz=False, flipVert=False, image=str(...), interpolate=False, mask=None, maskParams=None, name='unnamed ImageStim', opacity=1, ori=0.0, pos=array([0., 0.]), size=array([0.12, 0.12]), texRes=128, units='height', win=Window(...))
6.5771 	EXP 	Created unnamed Polygon = Polygon(__class__=<class 'psychopy.visual.polygon.Polygon'>, anchor=('center', 'center'), autoDraw=False, autoLog=True, closeShape=True, color=method-wrapper(...), colorSpace='rgb255', contrast=None, depth=0, draggable=False, fillColor=array([128, 115,  96]), fillColorSpace='rgb255', fillRGB=array([ 0.00392157, -0.09803922, -0.24705882]), interpolate=True, lineColor=array([255., 255., 255.]), lineColorSpace='rgb255', lineRGB=array([1, 1, 1]), lineWidth=1.5, name='unnamed Polygon', opacity=1, ori=45.0, pos=array([0., 0.]), size=array([0.06, 0.06]), units='height', vertices=ndarray(...), win=Window(...))
0.0291 	EXP 	KeoghRevisedRetrocueTask: status = STOPPED
0.0352 	INFO 	saved data to 'C:\\Users\\cocon\\OneDrive\\Documents\\GitHub\\Kiyonaga-Lab\\PNR Project\\Connie_Code\\data/439998_KeoghRevisedRetrocueTask_2025-04-28_14h14.59.683.csv'
0.0358 	INFO 	saved data to C:\Users\cocon\OneDrive\Documents\GitHub\Kiyonaga-Lab\PNR Project\Connie_Code\data/439998_KeoghRevisedRetrocueTask_2025-04-28_14h14.59.683.psydat
0.5002 	DEBUG 	Saving data for KeoghRevisedRetrocueTask ExperimentHandler
