5.1335 	DEBUG 	Fullscreen settings ignored as running in pilot mode.
5.1354 	INFO 	Loaded monitor calibration from ['2025_03_31 21:04']
5.4760 	EXP 	Created window1 = Window(allowGUI=False, allowStencil=False, autoLog=True, backendConf=UNKNOWN, backgroundFit=<method-wrapper '__getattribute__' of attributeSetter object at 0x0000018AD717FF40>, backgroundImage=<method-wrapper '__getattribute__' of attributeSetter object at 0x0000018AD717FFA0>, bitsMode=UNKNOWN, blendMode='avg', bpc=(8, 8, 8), color=array([0, 0, 0]), colorSpace='rgb', depthBits=8, fullscr=False, gamma=None, gammaErrorPolicy='raise', infoMsg=UNKNOWN, lms=UNKNOWN, monitor=<psychopy.monitors.calibTools.Monitor object at 0x0000018AE3BED900>, multiSample=False, name='window1', numSamples=2, pos=[560.0, 300.0], screen=0, size=array([800, 600]), stencilBits=0, stereo=False, title='PsychoPy', units='height', useFBO=True, useRetina=False, viewOri=0.0, viewPos=None, viewScale=None, waitBlanking=True, winType='pyglet')
5.4761 	EXP 	window1: backgroundImage = ''
5.4761 	EXP 	window1: backgroundFit = 'none'
5.4870 	DEBUG 	TextBox2 loaded 1 chars with 0 blanks and 1 valid
5.4876 	DEBUG 	TextBox2 loaded 1 chars with 0 blanks and 1 valid
5.4882 	DEBUG 	TextBox2 loaded 1 chars with 0 blanks and 1 valid
5.4889 	DEBUG 	TextBox2 loaded 1 chars with 0 blanks and 1 valid
5.4896 	DEBUG 	TextBox2 loaded 1 chars with 0 blanks and 1 valid
5.4900 	DEBUG 	TextBox2 loaded 1 chars with 0 blanks and 1 valid
5.4906 	DEBUG 	TextBox2 loaded 1 chars with 0 blanks and 1 valid
5.4913 	DEBUG 	TextBox2 loaded 1 chars with 0 blanks and 1 valid
5.4916 	DEBUG 	TextBox2 loaded 1 chars with 0 blanks and 1 valid
5.4923 	DEBUG 	TextBox2 loaded 1 chars with 0 blanks and 1 valid
5.4932 	DEBUG 	TextBox2 loaded 1 chars with 0 blanks and 1 valid
5.4938 	DEBUG 	TextBox2 loaded 1 chars with 0 blanks and 1 valid
5.4943 	DEBUG 	TextBox2 loaded 1 chars with 0 blanks and 1 valid
5.4949 	DEBUG 	TextBox2 loaded 1 chars with 0 blanks and 1 valid
5.4953 	DEBUG 	TextBox2 loaded 1 chars with 0 blanks and 1 valid
5.4959 	DEBUG 	TextBox2 loaded 1 chars with 0 blanks and 1 valid
5.4965 	DEBUG 	TextBox2 loaded 1 chars with 0 blanks and 1 valid
5.4969 	DEBUG 	TextBox2 loaded 1 chars with 0 blanks and 1 valid
5.4973 	DEBUG 	TextBox2 loaded 1 chars with 0 blanks and 1 valid
5.4980 	DEBUG 	TextBox2 loaded 1 chars with 0 blanks and 1 valid
5.4984 	DEBUG 	TextBox2 loaded 1 chars with 0 blanks and 1 valid
5.4987 	DEBUG 	Uploading Texture Font fontname to graphics card
5.5007 	DEBUG 	Upload of Texture Font fontname complete
5.5073 	DEBUG 	TextBox2 loaded 1 chars with 0 blanks and 1 valid
5.5086 	DEBUG 	TextBox2 loaded 1 chars with 0 blanks and 1 valid
5.5096 	DEBUG 	TextBox2 loaded 1 chars with 0 blanks and 1 valid
5.5099 	DEBUG 	Uploading Texture Font fontname to graphics card
5.5111 	DEBUG 	Upload of Texture Font fontname complete
5.5137 	EXP 	window1: Attempting to measure frame rate of screen (0) ...
5.5138 	EXP 	window1: recordFrameIntervals = False
5.6861 	EXP 	window1: recordFrameIntervals = True
5.8712 	EXP 	Screen (0) actual frame rate measured at 59.57Hz
5.8713 	EXP 	window1: recordFrameIntervals = False
5.8761 	DEBUG 	TextBox2 loaded 1 chars with 0 blanks and 1 valid
5.8765 	DEBUG 	TextBox2 loaded 1 chars with 0 blanks and 1 valid
5.8772 	DEBUG 	TextBox2 loaded 1 chars with 0 blanks and 1 valid
5.8780 	DEBUG 	TextBox2 loaded 1 chars with 0 blanks and 1 valid
5.8788 	DEBUG 	TextBox2 loaded 1 chars with 0 blanks and 1 valid
5.8797 	DEBUG 	TextBox2 loaded 1 chars with 0 blanks and 1 valid
5.8801 	DEBUG 	TextBox2 loaded 1 chars with 0 blanks and 1 valid
5.8808 	DEBUG 	TextBox2 loaded 1 chars with 0 blanks and 1 valid
5.8816 	DEBUG 	TextBox2 loaded 1 chars with 0 blanks and 1 valid
5.8822 	DEBUG 	TextBox2 loaded 1 chars with 0 blanks and 1 valid
5.8825 	DEBUG 	Uploading Texture Font fontname to graphics card
5.8843 	DEBUG 	Upload of Texture Font fontname complete
5.8973 	WARNING 	launchHubServer: If using the iohub mouse or eyetracker devices, fullScr should be True.
8.5935 	INFO 	keyboard.Keyboard is using iohub backend.
8.5936 	EXP 	KeoghRevisedRetrocueTask: status = STARTED
8.5938 	INFO 	keyboard.Keyboard is using iohub backend.
8.6117 	EXP 	Created unnamed ImageStim = ImageStim(__class__=<class 'psychopy.visual.image.ImageStim'>, anchor=('center', 'center'), autoLog=True, color=array([1., 1., 1.]), colorSpace='rgb', contrast=1.0, depth=0, draggable=False, flipHoriz=False, flipVert=False, image=str(...), interpolate=False, mask=None, maskParams=None, name='unnamed ImageStim', opacity=1, ori=0.0, pos=array([0., 0.]), size=array([0.12, 0.12]), texRes=128, units='height', win=Window(...))
8.6239 	EXP 	Created unnamed ImageStim = ImageStim(__class__=<class 'psychopy.visual.image.ImageStim'>, anchor=('center', 'center'), autoLog=True, color=array([1., 1., 1.]), colorSpace='rgb', contrast=1.0, depth=0, draggable=False, flipHoriz=False, flipVert=False, image=str(...), interpolate=False, mask=None, maskParams=None, name='unnamed ImageStim', opacity=1, ori=0.0, pos=array([0., 0.]), size=array([0.12, 0.12]), texRes=128, units='height', win=Window(...))
8.6270 	EXP 	Created unnamed Polygon = Polygon(__class__=<class 'psychopy.visual.polygon.Polygon'>, anchor=('center', 'center'), autoDraw=False, autoLog=True, closeShape=True, color=method-wrapper(...), colorSpace='rgb255', contrast=None, depth=0, draggable=False, fillColor=array([128, 115,  96]), fillColorSpace='rgb255', fillRGB=array([ 0.00392157, -0.09803922, -0.24705882]), interpolate=True, lineColor=array([255., 255., 255.]), lineColorSpace='rgb255', lineRGB=array([1, 1, 1]), lineWidth=1.5, name='unnamed Polygon', opacity=1, ori=45.0, pos=array([0., 0.]), size=array([0.06, 0.06]), units='height', vertices=ndarray(...), win=Window(...))
0.0263 	EXP 	KeoghRevisedRetrocueTask: status = STOPPED
0.0704 	INFO 	saved data to 'C:\\Users\\cocon\\OneDrive\\Documents\\GitHub\\Kiyonaga-Lab\\PNR Project\\Connie_Code\\data/502141_KeoghRevisedRetrocueTask_2025-04-28_14h06.33.958.csv'
0.0710 	INFO 	saved data to C:\Users\cocon\OneDrive\Documents\GitHub\Kiyonaga-Lab\PNR Project\Connie_Code\data/502141_KeoghRevisedRetrocueTask_2025-04-28_14h06.33.958.psydat
0.4675 	DEBUG 	Saving data for KeoghRevisedRetrocueTask ExperimentHandler
