4.0872 	DEBUG 	Fullscreen settings ignored as running in pilot mode.
4.0877 	INFO 	Loaded monitor calibration from ['2025_04_06 13:23']
4.2762 	EXP 	Created window1 = Window(allowGUI=False, allowStencil=False, autoLog=True, backendConf=UNKNOWN, backgroundFit=<method-wrapper '__getattribute__' of attributeSetter object at 0x0000021063987B50>, backgroundImage=<method-wrapper '__getattribute__' of attributeSetter object at 0x0000021063987BB0>, bitsMode=UNKNOWN, blendMode='avg', bpc=(8, 8, 8), color=array([0, 0, 0]), colorSpace='rgb', depthBits=8, fullscr=False, gamma=None, gammaErrorPolicy='raise', infoMsg=UNKNOWN, lms=UNKNOWN, monitor=<psychopy.monitors.calibTools.Monitor object at 0x0000021063A33EE0>, multiSample=False, name='window1', numSamples=2, pos=[560.0, 240.0], screen=0, size=array([800, 600]), stencilBits=0, stereo=False, title='PsychoPy', units='height', useFBO=True, useRetina=False, viewOri=0.0, viewPos=None, viewScale=None, waitBlanking=True, winType='pyglet')
4.2762 	EXP 	window1: backgroundImage = ''
4.2762 	EXP 	window1: backgroundFit = 'none'
4.2811 	DEBUG 	TextBox2 loaded 1 chars with 0 blanks and 1 valid
4.2816 	DEBUG 	TextBox2 loaded 1 chars with 0 blanks and 1 valid
4.2820 	DEBUG 	TextBox2 loaded 1 chars with 0 blanks and 1 valid
4.2826 	DEBUG 	TextBox2 loaded 1 chars with 0 blanks and 1 valid
4.2831 	DEBUG 	TextBox2 loaded 1 chars with 0 blanks and 1 valid
4.2834 	DEBUG 	TextBox2 loaded 1 chars with 0 blanks and 1 valid
4.2838 	DEBUG 	TextBox2 loaded 1 chars with 0 blanks and 1 valid
4.2844 	DEBUG 	TextBox2 loaded 1 chars with 0 blanks and 1 valid
4.2846 	DEBUG 	TextBox2 loaded 1 chars with 0 blanks and 1 valid
4.2848 	DEBUG 	TextBox2 loaded 1 chars with 0 blanks and 1 valid
4.2852 	DEBUG 	TextBox2 loaded 1 chars with 0 blanks and 1 valid
4.2856 	DEBUG 	TextBox2 loaded 1 chars with 0 blanks and 1 valid
4.2860 	DEBUG 	TextBox2 loaded 1 chars with 0 blanks and 1 valid
4.2864 	DEBUG 	TextBox2 loaded 1 chars with 0 blanks and 1 valid
4.2868 	DEBUG 	TextBox2 loaded 1 chars with 0 blanks and 1 valid
4.2872 	DEBUG 	TextBox2 loaded 1 chars with 0 blanks and 1 valid
4.2877 	DEBUG 	TextBox2 loaded 1 chars with 0 blanks and 1 valid
4.2879 	DEBUG 	TextBox2 loaded 1 chars with 0 blanks and 1 valid
4.2882 	DEBUG 	TextBox2 loaded 1 chars with 0 blanks and 1 valid
4.2888 	DEBUG 	TextBox2 loaded 1 chars with 0 blanks and 1 valid
4.2891 	DEBUG 	TextBox2 loaded 1 chars with 0 blanks and 1 valid
4.2892 	DEBUG 	Uploading Texture Font fontname to graphics card
4.2900 	DEBUG 	Upload of Texture Font fontname complete
4.2937 	DEBUG 	TextBox2 loaded 1 chars with 0 blanks and 1 valid
4.2943 	DEBUG 	TextBox2 loaded 1 chars with 0 blanks and 1 valid
4.2949 	DEBUG 	TextBox2 loaded 1 chars with 0 blanks and 1 valid
4.2950 	DEBUG 	Uploading Texture Font fontname to graphics card
4.2955 	DEBUG 	Upload of Texture Font fontname complete
4.2968 	EXP 	window1: Attempting to measure frame rate of screen (0) ...
4.2968 	EXP 	window1: recordFrameIntervals = False
4.4358 	EXP 	window1: recordFrameIntervals = True
4.5810 	EXP 	Screen (0) actual frame rate measured at 75.80Hz
4.5811 	EXP 	window1: recordFrameIntervals = False
4.5839 	DEBUG 	TextBox2 loaded 1 chars with 0 blanks and 1 valid
4.5842 	DEBUG 	TextBox2 loaded 1 chars with 0 blanks and 1 valid
4.5847 	DEBUG 	TextBox2 loaded 1 chars with 0 blanks and 1 valid
4.5853 	DEBUG 	TextBox2 loaded 1 chars with 0 blanks and 1 valid
4.5859 	DEBUG 	TextBox2 loaded 1 chars with 0 blanks and 1 valid
4.5864 	DEBUG 	TextBox2 loaded 1 chars with 0 blanks and 1 valid
4.5867 	DEBUG 	TextBox2 loaded 1 chars with 0 blanks and 1 valid
4.5872 	DEBUG 	TextBox2 loaded 1 chars with 0 blanks and 1 valid
4.5879 	DEBUG 	TextBox2 loaded 1 chars with 0 blanks and 1 valid
4.5884 	DEBUG 	TextBox2 loaded 1 chars with 0 blanks and 1 valid
4.5886 	DEBUG 	Uploading Texture Font fontname to graphics card
4.5890 	DEBUG 	Upload of Texture Font fontname complete
4.5973 	WARNING 	launchHubServer: If using the iohub mouse or eyetracker devices, fullScr should be True.
6.3569 	INFO 	keyboard.Keyboard is using iohub backend.
6.3569 	EXP 	KeoghRevisedRetrocueTask: status = STARTED
6.3570 	INFO 	keyboard.Keyboard is using iohub backend.
6.3671 	EXP 	Created unnamed ImageStim = ImageStim(__class__=<class 'psychopy.visual.image.ImageStim'>, anchor=('center', 'center'), autoLog=True, color=array([1., 1., 1.]), colorSpace='rgb', contrast=1.0, depth=0, draggable=False, flipHoriz=False, flipVert=False, image=str(...), interpolate=False, mask=None, maskParams=None, name='unnamed ImageStim', opacity=1, ori=0.0, pos=array([0., 0.]), size=array([0.12, 0.12]), texRes=128, units='height', win=Window(...))
6.3748 	EXP 	Created unnamed ImageStim = ImageStim(__class__=<class 'psychopy.visual.image.ImageStim'>, anchor=('center', 'center'), autoLog=True, color=array([1., 1., 1.]), colorSpace='rgb', contrast=1.0, depth=0, draggable=False, flipHoriz=False, flipVert=False, image=str(...), interpolate=False, mask=None, maskParams=None, name='unnamed ImageStim', opacity=1, ori=0.0, pos=array([0., 0.]), size=array([0.12, 0.12]), texRes=128, units='height', win=Window(...))
6.3765 	EXP 	Created unnamed Polygon = Polygon(__class__=<class 'psychopy.visual.polygon.Polygon'>, anchor=('center', 'center'), autoDraw=False, autoLog=True, closeShape=True, color=method-wrapper(...), colorSpace='rgb255', contrast=None, depth=0, draggable=False, fillColor=array([128, 115,  96]), fillColorSpace='rgb255', fillRGB=array([ 0.00392157, -0.09803922, -0.24705882]), interpolate=True, lineColor=array([255., 255., 255.]), lineColorSpace='rgb255', lineRGB=array([1, 1, 1]), lineWidth=1.5, name='unnamed Polygon', opacity=1, ori=45.0, pos=array([0., 0.]), size=array([0.06, 0.06]), units='height', vertices=ndarray(...), win=Window(...))
0.0074 	INFO 	Keyboard events cleared
0.0207 	EXP 	unnamed Polygon: autoDraw = True
0.0207 	EXP 	unnamed ImageStim: autoDraw = True
0.5229 	WARNING 	Monitor specification not found. Creating a temporary one...
0.8604 	EXP 	Created window1 = Window(allowGUI=True, allowStencil=False, autoLog=True, backendConf=UNKNOWN, backgroundFit=<method-wrapper '__getattribute__' of attributeSetter object at 0x0000021063987B50>, backgroundImage=<method-wrapper '__getattribute__' of attributeSetter object at 0x0000021063987BB0>, bitsMode=UNKNOWN, blendMode='avg', bpc=(8, 8, 8), color=array([0, 0, 0]), colorSpace='rgb', depthBits=8, fullscr=False, gamma=None, gammaErrorPolicy='raise', infoMsg=UNKNOWN, lms=UNKNOWN, monitor=<psychopy.monitors.calibTools.Monitor object at 0x0000021063A7F1C0>, multiSample=False, name='window1', numSamples=2, pos=(3120, 353), screen=0, size=array([800, 600]), stencilBits=0, stereo=False, title='PsychoPy', units='pix', useFBO=False, useRetina=False, viewOri=0.0, viewPos=None, viewScale=None, waitBlanking=True, winType='pyglet')
0.8604 	EXP 	window1: backgroundImage = None
0.8604 	EXP 	window1: backgroundFit = 'cover'
0.8613 	EXP 	Created unnamed ImageStim = ImageStim(__class__=<class 'psychopy.visual.image.ImageStim'>, anchor=('center', 'center'), autoLog=True, color=array([1., 1., 1.]), colorSpace='rgb', contrast=1.0, depth=0, draggable=False, flipHoriz=False, flipVert=False, image=None, interpolate=False, mask=None, maskParams=None, name='unnamed ImageStim', opacity=1, ori=0.0, pos=array([-250.,    0.]), size=array([600., 600.]), texRes=128, units='pix', win=Window(...))
0.8621 	EXP 	Created unnamed ImageStim = ImageStim(__class__=<class 'psychopy.visual.image.ImageStim'>, anchor=('center', 'center'), autoLog=True, color=array([1., 1., 1.]), colorSpace='rgb', contrast=1.0, depth=0, draggable=False, flipHoriz=False, flipVert=False, image=None, interpolate=False, mask=None, maskParams=None, name='unnamed ImageStim', opacity=1, ori=0.0, pos=array([250.,   0.]), size=array([600., 600.]), texRes=128, units='pix', win=Window(...))
1.2352 	EXP 	Created unnamed ImageStim = ImageStim(__class__=<class 'psychopy.visual.image.ImageStim'>, anchor=('center', 'center'), autoLog=True, color=array([1., 1., 1.]), colorSpace='rgb', contrast=1.0, depth=0, draggable=False, flipHoriz=False, flipVert=False, image=str(...), interpolate=False, mask=None, maskParams=None, name='unnamed ImageStim', opacity=1, ori=0.0, pos=array([0., 0.]), size=array([512., 512.]), texRes=128, units='pix', win=Window(...))
1.2357 	INFO 	Keyboard events cleared
1.2600 	EXP 	unnamed ImageStim: image = 'C:/Users/cocon/OneDrive/Documents/GitHub/Kiyonaga-Lab/PNR Project/stimuli/Connie/cylinder/goldUprightCylinder.jpg'
1.2600 	EXP 	unnamed ImageStim: image = 'C:/Users/cocon/OneDrive/Documents/GitHub/Kiyonaga-Lab/PNR Project/stimuli/Mycah/cylinder/purple cylinders.jpg'
1.2600 	EXP 	unnamed ImageStim: autoDraw = True
1.2600 	EXP 	unnamed ImageStim: autoDraw = True
3.2636 	EXP 	unnamed ImageStim: autoDraw = False
3.2636 	EXP 	unnamed ImageStim: autoDraw = False
5.2913 	EXP 	KeoghRevisedRetrocueTask: status = STOPPED
5.2927 	INFO 	saved data to 'C:\\Users\\cocon\\OneDrive\\Documents\\GitHub\\Kiyonaga-Lab\\PNR Project\\Connie_Code\\data/504245_KeoghRevisedRetrocueTask_2025-04-27_18h16.25.351.csv'
5.2932 	INFO 	saved data to C:\Users\cocon\OneDrive\Documents\GitHub\Kiyonaga-Lab\PNR Project\Connie_Code\data/504245_KeoghRevisedRetrocueTask_2025-04-27_18h16.25.351.psydat
5.3053 	EXP 	unnamed Polygon: autoDraw = True
5.3053 	EXP 	unnamed ImageStim: autoDraw = True
5.3053 	EXP 	unnamed Polygon: autoDraw = False
5.3053 	EXP 	unnamed ImageStim: autoDraw = False
5.8910 	DEBUG 	Saving data for KeoghRevisedRetrocueTask ExperimentHandler
