5.3983 	DEBUG 	Fullscreen settings ignored as running in pilot mode.
5.3996 	INFO 	Loaded monitor calibration from ['2025_03_31 21:04']
5.7303 	EXP 	Created window1 = Window(allowGUI=False, allowStencil=False, autoLog=True, backendConf=UNKNOWN, backgroundFit=<method-wrapper '__getattribute__' of attributeSetter object at 0x0000015C8795FFD0>, backgroundImage=<method-wrapper '__getattribute__' of attributeSetter object at 0x0000015C8795E9B0>, bitsMode=UNKNOWN, blendMode='avg', bpc=(8, 8, 8), color=array([0, 0, 0]), colorSpace='rgb', depthBits=8, fullscr=False, gamma=None, gammaErrorPolicy='raise', infoMsg=UNKNOWN, lms=UNKNOWN, monitor=<psychopy.monitors.calibTools.Monitor object at 0x0000015C9451D840>, multiSample=False, name='window1', numSamples=2, pos=[560.0, 300.0], screen=0, size=array([800, 600]), stencilBits=0, stereo=False, title='PsychoPy', units='height', useFBO=True, useRetina=False, viewOri=0.0, viewPos=None, viewScale=None, waitBlanking=True, winType='pyglet')
5.7306 	EXP 	window1: backgroundImage = ''
5.7306 	EXP 	window1: backgroundFit = 'none'
5.7406 	DEBUG 	TextBox2 loaded 1 chars with 0 blanks and 1 valid
5.7412 	DEBUG 	TextBox2 loaded 1 chars with 0 blanks and 1 valid
5.7418 	DEBUG 	TextBox2 loaded 1 chars with 0 blanks and 1 valid
5.7425 	DEBUG 	TextBox2 loaded 1 chars with 0 blanks and 1 valid
5.7432 	DEBUG 	TextBox2 loaded 1 chars with 0 blanks and 1 valid
5.7436 	DEBUG 	TextBox2 loaded 1 chars with 0 blanks and 1 valid
5.7441 	DEBUG 	TextBox2 loaded 1 chars with 0 blanks and 1 valid
5.7449 	DEBUG 	TextBox2 loaded 1 chars with 0 blanks and 1 valid
5.7451 	DEBUG 	TextBox2 loaded 1 chars with 0 blanks and 1 valid
5.7454 	DEBUG 	TextBox2 loaded 1 chars with 0 blanks and 1 valid
5.7460 	DEBUG 	TextBox2 loaded 1 chars with 0 blanks and 1 valid
5.7466 	DEBUG 	TextBox2 loaded 1 chars with 0 blanks and 1 valid
5.7471 	DEBUG 	TextBox2 loaded 1 chars with 0 blanks and 1 valid
5.7478 	DEBUG 	TextBox2 loaded 1 chars with 0 blanks and 1 valid
5.7483 	DEBUG 	TextBox2 loaded 1 chars with 0 blanks and 1 valid
5.7489 	DEBUG 	TextBox2 loaded 1 chars with 0 blanks and 1 valid
5.7495 	DEBUG 	TextBox2 loaded 1 chars with 0 blanks and 1 valid
5.7498 	DEBUG 	TextBox2 loaded 1 chars with 0 blanks and 1 valid
5.7502 	DEBUG 	TextBox2 loaded 1 chars with 0 blanks and 1 valid
5.7509 	DEBUG 	TextBox2 loaded 1 chars with 0 blanks and 1 valid
5.7513 	DEBUG 	TextBox2 loaded 1 chars with 0 blanks and 1 valid
5.7517 	DEBUG 	Uploading Texture Font fontname to graphics card
5.7533 	DEBUG 	Upload of Texture Font fontname complete
5.7589 	DEBUG 	TextBox2 loaded 1 chars with 0 blanks and 1 valid
5.7597 	DEBUG 	TextBox2 loaded 1 chars with 0 blanks and 1 valid
5.7604 	DEBUG 	TextBox2 loaded 1 chars with 0 blanks and 1 valid
5.7606 	DEBUG 	Uploading Texture Font fontname to graphics card
5.7615 	DEBUG 	Upload of Texture Font fontname complete
5.7650 	EXP 	window1: Attempting to measure frame rate of screen (0) ...
5.7651 	EXP 	window1: recordFrameIntervals = False
5.9500 	EXP 	window1: recordFrameIntervals = True
6.1336 	EXP 	Screen (0) actual frame rate measured at 59.96Hz
6.1336 	EXP 	window1: recordFrameIntervals = False
6.1395 	DEBUG 	TextBox2 loaded 1 chars with 0 blanks and 1 valid
6.1405 	DEBUG 	TextBox2 loaded 1 chars with 0 blanks and 1 valid
6.1414 	DEBUG 	TextBox2 loaded 1 chars with 0 blanks and 1 valid
6.1422 	DEBUG 	TextBox2 loaded 1 chars with 0 blanks and 1 valid
6.1429 	DEBUG 	TextBox2 loaded 1 chars with 0 blanks and 1 valid
6.1437 	DEBUG 	TextBox2 loaded 1 chars with 0 blanks and 1 valid
6.1441 	DEBUG 	TextBox2 loaded 1 chars with 0 blanks and 1 valid
6.1447 	DEBUG 	TextBox2 loaded 1 chars with 0 blanks and 1 valid
6.1459 	DEBUG 	TextBox2 loaded 1 chars with 0 blanks and 1 valid
6.1470 	DEBUG 	TextBox2 loaded 1 chars with 0 blanks and 1 valid
6.1473 	DEBUG 	Uploading Texture Font fontname to graphics card
6.1490 	DEBUG 	Upload of Texture Font fontname complete
6.1625 	WARNING 	launchHubServer: If using the iohub mouse or eyetracker devices, fullScr should be True.
8.8605 	INFO 	keyboard.Keyboard is using iohub backend.
8.8605 	EXP 	KeoghRevisedRetrocueTask: status = STARTED
8.8607 	INFO 	keyboard.Keyboard is using iohub backend.
8.8784 	EXP 	Created unnamed ImageStim = ImageStim(__class__=<class 'psychopy.visual.image.ImageStim'>, anchor=('center', 'center'), autoLog=True, color=array([1., 1., 1.]), colorSpace='rgb', contrast=1.0, depth=0, draggable=False, flipHoriz=False, flipVert=False, image=str(...), interpolate=False, mask=None, maskParams=None, name='unnamed ImageStim', opacity=1, ori=0.0, pos=array([0., 0.]), size=array([0.12, 0.12]), texRes=128, units='height', win=Window(...))
8.8905 	EXP 	Created unnamed ImageStim = ImageStim(__class__=<class 'psychopy.visual.image.ImageStim'>, anchor=('center', 'center'), autoLog=True, color=array([1., 1., 1.]), colorSpace='rgb', contrast=1.0, depth=0, draggable=False, flipHoriz=False, flipVert=False, image=str(...), interpolate=False, mask=None, maskParams=None, name='unnamed ImageStim', opacity=1, ori=0.0, pos=array([0., 0.]), size=array([0.12, 0.12]), texRes=128, units='height', win=Window(...))
8.8934 	EXP 	Created unnamed Polygon = Polygon(__class__=<class 'psychopy.visual.polygon.Polygon'>, anchor=('center', 'center'), autoDraw=False, autoLog=True, closeShape=True, color=method-wrapper(...), colorSpace='rgb255', contrast=None, depth=0, draggable=False, fillColor=array([128, 115,  96]), fillColorSpace='rgb255', fillRGB=array([ 0.00392157, -0.09803922, -0.24705882]), interpolate=True, lineColor=array([255., 255., 255.]), lineColorSpace='rgb255', lineRGB=array([1, 1, 1]), lineWidth=1.5, name='unnamed Polygon', opacity=1, ori=45.0, pos=array([0., 0.]), size=array([0.06, 0.06]), units='height', vertices=ndarray(...), win=Window(...))
0.0232 	EXP 	KeoghRevisedRetrocueTask: status = STOPPED
0.0682 	INFO 	saved data to 'C:\\Users\\cocon\\OneDrive\\Documents\\GitHub\\Kiyonaga-Lab\\PNR Project\\Connie_Code\\data/505396_KeoghRevisedRetrocueTask_2025-04-28_14h06.56.666.csv'
0.0690 	INFO 	saved data to C:\Users\cocon\OneDrive\Documents\GitHub\Kiyonaga-Lab\PNR Project\Connie_Code\data/505396_KeoghRevisedRetrocueTask_2025-04-28_14h06.56.666.psydat
0.4578 	DEBUG 	Saving data for KeoghRevisedRetrocueTask ExperimentHandler
