4.1032 	DEBUG 	Fullscreen settings ignored as running in pilot mode.
4.1042 	INFO 	Loaded monitor calibration from ['2025_03_31 21:04']
4.3498 	EXP 	Created window1 = Window(allowGUI=False, allowStencil=False, autoLog=True, backendConf=UNKNOWN, backgroundFit=<method-wrapper '__getattribute__' of attributeSetter object at 0x0000015CACAA06D0>, backgroundImage=<method-wrapper '__getattribute__' of attributeSetter object at 0x0000015CACAA0730>, bitsMode=UNKNOWN, blendMode='avg', bpc=(8, 8, 8), color=array([0, 0, 0]), colorSpace='rgb', depthBits=8, fullscr=False, gamma=None, gammaErrorPolicy='raise', infoMsg=UNKNOWN, lms=UNKNOWN, monitor=<psychopy.monitors.calibTools.Monitor object at 0x0000015CB9731B40>, multiSample=False, name='window1', numSamples=2, pos=[560.0, 300.0], screen=0, size=array([800, 600]), stencilBits=0, stereo=False, title='PsychoPy', units='height', useFBO=True, useRetina=False, viewOri=0.0, viewPos=None, viewScale=None, waitBlanking=True, winType='pyglet')
4.3498 	EXP 	window1: backgroundImage = ''
4.3498 	EXP 	window1: backgroundFit = 'none'
4.3590 	DEBUG 	TextBox2 loaded 1 chars with 0 blanks and 1 valid
4.3596 	DEBUG 	TextBox2 loaded 1 chars with 0 blanks and 1 valid
4.3601 	DEBUG 	TextBox2 loaded 1 chars with 0 blanks and 1 valid
4.3607 	DEBUG 	TextBox2 loaded 1 chars with 0 blanks and 1 valid
4.3614 	DEBUG 	TextBox2 loaded 1 chars with 0 blanks and 1 valid
4.3617 	DEBUG 	TextBox2 loaded 1 chars with 0 blanks and 1 valid
4.3622 	DEBUG 	TextBox2 loaded 1 chars with 0 blanks and 1 valid
4.3628 	DEBUG 	TextBox2 loaded 1 chars with 0 blanks and 1 valid
4.3630 	DEBUG 	TextBox2 loaded 1 chars with 0 blanks and 1 valid
4.3633 	DEBUG 	TextBox2 loaded 1 chars with 0 blanks and 1 valid
4.3638 	DEBUG 	TextBox2 loaded 1 chars with 0 blanks and 1 valid
4.3642 	DEBUG 	TextBox2 loaded 1 chars with 0 blanks and 1 valid
4.3646 	DEBUG 	TextBox2 loaded 1 chars with 0 blanks and 1 valid
4.3651 	DEBUG 	TextBox2 loaded 1 chars with 0 blanks and 1 valid
4.3655 	DEBUG 	TextBox2 loaded 1 chars with 0 blanks and 1 valid
4.3660 	DEBUG 	TextBox2 loaded 1 chars with 0 blanks and 1 valid
4.3665 	DEBUG 	TextBox2 loaded 1 chars with 0 blanks and 1 valid
4.3668 	DEBUG 	TextBox2 loaded 1 chars with 0 blanks and 1 valid
4.3671 	DEBUG 	TextBox2 loaded 1 chars with 0 blanks and 1 valid
4.3677 	DEBUG 	TextBox2 loaded 1 chars with 0 blanks and 1 valid
4.3681 	DEBUG 	TextBox2 loaded 1 chars with 0 blanks and 1 valid
4.3686 	DEBUG 	Uploading Texture Font fontname to graphics card
4.3703 	DEBUG 	Upload of Texture Font fontname complete
4.3746 	DEBUG 	TextBox2 loaded 1 chars with 0 blanks and 1 valid
4.3752 	DEBUG 	TextBox2 loaded 1 chars with 0 blanks and 1 valid
4.3758 	DEBUG 	TextBox2 loaded 1 chars with 0 blanks and 1 valid
4.3759 	DEBUG 	Uploading Texture Font fontname to graphics card
4.3764 	DEBUG 	Upload of Texture Font fontname complete
4.3777 	EXP 	window1: Attempting to measure frame rate of screen (0) ...
4.3778 	EXP 	window1: recordFrameIntervals = False
4.5518 	EXP 	window1: recordFrameIntervals = True
4.7348 	EXP 	Screen (0) actual frame rate measured at 59.97Hz
4.7348 	EXP 	window1: recordFrameIntervals = False
4.7385 	DEBUG 	TextBox2 loaded 1 chars with 0 blanks and 1 valid
4.7389 	DEBUG 	TextBox2 loaded 1 chars with 0 blanks and 1 valid
4.7394 	DEBUG 	TextBox2 loaded 1 chars with 0 blanks and 1 valid
4.7401 	DEBUG 	TextBox2 loaded 1 chars with 0 blanks and 1 valid
4.7407 	DEBUG 	TextBox2 loaded 1 chars with 0 blanks and 1 valid
4.7414 	DEBUG 	TextBox2 loaded 1 chars with 0 blanks and 1 valid
4.7417 	DEBUG 	TextBox2 loaded 1 chars with 0 blanks and 1 valid
4.7423 	DEBUG 	TextBox2 loaded 1 chars with 0 blanks and 1 valid
4.7429 	DEBUG 	TextBox2 loaded 1 chars with 0 blanks and 1 valid
4.7435 	DEBUG 	TextBox2 loaded 1 chars with 0 blanks and 1 valid
4.7437 	DEBUG 	Uploading Texture Font fontname to graphics card
4.7442 	DEBUG 	Upload of Texture Font fontname complete
4.7539 	WARNING 	launchHubServer: If using the iohub mouse or eyetracker devices, fullScr should be True.
6.8321 	INFO 	keyboard.Keyboard is using iohub backend.
6.8321 	EXP 	KeoghRevisedRetrocueTask: status = STARTED
6.8322 	INFO 	keyboard.Keyboard is using iohub backend.
6.8351 	EXP 	Created unnamed Polygon = Polygon(__class__=<class 'psychopy.visual.polygon.Polygon'>, anchor=('center', 'center'), autoDraw=False, autoLog=True, closeShape=True, color=method-wrapper(...), colorSpace='rgb255', contrast=None, depth=0, draggable=False, fillColor=array([128, 115,  96]), fillColorSpace='rgb255', fillRGB=array([ 0.00392157, -0.09803922, -0.24705882]), interpolate=True, lineColor=array([255., 255., 255.]), lineColorSpace='rgb255', lineRGB=array([1, 1, 1]), lineWidth=1.5, name='unnamed Polygon', opacity=1, ori=45.0, pos=array([0., 0.]), size=array([0.06, 0.06]), units='height', vertices=ndarray(...), win=Window(...))
0.0175 	EXP 	unnamed Polygon: fillColor = [128, 115, 96]
0.0353 	EXP 	Created unnamed ImageStim = ImageStim(__class__=<class 'psychopy.visual.image.ImageStim'>, anchor=('center', 'center'), autoLog=True, color=array([1., 1., 1.]), colorSpace='rgb', contrast=1.0, depth=0, draggable=False, flipHoriz=False, flipVert=False, image=str(...), interpolate=False, mask=None, maskParams=None, name='unnamed ImageStim', opacity=1, ori=0.0, pos=array([0., 0.]), size=array([0.12, 0.12]), texRes=128, units='height', win=Window(...))
0.0363 	INFO 	Keyboard events cleared
0.0492 	EXP 	unnamed Polygon: foreColor = [128, 115, 96]
0.0492 	EXP 	unnamed Polygon: fillColor = [128, 115, 96]
0.0492 	EXP 	unnamed Polygon: borderColor = [128, 115, 96]
0.0492 	EXP 	unnamed Polygon: color = [128, 115, 96]
0.0492 	EXP 	unnamed Polygon: autoDraw = True
0.0492 	EXP 	unnamed ImageStim: autoDraw = True
3.0667 	EXP 	unnamed Polygon: autoDraw = False
3.0667 	EXP 	unnamed ImageStim: autoDraw = False
3.0795 	EXP 	Created unnamed ImageStim = ImageStim(__class__=<class 'psychopy.visual.image.ImageStim'>, anchor=('center', 'center'), autoLog=True, color=array([1., 1., 1.]), colorSpace='rgb', contrast=1.0, depth=0, draggable=False, flipHoriz=False, flipVert=False, image=str(...), interpolate=False, mask=None, maskParams=None, name='unnamed ImageStim', opacity=1, ori=0.0, pos=array([0., 0.]), size=array([0.12, 0.12]), texRes=128, units='height', win=Window(...))
3.1005 	EXP 	unnamed ImageStim: ori = 180
3.1005 	EXP 	unnamed Polygon: foreColor = [64, 128, 72]
3.1005 	EXP 	unnamed Polygon: fillColor = [64, 128, 72]
3.1005 	EXP 	unnamed Polygon: borderColor = [64, 128, 72]
3.1005 	EXP 	unnamed Polygon: color = [64, 128, 72]
3.1005 	EXP 	unnamed Polygon: autoDraw = True
3.1005 	EXP 	unnamed ImageStim: autoDraw = True
5.1160 	EXP 	unnamed ImageStim: autoDraw = False
5.1182 	INFO 	Keyboard events cleared
5.1325 	EXP 	unnamed Polygon: autoDraw = False
5.1325 	EXP 	unnamed ImageStim: autoDraw = False
5.1504 	EXP 	KeoghRevisedRetrocueTask: status = STOPPED
5.1537 	INFO 	saved data to 'C:\\Users\\cocon\\OneDrive\\Documents\\GitHub\\Kiyonaga-Lab\\PNR Project\\Connie_Code\\data/551712_KeoghRevisedRetrocueTask_2025-04-28_15h24.31.709.csv'
5.1543 	INFO 	saved data to C:\Users\cocon\OneDrive\Documents\GitHub\Kiyonaga-Lab\PNR Project\Connie_Code\data/551712_KeoghRevisedRetrocueTask_2025-04-28_15h24.31.709.psydat
5.5022 	DEBUG 	Saving data for KeoghRevisedRetrocueTask ExperimentHandler
