3.6734 	DEBUG 	Fullscreen settings ignored as running in pilot mode.
3.6739 	INFO 	Loaded monitor calibration from ['2025_04_06 13:23']
3.8522 	EXP 	Created window1 = Window(allowGUI=False, allowStencil=False, autoLog=True, backendConf=UNKNOWN, backgroundFit=<method-wrapper '__getattribute__' of attributeSetter object at 0x00000226806261A0>, backgroundImage=<method-wrapper '__getattribute__' of attributeSetter object at 0x0000022680626140>, bitsMode=UNKNOWN, blendMode='avg', bpc=(8, 8, 8), color=array([0, 0, 0]), colorSpace='rgb', depthBits=8, fullscr=False, gamma=None, gammaErrorPolicy='raise', infoMsg=UNKNOWN, lms=UNKNOWN, monitor=<psychopy.monitors.calibTools.Monitor object at 0x00000226806B2F20>, multiSample=False, name='window1', numSamples=2, pos=[560.0, 240.0], screen=0, size=array([800, 600]), stencilBits=0, stereo=False, title='PsychoPy', units='height', useFBO=True, useRetina=False, viewOri=0.0, viewPos=None, viewScale=None, waitBlanking=True, winType='pyglet')
3.8523 	EXP 	window1: backgroundImage = ''
3.8523 	EXP 	window1: backgroundFit = 'none'
3.8572 	DEBUG 	TextBox2 loaded 1 chars with 0 blanks and 1 valid
3.8577 	DEBUG 	TextBox2 loaded 1 chars with 0 blanks and 1 valid
3.8581 	DEBUG 	TextBox2 loaded 1 chars with 0 blanks and 1 valid
3.8586 	DEBUG 	TextBox2 loaded 1 chars with 0 blanks and 1 valid
3.8592 	DEBUG 	TextBox2 loaded 1 chars with 0 blanks and 1 valid
3.8594 	DEBUG 	TextBox2 loaded 1 chars with 0 blanks and 1 valid
3.8599 	DEBUG 	TextBox2 loaded 1 chars with 0 blanks and 1 valid
3.8604 	DEBUG 	TextBox2 loaded 1 chars with 0 blanks and 1 valid
3.8606 	DEBUG 	TextBox2 loaded 1 chars with 0 blanks and 1 valid
3.8609 	DEBUG 	TextBox2 loaded 1 chars with 0 blanks and 1 valid
3.8613 	DEBUG 	TextBox2 loaded 1 chars with 0 blanks and 1 valid
3.8617 	DEBUG 	TextBox2 loaded 1 chars with 0 blanks and 1 valid
3.8621 	DEBUG 	TextBox2 loaded 1 chars with 0 blanks and 1 valid
3.8625 	DEBUG 	TextBox2 loaded 1 chars with 0 blanks and 1 valid
3.8630 	DEBUG 	TextBox2 loaded 1 chars with 0 blanks and 1 valid
3.8634 	DEBUG 	TextBox2 loaded 1 chars with 0 blanks and 1 valid
3.8638 	DEBUG 	TextBox2 loaded 1 chars with 0 blanks and 1 valid
3.8641 	DEBUG 	TextBox2 loaded 1 chars with 0 blanks and 1 valid
3.8644 	DEBUG 	TextBox2 loaded 1 chars with 0 blanks and 1 valid
3.8649 	DEBUG 	TextBox2 loaded 1 chars with 0 blanks and 1 valid
3.8652 	DEBUG 	TextBox2 loaded 1 chars with 0 blanks and 1 valid
3.8654 	DEBUG 	Uploading Texture Font fontname to graphics card
3.8662 	DEBUG 	Upload of Texture Font fontname complete
3.8703 	DEBUG 	TextBox2 loaded 1 chars with 0 blanks and 1 valid
3.8709 	DEBUG 	TextBox2 loaded 1 chars with 0 blanks and 1 valid
3.8714 	DEBUG 	TextBox2 loaded 1 chars with 0 blanks and 1 valid
3.8716 	DEBUG 	Uploading Texture Font fontname to graphics card
3.8724 	DEBUG 	Upload of Texture Font fontname complete
3.8740 	EXP 	window1: Attempting to measure frame rate of screen (0) ...
3.8740 	EXP 	window1: recordFrameIntervals = False
4.0094 	EXP 	window1: recordFrameIntervals = True
4.8341 	EXP 	Screen (0) actual frame rate measured at 76.40Hz
4.8341 	EXP 	window1: recordFrameIntervals = False
4.8368 	DEBUG 	TextBox2 loaded 1 chars with 0 blanks and 1 valid
4.8372 	DEBUG 	TextBox2 loaded 1 chars with 0 blanks and 1 valid
4.8377 	DEBUG 	TextBox2 loaded 1 chars with 0 blanks and 1 valid
4.8383 	DEBUG 	TextBox2 loaded 1 chars with 0 blanks and 1 valid
4.8388 	DEBUG 	TextBox2 loaded 1 chars with 0 blanks and 1 valid
4.8394 	DEBUG 	TextBox2 loaded 1 chars with 0 blanks and 1 valid
4.8397 	DEBUG 	TextBox2 loaded 1 chars with 0 blanks and 1 valid
4.8402 	DEBUG 	TextBox2 loaded 1 chars with 0 blanks and 1 valid
4.8408 	DEBUG 	TextBox2 loaded 1 chars with 0 blanks and 1 valid
4.8414 	DEBUG 	TextBox2 loaded 1 chars with 0 blanks and 1 valid
4.8415 	DEBUG 	Uploading Texture Font fontname to graphics card
4.8420 	DEBUG 	Upload of Texture Font fontname complete
4.8504 	WARNING 	launchHubServer: If using the iohub mouse or eyetracker devices, fullScr should be True.
6.5070 	INFO 	keyboard.Keyboard is using iohub backend.
6.5070 	EXP 	KeoghRevisedRetrocueTask: status = STARTED
6.5071 	INFO 	keyboard.Keyboard is using iohub backend.
6.5175 	EXP 	Created unnamed ImageStim = ImageStim(__class__=<class 'psychopy.visual.image.ImageStim'>, anchor=('center', 'center'), autoLog=True, color=array([1., 1., 1.]), colorSpace='rgb', contrast=1.0, depth=0, draggable=False, flipHoriz=False, flipVert=False, image=str(...), interpolate=False, mask=None, maskParams=None, name='unnamed ImageStim', opacity=1, ori=0.0, pos=array([0., 0.]), size=array([0.12, 0.12]), texRes=128, units='height', win=Window(...))
6.5251 	EXP 	Created unnamed ImageStim = ImageStim(__class__=<class 'psychopy.visual.image.ImageStim'>, anchor=('center', 'center'), autoLog=True, color=array([1., 1., 1.]), colorSpace='rgb', contrast=1.0, depth=0, draggable=False, flipHoriz=False, flipVert=False, image=str(...), interpolate=False, mask=None, maskParams=None, name='unnamed ImageStim', opacity=1, ori=0.0, pos=array([0., 0.]), size=array([0.12, 0.12]), texRes=128, units='height', win=Window(...))
6.5266 	EXP 	Created unnamed Polygon = Polygon(__class__=<class 'psychopy.visual.polygon.Polygon'>, anchor=('center', 'center'), autoDraw=False, autoLog=True, closeShape=True, color=method-wrapper(...), colorSpace='rgb255', contrast=None, depth=0, draggable=False, fillColor=array([128, 115,  96]), fillColorSpace='rgb255', fillRGB=array([ 0.00392157, -0.09803922, -0.24705882]), interpolate=True, lineColor=array([255., 255., 255.]), lineColorSpace='rgb255', lineRGB=array([1, 1, 1]), lineWidth=1.5, name='unnamed Polygon', opacity=1, ori=45.0, pos=array([0., 0.]), size=array([0.06, 0.06]), units='height', vertices=ndarray(...), win=Window(...))
0.0303 	EXP 	unnamed ImageStim: ori = 180
0.0303 	EXP 	unnamed Polygon: foreColor = [64, 128, 72]
0.0303 	EXP 	unnamed Polygon: fillColor = [64, 128, 72]
0.0303 	EXP 	unnamed Polygon: borderColor = [64, 128, 72]
0.0303 	EXP 	unnamed Polygon: color = [64, 128, 72]
0.0303 	EXP 	unnamed Polygon: autoDraw = True
0.0303 	EXP 	unnamed ImageStim: autoDraw = True
2.0459 	EXP 	unnamed ImageStim: autoDraw = False
2.0472 	INFO 	Keyboard events cleared
2.0578 	EXP 	unnamed Polygon: autoDraw = False
2.0588 	EXP 	KeoghRevisedRetrocueTask: status = STOPPED
2.0609 	INFO 	saved data to 'C:\\Users\\cocon\\OneDrive\\Documents\\GitHub\\Kiyonaga-Lab\\PNR Project\\Connie_Code\\data/567430_KeoghRevisedRetrocueTask_2025-04-27_18h24.32.943.csv'
2.0614 	INFO 	saved data to C:\Users\cocon\OneDrive\Documents\GitHub\Kiyonaga-Lab\PNR Project\Connie_Code\data/567430_KeoghRevisedRetrocueTask_2025-04-27_18h24.32.943.psydat
2.4136 	DEBUG 	Saving data for KeoghRevisedRetrocueTask ExperimentHandler
