4.1522 	DEBUG 	Fullscreen settings ignored as running in pilot mode.
4.1528 	INFO 	Loaded monitor calibration from ['2025_03_31 21:04']
4.4113 	EXP 	Created window1 = Window(allowGUI=False, allowStencil=False, autoLog=True, backendConf=UNKNOWN, backgroundFit=<method-wrapper '__getattribute__' of attributeSetter object at 0x0000015A1E7B4280>, backgroundImage=<method-wrapper '__getattribute__' of attributeSetter object at 0x0000015A1E7B42E0>, bitsMode=UNKNOWN, blendMode='avg', bpc=(8, 8, 8), color=array([0, 0, 0]), colorSpace='rgb', depthBits=8, fullscr=False, gamma=None, gammaErrorPolicy='raise', infoMsg=UNKNOWN, lms=UNKNOWN, monitor=<psychopy.monitors.calibTools.Monitor object at 0x0000015A1F7520B0>, multiSample=False, name='window1', numSamples=2, pos=[560.0, 300.0], screen=0, size=array([800, 600]), stencilBits=0, stereo=False, title='PsychoPy', units='height', useFBO=True, useRetina=False, viewOri=0.0, viewPos=None, viewScale=None, waitBlanking=True, winType='pyglet')
4.4114 	EXP 	window1: backgroundImage = ''
4.4114 	EXP 	window1: backgroundFit = 'none'
4.4190 	DEBUG 	TextBox2 loaded 1 chars with 0 blanks and 1 valid
4.4195 	DEBUG 	TextBox2 loaded 1 chars with 0 blanks and 1 valid
4.4200 	DEBUG 	TextBox2 loaded 1 chars with 0 blanks and 1 valid
4.4206 	DEBUG 	TextBox2 loaded 1 chars with 0 blanks and 1 valid
4.4212 	DEBUG 	TextBox2 loaded 1 chars with 0 blanks and 1 valid
4.4216 	DEBUG 	TextBox2 loaded 1 chars with 0 blanks and 1 valid
4.4221 	DEBUG 	TextBox2 loaded 1 chars with 0 blanks and 1 valid
4.4227 	DEBUG 	TextBox2 loaded 1 chars with 0 blanks and 1 valid
4.4230 	DEBUG 	TextBox2 loaded 1 chars with 0 blanks and 1 valid
4.4232 	DEBUG 	TextBox2 loaded 1 chars with 0 blanks and 1 valid
4.4237 	DEBUG 	TextBox2 loaded 1 chars with 0 blanks and 1 valid
4.4242 	DEBUG 	TextBox2 loaded 1 chars with 0 blanks and 1 valid
4.4247 	DEBUG 	TextBox2 loaded 1 chars with 0 blanks and 1 valid
4.4252 	DEBUG 	TextBox2 loaded 1 chars with 0 blanks and 1 valid
4.4256 	DEBUG 	TextBox2 loaded 1 chars with 0 blanks and 1 valid
4.4261 	DEBUG 	TextBox2 loaded 1 chars with 0 blanks and 1 valid
4.4266 	DEBUG 	TextBox2 loaded 1 chars with 0 blanks and 1 valid
4.4270 	DEBUG 	TextBox2 loaded 1 chars with 0 blanks and 1 valid
4.4273 	DEBUG 	TextBox2 loaded 1 chars with 0 blanks and 1 valid
4.4280 	DEBUG 	TextBox2 loaded 1 chars with 0 blanks and 1 valid
4.4283 	DEBUG 	TextBox2 loaded 1 chars with 0 blanks and 1 valid
4.4285 	DEBUG 	Uploading Texture Font fontname to graphics card
4.4296 	DEBUG 	Upload of Texture Font fontname complete
4.4352 	DEBUG 	TextBox2 loaded 1 chars with 0 blanks and 1 valid
4.4360 	DEBUG 	TextBox2 loaded 1 chars with 0 blanks and 1 valid
4.4366 	DEBUG 	TextBox2 loaded 1 chars with 0 blanks and 1 valid
4.4368 	DEBUG 	Uploading Texture Font fontname to graphics card
4.4377 	DEBUG 	Upload of Texture Font fontname complete
4.4393 	EXP 	window1: Attempting to measure frame rate of screen (0) ...
4.4393 	EXP 	window1: recordFrameIntervals = False
4.6147 	EXP 	window1: recordFrameIntervals = True
4.7986 	EXP 	Screen (0) actual frame rate measured at 60.07Hz
4.7986 	EXP 	window1: recordFrameIntervals = False
4.8022 	DEBUG 	TextBox2 loaded 1 chars with 0 blanks and 1 valid
4.8026 	DEBUG 	TextBox2 loaded 1 chars with 0 blanks and 1 valid
4.8037 	DEBUG 	TextBox2 loaded 1 chars with 0 blanks and 1 valid
4.8044 	DEBUG 	TextBox2 loaded 1 chars with 0 blanks and 1 valid
4.8050 	DEBUG 	TextBox2 loaded 1 chars with 0 blanks and 1 valid
4.8056 	DEBUG 	TextBox2 loaded 1 chars with 0 blanks and 1 valid
4.8060 	DEBUG 	TextBox2 loaded 1 chars with 0 blanks and 1 valid
4.8065 	DEBUG 	TextBox2 loaded 1 chars with 0 blanks and 1 valid
4.8072 	DEBUG 	TextBox2 loaded 1 chars with 0 blanks and 1 valid
4.8079 	DEBUG 	TextBox2 loaded 1 chars with 0 blanks and 1 valid
4.8084 	DEBUG 	Uploading Texture Font fontname to graphics card
4.8091 	DEBUG 	Upload of Texture Font fontname complete
4.8195 	WARNING 	launchHubServer: If using the iohub mouse or eyetracker devices, fullScr should be True.
6.7910 	INFO 	keyboard.Keyboard is using iohub backend.
6.7910 	EXP 	KeoghRevisedRetrocueTask: status = STARTED
6.7911 	INFO 	keyboard.Keyboard is using iohub backend.
6.7934 	EXP 	Created unnamed Polygon = Polygon(__class__=<class 'psychopy.visual.polygon.Polygon'>, anchor=('center', 'center'), autoDraw=False, autoLog=True, closeShape=True, color=method-wrapper(...), colorSpace='rgb255', contrast=None, depth=0, draggable=False, fillColor=array([128, 115,  96]), fillColorSpace='rgb255', fillRGB=array([ 0.00392157, -0.09803922, -0.24705882]), interpolate=True, lineColor=array([255., 255., 255.]), lineColorSpace='rgb255', lineRGB=array([1, 1, 1]), lineWidth=1.5, name='unnamed Polygon', opacity=1, ori=45.0, pos=array([0., 0.]), size=array([0.06, 0.06]), units='height', vertices=ndarray(...), win=Window(...))
6.8072 	EXP 	Created circle = ImageStim(__class__=<class 'psychopy.visual.image.ImageStim'>, anchor=('center', 'center'), autoLog=True, color=array([1., 1., 1.]), colorSpace='rgb', contrast=1.0, depth=-1.0, draggable=False, flipHoriz=False, flipVert=False, image=str(...), interpolate=True, mask=None, maskParams=None, name='circle', opacity=1, ori=0.0, pos=array([0., 0.]), size=array([0.5, 0.5]), texRes=128.0, units='height', win=Window(...))
0.0250 	EXP 	circle: autoDraw = True
8.3537 	DATA 	Keypress: escape
8.4587 	EXP 	KeoghRevisedRetrocueTask: status = STOPPED
8.4733 	EXP 	circle: autoDraw = False
8.4748 	EXP 	KeoghRevisedRetrocueTask: status = STOPPED
8.4780 	INFO 	saved data to 'C:\\Users\\cocon\\OneDrive\\Documents\\GitHub\\Kiyonaga-Lab\\PNR Project\\Connie_Code\\data/605815_KeoghRevisedRetrocueTask_2025-04-28_14h42.33.356.csv'
8.4785 	INFO 	saved data to C:\Users\cocon\OneDrive\Documents\GitHub\Kiyonaga-Lab\PNR Project\Connie_Code\data/605815_KeoghRevisedRetrocueTask_2025-04-28_14h42.33.356.psydat
8.9831 	DEBUG 	Saving data for KeoghRevisedRetrocueTask ExperimentHandler
