2.5378 	WARNING 	Monitor specification not found. Creating a temporary one...
4.6851 	DEBUG 	Fullscreen settings ignored as running in pilot mode.
4.6857 	INFO 	Loaded monitor calibration from ['2025_04_06 13:23']
4.7402 	EXP 	Created window1 = Window(allowGUI=False, allowStencil=False, autoLog=True, backendConf=UNKNOWN, backgroundFit=<method-wrapper '__getattribute__' of attributeSetter object at 0x0000022B467C7AF0>, backgroundImage=<method-wrapper '__getattribute__' of attributeSetter object at 0x0000022B467C7B50>, bitsMode=UNKNOWN, blendMode='avg', bpc=(8, 8, 8), color=array([0, 0, 0]), colorSpace='rgb', depthBits=8, fullscr=False, gamma=None, gammaErrorPolicy='raise', infoMsg=UNKNOWN, lms=UNKNOWN, monitor=<psychopy.monitors.calibTools.Monitor object at 0x0000022B4B4AD600>, multiSample=False, name='window1', numSamples=2, pos=[560.0, 240.0], screen=0, size=array([800, 600]), stencilBits=0, stereo=False, title='PsychoPy', units='height', useFBO=True, useRetina=False, viewOri=0.0, viewPos=None, viewScale=None, waitBlanking=True, winType='pyglet')
4.7402 	EXP 	window1: backgroundImage = ''
4.7402 	EXP 	window1: backgroundFit = 'none'
4.7482 	EXP 	window1: Attempting to measure frame rate of screen (0) ...
4.7482 	EXP 	window1: recordFrameIntervals = False
4.8765 	EXP 	window1: recordFrameIntervals = True
5.0223 	EXP 	Screen (0) actual frame rate measured at 75.06Hz
5.0223 	EXP 	window1: recordFrameIntervals = False
5.0255 	DEBUG 	TextBox2 loaded 1 chars with 0 blanks and 1 valid
5.0258 	DEBUG 	TextBox2 loaded 1 chars with 0 blanks and 1 valid
5.0263 	DEBUG 	TextBox2 loaded 1 chars with 0 blanks and 1 valid
5.0269 	DEBUG 	TextBox2 loaded 1 chars with 0 blanks and 1 valid
5.0274 	DEBUG 	TextBox2 loaded 1 chars with 0 blanks and 1 valid
5.0280 	DEBUG 	TextBox2 loaded 1 chars with 0 blanks and 1 valid
5.0283 	DEBUG 	TextBox2 loaded 1 chars with 0 blanks and 1 valid
5.0288 	DEBUG 	TextBox2 loaded 1 chars with 0 blanks and 1 valid
5.0294 	DEBUG 	TextBox2 loaded 1 chars with 0 blanks and 1 valid
5.0299 	DEBUG 	TextBox2 loaded 1 chars with 0 blanks and 1 valid
5.0301 	DEBUG 	Uploading Texture Font fontname to graphics card
5.0305 	DEBUG 	Upload of Texture Font fontname complete
5.0390 	WARNING 	launchHubServer: If using the iohub mouse or eyetracker devices, fullScr should be True.
6.7961 	INFO 	keyboard.Keyboard is using iohub backend.
6.7961 	EXP 	KeoghRevisedRetrocueTask: status = STARTED
6.7962 	INFO 	keyboard.Keyboard is using iohub backend.
6.8067 	EXP 	Created unnamed ImageStim = ImageStim(__class__=<class 'psychopy.visual.image.ImageStim'>, anchor=('center', 'center'), autoLog=True, color=array([1., 1., 1.]), colorSpace='rgb', contrast=1.0, depth=0, draggable=False, flipHoriz=False, flipVert=False, image=str(...), interpolate=False, mask=None, maskParams=None, name='unnamed ImageStim', opacity=1, ori=0.0, pos=array([0., 0.]), size=array([0.12, 0.12]), texRes=128, units='height', win=Window(...))
6.8147 	EXP 	Created unnamed ImageStim = ImageStim(__class__=<class 'psychopy.visual.image.ImageStim'>, anchor=('center', 'center'), autoLog=True, color=array([1., 1., 1.]), colorSpace='rgb', contrast=1.0, depth=0, draggable=False, flipHoriz=False, flipVert=False, image=str(...), interpolate=False, mask=None, maskParams=None, name='unnamed ImageStim', opacity=1, ori=0.0, pos=array([0., 0.]), size=array([0.12, 0.12]), texRes=128, units='height', win=Window(...))
6.8166 	EXP 	Created unnamed Polygon = Polygon(__class__=<class 'psychopy.visual.polygon.Polygon'>, anchor=('center', 'center'), autoDraw=False, autoLog=True, closeShape=True, color=method-wrapper(...), colorSpace='rgb255', contrast=None, depth=0, draggable=False, fillColor=array([128, 115,  96]), fillColorSpace='rgb255', fillRGB=array([ 0.00392157, -0.09803922, -0.24705882]), interpolate=True, lineColor=array([255., 255., 255.]), lineColorSpace='rgb255', lineRGB=array([1, 1, 1]), lineWidth=1.5, name='unnamed Polygon', opacity=1, ori=45.0, pos=array([0., 0.]), size=array([0.06, 0.06]), units='height', vertices=ndarray(...), win=Window(...))
0.0093 	INFO 	Keyboard events cleared
0.0220 	EXP 	unnamed Polygon: autoDraw = True
0.0220 	EXP 	unnamed ImageStim: autoDraw = True
0.5274 	EXP 	Created unnamed ImageStim = ImageStim(__class__=<class 'psychopy.visual.image.ImageStim'>, anchor=('center', 'center'), autoLog=True, color=array([1., 1., 1.]), colorSpace='rgb', contrast=1.0, depth=0, draggable=False, flipHoriz=False, flipVert=False, image=None, interpolate=False, mask=None, maskParams=None, name='unnamed ImageStim', opacity=1, ori=0.0, pos=array([-250.,    0.]), size=array([1., 1.]), texRes=128, units='height', win=Window(...))
0.5282 	EXP 	Created unnamed ImageStim = ImageStim(__class__=<class 'psychopy.visual.image.ImageStim'>, anchor=('center', 'center'), autoLog=True, color=array([1., 1., 1.]), colorSpace='rgb', contrast=1.0, depth=0, draggable=False, flipHoriz=False, flipVert=False, image=None, interpolate=False, mask=None, maskParams=None, name='unnamed ImageStim', opacity=1, ori=0.0, pos=array([250.,   0.]), size=array([1., 1.]), texRes=128, units='height', win=Window(...))
0.7804 	EXP 	Created unnamed ImageStim = ImageStim(__class__=<class 'psychopy.visual.image.ImageStim'>, anchor=('center', 'center'), autoLog=True, color=array([1., 1., 1.]), colorSpace='rgb', contrast=1.0, depth=0, draggable=False, flipHoriz=False, flipVert=False, image=str(...), interpolate=False, mask=None, maskParams=None, name='unnamed ImageStim', opacity=1, ori=0.0, pos=array([0., 0.]), size=array([1.70666667, 1.28      ]), texRes=128, units='height', win=Window(...))
0.7808 	INFO 	Keyboard events cleared
0.7956 	EXP 	unnamed ImageStim: image = 'C:/Users/cocon/OneDrive/Documents/GitHub/Kiyonaga-Lab/PNR Project/stimuli/Mycah/sphere/concreteball.jpg'
0.7956 	EXP 	unnamed ImageStim: image = 'C:/Users/cocon/OneDrive/Documents/GitHub/Kiyonaga-Lab/PNR Project/stimuli/Connie/cube/grayCube.png'
0.7956 	EXP 	unnamed ImageStim: autoDraw = True
0.7956 	EXP 	unnamed ImageStim: autoDraw = True
0.7956 	EXP 	unnamed Polygon: autoDraw = True
0.7956 	EXP 	unnamed ImageStim: autoDraw = True
2.8102 	EXP 	unnamed ImageStim: autoDraw = False
2.8102 	EXP 	unnamed ImageStim: autoDraw = False
4.8267 	EXP 	unnamed Polygon: autoDraw = False
4.8267 	EXP 	unnamed ImageStim: autoDraw = False
4.8398 	EXP 	KeoghRevisedRetrocueTask: status = STOPPED
4.8411 	INFO 	saved data to 'C:\\Users\\cocon\\OneDrive\\Documents\\GitHub\\Kiyonaga-Lab\\PNR Project\\Connie_Code\\data/713542_KeoghRevisedRetrocueTask_2025-04-27_18h17.42.036.csv'
4.8416 	INFO 	saved data to C:\Users\cocon\OneDrive\Documents\GitHub\Kiyonaga-Lab\PNR Project\Connie_Code\data/713542_KeoghRevisedRetrocueTask_2025-04-27_18h17.42.036.psydat
5.3699 	DEBUG 	Saving data for KeoghRevisedRetrocueTask ExperimentHandler
