12.3380 	DEBUG 	Fullscreen settings ignored as running in pilot mode.
12.3590 	INFO 	Loaded monitor calibration from ['2025_03_31 21:04']
13.5700 	EXP 	Created window1 = Window(allowGUI=False, allowStencil=False, autoLog=True, backendConf=UNKNOWN, backgroundFit=<method-wrapper '__getattribute__' of attributeSetter object at 0x000001B8C97A9C00>, backgroundImage=<method-wrapper '__getattribute__' of attributeSetter object at 0x000001B8C97A92A0>, bitsMode=UNKNOWN, blendMode='avg', bpc=(8, 8, 8), color=array([0, 0, 0]), colorSpace='rgb', depthBits=8, fullscr=False, gamma=None, gammaErrorPolicy='raise', infoMsg=UNKNOWN, lms=UNKNOWN, monitor=<psychopy.monitors.calibTools.Monitor object at 0x000001B8D3DDEB60>, multiSample=False, name='window1', numSamples=2, pos=[560.0, 300.0], screen=0, size=array([800, 600]), stencilBits=0, stereo=False, title='PsychoPy', units='height', useFBO=True, useRetina=False, viewOri=0.0, viewPos=None, viewScale=None, waitBlanking=True, winType='pyglet')
13.5701 	EXP 	window1: backgroundImage = ''
13.5701 	EXP 	window1: backgroundFit = 'none'
13.5815 	DEBUG 	TextBox2 loaded 1 chars with 0 blanks and 1 valid
13.5824 	DEBUG 	TextBox2 loaded 1 chars with 0 blanks and 1 valid
13.5832 	DEBUG 	TextBox2 loaded 1 chars with 0 blanks and 1 valid
13.5842 	DEBUG 	TextBox2 loaded 1 chars with 0 blanks and 1 valid
13.5851 	DEBUG 	TextBox2 loaded 1 chars with 0 blanks and 1 valid
13.5855 	DEBUG 	TextBox2 loaded 1 chars with 0 blanks and 1 valid
13.5863 	DEBUG 	TextBox2 loaded 1 chars with 0 blanks and 1 valid
13.5872 	DEBUG 	TextBox2 loaded 1 chars with 0 blanks and 1 valid
13.5875 	DEBUG 	TextBox2 loaded 1 chars with 0 blanks and 1 valid
13.5879 	DEBUG 	TextBox2 loaded 1 chars with 0 blanks and 1 valid
13.5886 	DEBUG 	TextBox2 loaded 1 chars with 0 blanks and 1 valid
13.5894 	DEBUG 	TextBox2 loaded 1 chars with 0 blanks and 1 valid
13.5900 	DEBUG 	TextBox2 loaded 1 chars with 0 blanks and 1 valid
13.5907 	DEBUG 	TextBox2 loaded 1 chars with 0 blanks and 1 valid
13.5914 	DEBUG 	TextBox2 loaded 1 chars with 0 blanks and 1 valid
13.5921 	DEBUG 	TextBox2 loaded 1 chars with 0 blanks and 1 valid
13.5928 	DEBUG 	TextBox2 loaded 1 chars with 0 blanks and 1 valid
13.5933 	DEBUG 	TextBox2 loaded 1 chars with 0 blanks and 1 valid
13.5938 	DEBUG 	TextBox2 loaded 1 chars with 0 blanks and 1 valid
13.5947 	DEBUG 	TextBox2 loaded 1 chars with 0 blanks and 1 valid
13.5958 	DEBUG 	TextBox2 loaded 1 chars with 0 blanks and 1 valid
13.5970 	DEBUG 	Uploading Texture Font fontname to graphics card
13.6005 	DEBUG 	Upload of Texture Font fontname complete
13.6067 	DEBUG 	TextBox2 loaded 1 chars with 0 blanks and 1 valid
13.6077 	DEBUG 	TextBox2 loaded 1 chars with 0 blanks and 1 valid
13.6087 	DEBUG 	TextBox2 loaded 1 chars with 0 blanks and 1 valid
13.6090 	DEBUG 	Uploading Texture Font fontname to graphics card
13.6101 	DEBUG 	Upload of Texture Font fontname complete
13.6122 	EXP 	window1: Attempting to measure frame rate of screen (0) ...
13.6123 	EXP 	window1: recordFrameIntervals = False
13.7858 	EXP 	window1: recordFrameIntervals = True
13.9193 	WARNING 	t of last frame was 67.54ms (=1/14)
14.0862 	EXP 	Screen (0) actual frame rate measured at 60.10Hz
14.0863 	EXP 	window1: recordFrameIntervals = False
14.0921 	DEBUG 	TextBox2 loaded 1 chars with 0 blanks and 1 valid
14.0927 	DEBUG 	TextBox2 loaded 1 chars with 0 blanks and 1 valid
14.0935 	DEBUG 	TextBox2 loaded 1 chars with 0 blanks and 1 valid
14.0945 	DEBUG 	TextBox2 loaded 1 chars with 0 blanks and 1 valid
14.0954 	DEBUG 	TextBox2 loaded 1 chars with 0 blanks and 1 valid
14.0965 	DEBUG 	TextBox2 loaded 1 chars with 0 blanks and 1 valid
14.0971 	DEBUG 	TextBox2 loaded 1 chars with 0 blanks and 1 valid
14.0984 	DEBUG 	TextBox2 loaded 1 chars with 0 blanks and 1 valid
14.0995 	DEBUG 	TextBox2 loaded 1 chars with 0 blanks and 1 valid
14.1003 	DEBUG 	TextBox2 loaded 1 chars with 0 blanks and 1 valid
14.1007 	DEBUG 	Uploading Texture Font fontname to graphics card
14.1025 	DEBUG 	Upload of Texture Font fontname complete
14.1878 	WARNING 	launchHubServer: If using the iohub mouse or eyetracker devices, fullScr should be True.
17.6774 	INFO 	keyboard.Keyboard is using iohub backend.
17.6774 	EXP 	KeoghRevisedRetrocueTask: status = STARTED
17.6777 	INFO 	keyboard.Keyboard is using iohub backend.
17.6814 	DEPRECATION 	Couldn't find image c:/Users/cocon/OneDrive/Documents/GitHub/Kiyonaga-Lab/PNR Project/visualObj/retroCue.png; check path? (tried: c:\Users\cocon\OneDrive\Documents\GitHub\Kiyonaga-Lab\PNR Project\visualObj\retroCue.png)
17.7568 	DEBUG 	Saving data for KeoghRevisedRetrocueTask ExperimentHandler
17.7576 	INFO 	saved data to C:\Users\cocon\OneDrive\Documents\GitHub\Kiyonaga-Lab\PNR Project\Connie_Code\data/715706_KeoghRevisedRetrocueTask_2025-04-28_13h44.18.611.psydat
17.7582 	INFO 	saved data to 'C:\\Users\\cocon\\OneDrive\\Documents\\GitHub\\Kiyonaga-Lab\\PNR Project\\Connie_Code\\data/715706_KeoghRevisedRetrocueTask_2025-04-28_13h44.18.611.csv'
