3.4612 	DEBUG 	Fullscreen settings ignored as running in pilot mode.
3.4617 	INFO 	Loaded monitor calibration from ['2025_04_06 13:23']
3.6345 	EXP 	Created window1 = Window(allowGUI=False, allowStencil=False, autoLog=True, backendConf=UNKNOWN, backgroundFit=<method-wrapper '__getattribute__' of attributeSetter object at 0x000001F66C491ED0>, backgroundImage=<method-wrapper '__getattribute__' of attributeSetter object at 0x000001F66C491F30>, bitsMode=UNKNOWN, blendMode='avg', bpc=(8, 8, 8), color=array([0, 0, 0]), colorSpace='rgb', depthBits=8, fullscr=False, gamma=None, gammaErrorPolicy='raise', infoMsg=UNKNOWN, lms=UNKNOWN, monitor=<psychopy.monitors.calibTools.Monitor object at 0x000001F66C5536A0>, multiSample=False, name='window1', numSamples=2, pos=[560.0, 240.0], screen=0, size=array([800, 600]), stencilBits=0, stereo=False, title='PsychoPy', units='height', useFBO=True, useRetina=False, viewOri=0.0, viewPos=None, viewScale=None, waitBlanking=True, winType='pyglet')
3.6346 	EXP 	window1: backgroundImage = ''
3.6346 	EXP 	window1: backgroundFit = 'none'
3.6406 	DEBUG 	TextBox2 loaded 1 chars with 0 blanks and 1 valid
3.6410 	DEBUG 	TextBox2 loaded 1 chars with 0 blanks and 1 valid
3.6414 	DEBUG 	TextBox2 loaded 1 chars with 0 blanks and 1 valid
3.6420 	DEBUG 	TextBox2 loaded 1 chars with 0 blanks and 1 valid
3.6425 	DEBUG 	TextBox2 loaded 1 chars with 0 blanks and 1 valid
3.6428 	DEBUG 	TextBox2 loaded 1 chars with 0 blanks and 1 valid
3.6432 	DEBUG 	TextBox2 loaded 1 chars with 0 blanks and 1 valid
3.6438 	DEBUG 	TextBox2 loaded 1 chars with 0 blanks and 1 valid
3.6440 	DEBUG 	TextBox2 loaded 1 chars with 0 blanks and 1 valid
3.6442 	DEBUG 	TextBox2 loaded 1 chars with 0 blanks and 1 valid
3.6446 	DEBUG 	TextBox2 loaded 1 chars with 0 blanks and 1 valid
3.6450 	DEBUG 	TextBox2 loaded 1 chars with 0 blanks and 1 valid
3.6454 	DEBUG 	TextBox2 loaded 1 chars with 0 blanks and 1 valid
3.6459 	DEBUG 	TextBox2 loaded 1 chars with 0 blanks and 1 valid
3.6463 	DEBUG 	TextBox2 loaded 1 chars with 0 blanks and 1 valid
3.6467 	DEBUG 	TextBox2 loaded 1 chars with 0 blanks and 1 valid
3.6471 	DEBUG 	TextBox2 loaded 1 chars with 0 blanks and 1 valid
3.6474 	DEBUG 	TextBox2 loaded 1 chars with 0 blanks and 1 valid
3.6477 	DEBUG 	TextBox2 loaded 1 chars with 0 blanks and 1 valid
3.6482 	DEBUG 	TextBox2 loaded 1 chars with 0 blanks and 1 valid
3.6485 	DEBUG 	TextBox2 loaded 1 chars with 0 blanks and 1 valid
3.6487 	DEBUG 	Uploading Texture Font fontname to graphics card
3.6495 	DEBUG 	Upload of Texture Font fontname complete
3.6526 	DEBUG 	TextBox2 loaded 1 chars with 0 blanks and 1 valid
3.6532 	DEBUG 	TextBox2 loaded 1 chars with 0 blanks and 1 valid
3.6537 	DEBUG 	TextBox2 loaded 1 chars with 0 blanks and 1 valid
3.6539 	DEBUG 	Uploading Texture Font fontname to graphics card
3.6543 	DEBUG 	Upload of Texture Font fontname complete
3.6556 	EXP 	window1: Attempting to measure frame rate of screen (0) ...
3.6556 	EXP 	window1: recordFrameIntervals = False
3.7860 	EXP 	window1: recordFrameIntervals = True
3.9312 	EXP 	Screen (0) actual frame rate measured at 75.69Hz
3.9312 	EXP 	window1: recordFrameIntervals = False
3.9345 	DEBUG 	TextBox2 loaded 1 chars with 0 blanks and 1 valid
3.9348 	DEBUG 	TextBox2 loaded 1 chars with 0 blanks and 1 valid
3.9354 	DEBUG 	TextBox2 loaded 1 chars with 0 blanks and 1 valid
3.9360 	DEBUG 	TextBox2 loaded 1 chars with 0 blanks and 1 valid
3.9367 	DEBUG 	TextBox2 loaded 1 chars with 0 blanks and 1 valid
3.9372 	DEBUG 	TextBox2 loaded 1 chars with 0 blanks and 1 valid
3.9376 	DEBUG 	TextBox2 loaded 1 chars with 0 blanks and 1 valid
3.9381 	DEBUG 	TextBox2 loaded 1 chars with 0 blanks and 1 valid
3.9387 	DEBUG 	TextBox2 loaded 1 chars with 0 blanks and 1 valid
3.9393 	DEBUG 	TextBox2 loaded 1 chars with 0 blanks and 1 valid
3.9394 	DEBUG 	Uploading Texture Font fontname to graphics card
3.9399 	DEBUG 	Upload of Texture Font fontname complete
3.9481 	WARNING 	launchHubServer: If using the iohub mouse or eyetracker devices, fullScr should be True.
5.6061 	INFO 	keyboard.Keyboard is using iohub backend.
5.6061 	EXP 	KeoghRevisedRetrocueTask: status = STARTED
5.6062 	INFO 	keyboard.Keyboard is using iohub backend.
5.6164 	EXP 	Created unnamed ImageStim = ImageStim(__class__=<class 'psychopy.visual.image.ImageStim'>, anchor=('center', 'center'), autoLog=True, color=array([1., 1., 1.]), colorSpace='rgb', contrast=1.0, depth=0, draggable=False, flipHoriz=False, flipVert=False, image=str(...), interpolate=False, mask=None, maskParams=None, name='unnamed ImageStim', opacity=1, ori=0.0, pos=array([0., 0.]), size=array([0.12, 0.12]), texRes=128, units='height', win=Window(...))
5.6237 	EXP 	Created unnamed ImageStim = ImageStim(__class__=<class 'psychopy.visual.image.ImageStim'>, anchor=('center', 'center'), autoLog=True, color=array([1., 1., 1.]), colorSpace='rgb', contrast=1.0, depth=0, draggable=False, flipHoriz=False, flipVert=False, image=str(...), interpolate=False, mask=None, maskParams=None, name='unnamed ImageStim', opacity=1, ori=0.0, pos=array([0., 0.]), size=array([0.12, 0.12]), texRes=128, units='height', win=Window(...))
5.6260 	EXP 	Created unnamed Polygon = Polygon(__class__=<class 'psychopy.visual.polygon.Polygon'>, anchor=('center', 'center'), autoDraw=False, autoLog=True, closeShape=True, color=method-wrapper(...), colorSpace='rgb255', contrast=None, depth=0, draggable=False, fillColor=array([128, 115,  96]), fillColorSpace='rgb255', fillRGB=array([ 0.00392157, -0.09803922, -0.24705882]), interpolate=True, lineColor=array([255., 255., 255.]), lineColorSpace='rgb255', lineRGB=array([1, 1, 1]), lineWidth=1.5, name='unnamed Polygon', opacity=1, ori=45.0, pos=array([0., 0.]), size=array([0.06, 0.06]), units='height', vertices=ndarray(...), win=Window(...))
0.0148 	INFO 	Keyboard events cleared
0.0276 	EXP 	unnamed Polygon: autoDraw = True
0.0276 	EXP 	unnamed ImageStim: autoDraw = True
0.5305 	EXP 	Created unnamed ImageStim = ImageStim(__class__=<class 'psychopy.visual.image.ImageStim'>, anchor=('center', 'center'), autoLog=True, color=array([1., 1., 1.]), colorSpace='rgb', contrast=1.0, depth=0, draggable=False, flipHoriz=False, flipVert=False, image=None, interpolate=False, mask=None, maskParams=None, name='unnamed ImageStim', opacity=1, ori=0.0, pos=array([-300.,    0.]), size=array([400., 400.]), texRes=128, units='height', win=Window(...))
0.5312 	EXP 	Created unnamed ImageStim = ImageStim(__class__=<class 'psychopy.visual.image.ImageStim'>, anchor=('center', 'center'), autoLog=True, color=array([1., 1., 1.]), colorSpace='rgb', contrast=1.0, depth=0, draggable=False, flipHoriz=False, flipVert=False, image=None, interpolate=False, mask=None, maskParams=None, name='unnamed ImageStim', opacity=1, ori=0.0, pos=array([300.,   0.]), size=array([100., 100.]), texRes=128, units='height', win=Window(...))
1.3542 	EXP 	unnamed ImageStim: image = 'C:/Users/cocon/OneDrive/Documents/GitHub/Kiyonaga-Lab/PNR Project/stimuli/Connie/cube/greeneggandcube.jpg'
1.3542 	EXP 	unnamed ImageStim: image = 'C:/Users/cocon/OneDrive/Documents/GitHub/Kiyonaga-Lab/PNR Project/stimuli/Connie/cube/pexels-shvetsa-4971990.jpg'
1.3542 	EXP 	unnamed ImageStim: autoDraw = True
1.3542 	EXP 	unnamed ImageStim: autoDraw = True
3.3670 	EXP 	unnamed ImageStim: autoDraw = False
3.3670 	EXP 	unnamed ImageStim: autoDraw = False
3.8717 	EXP 	unnamed Polygon: autoDraw = False
3.8717 	EXP 	unnamed ImageStim: autoDraw = False
3.8853 	EXP 	KeoghRevisedRetrocueTask: status = STOPPED
3.8866 	INFO 	saved data to 'C:\\Users\\cocon\\OneDrive\\Documents\\GitHub\\Kiyonaga-Lab\\PNR Project\\Connie_Code\\data/732165_KeoghRevisedRetrocueTask_2025-04-27_18h05.29.199.csv'
3.8872 	INFO 	saved data to C:\Users\cocon\OneDrive\Documents\GitHub\Kiyonaga-Lab\PNR Project\Connie_Code\data/732165_KeoghRevisedRetrocueTask_2025-04-27_18h05.29.199.psydat
4.3978 	DEBUG 	Saving data for KeoghRevisedRetrocueTask ExperimentHandler
