3.5388 	DEBUG 	Fullscreen settings ignored as running in pilot mode.
3.5393 	INFO 	Loaded monitor calibration from ['2025_04_06 13:23']
3.7205 	EXP 	Created window1 = Window(allowGUI=False, allowStencil=False, autoLog=True, backendConf=UNKNOWN, backgroundFit=<method-wrapper '__getattribute__' of attributeSetter object at 0x000001FE6126A2F0>, backgroundImage=<method-wrapper '__getattribute__' of attributeSetter object at 0x000001FE6126A290>, bitsMode=UNKNOWN, blendMode='avg', bpc=(8, 8, 8), color=array([0, 0, 0]), colorSpace='rgb', depthBits=8, fullscr=False, gamma=None, gammaErrorPolicy='raise', infoMsg=UNKNOWN, lms=UNKNOWN, monitor=<psychopy.monitors.calibTools.Monitor object at 0x000001FE61333520>, multiSample=False, name='window1', numSamples=2, pos=[560.0, 240.0], screen=0, size=array([800, 600]), stencilBits=0, stereo=False, title='PsychoPy', units='height', useFBO=True, useRetina=False, viewOri=0.0, viewPos=None, viewScale=None, waitBlanking=True, winType='pyglet')
3.7206 	EXP 	window1: backgroundImage = ''
3.7206 	EXP 	window1: backgroundFit = 'none'
3.7259 	DEBUG 	TextBox2 loaded 1 chars with 0 blanks and 1 valid
3.7264 	DEBUG 	TextBox2 loaded 1 chars with 0 blanks and 1 valid
3.7268 	DEBUG 	TextBox2 loaded 1 chars with 0 blanks and 1 valid
3.7274 	DEBUG 	TextBox2 loaded 1 chars with 0 blanks and 1 valid
3.7279 	DEBUG 	TextBox2 loaded 1 chars with 0 blanks and 1 valid
3.7282 	DEBUG 	TextBox2 loaded 1 chars with 0 blanks and 1 valid
3.7286 	DEBUG 	TextBox2 loaded 1 chars with 0 blanks and 1 valid
3.7292 	DEBUG 	TextBox2 loaded 1 chars with 0 blanks and 1 valid
3.7294 	DEBUG 	TextBox2 loaded 1 chars with 0 blanks and 1 valid
3.7296 	DEBUG 	TextBox2 loaded 1 chars with 0 blanks and 1 valid
3.7301 	DEBUG 	TextBox2 loaded 1 chars with 0 blanks and 1 valid
3.7306 	DEBUG 	TextBox2 loaded 1 chars with 0 blanks and 1 valid
3.7310 	DEBUG 	TextBox2 loaded 1 chars with 0 blanks and 1 valid
3.7314 	DEBUG 	TextBox2 loaded 1 chars with 0 blanks and 1 valid
3.7318 	DEBUG 	TextBox2 loaded 1 chars with 0 blanks and 1 valid
3.7322 	DEBUG 	TextBox2 loaded 1 chars with 0 blanks and 1 valid
3.7327 	DEBUG 	TextBox2 loaded 1 chars with 0 blanks and 1 valid
3.7333 	DEBUG 	TextBox2 loaded 1 chars with 0 blanks and 1 valid
3.7336 	DEBUG 	TextBox2 loaded 1 chars with 0 blanks and 1 valid
3.7342 	DEBUG 	TextBox2 loaded 1 chars with 0 blanks and 1 valid
3.7345 	DEBUG 	TextBox2 loaded 1 chars with 0 blanks and 1 valid
3.7349 	DEBUG 	Uploading Texture Font fontname to graphics card
3.7357 	DEBUG 	Upload of Texture Font fontname complete
3.7396 	DEBUG 	TextBox2 loaded 1 chars with 0 blanks and 1 valid
3.7402 	DEBUG 	TextBox2 loaded 1 chars with 0 blanks and 1 valid
3.7408 	DEBUG 	TextBox2 loaded 1 chars with 0 blanks and 1 valid
3.7409 	DEBUG 	Uploading Texture Font fontname to graphics card
3.7413 	DEBUG 	Upload of Texture Font fontname complete
3.7426 	EXP 	window1: Attempting to measure frame rate of screen (0) ...
3.7426 	EXP 	window1: recordFrameIntervals = False
3.8696 	EXP 	window1: recordFrameIntervals = True
4.0150 	EXP 	Screen (0) actual frame rate measured at 75.66Hz
4.0151 	EXP 	window1: recordFrameIntervals = False
4.0179 	DEBUG 	TextBox2 loaded 1 chars with 0 blanks and 1 valid
4.0182 	DEBUG 	TextBox2 loaded 1 chars with 0 blanks and 1 valid
4.0187 	DEBUG 	TextBox2 loaded 1 chars with 0 blanks and 1 valid
4.0193 	DEBUG 	TextBox2 loaded 1 chars with 0 blanks and 1 valid
4.0198 	DEBUG 	TextBox2 loaded 1 chars with 0 blanks and 1 valid
4.0204 	DEBUG 	TextBox2 loaded 1 chars with 0 blanks and 1 valid
4.0207 	DEBUG 	TextBox2 loaded 1 chars with 0 blanks and 1 valid
4.0212 	DEBUG 	TextBox2 loaded 1 chars with 0 blanks and 1 valid
4.0218 	DEBUG 	TextBox2 loaded 1 chars with 0 blanks and 1 valid
4.0223 	DEBUG 	TextBox2 loaded 1 chars with 0 blanks and 1 valid
4.0225 	DEBUG 	Uploading Texture Font fontname to graphics card
4.0230 	DEBUG 	Upload of Texture Font fontname complete
4.0313 	WARNING 	launchHubServer: If using the iohub mouse or eyetracker devices, fullScr should be True.
5.6877 	INFO 	keyboard.Keyboard is using iohub backend.
5.6877 	EXP 	KeoghRevisedRetrocueTask: status = STARTED
5.6878 	INFO 	keyboard.Keyboard is using iohub backend.
5.6984 	EXP 	Created unnamed ImageStim = ImageStim(__class__=<class 'psychopy.visual.image.ImageStim'>, anchor=('center', 'center'), autoLog=True, color=array([1., 1., 1.]), colorSpace='rgb', contrast=1.0, depth=0, draggable=False, flipHoriz=False, flipVert=False, image=str(...), interpolate=False, mask=None, maskParams=None, name='unnamed ImageStim', opacity=1, ori=0.0, pos=array([0., 0.]), size=array([0.12, 0.12]), texRes=128, units='height', win=Window(...))
5.7063 	EXP 	Created unnamed ImageStim = ImageStim(__class__=<class 'psychopy.visual.image.ImageStim'>, anchor=('center', 'center'), autoLog=True, color=array([1., 1., 1.]), colorSpace='rgb', contrast=1.0, depth=0, draggable=False, flipHoriz=False, flipVert=False, image=str(...), interpolate=False, mask=None, maskParams=None, name='unnamed ImageStim', opacity=1, ori=0.0, pos=array([0., 0.]), size=array([0.12, 0.12]), texRes=128, units='height', win=Window(...))
5.7082 	EXP 	Created unnamed Polygon = Polygon(__class__=<class 'psychopy.visual.polygon.Polygon'>, anchor=('center', 'center'), autoDraw=False, autoLog=True, closeShape=True, color=method-wrapper(...), colorSpace='rgb255', contrast=None, depth=0, draggable=False, fillColor=array([128, 115,  96]), fillColorSpace='rgb255', fillRGB=array([ 0.00392157, -0.09803922, -0.24705882]), interpolate=True, lineColor=array([255., 255., 255.]), lineColorSpace='rgb255', lineRGB=array([1, 1, 1]), lineWidth=1.5, name='unnamed Polygon', opacity=1, ori=45.0, pos=array([0., 0.]), size=array([0.06, 0.06]), units='height', vertices=ndarray(...), win=Window(...))
0.0165 	WARNING 	Monitor specification not found. Creating a temporary one...
0.3620 	EXP 	Created window1 = Window(allowGUI=True, allowStencil=False, autoLog=True, backendConf=UNKNOWN, backgroundFit=<method-wrapper '__getattribute__' of attributeSetter object at 0x000001FE6126A2F0>, backgroundImage=<method-wrapper '__getattribute__' of attributeSetter object at 0x000001FE6126A290>, bitsMode=UNKNOWN, blendMode='avg', bpc=(8, 8, 8), color=array([-1, -1, -1]), colorSpace='rgb', depthBits=8, fullscr=False, gamma=None, gammaErrorPolicy='raise', infoMsg=UNKNOWN, lms=UNKNOWN, monitor=<psychopy.monitors.calibTools.Monitor object at 0x000001FE670202B0>, multiSample=False, name='window1', numSamples=2, pos=(3120, 353), screen=0, size=array([800, 600]), stencilBits=0, stereo=False, title='PsychoPy', units='pix', useFBO=False, useRetina=False, viewOri=0.0, viewPos=None, viewScale=None, waitBlanking=True, winType='pyglet')
0.3621 	EXP 	window1: backgroundImage = None
0.3621 	EXP 	window1: backgroundFit = 'cover'
0.3628 	EXP 	Created unnamed ImageStim = ImageStim(__class__=<class 'psychopy.visual.image.ImageStim'>, anchor=('center', 'center'), autoLog=True, color=array([1., 1., 1.]), colorSpace='rgb', contrast=1.0, depth=0, draggable=False, flipHoriz=False, flipVert=False, image=None, interpolate=False, mask=None, maskParams=None, name='unnamed ImageStim', opacity=1, ori=0.0, pos=array([-300.,    0.]), size=array([400., 400.]), texRes=128, units='pix', win=Window(...))
0.3633 	EXP 	Created unnamed ImageStim = ImageStim(__class__=<class 'psychopy.visual.image.ImageStim'>, anchor=('center', 'center'), autoLog=True, color=array([1., 1., 1.]), colorSpace='rgb', contrast=1.0, depth=0, draggable=False, flipHoriz=False, flipVert=False, image=None, interpolate=False, mask=None, maskParams=None, name='unnamed ImageStim', opacity=1, ori=0.0, pos=array([300.,   0.]), size=array([100., 100.]), texRes=128, units='pix', win=Window(...))
0.6074 	EXP 	unnamed ImageStim: image = 'C:/Users/cocon/OneDrive/Documents/GitHub/Kiyonaga-Lab/PNR Project/stimuli/Connie/sphere/racquetball.jpg'
0.6074 	EXP 	unnamed ImageStim: image = 'C:/Users/cocon/OneDrive/Documents/GitHub/Kiyonaga-Lab/PNR Project/stimuli/Mycah/sphere/concreteball.jpg'
0.6074 	EXP 	unnamed ImageStim: autoDraw = True
0.6074 	EXP 	unnamed ImageStim: autoDraw = True
2.6190 	EXP 	unnamed ImageStim: autoDraw = False
2.6190 	EXP 	unnamed ImageStim: autoDraw = False
3.1382 	EXP 	KeoghRevisedRetrocueTask: status = STOPPED
3.1403 	INFO 	saved data to 'C:\\Users\\cocon\\OneDrive\\Documents\\GitHub\\Kiyonaga-Lab\\PNR Project\\Connie_Code\\data/754041_KeoghRevisedRetrocueTask_2025-04-27_18h10.20.281.csv'
3.1407 	INFO 	saved data to C:\Users\cocon\OneDrive\Documents\GitHub\Kiyonaga-Lab\PNR Project\Connie_Code\data/754041_KeoghRevisedRetrocueTask_2025-04-27_18h10.20.281.psydat
3.1519 	EXP 	unnamed Polygon: autoDraw = False
3.1519 	EXP 	unnamed ImageStim: autoDraw = False
3.4006 	DEBUG 	Saving data for KeoghRevisedRetrocueTask ExperimentHandler
