5.3098 	DEBUG 	Fullscreen settings ignored as running in pilot mode.
5.3105 	INFO 	Loaded monitor calibration from ['2025_03_31 21:04']
5.6635 	EXP 	Created window1 = Window(allowGUI=False, allowStencil=False, autoLog=True, backendConf=UNKNOWN, backgroundFit=<method-wrapper '__getattribute__' of attributeSetter object at 0x000002372473E590>, backgroundImage=<method-wrapper '__getattribute__' of attributeSetter object at 0x000002372473E5F0>, bitsMode=UNKNOWN, blendMode='avg', bpc=(8, 8, 8), color=array([0, 0, 0]), colorSpace='rgb', depthBits=8, fullscr=False, gamma=None, gammaErrorPolicy='raise', infoMsg=UNKNOWN, lms=UNKNOWN, monitor=<psychopy.monitors.calibTools.Monitor object at 0x00000237248112A0>, multiSample=False, name='window1', numSamples=2, pos=[560.0, 300.0], screen=0, size=array([800, 600]), stencilBits=0, stereo=False, title='PsychoPy', units='height', useFBO=True, useRetina=False, viewOri=0.0, viewPos=None, viewScale=None, waitBlanking=True, winType='pyglet')
5.6635 	EXP 	window1: backgroundImage = ''
5.6635 	EXP 	window1: backgroundFit = 'none'
5.6742 	DEBUG 	TextBox2 loaded 1 chars with 0 blanks and 1 valid
5.6749 	DEBUG 	TextBox2 loaded 1 chars with 0 blanks and 1 valid
5.6757 	DEBUG 	TextBox2 loaded 1 chars with 0 blanks and 1 valid
5.6765 	DEBUG 	TextBox2 loaded 1 chars with 0 blanks and 1 valid
5.6773 	DEBUG 	TextBox2 loaded 1 chars with 0 blanks and 1 valid
5.6778 	DEBUG 	TextBox2 loaded 1 chars with 0 blanks and 1 valid
5.6784 	DEBUG 	TextBox2 loaded 1 chars with 0 blanks and 1 valid
5.6792 	DEBUG 	TextBox2 loaded 1 chars with 0 blanks and 1 valid
5.6795 	DEBUG 	TextBox2 loaded 1 chars with 0 blanks and 1 valid
5.6799 	DEBUG 	TextBox2 loaded 1 chars with 0 blanks and 1 valid
5.6805 	DEBUG 	TextBox2 loaded 1 chars with 0 blanks and 1 valid
5.6812 	DEBUG 	TextBox2 loaded 1 chars with 0 blanks and 1 valid
5.6818 	DEBUG 	TextBox2 loaded 1 chars with 0 blanks and 1 valid
5.6824 	DEBUG 	TextBox2 loaded 1 chars with 0 blanks and 1 valid
5.6829 	DEBUG 	TextBox2 loaded 1 chars with 0 blanks and 1 valid
5.6835 	DEBUG 	TextBox2 loaded 1 chars with 0 blanks and 1 valid
5.6842 	DEBUG 	TextBox2 loaded 1 chars with 0 blanks and 1 valid
5.6846 	DEBUG 	TextBox2 loaded 1 chars with 0 blanks and 1 valid
5.6849 	DEBUG 	TextBox2 loaded 1 chars with 0 blanks and 1 valid
5.6859 	DEBUG 	TextBox2 loaded 1 chars with 0 blanks and 1 valid
5.6864 	DEBUG 	TextBox2 loaded 1 chars with 0 blanks and 1 valid
5.6868 	DEBUG 	Uploading Texture Font fontname to graphics card
5.6888 	DEBUG 	Upload of Texture Font fontname complete
5.6963 	DEBUG 	TextBox2 loaded 1 chars with 0 blanks and 1 valid
5.6972 	DEBUG 	TextBox2 loaded 1 chars with 0 blanks and 1 valid
5.6980 	DEBUG 	TextBox2 loaded 1 chars with 0 blanks and 1 valid
5.6983 	DEBUG 	Uploading Texture Font fontname to graphics card
5.6996 	DEBUG 	Upload of Texture Font fontname complete
5.7024 	EXP 	window1: Attempting to measure frame rate of screen (0) ...
5.7024 	EXP 	window1: recordFrameIntervals = False
5.8887 	EXP 	window1: recordFrameIntervals = True
5.9361 	WARNING 	t of last frame was 32.35ms (=1/30)
6.1226 	EXP 	Screen (0) actual frame rate measured at 60.11Hz
6.1226 	EXP 	window1: recordFrameIntervals = False
6.1266 	DEBUG 	TextBox2 loaded 1 chars with 0 blanks and 1 valid
6.1270 	DEBUG 	TextBox2 loaded 1 chars with 0 blanks and 1 valid
6.1276 	DEBUG 	TextBox2 loaded 1 chars with 0 blanks and 1 valid
6.1283 	DEBUG 	TextBox2 loaded 1 chars with 0 blanks and 1 valid
6.1290 	DEBUG 	TextBox2 loaded 1 chars with 0 blanks and 1 valid
6.1297 	DEBUG 	TextBox2 loaded 1 chars with 0 blanks and 1 valid
6.1301 	DEBUG 	TextBox2 loaded 1 chars with 0 blanks and 1 valid
6.1307 	DEBUG 	TextBox2 loaded 1 chars with 0 blanks and 1 valid
6.1314 	DEBUG 	TextBox2 loaded 1 chars with 0 blanks and 1 valid
6.1320 	DEBUG 	TextBox2 loaded 1 chars with 0 blanks and 1 valid
6.1323 	DEBUG 	Uploading Texture Font fontname to graphics card
6.1340 	DEBUG 	Upload of Texture Font fontname complete
6.1453 	WARNING 	launchHubServer: If using the iohub mouse or eyetracker devices, fullScr should be True.
8.8354 	INFO 	keyboard.Keyboard is using iohub backend.
8.8355 	EXP 	KeoghRevisedRetrocueTask: status = STARTED
8.8356 	INFO 	keyboard.Keyboard is using iohub backend.
8.8392 	EXP 	Created unnamed Polygon = Polygon(__class__=<class 'psychopy.visual.polygon.Polygon'>, anchor=('center', 'center'), autoDraw=False, autoLog=True, closeShape=True, color=method-wrapper(...), colorSpace='rgb255', contrast=None, depth=0, draggable=False, fillColor=array([128, 115,  96]), fillColorSpace='rgb255', fillRGB=array([ 0.00392157, -0.09803922, -0.24705882]), interpolate=True, lineColor=array([255., 255., 255.]), lineColorSpace='rgb255', lineRGB=array([1, 1, 1]), lineWidth=1.5, name='unnamed Polygon', opacity=1, ori=45.0, pos=array([0., 0.]), size=array([0.06, 0.06]), units='height', vertices=ndarray(...), win=Window(...))
0.0328 	EXP 	unnamed Polygon: fillColor = [128, 115, 96]
0.0497 	EXP 	Created unnamed ImageStim = ImageStim(__class__=<class 'psychopy.visual.image.ImageStim'>, anchor=('center', 'center'), autoLog=True, color=array([1., 1., 1.]), colorSpace='rgb', contrast=1.0, depth=0, draggable=False, flipHoriz=False, flipVert=False, image=str(...), interpolate=False, mask=None, maskParams=None, name='unnamed ImageStim', opacity=1, ori=0.0, pos=array([0., 0.]), size=array([0.12, 0.12]), texRes=128, units='height', win=Window(...))
0.0625 	EXP 	Created unnamed ImageStim = ImageStim(__class__=<class 'psychopy.visual.image.ImageStim'>, anchor=('center', 'center'), autoLog=True, color=array([1., 1., 1.]), colorSpace='rgb', contrast=1.0, depth=0, draggable=False, flipHoriz=False, flipVert=False, image=str(...), interpolate=False, mask=None, maskParams=None, name='unnamed ImageStim', opacity=1, ori=0.0, pos=array([0., 0.]), size=array([0.12, 0.12]), texRes=128, units='height', win=Window(...))
0.0632 	INFO 	Keyboard events cleared
0.0820 	EXP 	unnamed ImageStim: foreColor = [128, 115, 96]
0.0820 	EXP 	unnamed ImageStim: autoDraw = True
0.0820 	EXP 	unnamed ImageStim: autoDraw = True
3.0988 	EXP 	unnamed ImageStim: autoDraw = False
3.0988 	EXP 	unnamed ImageStim: autoDraw = False
3.1155 	EXP 	KeoghRevisedRetrocueTask: status = STOPPED
3.1176 	INFO 	saved data to 'C:\\Users\\cocon\\OneDrive\\Documents\\GitHub\\Kiyonaga-Lab\\PNR Project\\Connie_Code\\data/770251_KeoghRevisedRetrocueTask_2025-04-28_15h14.29.089.csv'
3.1180 	INFO 	saved data to C:\Users\cocon\OneDrive\Documents\GitHub\Kiyonaga-Lab\PNR Project\Connie_Code\data/770251_KeoghRevisedRetrocueTask_2025-04-28_15h14.29.089.psydat
3.4753 	DEBUG 	Saving data for KeoghRevisedRetrocueTask ExperimentHandler
