4.0299 	DEBUG 	Fullscreen settings ignored as running in pilot mode.
4.0305 	INFO 	Loaded monitor calibration from ['2025_03_31 21:04']
4.2837 	EXP 	Created window1 = Window(allowGUI=False, allowStencil=False, autoLog=True, backendConf=UNKNOWN, backgroundFit=<method-wrapper '__getattribute__' of attributeSetter object at 0x00000237AA330E80>, backgroundImage=<method-wrapper '__getattribute__' of attributeSetter object at 0x00000237AA330E20>, bitsMode=UNKNOWN, blendMode='avg', bpc=(8, 8, 8), color=array([0, 0, 0]), colorSpace='rgb', depthBits=8, fullscr=False, gamma=None, gammaErrorPolicy='raise', infoMsg=UNKNOWN, lms=UNKNOWN, monitor=<psychopy.monitors.calibTools.Monitor object at 0x00000237AA4120B0>, multiSample=False, name='window1', numSamples=2, pos=[560.0, 300.0], screen=0, size=array([800, 600]), stencilBits=0, stereo=False, title='PsychoPy', units='height', useFBO=True, useRetina=False, viewOri=0.0, viewPos=None, viewScale=None, waitBlanking=True, winType='pyglet')
4.2837 	EXP 	window1: backgroundImage = ''
4.2837 	EXP 	window1: backgroundFit = 'none'
4.2909 	DEBUG 	TextBox2 loaded 1 chars with 0 blanks and 1 valid
4.2915 	DEBUG 	TextBox2 loaded 1 chars with 0 blanks and 1 valid
4.2920 	DEBUG 	TextBox2 loaded 1 chars with 0 blanks and 1 valid
4.2926 	DEBUG 	TextBox2 loaded 1 chars with 0 blanks and 1 valid
4.2932 	DEBUG 	TextBox2 loaded 1 chars with 0 blanks and 1 valid
4.2935 	DEBUG 	TextBox2 loaded 1 chars with 0 blanks and 1 valid
4.2940 	DEBUG 	TextBox2 loaded 1 chars with 0 blanks and 1 valid
4.2946 	DEBUG 	TextBox2 loaded 1 chars with 0 blanks and 1 valid
4.2948 	DEBUG 	TextBox2 loaded 1 chars with 0 blanks and 1 valid
4.2950 	DEBUG 	TextBox2 loaded 1 chars with 0 blanks and 1 valid
4.2955 	DEBUG 	TextBox2 loaded 1 chars with 0 blanks and 1 valid
4.2960 	DEBUG 	TextBox2 loaded 1 chars with 0 blanks and 1 valid
4.2965 	DEBUG 	TextBox2 loaded 1 chars with 0 blanks and 1 valid
4.2969 	DEBUG 	TextBox2 loaded 1 chars with 0 blanks and 1 valid
4.2973 	DEBUG 	TextBox2 loaded 1 chars with 0 blanks and 1 valid
4.2978 	DEBUG 	TextBox2 loaded 1 chars with 0 blanks and 1 valid
4.2983 	DEBUG 	TextBox2 loaded 1 chars with 0 blanks and 1 valid
4.2986 	DEBUG 	TextBox2 loaded 1 chars with 0 blanks and 1 valid
4.2989 	DEBUG 	TextBox2 loaded 1 chars with 0 blanks and 1 valid
4.2995 	DEBUG 	TextBox2 loaded 1 chars with 0 blanks and 1 valid
4.2998 	DEBUG 	TextBox2 loaded 1 chars with 0 blanks and 1 valid
4.3001 	DEBUG 	Uploading Texture Font fontname to graphics card
4.3013 	DEBUG 	Upload of Texture Font fontname complete
4.3056 	DEBUG 	TextBox2 loaded 1 chars with 0 blanks and 1 valid
4.3063 	DEBUG 	TextBox2 loaded 1 chars with 0 blanks and 1 valid
4.3069 	DEBUG 	TextBox2 loaded 1 chars with 0 blanks and 1 valid
4.3071 	DEBUG 	Uploading Texture Font fontname to graphics card
4.3084 	DEBUG 	Upload of Texture Font fontname complete
4.3104 	EXP 	window1: Attempting to measure frame rate of screen (0) ...
4.3104 	EXP 	window1: recordFrameIntervals = False
4.4756 	EXP 	window1: recordFrameIntervals = True
4.6577 	EXP 	Screen (0) actual frame rate measured at 60.33Hz
4.6578 	EXP 	window1: recordFrameIntervals = False
4.6611 	DEBUG 	TextBox2 loaded 1 chars with 0 blanks and 1 valid
4.6615 	DEBUG 	TextBox2 loaded 1 chars with 0 blanks and 1 valid
4.6620 	DEBUG 	TextBox2 loaded 1 chars with 0 blanks and 1 valid
4.6627 	DEBUG 	TextBox2 loaded 1 chars with 0 blanks and 1 valid
4.6634 	DEBUG 	TextBox2 loaded 1 chars with 0 blanks and 1 valid
4.6641 	DEBUG 	TextBox2 loaded 1 chars with 0 blanks and 1 valid
4.6645 	DEBUG 	TextBox2 loaded 1 chars with 0 blanks and 1 valid
4.6651 	DEBUG 	TextBox2 loaded 1 chars with 0 blanks and 1 valid
4.6658 	DEBUG 	TextBox2 loaded 1 chars with 0 blanks and 1 valid
4.6663 	DEBUG 	TextBox2 loaded 1 chars with 0 blanks and 1 valid
4.6667 	DEBUG 	Uploading Texture Font fontname to graphics card
4.6683 	DEBUG 	Upload of Texture Font fontname complete
4.6791 	WARNING 	launchHubServer: If using the iohub mouse or eyetracker devices, fullScr should be True.
6.6550 	INFO 	keyboard.Keyboard is using iohub backend.
6.6550 	EXP 	KeoghRevisedRetrocueTask: status = STARTED
6.6551 	INFO 	keyboard.Keyboard is using iohub backend.
6.6573 	EXP 	Created unnamed Polygon = Polygon(__class__=<class 'psychopy.visual.polygon.Polygon'>, anchor=('center', 'center'), autoDraw=False, autoLog=True, closeShape=True, color=method-wrapper(...), colorSpace='rgb255', contrast=None, depth=0, draggable=False, fillColor=array([128, 115,  96]), fillColorSpace='rgb255', fillRGB=array([ 0.00392157, -0.09803922, -0.24705882]), interpolate=True, lineColor=array([255., 255., 255.]), lineColorSpace='rgb255', lineRGB=array([1, 1, 1]), lineWidth=1.5, name='unnamed Polygon', opacity=1, ori=45.0, pos=array([0., 0.]), size=array([0.06, 0.06]), units='height', vertices=ndarray(...), win=Window(...))
6.6588 	EXP 	Created FixCross = ShapeStim(__class__=<class 'psychopy.visual.shape.ShapeStim'>, anchor=('center', 'center'), autoDraw=False, autoLog=True, closeShape=True, color=method-wrapper(...), colorSpace='rgb', contrast=None, depth=0.0, draggable=False, fillColor=array([-1., -1., -1.]), fillColorSpace='rgb', fillRGB=array([-1., -1., -1.]), interpolate=True, lineColor=array([-1., -1., -1.]), lineColorSpace='rgb', lineRGB=array([-1., -1., -1.]), lineWidth=1.0, name='FixCross', opacity=1, ori=0.0, pos=array([0., 0.]), size=array([0.02, 0.02]), units='height', vertices=ndarray(...), win=Window(...), windingRule=None)
0.0320 	EXP 	FixCross: autoDraw = True
3.0316 	EXP 	FixCross: autoDraw = False
3.0316 	EXP 	FixCross: autoDraw = False
3.0329 	EXP 	KeoghRevisedRetrocueTask: status = STOPPED
3.0363 	INFO 	saved data to 'C:\\Users\\cocon\\OneDrive\\Documents\\GitHub\\Kiyonaga-Lab\\PNR Project\\Connie_Code\\data/869293_KeoghRevisedRetrocueTask_2025-04-28_14h56.39.858.csv'
3.0368 	INFO 	saved data to C:\Users\cocon\OneDrive\Documents\GitHub\Kiyonaga-Lab\PNR Project\Connie_Code\data/869293_KeoghRevisedRetrocueTask_2025-04-28_14h56.39.858.psydat
3.5500 	DEBUG 	Saving data for KeoghRevisedRetrocueTask ExperimentHandler
