4.3359 	DEBUG 	Fullscreen settings ignored as running in pilot mode.
4.3366 	INFO 	Loaded monitor calibration from ['2025_03_31 21:04']
4.6006 	EXP 	Created window1 = Window(allowGUI=False, allowStencil=False, autoLog=True, backendConf=UNKNOWN, backgroundFit=<method-wrapper '__getattribute__' of attributeSetter object at 0x0000015A84F00DF0>, backgroundImage=<method-wrapper '__getattribute__' of attributeSetter object at 0x0000015A84F00D90>, bitsMode=UNKNOWN, blendMode='avg', bpc=(8, 8, 8), color=array([0, 0, 0]), colorSpace='rgb', depthBits=8, fullscr=False, gamma=None, gammaErrorPolicy='raise', infoMsg=UNKNOWN, lms=UNKNOWN, monitor=<psychopy.monitors.calibTools.Monitor object at 0x0000015A84FE2050>, multiSample=False, name='window1', numSamples=2, pos=[560.0, 300.0], screen=0, size=array([800, 600]), stencilBits=0, stereo=False, title='PsychoPy', units='height', useFBO=True, useRetina=False, viewOri=0.0, viewPos=None, viewScale=None, waitBlanking=True, winType='pyglet')
4.6006 	EXP 	window1: backgroundImage = ''
4.6006 	EXP 	window1: backgroundFit = 'none'
4.6079 	DEBUG 	TextBox2 loaded 1 chars with 0 blanks and 1 valid
4.6085 	DEBUG 	TextBox2 loaded 1 chars with 0 blanks and 1 valid
4.6090 	DEBUG 	TextBox2 loaded 1 chars with 0 blanks and 1 valid
4.6096 	DEBUG 	TextBox2 loaded 1 chars with 0 blanks and 1 valid
4.6101 	DEBUG 	TextBox2 loaded 1 chars with 0 blanks and 1 valid
4.6105 	DEBUG 	TextBox2 loaded 1 chars with 0 blanks and 1 valid
4.6109 	DEBUG 	TextBox2 loaded 1 chars with 0 blanks and 1 valid
4.6116 	DEBUG 	TextBox2 loaded 1 chars with 0 blanks and 1 valid
4.6118 	DEBUG 	TextBox2 loaded 1 chars with 0 blanks and 1 valid
4.6121 	DEBUG 	TextBox2 loaded 1 chars with 0 blanks and 1 valid
4.6126 	DEBUG 	TextBox2 loaded 1 chars with 0 blanks and 1 valid
4.6131 	DEBUG 	TextBox2 loaded 1 chars with 0 blanks and 1 valid
4.6135 	DEBUG 	TextBox2 loaded 1 chars with 0 blanks and 1 valid
4.6139 	DEBUG 	TextBox2 loaded 1 chars with 0 blanks and 1 valid
4.6144 	DEBUG 	TextBox2 loaded 1 chars with 0 blanks and 1 valid
4.6149 	DEBUG 	TextBox2 loaded 1 chars with 0 blanks and 1 valid
4.6153 	DEBUG 	TextBox2 loaded 1 chars with 0 blanks and 1 valid
4.6156 	DEBUG 	TextBox2 loaded 1 chars with 0 blanks and 1 valid
4.6159 	DEBUG 	TextBox2 loaded 1 chars with 0 blanks and 1 valid
4.6165 	DEBUG 	TextBox2 loaded 1 chars with 0 blanks and 1 valid
4.6169 	DEBUG 	TextBox2 loaded 1 chars with 0 blanks and 1 valid
4.6173 	DEBUG 	Uploading Texture Font fontname to graphics card
4.6194 	DEBUG 	Upload of Texture Font fontname complete
4.6241 	DEBUG 	TextBox2 loaded 1 chars with 0 blanks and 1 valid
4.6248 	DEBUG 	TextBox2 loaded 1 chars with 0 blanks and 1 valid
4.6255 	DEBUG 	TextBox2 loaded 1 chars with 0 blanks and 1 valid
4.6257 	DEBUG 	Uploading Texture Font fontname to graphics card
4.6274 	DEBUG 	Upload of Texture Font fontname complete
4.6299 	EXP 	window1: Attempting to measure frame rate of screen (0) ...
4.6299 	EXP 	window1: recordFrameIntervals = False
4.8100 	EXP 	window1: recordFrameIntervals = True
4.9928 	EXP 	Screen (0) actual frame rate measured at 60.23Hz
4.9928 	EXP 	window1: recordFrameIntervals = False
4.9970 	DEBUG 	TextBox2 loaded 1 chars with 0 blanks and 1 valid
4.9974 	DEBUG 	TextBox2 loaded 1 chars with 0 blanks and 1 valid
4.9980 	DEBUG 	TextBox2 loaded 1 chars with 0 blanks and 1 valid
4.9987 	DEBUG 	TextBox2 loaded 1 chars with 0 blanks and 1 valid
4.9993 	DEBUG 	TextBox2 loaded 1 chars with 0 blanks and 1 valid
5.0000 	DEBUG 	TextBox2 loaded 1 chars with 0 blanks and 1 valid
5.0003 	DEBUG 	TextBox2 loaded 1 chars with 0 blanks and 1 valid
5.0009 	DEBUG 	TextBox2 loaded 1 chars with 0 blanks and 1 valid
5.0015 	DEBUG 	TextBox2 loaded 1 chars with 0 blanks and 1 valid
5.0021 	DEBUG 	TextBox2 loaded 1 chars with 0 blanks and 1 valid
5.0024 	DEBUG 	Uploading Texture Font fontname to graphics card
5.0038 	DEBUG 	Upload of Texture Font fontname complete
5.0167 	WARNING 	launchHubServer: If using the iohub mouse or eyetracker devices, fullScr should be True.
7.0962 	INFO 	keyboard.Keyboard is using iohub backend.
7.0962 	EXP 	KeoghRevisedRetrocueTask: status = STARTED
7.0963 	INFO 	keyboard.Keyboard is using iohub backend.
7.0985 	EXP 	Created unnamed Polygon = Polygon(__class__=<class 'psychopy.visual.polygon.Polygon'>, anchor=('center', 'center'), autoDraw=False, autoLog=True, closeShape=True, color=method-wrapper(...), colorSpace='rgb255', contrast=None, depth=0, draggable=False, fillColor=array([128, 115,  96]), fillColorSpace='rgb255', fillRGB=array([ 0.00392157, -0.09803922, -0.24705882]), interpolate=True, lineColor=array([255., 255., 255.]), lineColorSpace='rgb255', lineRGB=array([1, 1, 1]), lineWidth=1.5, name='unnamed Polygon', opacity=1, ori=45.0, pos=array([0., 0.]), size=array([0.06, 0.06]), units='height', vertices=ndarray(...), win=Window(...))
7.1144 	EXP 	Created circle = ImageStim(__class__=<class 'psychopy.visual.image.ImageStim'>, anchor=('center', 'center'), autoLog=True, color=array([0.7412, 0.4431, 0.0588]), colorSpace='rgb', contrast=1.0, depth=-1.0, draggable=False, flipHoriz=False, flipVert=False, image=str(...), interpolate=True, mask=None, maskParams=None, name='circle', opacity=1.0, ori=0.0, pos=array([0., 0.]), size=array([1., 1.]), texRes=128.0, units='height', win=Window(...))
0.0283 	EXP 	circle: autoDraw = True
10.0186 	DATA 	Keypress: escape
10.1810 	EXP 	KeoghRevisedRetrocueTask: status = STOPPED
10.1951 	EXP 	circle: autoDraw = False
10.1971 	EXP 	KeoghRevisedRetrocueTask: status = STOPPED
10.2046 	INFO 	saved data to 'C:\\Users\\cocon\\OneDrive\\Documents\\GitHub\\Kiyonaga-Lab\\PNR Project\\Connie_Code\\data/890912_KeoghRevisedRetrocueTask_2025-04-28_14h46.58.703.csv'
10.2053 	INFO 	saved data to C:\Users\cocon\OneDrive\Documents\GitHub\Kiyonaga-Lab\PNR Project\Connie_Code\data/890912_KeoghRevisedRetrocueTask_2025-04-28_14h46.58.703.psydat
10.4489 	DEBUG 	Saving data for KeoghRevisedRetrocueTask ExperimentHandler
