3.4262 	DEBUG 	Fullscreen settings ignored as running in pilot mode.
3.4267 	INFO 	Loaded monitor calibration from ['2025_04_06 13:23']
3.6040 	EXP 	Created window1 = Window(allowGUI=False, allowStencil=False, autoLog=True, backendConf=UNKNOWN, backgroundFit=<method-wrapper '__getattribute__' of attributeSetter object at 0x000001F0D31B6E30>, backgroundImage=<method-wrapper '__getattribute__' of attributeSetter object at 0x000001F0D31B6DD0>, bitsMode=UNKNOWN, blendMode='avg', bpc=(8, 8, 8), color=array([0, 0, 0]), colorSpace='rgb', depthBits=8, fullscr=False, gamma=None, gammaErrorPolicy='raise', infoMsg=UNKNOWN, lms=UNKNOWN, monitor=<psychopy.monitors.calibTools.Monitor object at 0x000001F0D3243C70>, multiSample=False, name='window1', numSamples=2, pos=[560.0, 240.0], screen=0, size=array([800, 600]), stencilBits=0, stereo=False, title='PsychoPy', units='height', useFBO=True, useRetina=False, viewOri=0.0, viewPos=None, viewScale=None, waitBlanking=True, winType='pyglet')
3.6040 	EXP 	window1: backgroundImage = ''
3.6040 	EXP 	window1: backgroundFit = 'none'
3.6088 	DEBUG 	TextBox2 loaded 1 chars with 0 blanks and 1 valid
3.6093 	DEBUG 	TextBox2 loaded 1 chars with 0 blanks and 1 valid
3.6097 	DEBUG 	TextBox2 loaded 1 chars with 0 blanks and 1 valid
3.6103 	DEBUG 	TextBox2 loaded 1 chars with 0 blanks and 1 valid
3.6108 	DEBUG 	TextBox2 loaded 1 chars with 0 blanks and 1 valid
3.6111 	DEBUG 	TextBox2 loaded 1 chars with 0 blanks and 1 valid
3.6115 	DEBUG 	TextBox2 loaded 1 chars with 0 blanks and 1 valid
3.6123 	DEBUG 	TextBox2 loaded 1 chars with 0 blanks and 1 valid
3.6125 	DEBUG 	TextBox2 loaded 1 chars with 0 blanks and 1 valid
3.6127 	DEBUG 	TextBox2 loaded 1 chars with 0 blanks and 1 valid
3.6132 	DEBUG 	TextBox2 loaded 1 chars with 0 blanks and 1 valid
3.6136 	DEBUG 	TextBox2 loaded 1 chars with 0 blanks and 1 valid
3.6140 	DEBUG 	TextBox2 loaded 1 chars with 0 blanks and 1 valid
3.6144 	DEBUG 	TextBox2 loaded 1 chars with 0 blanks and 1 valid
3.6148 	DEBUG 	TextBox2 loaded 1 chars with 0 blanks and 1 valid
3.6152 	DEBUG 	TextBox2 loaded 1 chars with 0 blanks and 1 valid
3.6156 	DEBUG 	TextBox2 loaded 1 chars with 0 blanks and 1 valid
3.6159 	DEBUG 	TextBox2 loaded 1 chars with 0 blanks and 1 valid
3.6162 	DEBUG 	TextBox2 loaded 1 chars with 0 blanks and 1 valid
3.6168 	DEBUG 	TextBox2 loaded 1 chars with 0 blanks and 1 valid
3.6170 	DEBUG 	TextBox2 loaded 1 chars with 0 blanks and 1 valid
3.6172 	DEBUG 	Uploading Texture Font fontname to graphics card
3.6180 	DEBUG 	Upload of Texture Font fontname complete
3.6212 	DEBUG 	TextBox2 loaded 1 chars with 0 blanks and 1 valid
3.6218 	DEBUG 	TextBox2 loaded 1 chars with 0 blanks and 1 valid
3.6223 	DEBUG 	TextBox2 loaded 1 chars with 0 blanks and 1 valid
3.6224 	DEBUG 	Uploading Texture Font fontname to graphics card
3.6228 	DEBUG 	Upload of Texture Font fontname complete
3.6240 	EXP 	window1: Attempting to measure frame rate of screen (0) ...
3.6240 	EXP 	window1: recordFrameIntervals = False
3.7598 	EXP 	window1: recordFrameIntervals = True
3.9042 	EXP 	Screen (0) actual frame rate measured at 76.38Hz
3.9042 	EXP 	window1: recordFrameIntervals = False
3.9072 	DEBUG 	TextBox2 loaded 1 chars with 0 blanks and 1 valid
3.9075 	DEBUG 	TextBox2 loaded 1 chars with 0 blanks and 1 valid
3.9080 	DEBUG 	TextBox2 loaded 1 chars with 0 blanks and 1 valid
3.9086 	DEBUG 	TextBox2 loaded 1 chars with 0 blanks and 1 valid
3.9092 	DEBUG 	TextBox2 loaded 1 chars with 0 blanks and 1 valid
3.9098 	DEBUG 	TextBox2 loaded 1 chars with 0 blanks and 1 valid
3.9101 	DEBUG 	TextBox2 loaded 1 chars with 0 blanks and 1 valid
3.9106 	DEBUG 	TextBox2 loaded 1 chars with 0 blanks and 1 valid
3.9112 	DEBUG 	TextBox2 loaded 1 chars with 0 blanks and 1 valid
3.9117 	DEBUG 	TextBox2 loaded 1 chars with 0 blanks and 1 valid
3.9119 	DEBUG 	Uploading Texture Font fontname to graphics card
3.9123 	DEBUG 	Upload of Texture Font fontname complete
3.9208 	WARNING 	launchHubServer: If using the iohub mouse or eyetracker devices, fullScr should be True.
5.5777 	INFO 	keyboard.Keyboard is using iohub backend.
5.5777 	EXP 	KeoghRevisedRetrocueTask: status = STARTED
5.5778 	INFO 	keyboard.Keyboard is using iohub backend.
5.5876 	EXP 	Created unnamed ImageStim = ImageStim(__class__=<class 'psychopy.visual.image.ImageStim'>, anchor=('center', 'center'), autoLog=True, color=array([1., 1., 1.]), colorSpace='rgb', contrast=1.0, depth=0, draggable=False, flipHoriz=False, flipVert=False, image=str(...), interpolate=False, mask=None, maskParams=None, name='unnamed ImageStim', opacity=1, ori=0.0, pos=array([0., 0.]), size=array([0.12, 0.12]), texRes=128, units='height', win=Window(...))
5.5949 	EXP 	Created unnamed ImageStim = ImageStim(__class__=<class 'psychopy.visual.image.ImageStim'>, anchor=('center', 'center'), autoLog=True, color=array([1., 1., 1.]), colorSpace='rgb', contrast=1.0, depth=0, draggable=False, flipHoriz=False, flipVert=False, image=str(...), interpolate=False, mask=None, maskParams=None, name='unnamed ImageStim', opacity=1, ori=0.0, pos=array([0., 0.]), size=array([0.12, 0.12]), texRes=128, units='height', win=Window(...))
5.5965 	EXP 	Created unnamed Polygon = Polygon(__class__=<class 'psychopy.visual.polygon.Polygon'>, anchor=('center', 'center'), autoDraw=False, autoLog=True, closeShape=True, color=method-wrapper(...), colorSpace='rgb255', contrast=None, depth=0, draggable=False, fillColor=array([128, 115,  96]), fillColorSpace='rgb255', fillRGB=array([ 0.00392157, -0.09803922, -0.24705882]), interpolate=True, lineColor=array([255., 255., 255.]), lineColorSpace='rgb255', lineRGB=array([1, 1, 1]), lineWidth=1.5, name='unnamed Polygon', opacity=1, ori=45.0, pos=array([0., 0.]), size=array([0.06, 0.06]), units='height', vertices=ndarray(...), win=Window(...))
0.0044 	INFO 	Keyboard events cleared
0.0172 	EXP 	unnamed Polygon: autoDraw = True
0.0172 	EXP 	unnamed ImageStim: autoDraw = True
0.5210 	EXP 	Created unnamed ImageStim = ImageStim(__class__=<class 'psychopy.visual.image.ImageStim'>, anchor=('center', 'center'), autoLog=True, color=array([1., 1., 1.]), colorSpace='rgb', contrast=1.0, depth=0, draggable=False, flipHoriz=False, flipVert=False, image=None, interpolate=False, mask=None, maskParams=None, name='unnamed ImageStim', opacity=1, ori=0.0, pos=array([-300.,    0.]), size=array([400., 400.]), texRes=128, units='height', win=Window(...))
0.5216 	EXP 	Created unnamed ImageStim = ImageStim(__class__=<class 'psychopy.visual.image.ImageStim'>, anchor=('center', 'center'), autoLog=True, color=array([1., 1., 1.]), colorSpace='rgb', contrast=1.0, depth=0, draggable=False, flipHoriz=False, flipVert=False, image=None, interpolate=False, mask=None, maskParams=None, name='unnamed ImageStim', opacity=1, ori=0.0, pos=array([300.,   0.]), size=array([100., 100.]), texRes=128, units='height', win=Window(...))
1.5189 	EXP 	unnamed ImageStim: image = 'C:/Users/cocon/OneDrive/Documents/GitHub/Kiyonaga-Lab/PNR Project/stimuli/Connie/cube/greeneggandcube.jpg'
1.5189 	EXP 	unnamed ImageStim: image = 'C:/Users/cocon/OneDrive/Documents/GitHub/Kiyonaga-Lab/PNR Project/stimuli/Mycah/cylinder/cubeandcylinder.jpg'
1.5189 	EXP 	unnamed ImageStim: autoDraw = True
1.5189 	EXP 	unnamed ImageStim: autoDraw = True
3.5303 	EXP 	unnamed ImageStim: autoDraw = False
3.5303 	EXP 	unnamed ImageStim: autoDraw = False
4.0482 	EXP 	unnamed Polygon: autoDraw = False
4.0482 	EXP 	unnamed ImageStim: autoDraw = False
4.0500 	INFO 	Keyboard events cleared
4.0605 	EXP 	unnamed ImageStim: ori = 180
4.0605 	EXP 	unnamed Polygon: foreColor = [64, 128, 72]
4.0605 	EXP 	unnamed Polygon: fillColor = [64, 128, 72]
4.0605 	EXP 	unnamed Polygon: borderColor = [64, 128, 72]
4.0605 	EXP 	unnamed Polygon: color = [64, 128, 72]
4.0605 	EXP 	unnamed Polygon: autoDraw = True
4.0605 	EXP 	unnamed ImageStim: autoDraw = True
4.0731 	EXP 	unnamed Polygon: autoDraw = False
4.0731 	EXP 	unnamed ImageStim: autoDraw = False
4.0741 	EXP 	KeoghRevisedRetrocueTask: status = STOPPED
4.0754 	INFO 	saved data to 'C:\\Users\\cocon\\OneDrive\\Documents\\GitHub\\Kiyonaga-Lab\\PNR Project\\Connie_Code\\data/938031_KeoghRevisedRetrocueTask_2025-04-27_18h03.14.397.csv'
4.0758 	INFO 	saved data to C:\Users\cocon\OneDrive\Documents\GitHub\Kiyonaga-Lab\PNR Project\Connie_Code\data/938031_KeoghRevisedRetrocueTask_2025-04-27_18h03.14.397.psydat
4.4372 	DEBUG 	Saving data for KeoghRevisedRetrocueTask ExperimentHandler
