3.7105 	DEBUG 	Fullscreen settings ignored as running in pilot mode.
3.7111 	INFO 	Loaded monitor calibration from ['2025_04_06 13:23']
3.8884 	EXP 	Created window1 = Window(allowGUI=False, allowStencil=False, autoLog=True, backendConf=UNKNOWN, backgroundFit=<method-wrapper '__getattribute__' of attributeSetter object at 0x00000240DBF47B20>, backgroundImage=<method-wrapper '__getattribute__' of attributeSetter object at 0x00000240DBF47B80>, bitsMode=UNKNOWN, blendMode='avg', bpc=(8, 8, 8), color=array([0, 0, 0]), colorSpace='rgb', depthBits=8, fullscr=False, gamma=None, gammaErrorPolicy='raise', infoMsg=UNKNOWN, lms=UNKNOWN, monitor=<psychopy.monitors.calibTools.Monitor object at 0x00000240DBFF3EB0>, multiSample=False, name='window1', numSamples=2, pos=[560.0, 240.0], screen=0, size=array([800, 600]), stencilBits=0, stereo=False, title='PsychoPy', units='height', useFBO=True, useRetina=False, viewOri=0.0, viewPos=None, viewScale=None, waitBlanking=True, winType='pyglet')
3.8884 	EXP 	window1: backgroundImage = ''
3.8884 	EXP 	window1: backgroundFit = 'none'
3.8933 	DEBUG 	TextBox2 loaded 1 chars with 0 blanks and 1 valid
3.8938 	DEBUG 	TextBox2 loaded 1 chars with 0 blanks and 1 valid
3.8942 	DEBUG 	TextBox2 loaded 1 chars with 0 blanks and 1 valid
3.8947 	DEBUG 	TextBox2 loaded 1 chars with 0 blanks and 1 valid
3.8953 	DEBUG 	TextBox2 loaded 1 chars with 0 blanks and 1 valid
3.8956 	DEBUG 	TextBox2 loaded 1 chars with 0 blanks and 1 valid
3.8960 	DEBUG 	TextBox2 loaded 1 chars with 0 blanks and 1 valid
3.8966 	DEBUG 	TextBox2 loaded 1 chars with 0 blanks and 1 valid
3.8968 	DEBUG 	TextBox2 loaded 1 chars with 0 blanks and 1 valid
3.8970 	DEBUG 	TextBox2 loaded 1 chars with 0 blanks and 1 valid
3.8974 	DEBUG 	TextBox2 loaded 1 chars with 0 blanks and 1 valid
3.8978 	DEBUG 	TextBox2 loaded 1 chars with 0 blanks and 1 valid
3.8982 	DEBUG 	TextBox2 loaded 1 chars with 0 blanks and 1 valid
3.8986 	DEBUG 	TextBox2 loaded 1 chars with 0 blanks and 1 valid
3.8990 	DEBUG 	TextBox2 loaded 1 chars with 0 blanks and 1 valid
3.8995 	DEBUG 	TextBox2 loaded 1 chars with 0 blanks and 1 valid
3.8999 	DEBUG 	TextBox2 loaded 1 chars with 0 blanks and 1 valid
3.9002 	DEBUG 	TextBox2 loaded 1 chars with 0 blanks and 1 valid
3.9005 	DEBUG 	TextBox2 loaded 1 chars with 0 blanks and 1 valid
3.9010 	DEBUG 	TextBox2 loaded 1 chars with 0 blanks and 1 valid
3.9013 	DEBUG 	TextBox2 loaded 1 chars with 0 blanks and 1 valid
3.9015 	DEBUG 	Uploading Texture Font fontname to graphics card
3.9023 	DEBUG 	Upload of Texture Font fontname complete
3.9065 	DEBUG 	TextBox2 loaded 1 chars with 0 blanks and 1 valid
3.9073 	DEBUG 	TextBox2 loaded 1 chars with 0 blanks and 1 valid
3.9078 	DEBUG 	TextBox2 loaded 1 chars with 0 blanks and 1 valid
3.9080 	DEBUG 	Uploading Texture Font fontname to graphics card
3.9084 	DEBUG 	Upload of Texture Font fontname complete
3.9096 	EXP 	window1: Attempting to measure frame rate of screen (0) ...
3.9096 	EXP 	window1: recordFrameIntervals = False
4.0424 	EXP 	window1: recordFrameIntervals = True
4.3096 	EXP 	Screen (0) actual frame rate measured at 74.73Hz
4.3097 	EXP 	window1: recordFrameIntervals = False
4.3130 	DEBUG 	TextBox2 loaded 1 chars with 0 blanks and 1 valid
4.3133 	DEBUG 	TextBox2 loaded 1 chars with 0 blanks and 1 valid
4.3138 	DEBUG 	TextBox2 loaded 1 chars with 0 blanks and 1 valid
4.3144 	DEBUG 	TextBox2 loaded 1 chars with 0 blanks and 1 valid
4.3150 	DEBUG 	TextBox2 loaded 1 chars with 0 blanks and 1 valid
4.3156 	DEBUG 	TextBox2 loaded 1 chars with 0 blanks and 1 valid
4.3159 	DEBUG 	TextBox2 loaded 1 chars with 0 blanks and 1 valid
4.3164 	DEBUG 	TextBox2 loaded 1 chars with 0 blanks and 1 valid
4.3169 	DEBUG 	TextBox2 loaded 1 chars with 0 blanks and 1 valid
4.3175 	DEBUG 	TextBox2 loaded 1 chars with 0 blanks and 1 valid
4.3176 	DEBUG 	Uploading Texture Font fontname to graphics card
4.3181 	DEBUG 	Upload of Texture Font fontname complete
4.3268 	WARNING 	launchHubServer: If using the iohub mouse or eyetracker devices, fullScr should be True.
5.9835 	INFO 	keyboard.Keyboard is using iohub backend.
5.9835 	EXP 	KeoghRevisedRetrocueTask: status = STARTED
5.9836 	INFO 	keyboard.Keyboard is using iohub backend.
5.9940 	EXP 	Created unnamed ImageStim = ImageStim(__class__=<class 'psychopy.visual.image.ImageStim'>, anchor=('center', 'center'), autoLog=True, color=array([1., 1., 1.]), colorSpace='rgb', contrast=1.0, depth=0, draggable=False, flipHoriz=False, flipVert=False, image=str(...), interpolate=False, mask=None, maskParams=None, name='unnamed ImageStim', opacity=1, ori=0.0, pos=array([0., 0.]), size=array([0.12, 0.12]), texRes=128, units='height', win=Window(...))
6.0015 	EXP 	Created unnamed ImageStim = ImageStim(__class__=<class 'psychopy.visual.image.ImageStim'>, anchor=('center', 'center'), autoLog=True, color=array([1., 1., 1.]), colorSpace='rgb', contrast=1.0, depth=0, draggable=False, flipHoriz=False, flipVert=False, image=str(...), interpolate=False, mask=None, maskParams=None, name='unnamed ImageStim', opacity=1, ori=0.0, pos=array([0., 0.]), size=array([0.12, 0.12]), texRes=128, units='height', win=Window(...))
6.0032 	EXP 	Created unnamed Polygon = Polygon(__class__=<class 'psychopy.visual.polygon.Polygon'>, anchor=('center', 'center'), autoDraw=False, autoLog=True, closeShape=True, color=method-wrapper(...), colorSpace='rgb255', contrast=None, depth=0, draggable=False, fillColor=array([128, 115,  96]), fillColorSpace='rgb255', fillRGB=array([ 0.00392157, -0.09803922, -0.24705882]), interpolate=True, lineColor=array([255., 255., 255.]), lineColorSpace='rgb255', lineRGB=array([1, 1, 1]), lineWidth=1.5, name='unnamed Polygon', opacity=1, ori=45.0, pos=array([0., 0.]), size=array([0.06, 0.06]), units='height', vertices=ndarray(...), win=Window(...))
6.0033 	WARNING 	Monitor specification not found. Creating a temporary one...
6.3362 	EXP 	Created window1 = Window(allowGUI=True, allowStencil=False, autoLog=True, backendConf=UNKNOWN, backgroundFit=<method-wrapper '__getattribute__' of attributeSetter object at 0x00000240DBF47B20>, backgroundImage=<method-wrapper '__getattribute__' of attributeSetter object at 0x00000240DBF47B80>, bitsMode=UNKNOWN, blendMode='avg', bpc=(8, 8, 8), color=array([0, 0, 0]), colorSpace='rgb', depthBits=8, fullscr=False, gamma=None, gammaErrorPolicy='raise', infoMsg=UNKNOWN, lms=UNKNOWN, monitor=<psychopy.monitors.calibTools.Monitor object at 0x00000240E1C3D5D0>, multiSample=False, name='window1', numSamples=2, pos=(3120, 353), screen=0, size=array([800, 600]), stencilBits=0, stereo=False, title='PsychoPy', units='pix', useFBO=False, useRetina=False, viewOri=0.0, viewPos=None, viewScale=None, waitBlanking=True, winType='pyglet')
6.3362 	EXP 	window1: backgroundImage = None
6.3362 	EXP 	window1: backgroundFit = 'cover'
0.0137 	INFO 	Keyboard events cleared
0.5285 	EXP 	Created unnamed ImageStim = ImageStim(__class__=<class 'psychopy.visual.image.ImageStim'>, anchor=('center', 'center'), autoLog=True, color=array([1., 1., 1.]), colorSpace='rgb', contrast=1.0, depth=0, draggable=False, flipHoriz=False, flipVert=False, image=None, interpolate=False, mask=None, maskParams=None, name='unnamed ImageStim', opacity=1, ori=0.0, pos=array([-250.,    0.]), size=array([600., 600.]), texRes=128, units='pix', win=Window(...))
0.5293 	EXP 	Created unnamed ImageStim = ImageStim(__class__=<class 'psychopy.visual.image.ImageStim'>, anchor=('center', 'center'), autoLog=True, color=array([1., 1., 1.]), colorSpace='rgb', contrast=1.0, depth=0, draggable=False, flipHoriz=False, flipVert=False, image=None, interpolate=False, mask=None, maskParams=None, name='unnamed ImageStim', opacity=1, ori=0.0, pos=array([250.,   0.]), size=array([600., 600.]), texRes=128, units='pix', win=Window(...))
0.9492 	EXP 	Created unnamed ImageStim = ImageStim(__class__=<class 'psychopy.visual.image.ImageStim'>, anchor=('center', 'center'), autoLog=True, color=array([1., 1., 1.]), colorSpace='rgb', contrast=1.0, depth=0, draggable=False, flipHoriz=False, flipVert=False, image=str(...), interpolate=False, mask=None, maskParams=None, name='unnamed ImageStim', opacity=1, ori=0.0, pos=array([0., 0.]), size=array([2580., 3225.]), texRes=128, units='pix', win=Window(...))
0.9496 	INFO 	Keyboard events cleared
0.9941 	EXP 	unnamed ImageStim: image = 'C:/Users/cocon/OneDrive/Documents/GitHub/Kiyonaga-Lab/PNR Project/stimuli/Connie/cylinder/cylinderpink.jpg'
0.9941 	EXP 	unnamed ImageStim: image = 'C:/Users/cocon/OneDrive/Documents/GitHub/Kiyonaga-Lab/PNR Project/stimuli/Connie/sphere/broomball.jpg'
0.9941 	EXP 	unnamed ImageStim: autoDraw = True
0.9941 	EXP 	unnamed ImageStim: autoDraw = True
3.0038 	EXP 	unnamed ImageStim: autoDraw = False
3.0038 	EXP 	unnamed ImageStim: autoDraw = False
5.0315 	EXP 	KeoghRevisedRetrocueTask: status = STOPPED
5.0337 	INFO 	saved data to 'C:\\Users\\cocon\\OneDrive\\Documents\\GitHub\\Kiyonaga-Lab\\PNR Project\\Connie_Code\\data/956906_KeoghRevisedRetrocueTask_2025-04-27_18h16.58.996.csv'
5.0341 	INFO 	saved data to C:\Users\cocon\OneDrive\Documents\GitHub\Kiyonaga-Lab\PNR Project\Connie_Code\data/956906_KeoghRevisedRetrocueTask_2025-04-27_18h16.58.996.psydat
5.0457 	EXP 	unnamed Polygon: autoDraw = True
5.0457 	EXP 	unnamed ImageStim: autoDraw = True
5.0457 	EXP 	unnamed Polygon: autoDraw = True
5.0457 	EXP 	unnamed ImageStim: autoDraw = True
5.0457 	EXP 	unnamed Polygon: autoDraw = False
5.0457 	EXP 	unnamed ImageStim: autoDraw = False
5.6227 	DEBUG 	Saving data for KeoghRevisedRetrocueTask ExperimentHandler
