3.3467 	DEBUG 	Fullscreen settings ignored as running in pilot mode.
3.3473 	INFO 	Loaded monitor calibration from ['2025_04_06 13:23']
3.5220 	EXP 	Created window1 = Window(allowGUI=False, allowStencil=False, autoLog=True, backendConf=UNKNOWN, backgroundFit=<method-wrapper '__getattribute__' of attributeSetter object at 0x000001F0E3FE66E0>, backgroundImage=<method-wrapper '__getattribute__' of attributeSetter object at 0x000001F0E3FE6680>, bitsMode=UNKNOWN, blendMode='avg', bpc=(8, 8, 8), color=array([0, 0, 0]), colorSpace='rgb', depthBits=8, fullscr=False, gamma=None, gammaErrorPolicy='raise', infoMsg=UNKNOWN, lms=UNKNOWN, monitor=<psychopy.monitors.calibTools.Monitor object at 0x000001F0E4073310>, multiSample=False, name='window1', numSamples=2, pos=[560.0, 240.0], screen=0, size=array([800, 600]), stencilBits=0, stereo=False, title='PsychoPy', units='height', useFBO=True, useRetina=False, viewOri=0.0, viewPos=None, viewScale=None, waitBlanking=True, winType='pyglet')
3.5220 	EXP 	window1: backgroundImage = ''
3.5220 	EXP 	window1: backgroundFit = 'none'
3.5269 	DEBUG 	TextBox2 loaded 1 chars with 0 blanks and 1 valid
3.5273 	DEBUG 	TextBox2 loaded 1 chars with 0 blanks and 1 valid
3.5277 	DEBUG 	TextBox2 loaded 1 chars with 0 blanks and 1 valid
3.5283 	DEBUG 	TextBox2 loaded 1 chars with 0 blanks and 1 valid
3.5288 	DEBUG 	TextBox2 loaded 1 chars with 0 blanks and 1 valid
3.5291 	DEBUG 	TextBox2 loaded 1 chars with 0 blanks and 1 valid
3.5295 	DEBUG 	TextBox2 loaded 1 chars with 0 blanks and 1 valid
3.5301 	DEBUG 	TextBox2 loaded 1 chars with 0 blanks and 1 valid
3.5303 	DEBUG 	TextBox2 loaded 1 chars with 0 blanks and 1 valid
3.5305 	DEBUG 	TextBox2 loaded 1 chars with 0 blanks and 1 valid
3.5309 	DEBUG 	TextBox2 loaded 1 chars with 0 blanks and 1 valid
3.5313 	DEBUG 	TextBox2 loaded 1 chars with 0 blanks and 1 valid
3.5317 	DEBUG 	TextBox2 loaded 1 chars with 0 blanks and 1 valid
3.5322 	DEBUG 	TextBox2 loaded 1 chars with 0 blanks and 1 valid
3.5325 	DEBUG 	TextBox2 loaded 1 chars with 0 blanks and 1 valid
3.5330 	DEBUG 	TextBox2 loaded 1 chars with 0 blanks and 1 valid
3.5334 	DEBUG 	TextBox2 loaded 1 chars with 0 blanks and 1 valid
3.5337 	DEBUG 	TextBox2 loaded 1 chars with 0 blanks and 1 valid
3.5340 	DEBUG 	TextBox2 loaded 1 chars with 0 blanks and 1 valid
3.5345 	DEBUG 	TextBox2 loaded 1 chars with 0 blanks and 1 valid
3.5348 	DEBUG 	TextBox2 loaded 1 chars with 0 blanks and 1 valid
3.5350 	DEBUG 	Uploading Texture Font fontname to graphics card
3.5358 	DEBUG 	Upload of Texture Font fontname complete
3.5390 	DEBUG 	TextBox2 loaded 1 chars with 0 blanks and 1 valid
3.5395 	DEBUG 	TextBox2 loaded 1 chars with 0 blanks and 1 valid
3.5401 	DEBUG 	TextBox2 loaded 1 chars with 0 blanks and 1 valid
3.5402 	DEBUG 	Uploading Texture Font fontname to graphics card
3.5406 	DEBUG 	Upload of Texture Font fontname complete
3.5418 	EXP 	window1: Attempting to measure frame rate of screen (0) ...
3.5418 	EXP 	window1: recordFrameIntervals = False
3.6698 	EXP 	window1: recordFrameIntervals = True
3.8150 	EXP 	Screen (0) actual frame rate measured at 75.86Hz
3.8151 	EXP 	window1: recordFrameIntervals = False
3.8180 	DEBUG 	TextBox2 loaded 1 chars with 0 blanks and 1 valid
3.8183 	DEBUG 	TextBox2 loaded 1 chars with 0 blanks and 1 valid
3.8188 	DEBUG 	TextBox2 loaded 1 chars with 0 blanks and 1 valid
3.8194 	DEBUG 	TextBox2 loaded 1 chars with 0 blanks and 1 valid
3.8200 	DEBUG 	TextBox2 loaded 1 chars with 0 blanks and 1 valid
3.8206 	DEBUG 	TextBox2 loaded 1 chars with 0 blanks and 1 valid
3.8209 	DEBUG 	TextBox2 loaded 1 chars with 0 blanks and 1 valid
3.8214 	DEBUG 	TextBox2 loaded 1 chars with 0 blanks and 1 valid
3.8220 	DEBUG 	TextBox2 loaded 1 chars with 0 blanks and 1 valid
3.8225 	DEBUG 	TextBox2 loaded 1 chars with 0 blanks and 1 valid
3.8227 	DEBUG 	Uploading Texture Font fontname to graphics card
3.8231 	DEBUG 	Upload of Texture Font fontname complete
3.8315 	WARNING 	launchHubServer: If using the iohub mouse or eyetracker devices, fullScr should be True.
5.4865 	INFO 	keyboard.Keyboard is using iohub backend.
5.4865 	EXP 	KeoghRevisedRetrocueTask: status = STARTED
5.4866 	INFO 	keyboard.Keyboard is using iohub backend.
5.4966 	EXP 	Created unnamed ImageStim = ImageStim(__class__=<class 'psychopy.visual.image.ImageStim'>, anchor=('center', 'center'), autoLog=True, color=array([1., 1., 1.]), colorSpace='rgb', contrast=1.0, depth=0, draggable=False, flipHoriz=False, flipVert=False, image=str(...), interpolate=False, mask=None, maskParams=None, name='unnamed ImageStim', opacity=1, ori=0.0, pos=array([0., 0.]), size=array([0.12, 0.12]), texRes=128, units='height', win=Window(...))
5.5046 	EXP 	Created unnamed ImageStim = ImageStim(__class__=<class 'psychopy.visual.image.ImageStim'>, anchor=('center', 'center'), autoLog=True, color=array([1., 1., 1.]), colorSpace='rgb', contrast=1.0, depth=0, draggable=False, flipHoriz=False, flipVert=False, image=str(...), interpolate=False, mask=None, maskParams=None, name='unnamed ImageStim', opacity=1, ori=0.0, pos=array([0., 0.]), size=array([0.12, 0.12]), texRes=128, units='height', win=Window(...))
5.5067 	EXP 	Created unnamed Polygon = Polygon(__class__=<class 'psychopy.visual.polygon.Polygon'>, anchor=('center', 'center'), autoDraw=False, autoLog=True, closeShape=True, color=method-wrapper(...), colorSpace='rgb255', contrast=None, depth=0, draggable=False, fillColor=array([128, 115,  96]), fillColorSpace='rgb255', fillRGB=array([ 0.00392157, -0.09803922, -0.24705882]), interpolate=True, lineColor=array([255., 255., 255.]), lineColorSpace='rgb255', lineRGB=array([1, 1, 1]), lineWidth=1.5, name='unnamed Polygon', opacity=1, ori=45.0, pos=array([0., 0.]), size=array([0.06, 0.06]), units='height', vertices=ndarray(...), win=Window(...))
0.0052 	EXP 	Created unnamed ImageStim = ImageStim(__class__=<class 'psychopy.visual.image.ImageStim'>, anchor=('center', 'center'), autoLog=True, color=array([1., 1., 1.]), colorSpace='rgb', contrast=1.0, depth=0, draggable=False, flipHoriz=False, flipVert=False, image=None, interpolate=False, mask=None, maskParams=None, name='unnamed ImageStim', opacity=1, ori=0.0, pos=array([-300.,    0.]), size=array([400., 400.]), texRes=128, units='height', win=Window(...))
0.0057 	EXP 	Created unnamed ImageStim = ImageStim(__class__=<class 'psychopy.visual.image.ImageStim'>, anchor=('center', 'center'), autoLog=True, color=array([1., 1., 1.]), colorSpace='rgb', contrast=1.0, depth=0, draggable=False, flipHoriz=False, flipVert=False, image=None, interpolate=False, mask=None, maskParams=None, name='unnamed ImageStim', opacity=1, ori=0.0, pos=array([300.,   0.]), size=array([100., 100.]), texRes=128, units='height', win=Window(...))
0.6711 	EXP 	unnamed ImageStim: image = 'C:/Users/cocon/OneDrive/Documents/GitHub/Kiyonaga-Lab/PNR Project/stimuli/Connie/cylinder/cylinderpink.jpg'
0.6711 	EXP 	unnamed ImageStim: image = 'C:/Users/cocon/OneDrive/Documents/GitHub/Kiyonaga-Lab/PNR Project/stimuli/Mycah/cylinder/purple cylinders.jpg'
0.6711 	EXP 	unnamed ImageStim: autoDraw = True
0.6711 	EXP 	unnamed ImageStim: autoDraw = True
2.6860 	EXP 	unnamed ImageStim: autoDraw = False
2.6860 	EXP 	unnamed ImageStim: autoDraw = False
3.1929 	EXP 	unnamed Polygon: autoDraw = False
3.1929 	EXP 	unnamed ImageStim: autoDraw = False
3.2085 	EXP 	KeoghRevisedRetrocueTask: status = STOPPED
3.2106 	INFO 	saved data to 'C:\\Users\\cocon\\OneDrive\\Documents\\GitHub\\Kiyonaga-Lab\\PNR Project\\Connie_Code\\data/986618_KeoghRevisedRetrocueTask_2025-04-27_18h08.04.748.csv'
3.2111 	INFO 	saved data to C:\Users\cocon\OneDrive\Documents\GitHub\Kiyonaga-Lab\PNR Project\Connie_Code\data/986618_KeoghRevisedRetrocueTask_2025-04-27_18h08.04.748.psydat
3.4397 	DEBUG 	Saving data for KeoghRevisedRetrocueTask ExperimentHandler
