5.2576 	DEBUG 	Fullscreen settings ignored as running in pilot mode.
5.2586 	INFO 	Loaded monitor calibration from ['2025_03_31 21:04']
5.6137 	EXP 	Created window1 = Window(allowGUI=False, allowStencil=False, autoLog=True, backendConf=UNKNOWN, backgroundFit=<method-wrapper '__getattribute__' of attributeSetter object at 0x0000025A56A9F2E0>, backgroundImage=<method-wrapper '__getattribute__' of attributeSetter object at 0x0000025A56A9F280>, bitsMode=UNKNOWN, blendMode='avg', bpc=(8, 8, 8), color=array([0, 0, 0]), colorSpace='rgb', depthBits=8, fullscr=False, gamma=None, gammaErrorPolicy='raise', infoMsg=UNKNOWN, lms=UNKNOWN, monitor=<psychopy.monitors.calibTools.Monitor object at 0x0000025A56B538B0>, multiSample=False, name='window1', numSamples=2, pos=[560.0, 300.0], screen=0, size=array([800, 600]), stencilBits=0, stereo=False, title='PsychoPy', units='height', useFBO=True, useRetina=False, viewOri=0.0, viewPos=None, viewScale=None, waitBlanking=True, winType='pyglet')
5.6138 	EXP 	window1: backgroundImage = ''
5.6138 	EXP 	window1: backgroundFit = 'none'
5.6251 	DEBUG 	TextBox2 loaded 1 chars with 0 blanks and 1 valid
5.6257 	DEBUG 	TextBox2 loaded 1 chars with 0 blanks and 1 valid
5.6263 	DEBUG 	TextBox2 loaded 1 chars with 0 blanks and 1 valid
5.6270 	DEBUG 	TextBox2 loaded 1 chars with 0 blanks and 1 valid
5.6278 	DEBUG 	TextBox2 loaded 1 chars with 0 blanks and 1 valid
5.6281 	DEBUG 	TextBox2 loaded 1 chars with 0 blanks and 1 valid
5.6287 	DEBUG 	TextBox2 loaded 1 chars with 0 blanks and 1 valid
5.6294 	DEBUG 	TextBox2 loaded 1 chars with 0 blanks and 1 valid
5.6297 	DEBUG 	TextBox2 loaded 1 chars with 0 blanks and 1 valid
5.6300 	DEBUG 	TextBox2 loaded 1 chars with 0 blanks and 1 valid
5.6306 	DEBUG 	TextBox2 loaded 1 chars with 0 blanks and 1 valid
5.6311 	DEBUG 	TextBox2 loaded 1 chars with 0 blanks and 1 valid
5.6316 	DEBUG 	TextBox2 loaded 1 chars with 0 blanks and 1 valid
5.6322 	DEBUG 	TextBox2 loaded 1 chars with 0 blanks and 1 valid
5.6327 	DEBUG 	TextBox2 loaded 1 chars with 0 blanks and 1 valid
5.6332 	DEBUG 	TextBox2 loaded 1 chars with 0 blanks and 1 valid
5.6338 	DEBUG 	TextBox2 loaded 1 chars with 0 blanks and 1 valid
5.6342 	DEBUG 	TextBox2 loaded 1 chars with 0 blanks and 1 valid
5.6346 	DEBUG 	TextBox2 loaded 1 chars with 0 blanks and 1 valid
5.6353 	DEBUG 	TextBox2 loaded 1 chars with 0 blanks and 1 valid
5.6358 	DEBUG 	TextBox2 loaded 1 chars with 0 blanks and 1 valid
5.6361 	DEBUG 	Uploading Texture Font fontname to graphics card
5.6391 	DEBUG 	Upload of Texture Font fontname complete
5.6460 	DEBUG 	TextBox2 loaded 1 chars with 0 blanks and 1 valid
5.6468 	DEBUG 	TextBox2 loaded 1 chars with 0 blanks and 1 valid
5.6476 	DEBUG 	TextBox2 loaded 1 chars with 0 blanks and 1 valid
5.6478 	DEBUG 	Uploading Texture Font fontname to graphics card
5.6494 	DEBUG 	Upload of Texture Font fontname complete
5.6518 	EXP 	window1: Attempting to measure frame rate of screen (0) ...
5.6518 	EXP 	window1: recordFrameIntervals = False
5.8392 	EXP 	window1: recordFrameIntervals = True
6.0235 	EXP 	Screen (0) actual frame rate measured at 59.85Hz
6.0236 	EXP 	window1: recordFrameIntervals = False
6.0299 	DEBUG 	TextBox2 loaded 1 chars with 0 blanks and 1 valid
6.0304 	DEBUG 	TextBox2 loaded 1 chars with 0 blanks and 1 valid
6.0310 	DEBUG 	TextBox2 loaded 1 chars with 0 blanks and 1 valid
6.0318 	DEBUG 	TextBox2 loaded 1 chars with 0 blanks and 1 valid
6.0326 	DEBUG 	TextBox2 loaded 1 chars with 0 blanks and 1 valid
6.0333 	DEBUG 	TextBox2 loaded 1 chars with 0 blanks and 1 valid
6.0337 	DEBUG 	TextBox2 loaded 1 chars with 0 blanks and 1 valid
6.0344 	DEBUG 	TextBox2 loaded 1 chars with 0 blanks and 1 valid
6.0351 	DEBUG 	TextBox2 loaded 1 chars with 0 blanks and 1 valid
6.0361 	DEBUG 	TextBox2 loaded 1 chars with 0 blanks and 1 valid
6.0364 	DEBUG 	Uploading Texture Font fontname to graphics card
6.0385 	DEBUG 	Upload of Texture Font fontname complete
6.0524 	WARNING 	launchHubServer: If using the iohub mouse or eyetracker devices, fullScr should be True.
8.9574 	INFO 	keyboard.Keyboard is using iohub backend.
8.9575 	EXP 	KeoghRevisedRetrocueTask: status = STARTED
8.9798 	INFO 	keyboard.Keyboard is using iohub backend.
0.0850 	EXP 	Created unnamed ImageStim = ImageStim(__class__=<class 'psychopy.visual.image.ImageStim'>, anchor=('center', 'center'), autoLog=True, color=array([1., 1., 1.]), colorSpace='rgb', contrast=1.0, depth=0, draggable=False, flipHoriz=False, flipVert=False, image='visualObj/fixCirc.png', interpolate=False, mask=None, maskParams=None, name='unnamed ImageStim', opacity=1, ori=0.0, pos=array([0., 0.]), size=array([0.12, 0.12]), texRes=128, units='height', win=Window(...))
0.1066 	EXP 	Created unnamed ImageStim = ImageStim(__class__=<class 'psychopy.visual.image.ImageStim'>, anchor=('center', 'center'), autoLog=True, color=array([1., 1., 1.]), colorSpace='rgb', contrast=1.0, depth=0, draggable=False, flipHoriz=False, flipVert=False, image='visualObj/retrocue.png', interpolate=False, mask=None, maskParams=None, name='unnamed ImageStim', opacity=1, ori=0.0, pos=array([0., 0.]), size=array([0.12, 0.12]), texRes=128, units='height', win=Window(...))
0.1127 	EXP 	Created unnamed Polygon = Polygon(__class__=<class 'psychopy.visual.polygon.Polygon'>, anchor=('center', 'center'), autoDraw=False, autoLog=True, closeShape=True, color=method-wrapper(...), colorSpace='rgb255', contrast=None, depth=0, draggable=False, fillColor=array([128, 115,  96]), fillColorSpace='rgb255', fillRGB=array([ 0.00392157, -0.09803922, -0.24705882]), interpolate=True, lineColor=array([255., 255., 255.]), lineColorSpace='rgb255', lineRGB=array([1, 1, 1]), lineWidth=1.5, name='unnamed Polygon', opacity=1, ori=45.0, pos=array([0., 0.]), size=array([0.06, 0.06]), units='height', vertices=ndarray(...), win=Window(...))
0.1137 	EXP 	Created unnamed ImageStim = ImageStim(__class__=<class 'psychopy.visual.image.ImageStim'>, anchor=('center', 'center'), autoLog=True, color=array([1., 1., 1.]), colorSpace='rgb', contrast=1.0, depth=0, draggable=False, flipHoriz=False, flipVert=False, image=None, interpolate=False, mask=None, maskParams=None, name='unnamed ImageStim', opacity=1, ori=0.0, pos=array([0., 0.]), size=array([1., 1.]), texRes=128, units='height', win=Window(...))
0.1144 	EXP 	Created unnamed ImageStim = ImageStim(__class__=<class 'psychopy.visual.image.ImageStim'>, anchor=('center', 'center'), autoLog=True, color=array([1., 1., 1.]), colorSpace='rgb', contrast=1.0, depth=0, draggable=False, flipHoriz=False, flipVert=False, image=None, interpolate=False, mask=None, maskParams=None, name='unnamed ImageStim', opacity=1, ori=0.0, pos=array([0., 0.]), size=array([1., 1.]), texRes=128, units='height', win=Window(...))
0.1260 	EXP 	Created unnamed ImageStim = ImageStim(__class__=<class 'psychopy.visual.image.ImageStim'>, anchor=('center', 'center'), autoLog=True, color=array([1., 1., 1.]), colorSpace='rgb', contrast=1.0, depth=0, draggable=False, flipHoriz=False, flipVert=False, image='visualObj/noiseGauss50.png', interpolate=False, mask=None, maskParams=None, name='unnamed ImageStim', opacity=1, ori=0.0, pos=array([0., 0.]), size=array([0.42666667, 0.42666667]), texRes=128, units='height', win=Window(...))
0.1286 	EXP 	Created unnamed ImageStim = ImageStim(__class__=<class 'psychopy.visual.image.ImageStim'>, anchor=('center', 'center'), autoLog=True, color=array([1., 1., 1.]), colorSpace='rgb', contrast=1.0, depth=0, draggable=False, flipHoriz=False, flipVert=False, image='visualObj/noiseGauss50.png', interpolate=False, mask=None, maskParams=None, name='unnamed ImageStim', opacity=1, ori=0.0, pos=array([0., 0.]), size=array([0.42666667, 0.42666667]), texRes=128, units='height', win=Window(...))
0.1295 	EXP 	Created unnamed ImageStim = ImageStim(__class__=<class 'psychopy.visual.image.ImageStim'>, anchor=('center', 'center'), autoLog=True, color=array([1., 1., 1.]), colorSpace='rgb', contrast=1.0, depth=0, draggable=False, flipHoriz=False, flipVert=False, image=None, interpolate=False, mask=None, maskParams=None, name='unnamed ImageStim', opacity=1, ori=0.0, pos=array([0., 0.]), size=array([0.18, 0.18]), texRes=128, units='height', win=Window(...))
0.1301 	EXP 	Created unnamed ImageStim = ImageStim(__class__=<class 'psychopy.visual.image.ImageStim'>, anchor=('center', 'center'), autoLog=True, color=array([1., 1., 1.]), colorSpace='rgb', contrast=1.0, depth=0, draggable=False, flipHoriz=False, flipVert=False, image=None, interpolate=False, mask=None, maskParams=None, name='unnamed ImageStim', opacity=1, ori=0.0, pos=array([0., 0.]), size=array([0.18, 0.18]), texRes=128, units='height', win=Window(...))
0.1308 	EXP 	Created unnamed ImageStim = ImageStim(__class__=<class 'psychopy.visual.image.ImageStim'>, anchor=('center', 'center'), autoLog=True, color=array([1., 1., 1.]), colorSpace='rgb', contrast=1.0, depth=0, draggable=False, flipHoriz=False, flipVert=False, image=None, interpolate=False, mask=None, maskParams=None, name='unnamed ImageStim', opacity=1, ori=0.0, pos=array([0., 0.]), size=array([0.18, 0.18]), texRes=128, units='height', win=Window(...))
0.1315 	EXP 	Created unnamed ImageStim = ImageStim(__class__=<class 'psychopy.visual.image.ImageStim'>, anchor=('center', 'center'), autoLog=True, color=array([1., 1., 1.]), colorSpace='rgb', contrast=1.0, depth=0, draggable=False, flipHoriz=False, flipVert=False, image=None, interpolate=False, mask=None, maskParams=None, name='unnamed ImageStim', opacity=1, ori=0.0, pos=array([0., 0.]), size=array([0.18, 0.18]), texRes=128, units='height', win=Window(...))
0.1321 	EXP 	Created unnamed ImageStim = ImageStim(__class__=<class 'psychopy.visual.image.ImageStim'>, anchor=('center', 'center'), autoLog=True, color=array([1., 1., 1.]), colorSpace='rgb', contrast=1.0, depth=0, draggable=False, flipHoriz=False, flipVert=False, image=None, interpolate=False, mask=None, maskParams=None, name='unnamed ImageStim', opacity=1, ori=0.0, pos=array([0., 0.]), size=array([0.18, 0.18]), texRes=128, units='height', win=Window(...))
0.1327 	EXP 	Created unnamed ImageStim = ImageStim(__class__=<class 'psychopy.visual.image.ImageStim'>, anchor=('center', 'center'), autoLog=True, color=array([1., 1., 1.]), colorSpace='rgb', contrast=1.0, depth=0, draggable=False, flipHoriz=False, flipVert=False, image=None, interpolate=False, mask=None, maskParams=None, name='unnamed ImageStim', opacity=1, ori=0.0, pos=array([0., 0.]), size=array([0.18, 0.18]), texRes=128, units='height', win=Window(...))
0.1335 	EXP 	Created unnamed ImageStim = ImageStim(__class__=<class 'psychopy.visual.image.ImageStim'>, anchor=('center', 'center'), autoLog=True, color=array([1., 1., 1.]), colorSpace='rgb', contrast=1.0, depth=0, draggable=False, flipHoriz=False, flipVert=False, image=None, interpolate=False, mask=None, maskParams=None, name='unnamed ImageStim', opacity=1, ori=0.0, pos=array([0., 0.]), size=array([1., 1.]), texRes=128, units='height', win=Window(...))
0.2171 	EXP 	Created unnamed TextStim = TextStim(__class__=<class 'psychopy.visual.text.TextStim'>, alignHoriz=method-wrapper(...), alignText='center', alignVert=method-wrapper(...), anchorHoriz='center', anchorVert='center', antialias=True, autoDraw=False, autoLog=True, bold=True, color=array([1., 1., 1.]), colorSpace='rgb', contrast=1.0, depth=0, draggable=False, flipHoriz=False, flipVert=False, font='', fontFiles=[], height=0.03, italic=False, languageStyle='LTR', name='unnamed TextStim', opacity=1.0, ori=0.0, pos=array([0., 0.]), rgb=UNKNOWN, text='', units='height', win=Window(...), wrapWidth=1)
0.2193 	EXP 	Created instrTxt = TextStim(__class__=<class 'psychopy.visual.text.TextStim'>, alignHoriz=method-wrapper(...), alignText='center', alignVert=method-wrapper(...), anchorHoriz='center', anchorVert='center', antialias=True, autoDraw=False, autoLog=True, bold=False, color=array([1., 1., 1.]), colorSpace='rgb', contrast=1.0, depth=0.0, draggable=False, flipHoriz=False, flipVert=False, font='Open Sans', fontFiles=[], height=0.03, italic=False, languageStyle='LTR', name='instrTxt', opacity=0.6, ori=0.0, pos=array([0. , 0.2]), rgb=UNKNOWN, text='', units='height', win=Window(...), wrapWidth=1)
0.2199 	EXP 	New trial (rep=0, index=0): <Trial 0 (0 in rep 0) data={'thisN': 0, 'thisTrialN': 0, 'thisRepN': 0}>
0.2203 	INFO 	Keyboard events cleared
0.2430 	EXP 	unnamed Polygon: autoDraw = True
0.2430 	EXP 	unnamed ImageStim: autoDraw = True
0.2583 	EXP 	unnamed Polygon: autoDraw = False
0.2583 	EXP 	unnamed ImageStim: autoDraw = False
0.3330 	DEBUG 	Saving data for KeoghRevisedRetrocueTask ExperimentHandler
0.3341 	INFO 	saved data to C:\Users\cocon\OneDrive\Documents\GitHub\Kiyonaga-Lab\PNR Project\data/414600_KeoghRevisedRetrocueTask_2025-05-05_17h31.15.557.psydat
0.3347 	INFO 	saved data to 'C:\\Users\\cocon\\OneDrive\\Documents\\GitHub\\Kiyonaga-Lab\\PNR Project\\data/414600_KeoghRevisedRetrocueTask_2025-05-05_17h31.15.557.csv'
