6.1531 	DEBUG 	Fullscreen settings ignored as running in pilot mode.
6.1541 	INFO 	Loaded monitor calibration from ['2025_03_31 21:04']
6.4950 	EXP 	Created window1 = Window(allowGUI=False, allowStencil=False, autoLog=True, backendConf=UNKNOWN, backgroundFit=<method-wrapper '__getattribute__' of attributeSetter object at 0x00000182D40DEF80>, backgroundImage=<method-wrapper '__getattribute__' of attributeSetter object at 0x00000182D40DEF20>, bitsMode=UNKNOWN, blendMode='avg', bpc=(8, 8, 8), color=array([0, 0, 0]), colorSpace='rgb', depthBits=8, fullscr=False, gamma=None, gammaErrorPolicy='raise', infoMsg=UNKNOWN, lms=UNKNOWN, monitor=<psychopy.monitors.calibTools.Monitor object at 0x00000182D419CCA0>, multiSample=False, name='window1', numSamples=2, pos=[560.0, 300.0], screen=0, size=array([800, 600]), stencilBits=0, stereo=False, title='PsychoPy', units='height', useFBO=True, useRetina=False, viewOri=0.0, viewPos=None, viewScale=None, waitBlanking=True, winType='pyglet')
6.4951 	EXP 	window1: backgroundImage = ''
6.4951 	EXP 	window1: backgroundFit = 'none'
6.5057 	DEBUG 	TextBox2 loaded 1 chars with 0 blanks and 1 valid
6.5064 	DEBUG 	TextBox2 loaded 1 chars with 0 blanks and 1 valid
6.5070 	DEBUG 	TextBox2 loaded 1 chars with 0 blanks and 1 valid
6.5077 	DEBUG 	TextBox2 loaded 1 chars with 0 blanks and 1 valid
6.5084 	DEBUG 	TextBox2 loaded 1 chars with 0 blanks and 1 valid
6.5088 	DEBUG 	TextBox2 loaded 1 chars with 0 blanks and 1 valid
6.5093 	DEBUG 	TextBox2 loaded 1 chars with 0 blanks and 1 valid
6.5100 	DEBUG 	TextBox2 loaded 1 chars with 0 blanks and 1 valid
6.5103 	DEBUG 	TextBox2 loaded 1 chars with 0 blanks and 1 valid
6.5106 	DEBUG 	TextBox2 loaded 1 chars with 0 blanks and 1 valid
6.5112 	DEBUG 	TextBox2 loaded 1 chars with 0 blanks and 1 valid
6.5118 	DEBUG 	TextBox2 loaded 1 chars with 0 blanks and 1 valid
6.5123 	DEBUG 	TextBox2 loaded 1 chars with 0 blanks and 1 valid
6.5129 	DEBUG 	TextBox2 loaded 1 chars with 0 blanks and 1 valid
6.5134 	DEBUG 	TextBox2 loaded 1 chars with 0 blanks and 1 valid
6.5140 	DEBUG 	TextBox2 loaded 1 chars with 0 blanks and 1 valid
6.5146 	DEBUG 	TextBox2 loaded 1 chars with 0 blanks and 1 valid
6.5149 	DEBUG 	TextBox2 loaded 1 chars with 0 blanks and 1 valid
6.5153 	DEBUG 	TextBox2 loaded 1 chars with 0 blanks and 1 valid
6.5160 	DEBUG 	TextBox2 loaded 1 chars with 0 blanks and 1 valid
6.5164 	DEBUG 	TextBox2 loaded 1 chars with 0 blanks and 1 valid
6.5167 	DEBUG 	Uploading Texture Font fontname to graphics card
6.5184 	DEBUG 	Upload of Texture Font fontname complete
6.5249 	DEBUG 	TextBox2 loaded 1 chars with 0 blanks and 1 valid
6.5256 	DEBUG 	TextBox2 loaded 1 chars with 0 blanks and 1 valid
6.5263 	DEBUG 	TextBox2 loaded 1 chars with 0 blanks and 1 valid
6.5266 	DEBUG 	Uploading Texture Font fontname to graphics card
6.5277 	DEBUG 	Upload of Texture Font fontname complete
6.5303 	EXP 	window1: Attempting to measure frame rate of screen (0) ...
6.5303 	EXP 	window1: recordFrameIntervals = False
6.6973 	EXP 	window1: recordFrameIntervals = True
6.8812 	EXP 	Screen (0) actual frame rate measured at 60.02Hz
6.8812 	EXP 	window1: recordFrameIntervals = False
6.8862 	DEBUG 	TextBox2 loaded 1 chars with 0 blanks and 1 valid
6.8867 	DEBUG 	TextBox2 loaded 1 chars with 0 blanks and 1 valid
6.8874 	DEBUG 	TextBox2 loaded 1 chars with 0 blanks and 1 valid
6.8882 	DEBUG 	TextBox2 loaded 1 chars with 0 blanks and 1 valid
6.8889 	DEBUG 	TextBox2 loaded 1 chars with 0 blanks and 1 valid
6.8897 	DEBUG 	TextBox2 loaded 1 chars with 0 blanks and 1 valid
6.8901 	DEBUG 	TextBox2 loaded 1 chars with 0 blanks and 1 valid
6.8907 	DEBUG 	TextBox2 loaded 1 chars with 0 blanks and 1 valid
6.8915 	DEBUG 	TextBox2 loaded 1 chars with 0 blanks and 1 valid
6.8922 	DEBUG 	TextBox2 loaded 1 chars with 0 blanks and 1 valid
6.8925 	DEBUG 	Uploading Texture Font fontname to graphics card
6.8936 	DEBUG 	Upload of Texture Font fontname complete
6.9080 	WARNING 	launchHubServer: If using the iohub mouse or eyetracker devices, fullScr should be True.
9.8106 	INFO 	keyboard.Keyboard is using iohub backend.
9.8106 	EXP 	KeoghRevisedRetrocueTask: status = STARTED
9.8342 	INFO 	keyboard.Keyboard is using iohub backend.
0.0288 	EXP 	Created unnamed ImageStim = ImageStim(__class__=<class 'psychopy.visual.image.ImageStim'>, anchor=('center', 'center'), autoLog=True, color=array([1., 1., 1.]), colorSpace='rgb', contrast=1.0, depth=0, draggable=False, flipHoriz=False, flipVert=False, image='visualObj/fixCirc.png', interpolate=False, mask=None, maskParams=None, name='unnamed ImageStim', opacity=1, ori=0.0, pos=array([0., 0.]), size=array([0.12, 0.12]), texRes=128, units='height', win=Window(...))
0.0404 	EXP 	Created unnamed ImageStim = ImageStim(__class__=<class 'psychopy.visual.image.ImageStim'>, anchor=('center', 'center'), autoLog=True, color=array([1., 1., 1.]), colorSpace='rgb', contrast=1.0, depth=0, draggable=False, flipHoriz=False, flipVert=False, image='visualObj/retrocue.png', interpolate=False, mask=None, maskParams=None, name='unnamed ImageStim', opacity=1, ori=0.0, pos=array([0., 0.]), size=array([0.12, 0.12]), texRes=128, units='height', win=Window(...))
0.0438 	EXP 	Created unnamed Polygon = Polygon(__class__=<class 'psychopy.visual.polygon.Polygon'>, anchor=('center', 'center'), autoDraw=False, autoLog=True, closeShape=True, color=method-wrapper(...), colorSpace='rgb255', contrast=None, depth=0, draggable=False, fillColor=array([128, 115,  96]), fillColorSpace='rgb255', fillRGB=array([ 0.00392157, -0.09803922, -0.24705882]), interpolate=True, lineColor=array([255., 255., 255.]), lineColorSpace='rgb255', lineRGB=array([1, 1, 1]), lineWidth=1.5, name='unnamed Polygon', opacity=1, ori=45.0, pos=array([0., 0.]), size=array([0.06, 0.06]), units='height', vertices=ndarray(...), win=Window(...))
0.0447 	EXP 	Created unnamed ImageStim = ImageStim(__class__=<class 'psychopy.visual.image.ImageStim'>, anchor=('center', 'center'), autoLog=True, color=array([1., 1., 1.]), colorSpace='rgb', contrast=1.0, depth=0, draggable=False, flipHoriz=False, flipVert=False, image=None, interpolate=False, mask=None, maskParams=None, name='unnamed ImageStim', opacity=1, ori=0.0, pos=array([0., 0.]), size=array([1., 1.]), texRes=128, units='height', win=Window(...))
0.0454 	EXP 	Created unnamed ImageStim = ImageStim(__class__=<class 'psychopy.visual.image.ImageStim'>, anchor=('center', 'center'), autoLog=True, color=array([1., 1., 1.]), colorSpace='rgb', contrast=1.0, depth=0, draggable=False, flipHoriz=False, flipVert=False, image=None, interpolate=False, mask=None, maskParams=None, name='unnamed ImageStim', opacity=1, ori=0.0, pos=array([0., 0.]), size=array([1., 1.]), texRes=128, units='height', win=Window(...))
0.0483 	EXP 	Created unnamed ImageStim = ImageStim(__class__=<class 'psychopy.visual.image.ImageStim'>, anchor=('center', 'center'), autoLog=True, color=array([1., 1., 1.]), colorSpace='rgb', contrast=1.0, depth=0, draggable=False, flipHoriz=False, flipVert=False, image='visualObj/noiseGauss50.png', interpolate=False, mask=None, maskParams=None, name='unnamed ImageStim', opacity=1, ori=0.0, pos=array([0., 0.]), size=array([0.42666667, 0.42666667]), texRes=128, units='height', win=Window(...))
0.0508 	EXP 	Created unnamed ImageStim = ImageStim(__class__=<class 'psychopy.visual.image.ImageStim'>, anchor=('center', 'center'), autoLog=True, color=array([1., 1., 1.]), colorSpace='rgb', contrast=1.0, depth=0, draggable=False, flipHoriz=False, flipVert=False, image='visualObj/noiseGauss50.png', interpolate=False, mask=None, maskParams=None, name='unnamed ImageStim', opacity=1, ori=0.0, pos=array([0., 0.]), size=array([0.42666667, 0.42666667]), texRes=128, units='height', win=Window(...))
0.0516 	EXP 	Created unnamed ImageStim = ImageStim(__class__=<class 'psychopy.visual.image.ImageStim'>, anchor=('center', 'center'), autoLog=True, color=array([1., 1., 1.]), colorSpace='rgb', contrast=1.0, depth=0, draggable=False, flipHoriz=False, flipVert=False, image=None, interpolate=False, mask=None, maskParams=None, name='unnamed ImageStim', opacity=1, ori=0.0, pos=array([0., 0.]), size=array([0.18, 0.18]), texRes=128, units='height', win=Window(...))
0.0523 	EXP 	Created unnamed ImageStim = ImageStim(__class__=<class 'psychopy.visual.image.ImageStim'>, anchor=('center', 'center'), autoLog=True, color=array([1., 1., 1.]), colorSpace='rgb', contrast=1.0, depth=0, draggable=False, flipHoriz=False, flipVert=False, image=None, interpolate=False, mask=None, maskParams=None, name='unnamed ImageStim', opacity=1, ori=0.0, pos=array([0., 0.]), size=array([0.18, 0.18]), texRes=128, units='height', win=Window(...))
0.0530 	EXP 	Created unnamed ImageStim = ImageStim(__class__=<class 'psychopy.visual.image.ImageStim'>, anchor=('center', 'center'), autoLog=True, color=array([1., 1., 1.]), colorSpace='rgb', contrast=1.0, depth=0, draggable=False, flipHoriz=False, flipVert=False, image=None, interpolate=False, mask=None, maskParams=None, name='unnamed ImageStim', opacity=1, ori=0.0, pos=array([0., 0.]), size=array([0.18, 0.18]), texRes=128, units='height', win=Window(...))
0.0540 	EXP 	Created unnamed ImageStim = ImageStim(__class__=<class 'psychopy.visual.image.ImageStim'>, anchor=('center', 'center'), autoLog=True, color=array([1., 1., 1.]), colorSpace='rgb', contrast=1.0, depth=0, draggable=False, flipHoriz=False, flipVert=False, image=None, interpolate=False, mask=None, maskParams=None, name='unnamed ImageStim', opacity=1, ori=0.0, pos=array([0., 0.]), size=array([0.18, 0.18]), texRes=128, units='height', win=Window(...))
0.0547 	EXP 	Created unnamed ImageStim = ImageStim(__class__=<class 'psychopy.visual.image.ImageStim'>, anchor=('center', 'center'), autoLog=True, color=array([1., 1., 1.]), colorSpace='rgb', contrast=1.0, depth=0, draggable=False, flipHoriz=False, flipVert=False, image=None, interpolate=False, mask=None, maskParams=None, name='unnamed ImageStim', opacity=1, ori=0.0, pos=array([0., 0.]), size=array([0.18, 0.18]), texRes=128, units='height', win=Window(...))
0.0553 	EXP 	Created unnamed ImageStim = ImageStim(__class__=<class 'psychopy.visual.image.ImageStim'>, anchor=('center', 'center'), autoLog=True, color=array([1., 1., 1.]), colorSpace='rgb', contrast=1.0, depth=0, draggable=False, flipHoriz=False, flipVert=False, image=None, interpolate=False, mask=None, maskParams=None, name='unnamed ImageStim', opacity=1, ori=0.0, pos=array([0., 0.]), size=array([0.18, 0.18]), texRes=128, units='height', win=Window(...))
0.0560 	EXP 	Created unnamed ImageStim = ImageStim(__class__=<class 'psychopy.visual.image.ImageStim'>, anchor=('center', 'center'), autoLog=True, color=array([1., 1., 1.]), colorSpace='rgb', contrast=1.0, depth=0, draggable=False, flipHoriz=False, flipVert=False, image=None, interpolate=False, mask=None, maskParams=None, name='unnamed ImageStim', opacity=1, ori=0.0, pos=array([0., 0.]), size=array([1., 1.]), texRes=128, units='height', win=Window(...))
0.0787 	EXP 	Created unnamed TextStim = TextStim(__class__=<class 'psychopy.visual.text.TextStim'>, alignHoriz=method-wrapper(...), alignText='center', alignVert=method-wrapper(...), anchorHoriz='center', anchorVert='center', antialias=True, autoDraw=False, autoLog=True, bold=True, color=array([1., 1., 1.]), colorSpace='rgb', contrast=1.0, depth=0, draggable=False, flipHoriz=False, flipVert=False, font='', fontFiles=[], height=0.03, italic=False, languageStyle='LTR', name='unnamed TextStim', opacity=1.0, ori=0.0, pos=array([0., 0.]), rgb=UNKNOWN, text='', units='height', win=Window(...), wrapWidth=1)
0.0807 	EXP 	Created instrTxt = TextStim(__class__=<class 'psychopy.visual.text.TextStim'>, alignHoriz=method-wrapper(...), alignText='center', alignVert=method-wrapper(...), anchorHoriz='center', anchorVert='center', antialias=True, autoDraw=False, autoLog=True, bold=False, color=array([1., 1., 1.]), colorSpace='rgb', contrast=1.0, depth=0.0, draggable=False, flipHoriz=False, flipVert=False, font='Open Sans', fontFiles=[], height=0.03, italic=False, languageStyle='LTR', name='instrTxt', opacity=0.6, ori=0.0, pos=array([0. , 0.2]), rgb=UNKNOWN, text='', units='height', win=Window(...), wrapWidth=1)
0.0813 	EXP 	New trial (rep=0, index=0): <Trial 0 (0 in rep 0) data={'thisN': 0, 'thisTrialN': 0, 'thisRepN': 0}>
0.0817 	EXP 	New trial (rep=0, index=0): <Trial 0 (0 in rep 0) data={'thisN': 0, 'thisTrialN': 0, 'thisRepN': 0}>
0.1483 	DEBUG 	Saving data for KeoghRevisedRetrocueTask ExperimentHandler
0.1496 	INFO 	saved data to C:\Users\cocon\OneDrive\Documents\GitHub\Kiyonaga-Lab\PNR Project\data/442698_KeoghRevisedRetrocueTask_2025-05-05_17h40.13.969.psydat
0.1508 	INFO 	saved data to 'C:\\Users\\cocon\\OneDrive\\Documents\\GitHub\\Kiyonaga-Lab\\PNR Project\\data/442698_KeoghRevisedRetrocueTask_2025-05-05_17h40.13.969.csv'
