5.3821 	DEBUG 	Fullscreen settings ignored as running in pilot mode.
5.3829 	INFO 	Loaded monitor calibration from ['2025_03_31 21:04']
5.6886 	EXP 	Created window1 = Window(allowGUI=False, allowStencil=False, autoLog=True, backendConf=UNKNOWN, backgroundFit=<method-wrapper '__getattribute__' of attributeSetter object at 0x0000026BF38E1EA0>, backgroundImage=<method-wrapper '__getattribute__' of attributeSetter object at 0x0000026BF38E1E40>, bitsMode=UNKNOWN, blendMode='avg', bpc=(8, 8, 8), color=array([0, 0, 0]), colorSpace='rgb', depthBits=8, fullscr=False, gamma=None, gammaErrorPolicy='raise', infoMsg=UNKNOWN, lms=UNKNOWN, monitor=<psychopy.monitors.calibTools.Monitor object at 0x0000026BF39A91B0>, multiSample=False, name='window1', numSamples=2, pos=[560.0, 300.0], screen=0, size=array([800, 600]), stencilBits=0, stereo=False, title='PsychoPy', units='height', useFBO=True, useRetina=False, viewOri=0.0, viewPos=None, viewScale=None, waitBlanking=True, winType='pyglet')
5.6889 	EXP 	window1: backgroundImage = ''
5.6890 	EXP 	window1: backgroundFit = 'none'
5.6983 	DEBUG 	TextBox2 loaded 1 chars with 0 blanks and 1 valid
5.6989 	DEBUG 	TextBox2 loaded 1 chars with 0 blanks and 1 valid
5.6995 	DEBUG 	TextBox2 loaded 1 chars with 0 blanks and 1 valid
5.7003 	DEBUG 	TextBox2 loaded 1 chars with 0 blanks and 1 valid
5.7010 	DEBUG 	TextBox2 loaded 1 chars with 0 blanks and 1 valid
5.7014 	DEBUG 	TextBox2 loaded 1 chars with 0 blanks and 1 valid
5.7020 	DEBUG 	TextBox2 loaded 1 chars with 0 blanks and 1 valid
5.7027 	DEBUG 	TextBox2 loaded 1 chars with 0 blanks and 1 valid
5.7030 	DEBUG 	TextBox2 loaded 1 chars with 0 blanks and 1 valid
5.7033 	DEBUG 	TextBox2 loaded 1 chars with 0 blanks and 1 valid
5.7039 	DEBUG 	TextBox2 loaded 1 chars with 0 blanks and 1 valid
5.7045 	DEBUG 	TextBox2 loaded 1 chars with 0 blanks and 1 valid
5.7052 	DEBUG 	TextBox2 loaded 1 chars with 0 blanks and 1 valid
5.7058 	DEBUG 	TextBox2 loaded 1 chars with 0 blanks and 1 valid
5.7063 	DEBUG 	TextBox2 loaded 1 chars with 0 blanks and 1 valid
5.7069 	DEBUG 	TextBox2 loaded 1 chars with 0 blanks and 1 valid
5.7075 	DEBUG 	TextBox2 loaded 1 chars with 0 blanks and 1 valid
5.7079 	DEBUG 	TextBox2 loaded 1 chars with 0 blanks and 1 valid
5.7082 	DEBUG 	TextBox2 loaded 1 chars with 0 blanks and 1 valid
5.7090 	DEBUG 	TextBox2 loaded 1 chars with 0 blanks and 1 valid
5.7094 	DEBUG 	TextBox2 loaded 1 chars with 0 blanks and 1 valid
5.7097 	DEBUG 	Uploading Texture Font fontname to graphics card
5.7117 	DEBUG 	Upload of Texture Font fontname complete
5.7185 	DEBUG 	TextBox2 loaded 1 chars with 0 blanks and 1 valid
5.7193 	DEBUG 	TextBox2 loaded 1 chars with 0 blanks and 1 valid
5.7201 	DEBUG 	TextBox2 loaded 1 chars with 0 blanks and 1 valid
5.7203 	DEBUG 	Uploading Texture Font fontname to graphics card
5.7217 	DEBUG 	Upload of Texture Font fontname complete
5.7250 	EXP 	window1: Attempting to measure frame rate of screen (0) ...
5.7251 	EXP 	window1: recordFrameIntervals = False
5.9007 	EXP 	window1: recordFrameIntervals = True
6.0852 	EXP 	Screen (0) actual frame rate measured at 59.94Hz
6.0852 	EXP 	window1: recordFrameIntervals = False
6.0901 	DEBUG 	TextBox2 loaded 1 chars with 0 blanks and 1 valid
6.0905 	DEBUG 	TextBox2 loaded 1 chars with 0 blanks and 1 valid
6.0912 	DEBUG 	TextBox2 loaded 1 chars with 0 blanks and 1 valid
6.0921 	DEBUG 	TextBox2 loaded 1 chars with 0 blanks and 1 valid
6.0929 	DEBUG 	TextBox2 loaded 1 chars with 0 blanks and 1 valid
6.0939 	DEBUG 	TextBox2 loaded 1 chars with 0 blanks and 1 valid
6.0943 	DEBUG 	TextBox2 loaded 1 chars with 0 blanks and 1 valid
6.0950 	DEBUG 	TextBox2 loaded 1 chars with 0 blanks and 1 valid
6.0958 	DEBUG 	TextBox2 loaded 1 chars with 0 blanks and 1 valid
6.0965 	DEBUG 	TextBox2 loaded 1 chars with 0 blanks and 1 valid
6.0968 	DEBUG 	Uploading Texture Font fontname to graphics card
6.0990 	DEBUG 	Upload of Texture Font fontname complete
6.1145 	WARNING 	launchHubServer: If using the iohub mouse or eyetracker devices, fullScr should be True.
9.1302 	INFO 	keyboard.Keyboard is using iohub backend.
9.1303 	EXP 	KeoghRevisedRetrocueTask: status = STARTED
9.1609 	INFO 	keyboard.Keyboard is using iohub backend.
9.2108 	DEBUG 	Saving data for KeoghRevisedRetrocueTask ExperimentHandler
9.2115 	INFO 	saved data to C:\Users\cocon\OneDrive\Documents\GitHub\Kiyonaga-Lab\PNR Project\data/567967_KeoghRevisedRetrocueTask_2025-05-05_17h50.44.229.psydat
9.2123 	INFO 	saved data to 'C:\\Users\\cocon\\OneDrive\\Documents\\GitHub\\Kiyonaga-Lab\\PNR Project\\data/567967_KeoghRevisedRetrocueTask_2025-05-05_17h50.44.229.csv'
