5.1936 	DEBUG 	Fullscreen settings ignored as running in pilot mode.
5.1950 	INFO 	Loaded monitor calibration from ['2025_03_31 21:04']
5.5656 	EXP 	Created window1 = Window(allowGUI=False, allowStencil=False, autoLog=True, backendConf=UNKNOWN, backgroundFit=<method-wrapper '__getattribute__' of attributeSetter object at 0x0000017DB1686BF0>, backgroundImage=<method-wrapper '__getattribute__' of attributeSetter object at 0x0000017DB1686B90>, bitsMode=UNKNOWN, blendMode='avg', bpc=(8, 8, 8), color=array([0, 0, 0]), colorSpace='rgb', depthBits=8, fullscr=False, gamma=None, gammaErrorPolicy='raise', infoMsg=UNKNOWN, lms=UNKNOWN, monitor=<psychopy.monitors.calibTools.Monitor object at 0x0000017DBDB89B40>, multiSample=False, name='window1', numSamples=2, pos=[560.0, 300.0], screen=0, size=array([800, 600]), stencilBits=0, stereo=False, title='PsychoPy', units='height', useFBO=True, useRetina=False, viewOri=0.0, viewPos=None, viewScale=None, waitBlanking=True, winType='pyglet')
5.5657 	EXP 	window1: backgroundImage = ''
5.5658 	EXP 	window1: backgroundFit = 'none'
5.5785 	DEBUG 	TextBox2 loaded 1 chars with 0 blanks and 1 valid
5.5794 	DEBUG 	TextBox2 loaded 1 chars with 0 blanks and 1 valid
5.5803 	DEBUG 	TextBox2 loaded 1 chars with 0 blanks and 1 valid
5.5814 	DEBUG 	TextBox2 loaded 1 chars with 0 blanks and 1 valid
5.5825 	DEBUG 	TextBox2 loaded 1 chars with 0 blanks and 1 valid
5.5831 	DEBUG 	TextBox2 loaded 1 chars with 0 blanks and 1 valid
5.5840 	DEBUG 	TextBox2 loaded 1 chars with 0 blanks and 1 valid
5.5850 	DEBUG 	TextBox2 loaded 1 chars with 0 blanks and 1 valid
5.5853 	DEBUG 	TextBox2 loaded 1 chars with 0 blanks and 1 valid
5.5856 	DEBUG 	TextBox2 loaded 1 chars with 0 blanks and 1 valid
5.5862 	DEBUG 	TextBox2 loaded 1 chars with 0 blanks and 1 valid
5.5868 	DEBUG 	TextBox2 loaded 1 chars with 0 blanks and 1 valid
5.5873 	DEBUG 	TextBox2 loaded 1 chars with 0 blanks and 1 valid
5.5879 	DEBUG 	TextBox2 loaded 1 chars with 0 blanks and 1 valid
5.5884 	DEBUG 	TextBox2 loaded 1 chars with 0 blanks and 1 valid
5.5890 	DEBUG 	TextBox2 loaded 1 chars with 0 blanks and 1 valid
5.5896 	DEBUG 	TextBox2 loaded 1 chars with 0 blanks and 1 valid
5.5899 	DEBUG 	TextBox2 loaded 1 chars with 0 blanks and 1 valid
5.5903 	DEBUG 	TextBox2 loaded 1 chars with 0 blanks and 1 valid
5.5911 	DEBUG 	TextBox2 loaded 1 chars with 0 blanks and 1 valid
5.5914 	DEBUG 	TextBox2 loaded 1 chars with 0 blanks and 1 valid
5.5918 	DEBUG 	Uploading Texture Font fontname to graphics card
5.5951 	DEBUG 	Upload of Texture Font fontname complete
5.6022 	DEBUG 	TextBox2 loaded 1 chars with 0 blanks and 1 valid
5.6030 	DEBUG 	TextBox2 loaded 1 chars with 0 blanks and 1 valid
5.6039 	DEBUG 	TextBox2 loaded 1 chars with 0 blanks and 1 valid
5.6042 	DEBUG 	Uploading Texture Font fontname to graphics card
5.6059 	DEBUG 	Upload of Texture Font fontname complete
5.6084 	EXP 	window1: Attempting to measure frame rate of screen (0) ...
5.6085 	EXP 	window1: recordFrameIntervals = False
5.7901 	EXP 	window1: recordFrameIntervals = True
5.9744 	EXP 	Screen (0) actual frame rate measured at 59.67Hz
5.9745 	EXP 	window1: recordFrameIntervals = False
5.9795 	DEBUG 	TextBox2 loaded 1 chars with 0 blanks and 1 valid
5.9800 	DEBUG 	TextBox2 loaded 1 chars with 0 blanks and 1 valid
5.9807 	DEBUG 	TextBox2 loaded 1 chars with 0 blanks and 1 valid
5.9815 	DEBUG 	TextBox2 loaded 1 chars with 0 blanks and 1 valid
5.9822 	DEBUG 	TextBox2 loaded 1 chars with 0 blanks and 1 valid
5.9829 	DEBUG 	TextBox2 loaded 1 chars with 0 blanks and 1 valid
5.9834 	DEBUG 	TextBox2 loaded 1 chars with 0 blanks and 1 valid
5.9840 	DEBUG 	TextBox2 loaded 1 chars with 0 blanks and 1 valid
5.9848 	DEBUG 	TextBox2 loaded 1 chars with 0 blanks and 1 valid
5.9855 	DEBUG 	TextBox2 loaded 1 chars with 0 blanks and 1 valid
5.9858 	DEBUG 	Uploading Texture Font fontname to graphics card
5.9880 	DEBUG 	Upload of Texture Font fontname complete
6.0044 	WARNING 	launchHubServer: If using the iohub mouse or eyetracker devices, fullScr should be True.
9.1173 	INFO 	keyboard.Keyboard is using iohub backend.
9.1173 	EXP 	KeoghRevisedRetrocueTask: status = STARTED
9.2732 	DEBUG 	Saving data for KeoghRevisedRetrocueTask ExperimentHandler
9.2743 	INFO 	saved data to C:\Users\cocon\OneDrive\Documents\GitHub\Kiyonaga-Lab\PNR Project\data/944105_KeoghRevisedRetrocueTask_2025-05-05_17h37.07.449.psydat
9.2752 	INFO 	saved data to 'C:\\Users\\cocon\\OneDrive\\Documents\\GitHub\\Kiyonaga-Lab\\PNR Project\\data/944105_KeoghRevisedRetrocueTask_2025-05-05_17h37.07.449.csv'
