5.1710 	DEBUG 	Fullscreen settings ignored as running in pilot mode.
5.1717 	INFO 	Loaded monitor calibration from ['2025_03_31 21:04']
5.4106 	EXP 	Created window1 = Window(allowGUI=False, allowStencil=False, autoLog=True, backendConf=UNKNOWN, backgroundFit=<method-wrapper '__getattribute__' of attributeSetter object at 0x0000026B162487F0>, backgroundImage=<method-wrapper '__getattribute__' of attributeSetter object at 0x0000026B16248790>, bitsMode=UNKNOWN, blendMode='avg', bpc=(8, 8, 8), color=array([0, 0, 0]), colorSpace='rgb', depthBits=8, fullscr=False, gamma=None, gammaErrorPolicy='raise', infoMsg=UNKNOWN, lms=UNKNOWN, monitor=<psychopy.monitors.calibTools.Monitor object at 0x0000026B162F70D0>, multiSample=False, name='window1', numSamples=2, pos=[560.0, 300.0], screen=0, size=array([800, 600]), stencilBits=0, stereo=False, title='PsychoPy', units='height', useFBO=True, useRetina=False, viewOri=0.0, viewPos=None, viewScale=None, waitBlanking=True, winType='pyglet')
5.4106 	EXP 	window1: backgroundImage = ''
5.4106 	EXP 	window1: backgroundFit = 'none'
5.4181 	DEBUG 	TextBox2 loaded 1 chars with 0 blanks and 1 valid
5.4186 	DEBUG 	TextBox2 loaded 1 chars with 0 blanks and 1 valid
5.4191 	DEBUG 	TextBox2 loaded 1 chars with 0 blanks and 1 valid
5.4197 	DEBUG 	TextBox2 loaded 1 chars with 0 blanks and 1 valid
5.4202 	DEBUG 	TextBox2 loaded 1 chars with 0 blanks and 1 valid
5.4206 	DEBUG 	TextBox2 loaded 1 chars with 0 blanks and 1 valid
5.4211 	DEBUG 	TextBox2 loaded 1 chars with 0 blanks and 1 valid
5.4217 	DEBUG 	TextBox2 loaded 1 chars with 0 blanks and 1 valid
5.4219 	DEBUG 	TextBox2 loaded 1 chars with 0 blanks and 1 valid
5.4221 	DEBUG 	TextBox2 loaded 1 chars with 0 blanks and 1 valid
5.4226 	DEBUG 	TextBox2 loaded 1 chars with 0 blanks and 1 valid
5.4232 	DEBUG 	TextBox2 loaded 1 chars with 0 blanks and 1 valid
5.4236 	DEBUG 	TextBox2 loaded 1 chars with 0 blanks and 1 valid
5.4241 	DEBUG 	TextBox2 loaded 1 chars with 0 blanks and 1 valid
5.4245 	DEBUG 	TextBox2 loaded 1 chars with 0 blanks and 1 valid
5.4250 	DEBUG 	TextBox2 loaded 1 chars with 0 blanks and 1 valid
5.4255 	DEBUG 	TextBox2 loaded 1 chars with 0 blanks and 1 valid
5.4258 	DEBUG 	TextBox2 loaded 1 chars with 0 blanks and 1 valid
5.4261 	DEBUG 	TextBox2 loaded 1 chars with 0 blanks and 1 valid
5.4267 	DEBUG 	TextBox2 loaded 1 chars with 0 blanks and 1 valid
5.4271 	DEBUG 	TextBox2 loaded 1 chars with 0 blanks and 1 valid
5.4273 	DEBUG 	Uploading Texture Font fontname to graphics card
5.4286 	DEBUG 	Upload of Texture Font fontname complete
5.4325 	DEBUG 	TextBox2 loaded 1 chars with 0 blanks and 1 valid
5.4332 	DEBUG 	TextBox2 loaded 1 chars with 0 blanks and 1 valid
5.4338 	DEBUG 	TextBox2 loaded 1 chars with 0 blanks and 1 valid
5.4339 	DEBUG 	Uploading Texture Font fontname to graphics card
5.4344 	DEBUG 	Upload of Texture Font fontname complete
5.4357 	EXP 	window1: Attempting to measure frame rate of screen (0) ...
5.4357 	EXP 	window1: recordFrameIntervals = False
5.6070 	EXP 	window1: recordFrameIntervals = True
5.7909 	EXP 	Screen (0) actual frame rate measured at 59.91Hz
5.7910 	EXP 	window1: recordFrameIntervals = False
5.7949 	DEBUG 	TextBox2 loaded 1 chars with 0 blanks and 1 valid
5.7953 	DEBUG 	TextBox2 loaded 1 chars with 0 blanks and 1 valid
5.7958 	DEBUG 	TextBox2 loaded 1 chars with 0 blanks and 1 valid
5.7965 	DEBUG 	TextBox2 loaded 1 chars with 0 blanks and 1 valid
5.7971 	DEBUG 	TextBox2 loaded 1 chars with 0 blanks and 1 valid
5.7978 	DEBUG 	TextBox2 loaded 1 chars with 0 blanks and 1 valid
5.7981 	DEBUG 	TextBox2 loaded 1 chars with 0 blanks and 1 valid
5.7987 	DEBUG 	TextBox2 loaded 1 chars with 0 blanks and 1 valid
5.7993 	DEBUG 	TextBox2 loaded 1 chars with 0 blanks and 1 valid
5.7999 	DEBUG 	TextBox2 loaded 1 chars with 0 blanks and 1 valid
5.8001 	DEBUG 	Uploading Texture Font fontname to graphics card
5.8007 	DEBUG 	Upload of Texture Font fontname complete
5.8114 	WARNING 	launchHubServer: If using the iohub mouse or eyetracker devices, fullScr should be True.
7.7836 	INFO 	keyboard.Keyboard is using iohub backend.
7.7836 	EXP 	psychedeLights_temp: status = STARTED
8.1666 	EXP 	Created image = ImageStim(__class__=<class 'psychopy.visual.image.ImageStim'>, anchor=('center', 'center'), autoLog=True, color=array([1., 1., 1.]), colorSpace='rgb', contrast=1.0, depth=0.0, draggable=False, flipHoriz=False, flipVert=False, image='stimuli/Connie/cube/alphabetblock.jpg', interpolate=True, mask=None, maskParams=None, name='image', opacity=1, ori=0.0, pos=array([0., 0.]), size=array([0.5, 0.5]), texRes=128.0, units='height', win=Window(...))
8.1669 	WARNING 	Monitor specification not found. Creating a temporary one...
8.6742 	EXP 	Created window1 = Window(allowGUI=True, allowStencil=False, autoLog=True, backendConf=UNKNOWN, backgroundFit=<method-wrapper '__getattribute__' of attributeSetter object at 0x0000026B162487F0>, backgroundImage=<method-wrapper '__getattribute__' of attributeSetter object at 0x0000026B16248790>, bitsMode=UNKNOWN, blendMode='avg', bpc=(8, 8, 8), color=array([-1, -1, -1]), colorSpace='rgb', depthBits=8, fullscr=False, gamma=None, gammaErrorPolicy='raise', infoMsg=UNKNOWN, lms=UNKNOWN, monitor=<psychopy.monitors.calibTools.Monitor object at 0x0000026B1691F2B0>, multiSample=False, name='window1', numSamples=2, pos=(560, 300), screen=0, size=array([800, 600]), stencilBits=0, stereo=False, title='PsychoPy', units='norm', useFBO=False, useRetina=False, viewOri=0.0, viewPos=None, viewScale=None, waitBlanking=True, winType='pyglet')
8.6742 	EXP 	window1: backgroundImage = None
8.6742 	EXP 	window1: backgroundFit = 'cover'
8.6780 	EXP 	Created unnamed Polygon = Polygon(__class__=<class 'psychopy.visual.polygon.Polygon'>, anchor=('center', 'center'), autoDraw=False, autoLog=True, closeShape=True, color=method-wrapper(...), colorSpace='rgb', contrast=None, depth=0, draggable=False, fillColor=array([-1, -1,  1]), fillColorSpace='rgb', fillRGB=array([-1, -1,  1]), interpolate=True, lineColor=array([1., 1., 1.]), lineColorSpace='rgb', lineRGB=array([1, 1, 1]), lineWidth=1.5, name='unnamed Polygon', opacity=1, ori=0.0, pos=array([0., 0.]), size=array([0.5, 0.5]), units='norm', vertices=ndarray(...), win=Window(...))
9.6785 	DATA 	Mouse: wheel shift=(0,1), pos=(459,337)
9.6854 	DATA 	Mouse: wheel shift=(0,0), pos=(459,337)
9.7082 	DATA 	Mouse: wheel shift=(0,1), pos=(459,337)
9.7139 	DATA 	Mouse: wheel shift=(0,0), pos=(459,337)
9.7244 	DATA 	Mouse: wheel shift=(0,0), pos=(459,337)
9.7275 	DATA 	Mouse: wheel shift=(0,0), pos=(459,337)
9.7345 	DATA 	Mouse: wheel shift=(0,0), pos=(459,337)
9.7426 	DATA 	Mouse: wheel shift=(0,0), pos=(459,337)
9.7485 	DATA 	Mouse: wheel shift=(0,0), pos=(459,337)
9.7588 	DATA 	Mouse: wheel shift=(0,0), pos=(459,337)
9.7616 	DATA 	Mouse: wheel shift=(0,0), pos=(459,337)
9.7676 	DATA 	Mouse: wheel shift=(0,0), pos=(459,337)
9.7753 	DATA 	Mouse: wheel shift=(0,0), pos=(459,337)
9.7823 	DATA 	Mouse: wheel shift=(0,0), pos=(459,337)
9.7921 	DATA 	Mouse: wheel shift=(0,0), pos=(459,337)
9.7981 	DATA 	Mouse: wheel shift=(0,0), pos=(459,337)
9.8076 	DATA 	Mouse: wheel shift=(0,0), pos=(459,337)
9.8095 	DATA 	Mouse: wheel shift=(0,0), pos=(459,337)
9.8168 	DATA 	Mouse: wheel shift=(0,0), pos=(459,337)
9.8901 	DATA 	Mouse: wheel shift=(0,0), pos=(459,337)
9.9002 	DATA 	Mouse: wheel shift=(0,0), pos=(459,337)
9.9086 	DATA 	Mouse: wheel shift=(0,0), pos=(459,337)
9.9135 	DATA 	Mouse: wheel shift=(0,0), pos=(459,337)
9.9245 	DATA 	Mouse: wheel shift=(0,0), pos=(459,337)
9.9269 	DATA 	Mouse: wheel shift=(0,0), pos=(459,337)
10.2804 	DATA 	Mouse: wheel shift=(0,-1), pos=(459,337)
10.2914 	DATA 	Mouse: wheel shift=(0,0), pos=(459,337)
10.2938 	DATA 	Mouse: wheel shift=(0,0), pos=(459,337)
10.3013 	DATA 	Mouse: wheel shift=(0,0), pos=(459,337)
10.3084 	DATA 	Mouse: wheel shift=(0,0), pos=(459,337)
10.3169 	DATA 	Mouse: wheel shift=(0,0), pos=(459,337)
10.3261 	DATA 	Mouse: wheel shift=(0,0), pos=(459,337)
10.3279 	DATA 	Mouse: wheel shift=(0,0), pos=(459,337)
10.3403 	DATA 	Mouse: wheel shift=(0,0), pos=(459,337)
10.3424 	DATA 	Mouse: wheel shift=(0,0), pos=(459,337)
10.3498 	DATA 	Mouse: wheel shift=(0,0), pos=(459,337)
10.3590 	DATA 	Mouse: wheel shift=(0,0), pos=(459,337)
10.3640 	DATA 	Mouse: wheel shift=(0,0), pos=(459,337)
10.3739 	DATA 	Mouse: wheel shift=(0,0), pos=(459,337)
10.3785 	DATA 	Mouse: wheel shift=(0,0), pos=(459,337)
10.3841 	DATA 	Mouse: wheel shift=(0,0), pos=(459,337)
10.3927 	DATA 	Mouse: wheel shift=(0,0), pos=(459,337)
10.3996 	DATA 	Mouse: wheel shift=(0,0), pos=(459,337)
10.4075 	DATA 	Mouse: wheel shift=(0,0), pos=(459,337)
10.4270 	DATA 	Mouse: wheel shift=(0,0), pos=(459,337)
10.4439 	DATA 	Mouse: wheel shift=(0,0), pos=(459,337)
10.4579 	DATA 	Mouse: wheel shift=(0,0), pos=(459,337)
10.4745 	DATA 	Mouse: wheel shift=(0,0), pos=(459,337)
10.4915 	DATA 	Mouse: wheel shift=(0,0), pos=(459,337)
10.5081 	DATA 	Mouse: wheel shift=(0,0), pos=(459,337)
10.6481 	DATA 	Mouse: wheel shift=(0,0), pos=(459,337)
10.6539 	DATA 	Mouse: wheel shift=(0,0), pos=(459,337)
10.6610 	DATA 	Mouse: wheel shift=(0,0), pos=(459,337)
10.6749 	DATA 	Mouse: wheel shift=(0,0), pos=(459,337)
10.6763 	DATA 	Mouse: wheel shift=(0,0), pos=(459,337)
10.6814 	DATA 	Mouse: wheel shift=(0,0), pos=(459,337)
10.6911 	DATA 	Mouse: wheel shift=(0,0), pos=(459,337)
10.6957 	DATA 	Mouse: wheel shift=(0,0), pos=(459,337)
10.7028 	DATA 	Mouse: wheel shift=(0,0), pos=(459,337)
10.7088 	DATA 	Mouse: wheel shift=(0,0), pos=(459,337)
10.7162 	DATA 	Mouse: wheel shift=(0,0), pos=(459,337)
10.7257 	DATA 	Mouse: wheel shift=(0,0), pos=(459,337)
10.7296 	DATA 	Mouse: wheel shift=(0,0), pos=(459,337)
10.7408 	DATA 	Mouse: wheel shift=(0,0), pos=(459,337)
10.7442 	DATA 	Mouse: wheel shift=(0,0), pos=(459,337)
10.7522 	DATA 	Mouse: wheel shift=(0,0), pos=(459,337)
10.7589 	DATA 	Mouse: wheel shift=(0,0), pos=(459,337)
10.7648 	DATA 	Mouse: wheel shift=(0,0), pos=(459,337)
10.7779 	DATA 	Mouse: wheel shift=(0,0), pos=(459,337)
10.8090 	DATA 	Mouse: wheel shift=(0,0), pos=(459,337)
10.8271 	DATA 	Mouse: wheel shift=(0,0), pos=(459,337)
10.8441 	DATA 	Mouse: wheel shift=(0,0), pos=(459,337)
10.8600 	DATA 	Mouse: wheel shift=(0,0), pos=(459,337)
10.9801 	DATA 	Mouse: wheel shift=(0,-1), pos=(459,337)
10.9900 	DATA 	Mouse: wheel shift=(0,0), pos=(459,337)
10.9945 	DATA 	Mouse: wheel shift=(0,0), pos=(459,337)
11.0006 	DATA 	Mouse: wheel shift=(0,0), pos=(459,337)
11.0090 	DATA 	Mouse: wheel shift=(0,0), pos=(459,337)
11.0140 	DATA 	Mouse: wheel shift=(0,0), pos=(459,337)
11.0233 	DATA 	Mouse: wheel shift=(0,0), pos=(459,337)
11.0291 	DATA 	Mouse: wheel shift=(0,0), pos=(459,337)
11.0349 	DATA 	Mouse: wheel shift=(0,0), pos=(459,337)
11.0416 	DATA 	Mouse: wheel shift=(0,0), pos=(459,337)
11.0486 	DATA 	Mouse: wheel shift=(0,0), pos=(459,337)
11.0582 	DATA 	Mouse: wheel shift=(0,0), pos=(459,337)
11.0623 	DATA 	Mouse: wheel shift=(0,0), pos=(459,337)
11.0759 	DATA 	Mouse: wheel shift=(0,0), pos=(459,337)
11.3563 	DATA 	Mouse: wheel shift=(0,1), pos=(459,337)
11.3596 	DATA 	Mouse: wheel shift=(0,0), pos=(459,337)
11.3677 	DATA 	Mouse: wheel shift=(0,0), pos=(459,337)
11.3762 	DATA 	Mouse: wheel shift=(0,0), pos=(459,337)
11.3811 	DATA 	Mouse: wheel shift=(0,0), pos=(459,337)
11.3902 	DATA 	Mouse: wheel shift=(0,0), pos=(459,337)
11.3959 	DATA 	Mouse: wheel shift=(0,0), pos=(459,337)
11.4016 	DATA 	Mouse: wheel shift=(0,0), pos=(459,337)
11.4094 	DATA 	Mouse: wheel shift=(0,0), pos=(459,337)
11.4161 	DATA 	Mouse: wheel shift=(0,0), pos=(459,337)
11.4264 	DATA 	Mouse: wheel shift=(0,0), pos=(459,337)
11.4313 	DATA 	Mouse: wheel shift=(0,0), pos=(459,337)
11.4360 	DATA 	Mouse: wheel shift=(0,0), pos=(459,337)
11.4505 	DATA 	Mouse: wheel shift=(0,0), pos=(459,337)
11.5573 	DATA 	Mouse: wheel shift=(0,0), pos=(459,337)
11.5615 	DATA 	Mouse: wheel shift=(0,0), pos=(459,337)
11.5687 	DATA 	Mouse: wheel shift=(0,0), pos=(459,337)
11.5758 	DATA 	Mouse: wheel shift=(0,0), pos=(459,337)
11.5818 	DATA 	Mouse: wheel shift=(0,0), pos=(459,337)
11.5926 	DATA 	Mouse: wheel shift=(0,0), pos=(459,337)
11.5956 	DATA 	Mouse: wheel shift=(0,0), pos=(459,337)
11.6025 	DATA 	Mouse: wheel shift=(0,0), pos=(459,337)
11.6096 	DATA 	Mouse: wheel shift=(0,0), pos=(459,337)
11.6166 	DATA 	Mouse: wheel shift=(0,0), pos=(459,337)
11.6250 	DATA 	Mouse: wheel shift=(0,0), pos=(459,337)
11.6310 	DATA 	Mouse: wheel shift=(0,0), pos=(459,337)
11.6439 	DATA 	Mouse: wheel shift=(0,0), pos=(459,337)
11.6457 	DATA 	Mouse: wheel shift=(0,0), pos=(459,337)
11.6517 	DATA 	Mouse: wheel shift=(0,0), pos=(459,337)
11.6595 	DATA 	Mouse: wheel shift=(0,0), pos=(459,337)
11.6646 	DATA 	Mouse: wheel shift=(0,0), pos=(459,337)
11.6757 	DATA 	Mouse: wheel shift=(0,0), pos=(459,337)
11.6908 	DATA 	Mouse: wheel shift=(0,0), pos=(459,337)
12.2416 	DATA 	Mouse: wheel shift=(0,0), pos=(459,337)
12.2467 	DATA 	Mouse: wheel shift=(0,0), pos=(459,337)
12.2572 	DATA 	Mouse: wheel shift=(0,0), pos=(459,337)
12.2590 	DATA 	Mouse: wheel shift=(0,0), pos=(459,337)
12.2660 	DATA 	Mouse: wheel shift=(0,0), pos=(459,337)
12.2775 	DATA 	Mouse: wheel shift=(0,0), pos=(459,337)
12.2809 	DATA 	Mouse: wheel shift=(0,0), pos=(459,337)
12.2898 	DATA 	Mouse: wheel shift=(0,0), pos=(459,337)
12.2958 	DATA 	Mouse: wheel shift=(0,0), pos=(459,337)
12.3014 	DATA 	Mouse: wheel shift=(0,0), pos=(459,337)
12.3080 	DATA 	Mouse: wheel shift=(0,0), pos=(459,337)
12.3150 	DATA 	Mouse: wheel shift=(0,0), pos=(459,337)
12.3250 	DATA 	Mouse: wheel shift=(0,0), pos=(459,337)
12.3302 	DATA 	Mouse: wheel shift=(0,0), pos=(459,337)
12.3427 	DATA 	Mouse: wheel shift=(0,0), pos=(459,337)
12.3643 	DATA 	Mouse: wheel shift=(0,0), pos=(459,337)
12.3771 	DATA 	Mouse: wheel shift=(0,0), pos=(459,337)
12.8739 	DATA 	Mouse: wheel shift=(0,2), pos=(459,337)
12.8758 	DATA 	Mouse: wheel shift=(0,0), pos=(459,337)
12.8840 	DATA 	Mouse: wheel shift=(0,0), pos=(459,337)
12.8912 	DATA 	Mouse: wheel shift=(0,0), pos=(459,337)
12.8962 	DATA 	Mouse: wheel shift=(0,0), pos=(459,337)
12.9073 	DATA 	Mouse: wheel shift=(0,0), pos=(459,337)
12.9122 	DATA 	Mouse: wheel shift=(0,0), pos=(459,337)
12.9182 	DATA 	Mouse: wheel shift=(0,0), pos=(459,337)
12.9269 	DATA 	Mouse: wheel shift=(0,0), pos=(459,337)
12.9309 	DATA 	Mouse: wheel shift=(0,0), pos=(459,337)
12.9410 	DATA 	Mouse: wheel shift=(0,0), pos=(459,337)
12.9449 	DATA 	Mouse: wheel shift=(0,0), pos=(459,337)
12.9521 	DATA 	Mouse: wheel shift=(0,0), pos=(459,337)
12.9584 	DATA 	Mouse: wheel shift=(0,0), pos=(459,337)
12.9654 	DATA 	Mouse: wheel shift=(0,0), pos=(459,337)
12.9804 	DATA 	Mouse: wheel shift=(0,0), pos=(459,337)
13.0431 	DATA 	Mouse: wheel shift=(0,0), pos=(459,337)
13.3426 	DATA 	Mouse: wheel shift=(0,0), pos=(459,337)
13.3465 	DATA 	Mouse: wheel shift=(0,0), pos=(459,337)
13.3523 	DATA 	Mouse: wheel shift=(0,0), pos=(459,337)
13.3606 	DATA 	Mouse: wheel shift=(0,0), pos=(459,337)
13.3675 	DATA 	Mouse: wheel shift=(0,0), pos=(459,337)
13.3747 	DATA 	Mouse: wheel shift=(0,0), pos=(459,337)
13.3826 	DATA 	Mouse: wheel shift=(0,0), pos=(459,337)
13.3916 	DATA 	Mouse: wheel shift=(0,0), pos=(459,337)
13.3945 	DATA 	Mouse: wheel shift=(0,0), pos=(459,337)
13.4013 	DATA 	Mouse: wheel shift=(0,0), pos=(459,337)
13.4076 	DATA 	Mouse: wheel shift=(0,0), pos=(459,337)
13.4166 	DATA 	Mouse: wheel shift=(0,0), pos=(459,337)
13.4262 	DATA 	Mouse: wheel shift=(0,0), pos=(459,337)
13.4291 	DATA 	Mouse: wheel shift=(0,0), pos=(459,337)
13.4398 	DATA 	Mouse: wheel shift=(0,0), pos=(459,337)
13.4431 	DATA 	Mouse: wheel shift=(0,0), pos=(459,337)
13.4512 	DATA 	Mouse: wheel shift=(0,0), pos=(459,337)
13.4594 	DATA 	Mouse: wheel shift=(0,0), pos=(459,337)
13.4634 	DATA 	Mouse: wheel shift=(0,0), pos=(459,337)
13.4745 	DATA 	Mouse: wheel shift=(0,0), pos=(459,337)
13.4854 	DATA 	Mouse: wheel shift=(0,0), pos=(459,337)
13.4935 	DATA 	Mouse: wheel shift=(0,0), pos=(459,337)
13.5124 	DATA 	Mouse: wheel shift=(0,0), pos=(459,337)
13.6590 	DATA 	Mouse: wheel shift=(0,0), pos=(459,337)
13.8896 	DATA 	Mouse: wheel shift=(0,0), pos=(459,337)
13.8949 	DATA 	Mouse: wheel shift=(0,0), pos=(459,337)
13.9006 	DATA 	Mouse: wheel shift=(0,0), pos=(459,337)
13.9094 	DATA 	Mouse: wheel shift=(0,0), pos=(459,337)
13.9144 	DATA 	Mouse: wheel shift=(0,0), pos=(459,337)
13.9232 	DATA 	Mouse: wheel shift=(0,0), pos=(459,337)
13.9288 	DATA 	Mouse: wheel shift=(0,0), pos=(459,337)
13.9434 	DATA 	Mouse: wheel shift=(0,0), pos=(459,337)
13.9504 	DATA 	Mouse: wheel shift=(0,0), pos=(459,337)
14.0086 	DATA 	Mouse: wheel shift=(0,0), pos=(459,337)
14.3442 	DATA 	Mouse: wheel shift=(0,1), pos=(459,337)
14.3501 	DATA 	Mouse: wheel shift=(0,0), pos=(459,337)
14.3587 	DATA 	Mouse: wheel shift=(0,0), pos=(459,337)
14.3656 	DATA 	Mouse: wheel shift=(0,0), pos=(459,337)
14.3747 	DATA 	Mouse: wheel shift=(0,0), pos=(459,337)
14.3786 	DATA 	Mouse: wheel shift=(0,0), pos=(459,337)
14.3844 	DATA 	Mouse: wheel shift=(0,0), pos=(459,337)
14.3915 	DATA 	Mouse: wheel shift=(0,0), pos=(459,337)
14.3984 	DATA 	Mouse: wheel shift=(0,0), pos=(459,337)
14.9110 	DATA 	Mouse: Right button down, pos=(459,337)
14.9744 	DATA 	Mouse:  Right button up, pos=(459,337)
15.2266 	DATA 	Mouse: wheel shift=(0,0), pos=(459,337)
15.2315 	DATA 	Mouse: wheel shift=(0,0), pos=(459,337)
15.2365 	DATA 	Mouse: wheel shift=(0,0), pos=(459,337)
15.2438 	DATA 	Mouse: wheel shift=(0,0), pos=(459,337)
15.2517 	DATA 	Mouse: wheel shift=(0,0), pos=(459,337)
15.2599 	DATA 	Mouse: wheel shift=(0,0), pos=(459,337)
15.2638 	DATA 	Mouse: wheel shift=(0,0), pos=(459,337)
15.2742 	DATA 	Mouse: wheel shift=(0,0), pos=(459,337)
15.2778 	DATA 	Mouse: wheel shift=(0,0), pos=(459,337)
15.2849 	DATA 	Mouse: wheel shift=(0,0), pos=(459,337)
15.2919 	DATA 	Mouse: wheel shift=(0,0), pos=(459,337)
15.3009 	DATA 	Mouse: wheel shift=(0,0), pos=(459,337)
15.3101 	DATA 	Mouse: wheel shift=(0,0), pos=(459,337)
15.8076 	DATA 	Mouse: wheel shift=(0,0), pos=(459,337)
15.8090 	DATA 	Mouse: wheel shift=(0,0), pos=(459,337)
15.8171 	DATA 	Mouse: wheel shift=(0,0), pos=(459,337)
15.8246 	DATA 	Mouse: wheel shift=(0,0), pos=(459,337)
15.8306 	DATA 	Mouse: wheel shift=(0,0), pos=(459,337)
15.8425 	DATA 	Mouse: wheel shift=(0,0), pos=(459,337)
15.8443 	DATA 	Mouse: wheel shift=(0,0), pos=(459,337)
15.8513 	DATA 	Mouse: wheel shift=(0,0), pos=(459,337)
15.8593 	DATA 	Mouse: wheel shift=(0,0), pos=(459,337)
15.8665 	DATA 	Mouse: wheel shift=(0,0), pos=(459,337)
15.8750 	DATA 	Mouse: wheel shift=(0,0), pos=(459,337)
16.2748 	DATA 	Mouse: wheel shift=(0,-1), pos=(459,337)
16.2797 	DATA 	Mouse: wheel shift=(0,0), pos=(459,337)
16.2907 	DATA 	Mouse: wheel shift=(0,0), pos=(459,337)
16.2937 	DATA 	Mouse: wheel shift=(0,0), pos=(459,337)
16.3007 	DATA 	Mouse: wheel shift=(0,0), pos=(459,337)
16.3087 	DATA 	Mouse: wheel shift=(0,0), pos=(459,337)
16.3146 	DATA 	Mouse: wheel shift=(0,0), pos=(459,337)
16.3231 	DATA 	Mouse: wheel shift=(0,0), pos=(459,337)
16.3292 	DATA 	Mouse: wheel shift=(0,0), pos=(459,337)
16.3407 	DATA 	Mouse: wheel shift=(0,0), pos=(459,337)
16.3428 	DATA 	Mouse: wheel shift=(0,0), pos=(459,337)
16.3490 	DATA 	Mouse: wheel shift=(0,0), pos=(459,337)
16.3589 	DATA 	Mouse: wheel shift=(0,0), pos=(459,337)
16.6764 	DATA 	Mouse: wheel shift=(0,0), pos=(459,337)
16.6823 	DATA 	Mouse: wheel shift=(0,0), pos=(459,337)
16.6925 	DATA 	Mouse: wheel shift=(0,0), pos=(459,337)
16.6965 	DATA 	Mouse: wheel shift=(0,0), pos=(459,337)
16.7071 	DATA 	Mouse: wheel shift=(0,0), pos=(459,337)
16.7101 	DATA 	Mouse: wheel shift=(0,0), pos=(459,337)
16.7181 	DATA 	Mouse: wheel shift=(0,0), pos=(459,337)
16.7258 	DATA 	Mouse: wheel shift=(0,0), pos=(459,337)
16.7306 	DATA 	Mouse: wheel shift=(0,0), pos=(459,337)
16.7430 	DATA 	Mouse: wheel shift=(0,0), pos=(459,337)
16.7458 	DATA 	Mouse: wheel shift=(0,0), pos=(459,337)
16.7518 	DATA 	Mouse: wheel shift=(0,0), pos=(459,337)
16.7593 	DATA 	Mouse: wheel shift=(0,0), pos=(459,337)
16.7652 	DATA 	Mouse: wheel shift=(0,0), pos=(459,337)
16.7757 	DATA 	Mouse: wheel shift=(0,0), pos=(459,337)
16.7863 	DATA 	Mouse: wheel shift=(0,0), pos=(459,337)
17.5268 	DATA 	Mouse: wheel shift=(0,1), pos=(459,337)
17.5326 	DATA 	Mouse: wheel shift=(0,0), pos=(459,337)
17.5414 	DATA 	Mouse: wheel shift=(0,0), pos=(459,337)
17.5463 	DATA 	Mouse: wheel shift=(0,0), pos=(459,337)
17.5562 	DATA 	Mouse: wheel shift=(0,0), pos=(459,337)
17.5615 	DATA 	Mouse: wheel shift=(0,0), pos=(459,337)
17.5680 	DATA 	Mouse: wheel shift=(0,0), pos=(459,337)
17.5750 	DATA 	Mouse: wheel shift=(0,0), pos=(459,337)
17.5810 	DATA 	Mouse: wheel shift=(0,0), pos=(459,337)
18.6316 	DATA 	Mouse: wheel shift=(0,1), pos=(459,337)
18.6413 	DATA 	Mouse: wheel shift=(0,0), pos=(459,337)
18.6461 	DATA 	Mouse: wheel shift=(0,0), pos=(459,337)
18.6558 	DATA 	Mouse: wheel shift=(0,0), pos=(459,337)
18.6601 	DATA 	Mouse: wheel shift=(0,0), pos=(459,337)
18.6661 	DATA 	Mouse: wheel shift=(0,0), pos=(459,337)
18.6742 	DATA 	Mouse: wheel shift=(0,0), pos=(459,337)
18.6801 	DATA 	Mouse: wheel shift=(0,0), pos=(459,337)
18.6904 	DATA 	Mouse: wheel shift=(0,0), pos=(459,337)
18.6930 	DATA 	Mouse: wheel shift=(0,0), pos=(459,337)
18.7001 	DATA 	Mouse: wheel shift=(0,0), pos=(459,337)
18.7101 	DATA 	Mouse: wheel shift=(0,0), pos=(459,337)
18.7141 	DATA 	Mouse: wheel shift=(0,0), pos=(459,337)
18.7236 	DATA 	Mouse: wheel shift=(0,0), pos=(459,337)
18.7435 	DATA 	Mouse: wheel shift=(0,0), pos=(459,337)
18.7610 	DATA 	Mouse: wheel shift=(0,0), pos=(459,337)
18.7767 	DATA 	Mouse: wheel shift=(0,0), pos=(459,337)
18.7922 	DATA 	Mouse: wheel shift=(0,0), pos=(459,337)
18.8093 	DATA 	Mouse: wheel shift=(0,0), pos=(459,337)
18.8266 	DATA 	Mouse: wheel shift=(0,0), pos=(459,337)
18.8404 	DATA 	Mouse: wheel shift=(0,0), pos=(459,337)
18.8563 	DATA 	Mouse: wheel shift=(0,0), pos=(459,337)
18.8727 	DATA 	Mouse: wheel shift=(0,0), pos=(459,337)
18.8893 	DATA 	Mouse: wheel shift=(0,0), pos=(459,337)
18.9067 	DATA 	Mouse: wheel shift=(0,0), pos=(459,337)
18.9184 	DATA 	Mouse: wheel shift=(0,0), pos=(459,337)
18.9330 	DATA 	Mouse: wheel shift=(0,0), pos=(459,337)
19.7469 	DATA 	Mouse: wheel shift=(0,-1), pos=(459,337)
19.7568 	DATA 	Mouse: wheel shift=(0,0), pos=(459,337)
19.7592 	DATA 	Mouse: wheel shift=(0,0), pos=(459,337)
19.7662 	DATA 	Mouse: wheel shift=(0,0), pos=(459,337)
19.7753 	DATA 	Mouse: wheel shift=(0,0), pos=(459,337)
19.7813 	DATA 	Mouse: wheel shift=(0,0), pos=(459,337)
19.7902 	DATA 	Mouse: wheel shift=(0,0), pos=(459,337)
19.7943 	DATA 	Mouse: wheel shift=(0,0), pos=(459,337)
19.8013 	DATA 	Mouse: wheel shift=(0,0), pos=(459,337)
19.8244 	DATA 	Mouse: wheel shift=(0,-1), pos=(459,337)
19.8403 	DATA 	Mouse: wheel shift=(0,0), pos=(459,337)
19.8574 	DATA 	Mouse: wheel shift=(0,-1), pos=(459,337)
19.8669 	DATA 	Mouse: wheel shift=(0,0), pos=(459,337)
19.8819 	DATA 	Mouse: wheel shift=(0,0), pos=(459,337)
19.8969 	DATA 	Mouse: wheel shift=(0,0), pos=(459,337)
19.9120 	DATA 	Mouse: wheel shift=(0,0), pos=(459,337)
19.9284 	DATA 	Mouse: wheel shift=(0,0), pos=(459,337)
19.9425 	DATA 	Mouse: wheel shift=(0,0), pos=(459,337)
19.9579 	DATA 	Mouse: wheel shift=(0,0), pos=(459,337)
19.9741 	DATA 	Mouse: wheel shift=(0,0), pos=(459,337)
19.9911 	DATA 	Mouse: wheel shift=(0,0), pos=(459,337)
20.0074 	DATA 	Mouse: wheel shift=(0,0), pos=(459,337)
20.0239 	DATA 	Mouse: wheel shift=(0,0), pos=(459,337)
20.0394 	DATA 	Mouse: wheel shift=(0,0), pos=(459,337)
20.0568 	DATA 	Mouse: wheel shift=(0,0), pos=(459,337)
20.0681 	DATA 	Mouse: wheel shift=(0,0), pos=(459,337)
20.0838 	DATA 	Mouse: wheel shift=(0,0), pos=(459,337)
20.1004 	DATA 	Mouse: wheel shift=(0,0), pos=(459,337)
20.1153 	DATA 	Mouse: wheel shift=(0,0), pos=(459,337)
20.1308 	DATA 	Mouse: wheel shift=(0,0), pos=(459,337)
20.9006 	DATA 	Mouse: wheel shift=(0,1), pos=(459,337)
20.9088 	DATA 	Mouse: wheel shift=(0,0), pos=(459,337)
20.9138 	DATA 	Mouse: wheel shift=(0,0), pos=(459,337)
20.9236 	DATA 	Mouse: wheel shift=(0,0), pos=(459,337)
20.9271 	DATA 	Mouse: wheel shift=(0,0), pos=(459,337)
20.9348 	DATA 	Mouse: wheel shift=(0,0), pos=(459,337)
20.9425 	DATA 	Mouse: wheel shift=(0,0), pos=(459,337)
20.9485 	DATA 	Mouse: wheel shift=(0,0), pos=(459,337)
20.9572 	DATA 	Mouse: wheel shift=(0,0), pos=(459,337)
20.9773 	DATA 	Mouse: wheel shift=(0,1), pos=(459,337)
20.9933 	DATA 	Mouse: wheel shift=(0,1), pos=(459,337)
21.0092 	DATA 	Mouse: wheel shift=(0,1), pos=(459,337)
21.0265 	DATA 	Mouse: wheel shift=(0,1), pos=(459,337)
21.0409 	DATA 	Mouse: wheel shift=(0,1), pos=(459,337)
21.0579 	DATA 	Mouse: wheel shift=(0,1), pos=(459,337)
21.0740 	DATA 	Mouse: wheel shift=(0,1), pos=(459,337)
21.0905 	DATA 	Mouse: wheel shift=(0,0), pos=(459,337)
21.1012 	DATA 	Mouse: wheel shift=(0,0), pos=(459,337)
21.1162 	DATA 	Mouse: wheel shift=(0,0), pos=(459,337)
21.1324 	DATA 	Mouse: wheel shift=(0,0), pos=(459,337)
21.1480 	DATA 	Mouse: wheel shift=(0,0), pos=(459,337)
21.1634 	DATA 	Mouse: wheel shift=(0,0), pos=(459,337)
21.1773 	DATA 	Mouse: wheel shift=(0,0), pos=(459,337)
21.1957 	DATA 	Mouse: wheel shift=(0,0), pos=(459,337)
21.2088 	DATA 	Mouse: wheel shift=(0,0), pos=(459,337)
21.2275 	DATA 	Mouse: wheel shift=(0,0), pos=(459,337)
21.2432 	DATA 	Mouse: wheel shift=(0,0), pos=(459,337)
21.2585 	DATA 	Mouse: wheel shift=(0,0), pos=(459,337)
21.2746 	DATA 	Mouse: wheel shift=(0,0), pos=(459,337)
21.2921 	DATA 	Mouse: wheel shift=(0,0), pos=(459,337)
21.3066 	DATA 	Mouse: wheel shift=(0,0), pos=(459,337)
21.3237 	DATA 	Mouse: wheel shift=(0,0), pos=(459,337)
21.3402 	DATA 	Mouse: wheel shift=(0,0), pos=(459,337)
21.3521 	DATA 	Mouse: wheel shift=(0,0), pos=(459,337)
21.3681 	DATA 	Mouse: wheel shift=(0,0), pos=(459,337)
21.3841 	DATA 	Mouse: wheel shift=(0,0), pos=(459,337)
21.9574 	DATA 	Mouse: wheel shift=(0,-1), pos=(459,337)
21.9634 	DATA 	Mouse: wheel shift=(0,0), pos=(459,337)
21.9733 	DATA 	Mouse: wheel shift=(0,0), pos=(459,337)
21.9776 	DATA 	Mouse: wheel shift=(0,0), pos=(459,337)
21.9847 	DATA 	Mouse: wheel shift=(0,0), pos=(459,337)
21.9919 	DATA 	Mouse: wheel shift=(0,0), pos=(459,337)
21.9977 	DATA 	Mouse: wheel shift=(0,0), pos=(459,337)
22.0096 	DATA 	Mouse: wheel shift=(0,0), pos=(459,337)
22.0115 	DATA 	Mouse: wheel shift=(0,0), pos=(459,337)
22.0436 	DATA 	Mouse: wheel shift=(0,-1), pos=(459,337)
22.0512 	DATA 	Mouse: wheel shift=(0,0), pos=(459,337)
22.0678 	DATA 	Mouse: wheel shift=(0,0), pos=(459,337)
22.0815 	DATA 	Mouse: wheel shift=(0,0), pos=(459,337)
22.1140 	DATA 	Mouse: wheel shift=(0,-1), pos=(459,337)
22.1256 	DATA 	Mouse: wheel shift=(0,0), pos=(459,337)
22.1428 	DATA 	Mouse: wheel shift=(0,0), pos=(459,337)
22.1583 	DATA 	Mouse: wheel shift=(0,0), pos=(459,337)
22.1745 	DATA 	Mouse: wheel shift=(0,0), pos=(459,337)
22.1916 	DATA 	Mouse: wheel shift=(0,0), pos=(459,337)
23.0628 	DATA 	Mouse: wheel shift=(0,0), pos=(459,337)
23.0744 	DATA 	Mouse: wheel shift=(0,0), pos=(459,337)
23.0770 	DATA 	Mouse: wheel shift=(0,0), pos=(459,337)
23.0839 	DATA 	Mouse: wheel shift=(0,0), pos=(459,337)
23.0916 	DATA 	Mouse: wheel shift=(0,0), pos=(459,337)
23.0974 	DATA 	Mouse: wheel shift=(0,0), pos=(459,337)
23.1067 	DATA 	Mouse: wheel shift=(0,0), pos=(459,337)
23.1114 	DATA 	Mouse: wheel shift=(0,0), pos=(459,337)
23.1186 	DATA 	Mouse: wheel shift=(0,0), pos=(459,337)
23.1245 	DATA 	Mouse: wheel shift=(0,0), pos=(459,337)
23.1331 	DATA 	Mouse: wheel shift=(0,0), pos=(459,337)
23.1682 	DATA 	Mouse: wheel shift=(0,0), pos=(459,337)
23.1839 	DATA 	Mouse: wheel shift=(0,0), pos=(459,337)
23.1939 	DATA 	Mouse: wheel shift=(0,0), pos=(459,337)
23.2099 	DATA 	Mouse: wheel shift=(0,0), pos=(459,337)
23.2325 	DATA 	Mouse: wheel shift=(0,0), pos=(459,337)
23.2442 	DATA 	Mouse: wheel shift=(0,0), pos=(459,337)
23.2595 	DATA 	Mouse: wheel shift=(0,0), pos=(459,337)
23.2763 	DATA 	Mouse: wheel shift=(0,0), pos=(459,337)
23.2929 	DATA 	Mouse: wheel shift=(0,0), pos=(459,337)
23.3121 	DATA 	Mouse: wheel shift=(0,0), pos=(459,337)
23.3392 	DATA 	Mouse: wheel shift=(0,0), pos=(459,337)
23.3411 	DATA 	Mouse: wheel shift=(0,0), pos=(459,337)
23.3576 	DATA 	Mouse: wheel shift=(0,0), pos=(459,337)
23.3750 	DATA 	Mouse: wheel shift=(0,0), pos=(459,337)
23.3891 	DATA 	Mouse: wheel shift=(0,0), pos=(459,337)
23.8663 	DATA 	Mouse: wheel shift=(0,1), pos=(459,337)
23.8769 	DATA 	Mouse: wheel shift=(0,0), pos=(459,337)
23.8802 	DATA 	Mouse: wheel shift=(0,0), pos=(459,337)
23.8894 	DATA 	Mouse: wheel shift=(0,0), pos=(459,337)
23.8948 	DATA 	Mouse: wheel shift=(0,0), pos=(459,337)
23.8995 	DATA 	Mouse: wheel shift=(0,0), pos=(459,337)
23.9086 	DATA 	Mouse: wheel shift=(0,0), pos=(459,337)
23.9146 	DATA 	Mouse: wheel shift=(0,0), pos=(459,337)
23.9224 	DATA 	Mouse: wheel shift=(0,0), pos=(459,337)
23.9281 	DATA 	Mouse: wheel shift=(0,0), pos=(459,337)
23.9408 	DATA 	Mouse: wheel shift=(0,0), pos=(459,337)
23.9421 	DATA 	Mouse: wheel shift=(0,0), pos=(459,337)
23.9481 	DATA 	Mouse: wheel shift=(0,0), pos=(459,337)
23.9760 	DATA 	Mouse: wheel shift=(0,1), pos=(459,337)
23.9923 	DATA 	Mouse: wheel shift=(0,1), pos=(459,337)
24.0083 	DATA 	Mouse: wheel shift=(0,1), pos=(459,337)
24.0257 	DATA 	Mouse: wheel shift=(0,1), pos=(459,337)
24.0416 	DATA 	Mouse: wheel shift=(0,0), pos=(459,337)
24.0557 	DATA 	Mouse: wheel shift=(0,0), pos=(459,337)
24.0724 	DATA 	Mouse: wheel shift=(0,0), pos=(459,337)
24.0835 	DATA 	Mouse: wheel shift=(0,0), pos=(459,337)
24.1012 	DATA 	Mouse: wheel shift=(0,0), pos=(459,337)
24.1155 	DATA 	Mouse: wheel shift=(0,0), pos=(459,337)
24.1303 	DATA 	Mouse: wheel shift=(0,0), pos=(459,337)
24.1462 	DATA 	Mouse: wheel shift=(0,0), pos=(459,337)
24.1630 	DATA 	Mouse: wheel shift=(0,0), pos=(459,337)
24.1780 	DATA 	Mouse: wheel shift=(0,0), pos=(459,337)
24.1933 	DATA 	Mouse: wheel shift=(0,0), pos=(459,337)
24.2095 	DATA 	Mouse: wheel shift=(0,0), pos=(459,337)
24.2264 	DATA 	Mouse: wheel shift=(0,0), pos=(459,337)
24.2420 	DATA 	Mouse: wheel shift=(0,0), pos=(459,337)
24.2596 	DATA 	Mouse: wheel shift=(0,0), pos=(459,337)
24.2742 	DATA 	Mouse: wheel shift=(0,0), pos=(459,337)
24.2938 	DATA 	Mouse: wheel shift=(0,0), pos=(459,337)
24.3062 	DATA 	Mouse: wheel shift=(0,0), pos=(459,337)
24.3167 	DATA 	Mouse: wheel shift=(0,0), pos=(459,337)
24.6817 	DATA 	Mouse: wheel shift=(0,0), pos=(459,337)
24.6906 	DATA 	Mouse: wheel shift=(0,0), pos=(459,337)
24.6956 	DATA 	Mouse: wheel shift=(0,0), pos=(459,337)
24.7071 	DATA 	Mouse: wheel shift=(0,0), pos=(459,337)
24.7088 	DATA 	Mouse: wheel shift=(0,0), pos=(459,337)
24.7173 	DATA 	Mouse: wheel shift=(0,0), pos=(459,337)
24.7247 	DATA 	Mouse: wheel shift=(0,0), pos=(459,337)
24.7297 	DATA 	Mouse: wheel shift=(0,0), pos=(459,337)
24.7397 	DATA 	Mouse: wheel shift=(0,0), pos=(459,337)
24.7439 	DATA 	Mouse: wheel shift=(0,0), pos=(459,337)
24.7508 	DATA 	Mouse: wheel shift=(0,0), pos=(459,337)
24.7584 	DATA 	Mouse: wheel shift=(0,0), pos=(459,337)
24.7645 	DATA 	Mouse: wheel shift=(0,0), pos=(459,337)
24.7735 	DATA 	Mouse: wheel shift=(0,0), pos=(459,337)
24.7925 	DATA 	Mouse: wheel shift=(0,-1), pos=(459,337)
24.8099 	DATA 	Mouse: wheel shift=(0,-1), pos=(459,337)
24.8270 	DATA 	Mouse: wheel shift=(0,-1), pos=(459,337)
24.8423 	DATA 	Mouse: wheel shift=(0,-1), pos=(459,337)
24.8586 	DATA 	Mouse: wheel shift=(0,-1), pos=(459,337)
24.8766 	DATA 	Mouse: wheel shift=(0,-1), pos=(459,337)
24.8915 	DATA 	Mouse: wheel shift=(0,0), pos=(459,337)
24.9070 	DATA 	Mouse: wheel shift=(0,0), pos=(459,337)
24.9250 	DATA 	Mouse: wheel shift=(0,0), pos=(459,337)
24.9393 	DATA 	Mouse: wheel shift=(0,0), pos=(459,337)
24.9405 	DATA 	Mouse: wheel shift=(0,0), pos=(459,337)
24.9585 	DATA 	Mouse: wheel shift=(0,0), pos=(459,337)
24.9815 	DATA 	Mouse: wheel shift=(0,0), pos=(459,337)
24.9924 	DATA 	Mouse: wheel shift=(0,0), pos=(459,337)
25.0095 	DATA 	Mouse: wheel shift=(0,0), pos=(459,337)
25.0268 	DATA 	Mouse: wheel shift=(0,0), pos=(459,337)
25.0432 	DATA 	Mouse: wheel shift=(0,0), pos=(459,337)
25.0594 	DATA 	Mouse: wheel shift=(0,0), pos=(459,337)
25.0763 	DATA 	Mouse: wheel shift=(0,0), pos=(459,337)
25.0909 	DATA 	Mouse: wheel shift=(0,0), pos=(459,337)
25.1086 	DATA 	Mouse: wheel shift=(0,0), pos=(459,337)
25.1262 	DATA 	Mouse: wheel shift=(0,0), pos=(459,337)
25.1416 	DATA 	Mouse: wheel shift=(0,0), pos=(459,337)
25.6085 	DATA 	Mouse: wheel shift=(0,-2), pos=(459,337)
25.6145 	DATA 	Mouse: wheel shift=(0,0), pos=(459,337)
25.6240 	DATA 	Mouse: wheel shift=(0,0), pos=(459,337)
25.6278 	DATA 	Mouse: wheel shift=(0,0), pos=(459,337)
25.6390 	DATA 	Mouse: wheel shift=(0,0), pos=(459,337)
25.6433 	DATA 	Mouse: wheel shift=(0,0), pos=(459,337)
25.6501 	DATA 	Mouse: wheel shift=(0,0), pos=(459,337)
25.6742 	DATA 	Mouse: wheel shift=(0,-1), pos=(459,337)
25.6832 	DATA 	Mouse: wheel shift=(0,0), pos=(459,337)
25.6989 	DATA 	Mouse: wheel shift=(0,-1), pos=(459,337)
25.7099 	DATA 	Mouse: wheel shift=(0,0), pos=(459,337)
25.7259 	DATA 	Mouse: wheel shift=(0,-1), pos=(459,337)
25.7426 	DATA 	Mouse: wheel shift=(0,-1), pos=(459,337)
25.7605 	DATA 	Mouse: wheel shift=(0,-1), pos=(459,337)
25.7754 	DATA 	Mouse: wheel shift=(0,-1), pos=(459,337)
25.7905 	DATA 	Mouse: wheel shift=(0,0), pos=(459,337)
25.8095 	DATA 	Mouse: wheel shift=(0,0), pos=(459,337)
25.8245 	DATA 	Mouse: wheel shift=(0,0), pos=(459,337)
25.8398 	DATA 	Mouse: wheel shift=(0,0), pos=(459,337)
25.8560 	DATA 	Mouse: wheel shift=(0,0), pos=(459,337)
25.8724 	DATA 	Mouse: wheel shift=(0,0), pos=(459,337)
25.8831 	DATA 	Mouse: wheel shift=(0,0), pos=(459,337)
25.8981 	DATA 	Mouse: wheel shift=(0,0), pos=(459,337)
25.9135 	DATA 	Mouse: wheel shift=(0,0), pos=(459,337)
25.9301 	DATA 	Mouse: wheel shift=(0,0), pos=(459,337)
25.9422 	DATA 	Mouse: wheel shift=(0,0), pos=(459,337)
25.9593 	DATA 	Mouse: wheel shift=(0,0), pos=(459,337)
25.9752 	DATA 	Mouse: wheel shift=(0,0), pos=(459,337)
25.9913 	DATA 	Mouse: wheel shift=(0,0), pos=(459,337)
26.0082 	DATA 	Mouse: wheel shift=(0,0), pos=(459,337)
26.0242 	DATA 	Mouse: wheel shift=(0,0), pos=(459,337)
26.0422 	DATA 	Mouse: wheel shift=(0,0), pos=(459,337)
26.0557 	DATA 	Mouse: wheel shift=(0,0), pos=(459,337)
30.6073 	DATA 	Keypress: escape
30.8262 	DEBUG 	Saving data for psychedeLights_temp ExperimentHandler
30.8272 	INFO 	saved data to C:\Users\cocon\OneDrive\Documents\GitHub\Kiyonaga-Lab\PNR Project\data/_psychedeLights_temp_2025-04-09_15h44.30.123.psydat
30.8278 	INFO 	saved data to 'C:\\Users\\cocon\\OneDrive\\Documents\\GitHub\\Kiyonaga-Lab\\PNR Project\\data/_psychedeLights_temp_2025-04-09_15h44.30.123.csv'
