5.4497 	DEBUG 	Fullscreen settings ignored as running in pilot mode.
5.4503 	INFO 	Loaded monitor calibration from ['2025_03_31 21:04']
6.2830 	EXP 	Created window1 = Window(allowGUI=False, allowStencil=False, autoLog=True, backendConf=UNKNOWN, backgroundFit=<method-wrapper '__getattribute__' of attributeSetter object at 0x00000208F7C2EF80>, backgroundImage=<method-wrapper '__getattribute__' of attributeSetter object at 0x00000208F7C2EF20>, bitsMode=UNKNOWN, blendMode='avg', bpc=(8, 8, 8), color=array([0, 0, 0]), colorSpace='rgb', depthBits=8, fullscr=False, gamma=None, gammaErrorPolicy='raise', infoMsg=UNKNOWN, lms=UNKNOWN, monitor=<psychopy.monitors.calibTools.Monitor object at 0x00000208F7CF2650>, multiSample=False, name='window1', numSamples=2, pos=[560.0, 300.0], screen=0, size=array([800, 600]), stencilBits=0, stereo=False, title='PsychoPy', units='height', useFBO=True, useRetina=False, viewOri=0.0, viewPos=None, viewScale=None, waitBlanking=True, winType='pyglet')
6.2831 	EXP 	window1: backgroundImage = ''
6.2831 	EXP 	window1: backgroundFit = 'none'
6.2986 	DEBUG 	TextBox2 loaded 1 chars with 0 blanks and 1 valid
6.2992 	DEBUG 	TextBox2 loaded 1 chars with 0 blanks and 1 valid
6.2997 	DEBUG 	TextBox2 loaded 1 chars with 0 blanks and 1 valid
6.3004 	DEBUG 	TextBox2 loaded 1 chars with 0 blanks and 1 valid
6.3010 	DEBUG 	TextBox2 loaded 1 chars with 0 blanks and 1 valid
6.3014 	DEBUG 	TextBox2 loaded 1 chars with 0 blanks and 1 valid
6.3020 	DEBUG 	TextBox2 loaded 1 chars with 0 blanks and 1 valid
6.3026 	DEBUG 	TextBox2 loaded 1 chars with 0 blanks and 1 valid
6.3029 	DEBUG 	TextBox2 loaded 1 chars with 0 blanks and 1 valid
6.3031 	DEBUG 	TextBox2 loaded 1 chars with 0 blanks and 1 valid
6.3036 	DEBUG 	TextBox2 loaded 1 chars with 0 blanks and 1 valid
6.3041 	DEBUG 	TextBox2 loaded 1 chars with 0 blanks and 1 valid
6.3046 	DEBUG 	TextBox2 loaded 1 chars with 0 blanks and 1 valid
6.3051 	DEBUG 	TextBox2 loaded 1 chars with 0 blanks and 1 valid
6.3055 	DEBUG 	TextBox2 loaded 1 chars with 0 blanks and 1 valid
6.3060 	DEBUG 	TextBox2 loaded 1 chars with 0 blanks and 1 valid
6.3065 	DEBUG 	TextBox2 loaded 1 chars with 0 blanks and 1 valid
6.3068 	DEBUG 	TextBox2 loaded 1 chars with 0 blanks and 1 valid
6.3072 	DEBUG 	TextBox2 loaded 1 chars with 0 blanks and 1 valid
6.3078 	DEBUG 	TextBox2 loaded 1 chars with 0 blanks and 1 valid
6.3087 	DEBUG 	TextBox2 loaded 1 chars with 0 blanks and 1 valid
6.3095 	DEBUG 	Uploading Texture Font fontname to graphics card
6.3112 	DEBUG 	Upload of Texture Font fontname complete
6.3153 	DEBUG 	TextBox2 loaded 1 chars with 0 blanks and 1 valid
6.3159 	DEBUG 	TextBox2 loaded 1 chars with 0 blanks and 1 valid
6.3165 	DEBUG 	TextBox2 loaded 1 chars with 0 blanks and 1 valid
6.3167 	DEBUG 	Uploading Texture Font fontname to graphics card
6.3174 	DEBUG 	Upload of Texture Font fontname complete
6.3187 	EXP 	window1: Attempting to measure frame rate of screen (0) ...
6.3187 	EXP 	window1: recordFrameIntervals = False
6.4978 	EXP 	window1: recordFrameIntervals = True
6.6812 	EXP 	Screen (0) actual frame rate measured at 59.85Hz
6.6813 	EXP 	window1: recordFrameIntervals = False
6.6858 	DEBUG 	TextBox2 loaded 1 chars with 0 blanks and 1 valid
6.6862 	DEBUG 	TextBox2 loaded 1 chars with 0 blanks and 1 valid
6.6867 	DEBUG 	TextBox2 loaded 1 chars with 0 blanks and 1 valid
6.6875 	DEBUG 	TextBox2 loaded 1 chars with 0 blanks and 1 valid
6.6881 	DEBUG 	TextBox2 loaded 1 chars with 0 blanks and 1 valid
6.6888 	DEBUG 	TextBox2 loaded 1 chars with 0 blanks and 1 valid
6.6891 	DEBUG 	TextBox2 loaded 1 chars with 0 blanks and 1 valid
6.6897 	DEBUG 	TextBox2 loaded 1 chars with 0 blanks and 1 valid
6.6904 	DEBUG 	TextBox2 loaded 1 chars with 0 blanks and 1 valid
6.6910 	DEBUG 	TextBox2 loaded 1 chars with 0 blanks and 1 valid
6.6913 	DEBUG 	Uploading Texture Font fontname to graphics card
6.6931 	DEBUG 	Upload of Texture Font fontname complete
6.7220 	WARNING 	launchHubServer: If using the iohub mouse or eyetracker devices, fullScr should be True.
9.5149 	INFO 	keyboard.Keyboard is using iohub backend.
9.5150 	EXP 	psychedeLights_temp: status = STARTED
9.9911 	EXP 	Created image = ImageStim(__class__=<class 'psychopy.visual.image.ImageStim'>, anchor=('center', 'center'), autoLog=True, color=array([1., 1., 1.]), colorSpace='rgb', contrast=1.0, depth=0.0, draggable=False, flipHoriz=False, flipVert=False, image='stimuli/Connie/cube/alphabetblock.jpg', interpolate=True, mask=None, maskParams=None, name='image', opacity=1, ori=0.0, pos=array([0., 0.]), size=array([0.5, 0.5]), texRes=128.0, units='height', win=Window(...))
10.1249 	DEBUG 	Saving data for psychedeLights_temp ExperimentHandler
10.1254 	INFO 	saved data to C:\Users\cocon\OneDrive\Documents\GitHub\Kiyonaga-Lab\PNR Project\data/_psychedeLights_temp_2025-04-09_15h37.18.823.psydat
10.1258 	INFO 	saved data to 'C:\\Users\\cocon\\OneDrive\\Documents\\GitHub\\Kiyonaga-Lab\\PNR Project\\data/_psychedeLights_temp_2025-04-09_15h37.18.823.csv'
