4.6060 	DEBUG 	Fullscreen settings ignored as running in pilot mode.
4.6066 	INFO 	Loaded monitor calibration from ['2025_03_31 21:04']
4.8432 	EXP 	Created window1 = Window(allowGUI=False, allowStencil=False, autoLog=True, backendConf=UNKNOWN, backgroundFit=<method-wrapper '__getattribute__' of attributeSetter object at 0x0000026F8512E1D0>, backgroundImage=<method-wrapper '__getattribute__' of attributeSetter object at 0x0000026F8512E170>, bitsMode=UNKNOWN, blendMode='avg', bpc=(8, 8, 8), color=array([0, 0, 0]), colorSpace='rgb', depthBits=8, fullscr=False, gamma=None, gammaErrorPolicy='raise', infoMsg=UNKNOWN, lms=UNKNOWN, monitor=<psychopy.monitors.calibTools.Monitor object at 0x0000026F851C3010>, multiSample=False, name='window1', numSamples=2, pos=[560.0, 300.0], screen=0, size=array([800, 600]), stencilBits=0, stereo=False, title='PsychoPy', units='height', useFBO=True, useRetina=False, viewOri=0.0, viewPos=None, viewScale=None, waitBlanking=True, winType='pyglet')
4.8432 	EXP 	window1: backgroundImage = ''
4.8432 	EXP 	window1: backgroundFit = 'none'
4.8501 	DEBUG 	TextBox2 loaded 1 chars with 0 blanks and 1 valid
4.8506 	DEBUG 	TextBox2 loaded 1 chars with 0 blanks and 1 valid
4.8510 	DEBUG 	TextBox2 loaded 1 chars with 0 blanks and 1 valid
4.8516 	DEBUG 	TextBox2 loaded 1 chars with 0 blanks and 1 valid
4.8522 	DEBUG 	TextBox2 loaded 1 chars with 0 blanks and 1 valid
4.8525 	DEBUG 	TextBox2 loaded 1 chars with 0 blanks and 1 valid
4.8530 	DEBUG 	TextBox2 loaded 1 chars with 0 blanks and 1 valid
4.8536 	DEBUG 	TextBox2 loaded 1 chars with 0 blanks and 1 valid
4.8538 	DEBUG 	TextBox2 loaded 1 chars with 0 blanks and 1 valid
4.8540 	DEBUG 	TextBox2 loaded 1 chars with 0 blanks and 1 valid
4.8545 	DEBUG 	TextBox2 loaded 1 chars with 0 blanks and 1 valid
4.8550 	DEBUG 	TextBox2 loaded 1 chars with 0 blanks and 1 valid
4.8554 	DEBUG 	TextBox2 loaded 1 chars with 0 blanks and 1 valid
4.8559 	DEBUG 	TextBox2 loaded 1 chars with 0 blanks and 1 valid
4.8563 	DEBUG 	TextBox2 loaded 1 chars with 0 blanks and 1 valid
4.8568 	DEBUG 	TextBox2 loaded 1 chars with 0 blanks and 1 valid
4.8573 	DEBUG 	TextBox2 loaded 1 chars with 0 blanks and 1 valid
4.8576 	DEBUG 	TextBox2 loaded 1 chars with 0 blanks and 1 valid
4.8579 	DEBUG 	TextBox2 loaded 1 chars with 0 blanks and 1 valid
4.8585 	DEBUG 	TextBox2 loaded 1 chars with 0 blanks and 1 valid
4.8588 	DEBUG 	TextBox2 loaded 1 chars with 0 blanks and 1 valid
4.8589 	DEBUG 	Uploading Texture Font fontname to graphics card
4.8599 	DEBUG 	Upload of Texture Font fontname complete
4.8638 	DEBUG 	TextBox2 loaded 1 chars with 0 blanks and 1 valid
4.8644 	DEBUG 	TextBox2 loaded 1 chars with 0 blanks and 1 valid
4.8650 	DEBUG 	TextBox2 loaded 1 chars with 0 blanks and 1 valid
4.8652 	DEBUG 	Uploading Texture Font fontname to graphics card
4.8657 	DEBUG 	Upload of Texture Font fontname complete
4.8670 	EXP 	window1: Attempting to measure frame rate of screen (0) ...
4.8671 	EXP 	window1: recordFrameIntervals = False
5.0296 	EXP 	window1: recordFrameIntervals = True
5.2131 	EXP 	Screen (0) actual frame rate measured at 60.02Hz
5.2131 	EXP 	window1: recordFrameIntervals = False
5.2176 	DEBUG 	TextBox2 loaded 1 chars with 0 blanks and 1 valid
5.2180 	DEBUG 	TextBox2 loaded 1 chars with 0 blanks and 1 valid
5.2185 	DEBUG 	TextBox2 loaded 1 chars with 0 blanks and 1 valid
5.2192 	DEBUG 	TextBox2 loaded 1 chars with 0 blanks and 1 valid
5.2198 	DEBUG 	TextBox2 loaded 1 chars with 0 blanks and 1 valid
5.2205 	DEBUG 	TextBox2 loaded 1 chars with 0 blanks and 1 valid
5.2208 	DEBUG 	TextBox2 loaded 1 chars with 0 blanks and 1 valid
5.2214 	DEBUG 	TextBox2 loaded 1 chars with 0 blanks and 1 valid
5.2220 	DEBUG 	TextBox2 loaded 1 chars with 0 blanks and 1 valid
5.2226 	DEBUG 	TextBox2 loaded 1 chars with 0 blanks and 1 valid
5.2229 	DEBUG 	Uploading Texture Font fontname to graphics card
5.2239 	DEBUG 	Upload of Texture Font fontname complete
5.2346 	WARNING 	launchHubServer: If using the iohub mouse or eyetracker devices, fullScr should be True.
7.2117 	INFO 	keyboard.Keyboard is using iohub backend.
7.2118 	EXP 	psychedeLights_temp: status = STARTED
7.2355 	DEBUG 	Saving data for psychedeLights_temp ExperimentHandler
7.2362 	INFO 	saved data to C:\Users\cocon\OneDrive\Documents\GitHub\Kiyonaga-Lab\PNR Project\data/_psychedeLights_temp_2025-04-09_15h39.52.058.psydat
7.2366 	INFO 	saved data to 'C:\\Users\\cocon\\OneDrive\\Documents\\GitHub\\Kiyonaga-Lab\\PNR Project\\data/_psychedeLights_temp_2025-04-09_15h39.52.058.csv'
