4.5963 	DEBUG 	Fullscreen settings ignored as running in pilot mode.
4.5969 	INFO 	Loaded monitor calibration from ['2025_03_31 21:04']
4.8483 	EXP 	Created window1 = Window(allowGUI=False, allowStencil=False, autoLog=True, backendConf=UNKNOWN, backgroundFit=<method-wrapper '__getattribute__' of attributeSetter object at 0x000001BBDC9FA200>, backgroundImage=<method-wrapper '__getattribute__' of attributeSetter object at 0x000001BBDC9FA1A0>, bitsMode=UNKNOWN, blendMode='avg', bpc=(8, 8, 8), color=array([0, 0, 0]), colorSpace='rgb', depthBits=8, fullscr=False, gamma=None, gammaErrorPolicy='raise', infoMsg=UNKNOWN, lms=UNKNOWN, monitor=<psychopy.monitors.calibTools.Monitor object at 0x000001BBDCAA7040>, multiSample=False, name='window1', numSamples=2, pos=[560.0, 300.0], screen=0, size=array([800, 600]), stencilBits=0, stereo=False, title='PsychoPy', units='height', useFBO=True, useRetina=False, viewOri=0.0, viewPos=None, viewScale=None, waitBlanking=True, winType='pyglet')
4.8483 	EXP 	window1: backgroundImage = ''
4.8483 	EXP 	window1: backgroundFit = 'none'
4.8558 	DEBUG 	TextBox2 loaded 1 chars with 0 blanks and 1 valid
4.8563 	DEBUG 	TextBox2 loaded 1 chars with 0 blanks and 1 valid
4.8568 	DEBUG 	TextBox2 loaded 1 chars with 0 blanks and 1 valid
4.8574 	DEBUG 	TextBox2 loaded 1 chars with 0 blanks and 1 valid
4.8580 	DEBUG 	TextBox2 loaded 1 chars with 0 blanks and 1 valid
4.8583 	DEBUG 	TextBox2 loaded 1 chars with 0 blanks and 1 valid
4.8588 	DEBUG 	TextBox2 loaded 1 chars with 0 blanks and 1 valid
4.8594 	DEBUG 	TextBox2 loaded 1 chars with 0 blanks and 1 valid
4.8597 	DEBUG 	TextBox2 loaded 1 chars with 0 blanks and 1 valid
4.8600 	DEBUG 	TextBox2 loaded 1 chars with 0 blanks and 1 valid
4.8605 	DEBUG 	TextBox2 loaded 1 chars with 0 blanks and 1 valid
4.8610 	DEBUG 	TextBox2 loaded 1 chars with 0 blanks and 1 valid
4.8614 	DEBUG 	TextBox2 loaded 1 chars with 0 blanks and 1 valid
4.8619 	DEBUG 	TextBox2 loaded 1 chars with 0 blanks and 1 valid
4.8624 	DEBUG 	TextBox2 loaded 1 chars with 0 blanks and 1 valid
4.8629 	DEBUG 	TextBox2 loaded 1 chars with 0 blanks and 1 valid
4.8634 	DEBUG 	TextBox2 loaded 1 chars with 0 blanks and 1 valid
4.8637 	DEBUG 	TextBox2 loaded 1 chars with 0 blanks and 1 valid
4.8641 	DEBUG 	TextBox2 loaded 1 chars with 0 blanks and 1 valid
4.8647 	DEBUG 	TextBox2 loaded 1 chars with 0 blanks and 1 valid
4.8651 	DEBUG 	TextBox2 loaded 1 chars with 0 blanks and 1 valid
4.8653 	DEBUG 	Uploading Texture Font fontname to graphics card
4.8663 	DEBUG 	Upload of Texture Font fontname complete
4.8702 	DEBUG 	TextBox2 loaded 1 chars with 0 blanks and 1 valid
4.8708 	DEBUG 	TextBox2 loaded 1 chars with 0 blanks and 1 valid
4.8714 	DEBUG 	TextBox2 loaded 1 chars with 0 blanks and 1 valid
4.8716 	DEBUG 	Uploading Texture Font fontname to graphics card
4.8721 	DEBUG 	Upload of Texture Font fontname complete
4.8734 	EXP 	window1: Attempting to measure frame rate of screen (0) ...
4.8735 	EXP 	window1: recordFrameIntervals = False
5.0361 	EXP 	window1: recordFrameIntervals = True
5.2531 	EXP 	Screen (0) actual frame rate measured at 60.57Hz
5.2532 	EXP 	window1: recordFrameIntervals = False
5.2574 	DEBUG 	TextBox2 loaded 1 chars with 0 blanks and 1 valid
5.2578 	DEBUG 	TextBox2 loaded 1 chars with 0 blanks and 1 valid
5.2584 	DEBUG 	TextBox2 loaded 1 chars with 0 blanks and 1 valid
5.2591 	DEBUG 	TextBox2 loaded 1 chars with 0 blanks and 1 valid
5.2597 	DEBUG 	TextBox2 loaded 1 chars with 0 blanks and 1 valid
5.2604 	DEBUG 	TextBox2 loaded 1 chars with 0 blanks and 1 valid
5.2607 	DEBUG 	TextBox2 loaded 1 chars with 0 blanks and 1 valid
5.2613 	DEBUG 	TextBox2 loaded 1 chars with 0 blanks and 1 valid
5.2620 	DEBUG 	TextBox2 loaded 1 chars with 0 blanks and 1 valid
5.2625 	DEBUG 	TextBox2 loaded 1 chars with 0 blanks and 1 valid
5.2628 	DEBUG 	Uploading Texture Font fontname to graphics card
5.2636 	DEBUG 	Upload of Texture Font fontname complete
5.2735 	WARNING 	launchHubServer: If using the iohub mouse or eyetracker devices, fullScr should be True.
7.2532 	INFO 	keyboard.Keyboard is using iohub backend.
7.2533 	EXP 	psychedeLights_temp: status = STARTED
7.8452 	EXP 	Created image = ImageStim(__class__=<class 'psychopy.visual.image.ImageStim'>, anchor=('center', 'center'), autoLog=True, color=array([1., 1., 1.]), colorSpace='rgb', contrast=1.0, depth=0.0, draggable=False, flipHoriz=False, flipVert=False, image='stimuli/Connie/cube/alphabetblock.jpg', interpolate=True, mask=None, maskParams=None, name='image', opacity=1, ori=0.0, pos=array([0., 0.]), size=array([0.5, 0.5]), texRes=128.0, units='height', win=Window(...))
7.8454 	WARNING 	Monitor specification not found. Creating a temporary one...
8.4692 	EXP 	Created window1 = Window(allowGUI=True, allowStencil=False, autoLog=True, backendConf=UNKNOWN, backgroundFit=<method-wrapper '__getattribute__' of attributeSetter object at 0x000001BBDC9FA200>, backgroundImage=<method-wrapper '__getattribute__' of attributeSetter object at 0x000001BBDC9FA1A0>, bitsMode=UNKNOWN, blendMode='avg', bpc=(8, 8, 8), color=array([-1, -1, -1]), colorSpace='rgb', depthBits=8, fullscr=False, gamma=None, gammaErrorPolicy='raise', infoMsg=UNKNOWN, lms=UNKNOWN, monitor=<psychopy.monitors.calibTools.Monitor object at 0x000001BBDD1706A0>, multiSample=False, name='window1', numSamples=2, pos=(560, 300), screen=0, size=array([800, 600]), stencilBits=0, stereo=False, title='PsychoPy', units='norm', useFBO=False, useRetina=False, viewOri=0.0, viewPos=None, viewScale=None, waitBlanking=True, winType='pyglet')
8.4692 	EXP 	window1: backgroundImage = None
8.4692 	EXP 	window1: backgroundFit = 'cover'
8.4752 	EXP 	Created unnamed Polygon = Polygon(__class__=<class 'psychopy.visual.polygon.Polygon'>, anchor=('center', 'center'), autoDraw=False, autoLog=True, closeShape=True, color=method-wrapper(...), colorSpace='rgb', contrast=None, depth=0, draggable=False, fillColor=array([-1, -1,  1]), fillColorSpace='rgb', fillRGB=array([-1, -1,  1]), interpolate=True, lineColor=array([1., 1., 1.]), lineColorSpace='rgb', lineRGB=array([1, 1, 1]), lineWidth=1.5, name='unnamed Polygon', opacity=1, ori=0.0, pos=array([0., 0.]), size=array([0.5, 0.5]), units='norm', vertices=ndarray(...), win=Window(...))
8.5132 	DEBUG 	Saving data for psychedeLights_temp ExperimentHandler
8.5139 	INFO 	saved data to C:\Users\cocon\OneDrive\Documents\GitHub\Kiyonaga-Lab\PNR Project\data/_psychedeLights_temp_2025-04-09_15h41.48.437.psydat
8.5143 	INFO 	saved data to 'C:\\Users\\cocon\\OneDrive\\Documents\\GitHub\\Kiyonaga-Lab\\PNR Project\\data/_psychedeLights_temp_2025-04-09_15h41.48.437.csv'
