4.9380 	DEBUG 	Fullscreen settings ignored as running in pilot mode.
4.9387 	INFO 	Loaded monitor calibration from ['2025_03_31 21:04']
5.1737 	EXP 	Created window1 = Window(allowGUI=False, allowStencil=False, autoLog=True, backendConf=UNKNOWN, backgroundFit=<method-wrapper '__getattribute__' of attributeSetter object at 0x0000011D5B7187F0>, backgroundImage=<method-wrapper '__getattribute__' of attributeSetter object at 0x0000011D5B718790>, bitsMode=UNKNOWN, blendMode='avg', bpc=(8, 8, 8), color=array([0, 0, 0]), colorSpace='rgb', depthBits=8, fullscr=False, gamma=None, gammaErrorPolicy='raise', infoMsg=UNKNOWN, lms=UNKNOWN, monitor=<psychopy.monitors.calibTools.Monitor object at 0x0000011D5B7C70D0>, multiSample=False, name='window1', numSamples=2, pos=[560.0, 300.0], screen=0, size=array([800, 600]), stencilBits=0, stereo=False, title='PsychoPy', units='height', useFBO=True, useRetina=False, viewOri=0.0, viewPos=None, viewScale=None, waitBlanking=True, winType='pyglet')
5.1738 	EXP 	window1: backgroundImage = ''
5.1738 	EXP 	window1: backgroundFit = 'none'
5.1815 	DEBUG 	TextBox2 loaded 1 chars with 0 blanks and 1 valid
5.1821 	DEBUG 	TextBox2 loaded 1 chars with 0 blanks and 1 valid
5.1826 	DEBUG 	TextBox2 loaded 1 chars with 0 blanks and 1 valid
5.1832 	DEBUG 	TextBox2 loaded 1 chars with 0 blanks and 1 valid
5.1842 	DEBUG 	TextBox2 loaded 1 chars with 0 blanks and 1 valid
5.1849 	DEBUG 	TextBox2 loaded 1 chars with 0 blanks and 1 valid
5.1854 	DEBUG 	TextBox2 loaded 1 chars with 0 blanks and 1 valid
5.1860 	DEBUG 	TextBox2 loaded 1 chars with 0 blanks and 1 valid
5.1863 	DEBUG 	TextBox2 loaded 1 chars with 0 blanks and 1 valid
5.1865 	DEBUG 	TextBox2 loaded 1 chars with 0 blanks and 1 valid
5.1870 	DEBUG 	TextBox2 loaded 1 chars with 0 blanks and 1 valid
5.1875 	DEBUG 	TextBox2 loaded 1 chars with 0 blanks and 1 valid
5.1879 	DEBUG 	TextBox2 loaded 1 chars with 0 blanks and 1 valid
5.1884 	DEBUG 	TextBox2 loaded 1 chars with 0 blanks and 1 valid
5.1888 	DEBUG 	TextBox2 loaded 1 chars with 0 blanks and 1 valid
5.1893 	DEBUG 	TextBox2 loaded 1 chars with 0 blanks and 1 valid
5.1898 	DEBUG 	TextBox2 loaded 1 chars with 0 blanks and 1 valid
5.1901 	DEBUG 	TextBox2 loaded 1 chars with 0 blanks and 1 valid
5.1904 	DEBUG 	TextBox2 loaded 1 chars with 0 blanks and 1 valid
5.1910 	DEBUG 	TextBox2 loaded 1 chars with 0 blanks and 1 valid
5.1913 	DEBUG 	TextBox2 loaded 1 chars with 0 blanks and 1 valid
5.1915 	DEBUG 	Uploading Texture Font fontname to graphics card
5.1925 	DEBUG 	Upload of Texture Font fontname complete
5.1973 	DEBUG 	TextBox2 loaded 1 chars with 0 blanks and 1 valid
5.1980 	DEBUG 	TextBox2 loaded 1 chars with 0 blanks and 1 valid
5.1986 	DEBUG 	TextBox2 loaded 1 chars with 0 blanks and 1 valid
5.1987 	DEBUG 	Uploading Texture Font fontname to graphics card
5.1997 	DEBUG 	Upload of Texture Font fontname complete
5.2015 	EXP 	window1: Attempting to measure frame rate of screen (0) ...
5.2015 	EXP 	window1: recordFrameIntervals = False
5.3748 	EXP 	window1: recordFrameIntervals = True
5.6761 	EXP 	Screen (0) actual frame rate measured at 60.59Hz
5.6761 	EXP 	window1: recordFrameIntervals = False
5.6805 	DEBUG 	TextBox2 loaded 1 chars with 0 blanks and 1 valid
5.6809 	DEBUG 	TextBox2 loaded 1 chars with 0 blanks and 1 valid
5.6815 	DEBUG 	TextBox2 loaded 1 chars with 0 blanks and 1 valid
5.6821 	DEBUG 	TextBox2 loaded 1 chars with 0 blanks and 1 valid
5.6827 	DEBUG 	TextBox2 loaded 1 chars with 0 blanks and 1 valid
5.6833 	DEBUG 	TextBox2 loaded 1 chars with 0 blanks and 1 valid
5.6837 	DEBUG 	TextBox2 loaded 1 chars with 0 blanks and 1 valid
5.6843 	DEBUG 	TextBox2 loaded 1 chars with 0 blanks and 1 valid
5.6849 	DEBUG 	TextBox2 loaded 1 chars with 0 blanks and 1 valid
5.6855 	DEBUG 	TextBox2 loaded 1 chars with 0 blanks and 1 valid
5.6857 	DEBUG 	Uploading Texture Font fontname to graphics card
5.6862 	DEBUG 	Upload of Texture Font fontname complete
5.6952 	WARNING 	launchHubServer: If using the iohub mouse or eyetracker devices, fullScr should be True.
7.7696 	INFO 	keyboard.Keyboard is using iohub backend.
7.7696 	EXP 	psychedeLights_temp: status = STARTED
8.1493 	EXP 	Created image = ImageStim(__class__=<class 'psychopy.visual.image.ImageStim'>, anchor=('center', 'center'), autoLog=True, color=array([1., 1., 1.]), colorSpace='rgb', contrast=1.0, depth=0.0, draggable=False, flipHoriz=False, flipVert=False, image='stimuli/Connie/cube/alphabetblock.jpg', interpolate=True, mask=None, maskParams=None, name='image', opacity=1, ori=0.0, pos=array([0., 0.]), size=array([0.5, 0.5]), texRes=128.0, units='height', win=Window(...))
8.1496 	WARNING 	Monitor specification not found. Creating a temporary one...
8.6419 	EXP 	Created window1 = Window(allowGUI=True, allowStencil=False, autoLog=True, backendConf=UNKNOWN, backgroundFit=<method-wrapper '__getattribute__' of attributeSetter object at 0x0000011D5B7187F0>, backgroundImage=<method-wrapper '__getattribute__' of attributeSetter object at 0x0000011D5B718790>, bitsMode=UNKNOWN, blendMode='avg', bpc=(8, 8, 8), color=array([-1, -1, -1]), colorSpace='rgb', depthBits=8, fullscr=False, gamma=None, gammaErrorPolicy='raise', infoMsg=UNKNOWN, lms=UNKNOWN, monitor=<psychopy.monitors.calibTools.Monitor object at 0x0000011D5C00E4D0>, multiSample=False, name='window1', numSamples=2, pos=(560, 300), screen=0, size=array([800, 600]), stencilBits=0, stereo=False, title='PsychoPy', units='norm', useFBO=False, useRetina=False, viewOri=0.0, viewPos=None, viewScale=None, waitBlanking=True, winType='pyglet')
8.6419 	EXP 	window1: backgroundImage = None
8.6419 	EXP 	window1: backgroundFit = 'cover'
8.6506 	EXP 	Created unnamed Polygon = Polygon(__class__=<class 'psychopy.visual.polygon.Polygon'>, anchor=('center', 'center'), autoDraw=False, autoLog=True, closeShape=True, color=method-wrapper(...), colorSpace='rgb', contrast=None, depth=0, draggable=False, fillColor=array([-1, -1,  1]), fillColorSpace='rgb', fillRGB=array([-1, -1,  1]), interpolate=True, lineColor=array([1., 1., 1.]), lineColorSpace='rgb', lineRGB=array([1, 1, 1]), lineWidth=1.5, name='unnamed Polygon', opacity=1, ori=0.0, pos=array([0., 0.]), size=array([0.5, 0.5]), units='norm', vertices=ndarray(...), win=Window(...))
8.6941 	DEBUG 	Saving data for psychedeLights_temp ExperimentHandler
8.6967 	INFO 	saved data to C:\Users\cocon\OneDrive\Documents\GitHub\Kiyonaga-Lab\PNR Project\data/_psychedeLights_temp_2025-04-09_15h43.23.553.psydat
8.6973 	INFO 	saved data to 'C:\\Users\\cocon\\OneDrive\\Documents\\GitHub\\Kiyonaga-Lab\\PNR Project\\data/_psychedeLights_temp_2025-04-09_15h43.23.553.csv'
